Log file open, 04/11/17 23:53:29
LogInit: Using libcurl 7.47.1
LogInit:  - built for x86_64-pc-win32
LogInit:  - supports SSL with OpenSSL/1.0.2g
LogInit:  - supports HTTP deflate (compression) using libz 1.2.8
LogInit:  - other features:
LogInit:      CURL_VERSION_SSL
LogInit:      CURL_VERSION_LIBZ
LogInit:      CURL_VERSION_IPV6
LogInit:      CURL_VERSION_ASYNCHDNS
LogInit:      CURL_VERSION_LARGEFILE
LogInit:      CURL_VERSION_IDN
LogInit:  CurlRequestOptions (configurable via config and command line):
LogInit:  - bVerifyPeer = false  - Libcurl will NOT verify peer certificate
LogInit:  - bUseHttpProxy = false  - Libcurl will NOT use HTTP proxy
LogInit:  - bDontReuseConnections = false  - Libcurl will reuse connections
LogInit:  - CertBundlePath = nullptr  - Libcurl will use whatever was configured at build time.
LogInit: Build: ++UE4+Release-4.15-CL-3348071
LogInit: Engine Version: 4.15.1-3348071+++UE4+Release-4.15
LogInit: Compatible Engine Version: 4.15.0-3299760+++UE4+Release-4.15
LogInit: Net CL: 3299760
LogDevObjectVersion: Number of dev versions registered: 14
LogDevObjectVersion:   Dev-Blueprints (B0D832E4-1F89-4F0D-ACCF-7EB736FD4AA2): 8
LogDevObjectVersion:   Dev-Build (E1C64328-A22C-4D53-A36C-8E866417BD8C): 0
LogDevObjectVersion:   Dev-Core (375EC13C-06E4-48FB-B500-84F0262A717E): 2
LogDevObjectVersion:   Dev-Editor (E4B068ED-F494-42E9-A231-DA0B2E46BB41): 14
LogDevObjectVersion:   Dev-Framework (CFFC743F-43B0-4480-9391-14DF171D2073): 22
LogDevObjectVersion:   Dev-Mobile (B02B49B5-BB20-44E9-A304-32B752E40360): 0
LogDevObjectVersion:   Dev-Networking (A4E4105C-59A1-49B5-A7C5-40C4547EDFEE): 0
LogDevObjectVersion:   Dev-Online (39C831C9-5AE6-47DC-9A44-9C173E1C8E7C): 0
LogDevObjectVersion:   Dev-Physics (78F01B33-EBEA-4F98-B9B4-84EACCB95AA2): 0
LogDevObjectVersion:   Dev-Platform (6631380F-2D4D-43E0-8009-CF276956A95A): 0
LogDevObjectVersion:   Dev-Rendering (12F88B9F-8875-4AFC-A67C-D90C383ABD29): 12
LogDevObjectVersion:   Dev-Sequencer (7B5AE74C-D270-4C10-A958-57980B212A5A): 3
LogDevObjectVersion:   Dev-VR (D7296918-1DD6-4BDD-9DE2-64A83CC13884): 0
LogDevObjectVersion:   Dev-LoadTimes (C2A15278-BFE7-4AFE-6C17-90FF531DF755): 1
LogInit: Compiled (64-bit): Mar 15 2017 16:58:26
LogInit: Compiled with Visual C++: 19.00.23026.00
LogInit: Build Configuration: Development
LogInit: Branch Name: ++UE4+Release-4.15
LogInit: Command line:  /Game/ZombieCity/Maps/UIMap -stdout -abslog="C:\Users\fan\AppData\Roaming\Unreal Engine\AutomationTool\Logs\E+Program+Epic+Games+UE_4.15\Client.log" -Messaging -nomcp -Windowed -CrashForUAT -SessionId=5ED4342A4BFE029786533A9F78479946 -SessionOwner="fan" -SessionName="Launch On Device" 
LogInit: Base directory: E:/Program/Git/Zombie-City/ZombieCity/Saved/StagedBuilds/WindowsNoEditor/Engine/Binaries/Win64/
LogInit: Installed Engine Build: 0
LogInit: Presizing for max 2097152 objects, including 0 objects not considered by GC, pre-allocating 0 bytes for permanent pool.
LogStreaming:Display: Async Loading initialized: New Async IO: true, Event Driven Loader: true, Async Loading Thread: false
LogInit: Object subsystem initialized
[2017.04.11-14.23.30:051][  0]LogInit: Selected Device Profile: [WindowsNoEditor]
[2017.04.11-14.23.30:051][  0]LogInit: Applying CVar settings loaded from the selected device profile: [WindowsNoEditor]
[2017.04.11-14.23.30:058][  0]LogInit: Computer: ZHANGFAN
[2017.04.11-14.23.30:058][  0]LogInit: User: fan
[2017.04.11-14.23.30:058][  0]LogInit: CPU Page size=65536, Cores=4
[2017.04.11-14.23.30:058][  0]LogInit: High frequency timer resolution =2.435776 MHz
[2017.04.11-14.23.30:058][  0]LogMemory: Memory total: Physical=15.9GB (16GB approx)
[2017.04.11-14.23.30:058][  0]LogMemory: Platform Memory Stats for WindowsNoEditor
[2017.04.11-14.23.30:058][  0]LogMemory: Process Physical Memory: 87.51 MB used, 87.51 MB peak
[2017.04.11-14.23.30:058][  0]LogMemory: Process Virtual Memory: 101.79 MB used, 101.79 MB peak
[2017.04.11-14.23.30:058][  0]LogMemory: Physical Memory: 8324.00 MB used,  7941.03 MB free, 16265.02 MB total
[2017.04.11-14.23.30:058][  0]LogMemory: Virtual Memory: 321.67 MB used,  7941.03 MB free, 134217728.00 MB total
[2017.04.11-14.23.30:174][  0]LogTextLocalizationManager: No specific translations for ('en-AU') exist, so ('en') translations will be used.
[2017.04.11-14.23.30:238][  0]LogD3D11RHI: D3D11 adapters:
[2017.04.11-14.23.30:269][  0]LogD3D11RHI:    0. 'NVIDIA GeForce GTX 860M' (Feature Level 11_0)
[2017.04.11-14.23.30:269][  0]LogD3D11RHI:       2017/0/8132 MB DedicatedVideo/DedicatedSystem/SharedSystem, Outputs:2, VendorId:0x10de
[2017.04.11-14.23.30:276][  0]LogD3D11RHI:    1. 'Intel(R) HD Graphics 4600' (Feature Level 11_0)
[2017.04.11-14.23.30:276][  0]LogD3D11RHI:       112/0/2048 MB DedicatedVideo/DedicatedSystem/SharedSystem, Outputs:0, VendorId:0x8086
[2017.04.11-14.23.30:277][  0]LogD3D11RHI:    2. 'Microsoft Basic Render Driver' (Feature Level 11_0)
[2017.04.11-14.23.30:277][  0]LogD3D11RHI:       0/0/8132 MB DedicatedVideo/DedicatedSystem/SharedSystem, Outputs:0, VendorId:0x1414
[2017.04.11-14.23.30:277][  0]LogD3D11RHI: Chosen D3D11 Adapter: 0
[2017.04.11-14.23.30:283][  0]LogD3D11RHI: Creating new Direct3DDevice
[2017.04.11-14.23.30:283][  0]LogD3D11RHI:     GPU DeviceId: 0x119a (for the marketing name, search the web for "GPU Device Id")
[2017.04.11-14.23.30:283][  0]LogWindows: EnumDisplayDevices:
[2017.04.11-14.23.30:283][  0]LogWindows:    0. 'Intel(R) HD Graphics 4600' (P:1 D:1)
[2017.04.11-14.23.30:283][  0]LogWindows:    1. 'Intel(R) HD Graphics 4600' (P:0 D:1)
[2017.04.11-14.23.30:283][  0]LogWindows:    2. 'Intel(R) HD Graphics 4600' (P:0 D:0)
[2017.04.11-14.23.30:284][  0]LogWindows:    3. 'NVIDIA GeForce GTX 860M' (P:0 D:0)
[2017.04.11-14.23.30:284][  0]LogWindows:    4. 'NVIDIA GeForce GTX 860M' (P:0 D:0)
[2017.04.11-14.23.30:284][  0]LogWindows:    5. 'NVIDIA GeForce GTX 860M' (P:0 D:0)
[2017.04.11-14.23.30:284][  0]LogWindows:    6. 'NVIDIA GeForce GTX 860M' (P:0 D:0)
[2017.04.11-14.23.30:285][  0]LogWindows: DebugString: PrimaryIsNotTheChoosenAdapter PrimaryIsNotTheChoosenAdapter PrimaryIsNotTheChoosenAdapter FoundDriverCount:4 
[2017.04.11-14.23.30:285][  0]LogD3D11RHI:     Adapter Name: NVIDIA GeForce GTX 860M
[2017.04.11-14.23.30:285][  0]LogD3D11RHI:   Driver Version: 378.78 (internal:21.21.13.7878, unified:378.78)
[2017.04.11-14.23.30:285][  0]LogD3D11RHI:      Driver Date: 2-23-2017
[2017.04.11-14.23.30:285][  0]LogRHI: Texture pool is 1361 MB (70% of 1945 MB)
[2017.04.11-14.23.30:299][  0]LogD3D11RHI:Warning: Timestamp queries are currently disabled on this hardware due to instability. Realtime GPU stats will not be available. You can override this behaviour by setting r.NVIDIATimestampWorkaround to 0
[2017.04.11-14.23.30:300][  0]LogD3D11RHI: Async texture creation enabled
[2017.04.11-14.23.30:318][  0]LogD3D11RHI: GPU Timing Frequency: 1000.000000 (Debug: 2 2)
[2017.04.11-14.23.30:328][  0]LogSlate: Using Freetype 2.6.0
[2017.04.11-14.23.30:328][  0]LogSlate: SlateFontCache - WITH_FREETYPE: 1, WITH_HARFBUZZ: 1
[2017.04.11-14.23.30:328][  0]LogSlate: SlateFontCache - WITH_FREETYPE: 1, WITH_HARFBUZZ: 1
[2017.04.11-14.23.30:470][  0]LogAssetRegistry: FAssetRegistry took 0.0039 seconds to start up
[2017.04.11-14.23.30:476][  0]LogPackageLocalizationCache: Processed 3 localized package path(s) for 2 prioritized culture(s) in 0.005647 seconds
[2017.04.11-14.23.30:480][  0]LogContentStreaming: Texture pool size is 1000.00 MB
[2017.04.11-14.23.30:480][  0]LogInit: Selected Device Profile: [WindowsNoEditor]
[2017.04.11-14.23.30:509][  0]LogBlueprintUserMessages:Warning: DEBUG: LocalNotification DefaultPlatformService NOT FOUND
[2017.04.11-14.23.30:526][  0]LogNetVersion: GetLocalNetworkVersion: CL: 3299760, ProjectName: zombiecity, ProjectVersion: , EngineNetworkVersion: 2, GameNetworkVersion: 0, NetworkChecksum: 270151773
[2017.04.11-14.23.30:568][  0]LogInit: WinSock: version 1.1 (2.2), MaxSocks=32767, MaxUdp=65467
[2017.04.11-14.23.30:581][  0]LogMoviePlayer: Initializing movie player
[2017.04.11-14.23.30:634][  0]LogTcpMessaging: Initializing TcpMessaging bridge
[2017.04.11-14.23.30:666][  0]LogUdpMessaging: Initializing bridge on interface 0.0.0.0:0 to multicast group 230.0.0.1:6666.
[2017.04.11-14.23.30:775][  0]LogUObjectArray: 28312 objects as part of root set at end of initial load.
[2017.04.11-14.23.30:775][  0]LogUObjectAllocator: 5669696 out of 0 bytes used by permanent object pool.
[2017.04.11-14.23.30:775][  0]LogUObjectArray: CloseDisregardForGC: 0/0 objects in disregard for GC pool
[2017.04.11-14.23.30:786][  0]LogEngine: Initializing Engine...
[2017.04.11-14.23.30:787][  0]LogHMD: Failed to initialize OpenVR with code 110
[2017.04.11-14.23.30:925][  0]LogInit: XAudio2 using 'Speakers / Headphones (Realtek High Definition Audio)' : 2 channels at 48 kHz using 32 bits per sample (channel mask 0x3)
[2017.04.11-14.23.30:944][  0]LogInit: FAudioDevice initialized.
[2017.04.11-14.23.30:955][  0]LogInit: Texture streaming: Enabled
[2017.04.11-14.23.30:961][  0]LogInit:Display: Game Engine Initialized.
[2017.04.11-14.23.30:962][  0]LogInit:Display: Starting Game.
[2017.04.11-14.23.30:962][  0]LogNet: Browse: /Game/ZombieCity/Maps/UIMap?Name=Player
[2017.04.11-14.23.30:962][  0]LogLoad: LoadMap: /Game/ZombieCity/Maps/UIMap?Name=Player
[2017.04.11-14.23.30:974][  0]LogMemory: Platform Memory Stats for WindowsNoEditor
[2017.04.11-14.23.30:974][  0]LogMemory: Process Physical Memory: 176.34 MB used, 189.45 MB peak
[2017.04.11-14.23.30:974][  0]LogMemory: Process Virtual Memory: 253.35 MB used, 266.93 MB peak
[2017.04.11-14.23.30:974][  0]LogMemory: Physical Memory: 8404.56 MB used,  7860.46 MB free, 16265.02 MB total
[2017.04.11-14.23.30:974][  0]LogMemory: Virtual Memory: 599.05 MB used,  7860.46 MB free, 134217728.00 MB total
[2017.04.11-14.23.30:974][  0]LogMemory: 
[2017.04.11-14.23.30:974][  0]Allocator Stats for binned2: (not implemented)
[2017.04.11-14.23.30:985][  0]LogAIModule: Creating AISystem for world UIMap
[2017.04.11-14.23.30:986][  0]LogLoad: Game class is 'ZombieCityGameMode_C'
[2017.04.11-14.23.30:987][  0]LogWorld: Bringing World /Game/ZombieCity/Maps/UIMap.UIMap up for play (max tick rate 0) at 2017.04.11-23.53.30
[2017.04.11-14.23.30:987][  0]LogWorld: Bringing up level for play took: 0.000366
[2017.04.11-14.23.30:987][  0]LogGameMode: FindPlayerStart: PATHS NOT DEFINED or NO PLAYERSTART with positive rating
[2017.04.11-14.23.30:992][  0]LogLoad: Took 0.029990 seconds to LoadMap(/Game/ZombieCity/Maps/UIMap)
[2017.04.11-14.23.30:992][  0]LogSlate: Took 0.000131 seconds to synchronously load lazily loaded font '../../../Engine/Content/EngineFonts/Faces/RobotoBold.ufont' (160K)
[2017.04.11-14.23.31:045][  0]LogLoad: (Engine Initialization) Total time: 1.92 seconds
[2017.04.11-14.23.31:045][  0]LogExternalProfiler: Found external profiler: VSPerf
[2017.04.11-14.23.31:045][  0]LogExternalProfiler: Using external profiler: VSPerf
[2017.04.11-14.23.31:062][  0]LogOcInput: OculusInput pre-init called
[2017.04.11-14.23.31:097][  2]LogRenderer: Reallocating scene render targets to support 1600x900 NumSamples 1 (Frame:2).
[2017.04.11-14.23.36:550][303]LogLevel:Warning: WARNING: The map '/Game/ZombieCity/Maps/MainMap' does not exist.
[2017.04.11-14.23.36:550][303]LogNet: Browse: /Game/ZombieCity/Maps/MainMap
[2017.04.11-14.23.36:550][303]LogLoad: LoadMap: /Game/ZombieCity/Maps/MainMap
[2017.04.11-14.23.36:560][303]LogMemory: Platform Memory Stats for WindowsNoEditor
[2017.04.11-14.23.36:560][303]LogMemory: Process Physical Memory: 217.41 MB used, 220.79 MB peak
[2017.04.11-14.23.36:560][303]LogMemory: Process Virtual Memory: 486.57 MB used, 548.75 MB peak
[2017.04.11-14.23.36:560][303]LogMemory: Physical Memory: 8409.46 MB used,  7855.56 MB free, 16265.02 MB total
[2017.04.11-14.23.36:560][303]LogMemory: Virtual Memory: 867.20 MB used,  7855.56 MB free, 134217728.00 MB total
[2017.04.11-14.23.36:560][303]LogMemory: 
[2017.04.11-14.23.36:560][303]Allocator Stats for binned2: (not implemented)
[2017.04.11-14.23.36:560][303]LogStreaming:Error: Couldn't find file for package /Game/ZombieCity/Maps/MainMap requested by async loading code. NameToLoad: /Game/ZombieCity/Maps/MainMap
[2017.04.11-14.23.36:566][303]LogWindows: Windows GetLastError: The operation completed successfully. (0)
