Log file open, 05/19/17 14:07:16
LogInit:Display: Running engine for game: ZombieCity
LogPlatformFile: Not using cached read wrapper
LogInit:Display: RandInit(120856223) SRandInit(120856223).
LogTaskGraph: Started task graph with 5 named threads and 6 total threads with 1 sets of task threads.
LogStats: Stats thread started at 0.109402
LogInit: Using libcurl 7.47.1
LogInit:  - built for x86_64-pc-win32
LogInit:  - supports SSL with OpenSSL/1.0.2g
LogInit:  - supports HTTP deflate (compression) using libz 1.2.8
LogInit:  - other features:
LogInit:      CURL_VERSION_SSL
LogInit:      CURL_VERSION_LIBZ
LogInit:      CURL_VERSION_IPV6
LogInit:      CURL_VERSION_ASYNCHDNS
LogInit:      CURL_VERSION_LARGEFILE
LogInit:      CURL_VERSION_IDN
LogInit:  CurlRequestOptions (configurable via config and command line):
LogInit:  - bVerifyPeer = false  - Libcurl will NOT verify peer certificate
LogInit:  - bUseHttpProxy = false  - Libcurl will NOT use HTTP proxy
LogInit:  - bDontReuseConnections = false  - Libcurl will reuse connections
LogInit:  - CertBundlePath = nullptr  - Libcurl will use whatever was configured at build time.
LogInit: Build: ++UE4+Release-4.15-CL-3348071
LogInit: Engine Version: 4.15.1-3348071+++UE4+Release-4.15
LogInit: Compatible Engine Version: 4.15.0-3299760+++UE4+Release-4.15
LogInit: Net CL: 3299760
LogDevObjectVersion: Number of dev versions registered: 14
LogDevObjectVersion:   Dev-Blueprints (B0D832E4-1F89-4F0D-ACCF-7EB736FD4AA2): 8
LogDevObjectVersion:   Dev-Build (E1C64328-A22C-4D53-A36C-8E866417BD8C): 0
LogDevObjectVersion:   Dev-Core (375EC13C-06E4-48FB-B500-84F0262A717E): 2
LogDevObjectVersion:   Dev-Editor (E4B068ED-F494-42E9-A231-DA0B2E46BB41): 14
LogDevObjectVersion:   Dev-Framework (CFFC743F-43B0-4480-9391-14DF171D2073): 22
LogDevObjectVersion:   Dev-Mobile (B02B49B5-BB20-44E9-A304-32B752E40360): 0
LogDevObjectVersion:   Dev-Networking (A4E4105C-59A1-49B5-A7C5-40C4547EDFEE): 0
LogDevObjectVersion:   Dev-Online (39C831C9-5AE6-47DC-9A44-9C173E1C8E7C): 0
LogDevObjectVersion:   Dev-Physics (78F01B33-EBEA-4F98-B9B4-84EACCB95AA2): 0
LogDevObjectVersion:   Dev-Platform (6631380F-2D4D-43E0-8009-CF276956A95A): 0
LogDevObjectVersion:   Dev-Rendering (12F88B9F-8875-4AFC-A67C-D90C383ABD29): 12
LogDevObjectVersion:   Dev-Sequencer (7B5AE74C-D270-4C10-A958-57980B212A5A): 3
LogDevObjectVersion:   Dev-VR (D7296918-1DD6-4BDD-9DE2-64A83CC13884): 0
LogDevObjectVersion:   Dev-LoadTimes (C2A15278-BFE7-4AFE-6C17-90FF531DF755): 1
LogInit: Compiled (64-bit): Mar 15 2017 16:52:47
LogInit: Compiled with Visual C++: 19.00.23026.00
LogInit: Build Configuration: Development
LogInit: Branch Name: ++UE4+Release-4.15
LogInit: Command line:  
LogInit: Base directory: C:/Program Files (x86)/Epic Games/4.15/Engine/Binaries/Win64/
LogInit: Installed Engine Build: 1
LogInit: Presizing for max 8388607 objects, including 0 objects not considered by GC, pre-allocating 0 bytes for permanent pool.
LogInit: Object subsystem initialized
[2017.05.19-04.37.18:434][  0]LogInit: Selected Device Profile: [Windows]
[2017.05.19-04.37.18:434][  0]LogInit: Applying CVar settings loaded from the selected device profile: [Windows]
[2017.05.19-04.37.18:451][  0]LogInit: Computer: LIZHANG
[2017.05.19-04.37.18:451][  0]LogInit: User: wanly102
[2017.05.19-04.37.18:451][  0]LogInit: CPU Page size=65536, Cores=2
[2017.05.19-04.37.18:451][  0]LogInit: High frequency timer resolution =2.533198 MHz
[2017.05.19-04.37.18:451][  0]LogMemory: Memory total: Physical=7.9GB (8GB approx)
[2017.05.19-04.37.18:451][  0]LogMemory: Platform Memory Stats for Windows
[2017.05.19-04.37.18:452][  0]LogMemory: Process Physical Memory: 262.17 MB used, 262.17 MB peak
[2017.05.19-04.37.18:452][  0]LogMemory: Process Virtual Memory: 262.28 MB used, 262.28 MB peak
[2017.05.19-04.37.18:452][  0]LogMemory: Physical Memory: 3283.80 MB used,  4789.16 MB free, 8072.96 MB total
[2017.05.19-04.37.18:452][  0]LogMemory: Virtual Memory: 642.59 MB used,  4789.16 MB free, 134217728.00 MB total
[2017.05.19-04.37.18:674][  0]LogTextLocalizationManager:Warning: Loaded localization resources contain conflicting entries for (Namespace:UObjectToolTips, Key:AnimNode_AssetPlayerBase:InternalTimeAccumulator):
Localization Resource: (C:/Program Files (x86)/Epic Games/4.15/Engine/Content/Localization/EditorTutorials/zh-CN/EditorTutorials.locres) Source String Hash: (502993589) Localized String: (用于引用此节点中的资源的累积时间)
Localization Resource: (C:/Program Files (x86)/Epic Games/4.15/Engine/Content/Localization/Engine/zh-CN/Engine.locres) Source String Hash: (502993589) Localized String: (引用该节点中资源所用的累计时间)
[2017.05.19-04.37.18:674][  0]LogTextLocalizationManager:Warning: Loaded localization resources contain conflicting entries for (Namespace:UObjectToolTips, Key:AnimNode_AssetPlayerBase:bIgnoreForRelevancyTest):
Localization Resource: (C:/Program Files (x86)/Epic Games/4.15/Engine/Content/Localization/EditorTutorials/zh-CN/EditorTutorials.locres) Source String Hash: (319969718) Localized String: (若为真，在状态中寻找最高权重动画的“相关动画”节点将忽视 此节点)
Localization Resource: (C:/Program Files (x86)/Epic Games/4.15/Engine/Content/Localization/Engine/zh-CN/Engine.locres) Source String Hash: (319969718) Localized String: (如果为真，那么将会忽略查找最高权重动画的"相关动画"节点。
这个节点)
[2017.05.19-04.37.18:674][  0]LogTextLocalizationManager:Warning: Loaded localization resources contain conflicting entries for (Namespace:UObjectToolTips, Key:AnimNode_AssetPlayerBase:BlendWeight):
Localization Resource: (C:/Program Files (x86)/Epic Games/4.15/Engine/Content/Localization/EditorTutorials/zh-CN/EditorTutorials.locres) Source String Hash: (-1232800293) Localized String: (此节点最后交会的混合权重)
Localization Resource: (C:/Program Files (x86)/Epic Games/4.15/Engine/Content/Localization/Engine/zh-CN/Engine.locres) Source String Hash: (-1232800293) Localized String: (该节点上一次遇到的混合权重)
[2017.05.19-04.37.19:259][  0]LogD3D11RHI: D3D11 adapters:
[2017.05.19-04.37.19:881][  0]LogD3D11RHI:    0. 'AMD Radeon R7 M265' (Feature Level 11_0)
[2017.05.19-04.37.19:881][  0]LogD3D11RHI:       2035/0/4036 MB DedicatedVideo/DedicatedSystem/SharedSystem, Outputs:1, VendorId:0x1002
[2017.05.19-04.37.19:891][  0]LogD3D11RHI:    1. 'Intel(R) HD Graphics Family' (Feature Level 11_0)
[2017.05.19-04.37.19:891][  0]LogD3D11RHI:       112/0/2048 MB DedicatedVideo/DedicatedSystem/SharedSystem, Outputs:0, VendorId:0x8086
[2017.05.19-04.37.19:896][  0]LogD3D11RHI:    2. 'Microsoft Basic Render Driver' (Feature Level 11_0)
[2017.05.19-04.37.19:896][  0]LogD3D11RHI:       0/0/4036 MB DedicatedVideo/DedicatedSystem/SharedSystem, Outputs:0, VendorId:0x1414
[2017.05.19-04.37.19:896][  0]LogD3D11RHI: Chosen D3D11 Adapter: 0
[2017.05.19-04.37.19:906][  0]LogD3D11RHI: Creating new Direct3DDevice
[2017.05.19-04.37.19:906][  0]LogD3D11RHI:     GPU DeviceId: 0x6900 (for the marketing name, search the web for "GPU Device Id")
[2017.05.19-04.37.19:906][  0]LogWindows: EnumDisplayDevices:
[2017.05.19-04.37.19:906][  0]LogWindows:    0. 'Intel(R) HD Graphics Family' (P:1 D:1)
[2017.05.19-04.37.19:907][  0]LogWindows:    1. 'Intel(R) HD Graphics Family' (P:0 D:0)
[2017.05.19-04.37.19:908][  0]LogWindows:    2. 'Intel(R) HD Graphics Family' (P:0 D:0)
[2017.05.19-04.37.19:908][  0]LogWindows: DebugString: PrimaryIsNotTheChoosenAdapter PrimaryIsNotTheChoosenAdapter PrimaryIsNotTheChoosenAdapter FoundDriverCount:0 
[2017.05.19-04.37.19:908][  0]LogD3D11RHI:     Adapter Name: AMD Radeon R7 M265
[2017.05.19-04.37.19:908][  0]LogD3D11RHI:   Driver Version: Unknown (internal:Unknown, unified:Unknown)
[2017.05.19-04.37.19:908][  0]LogD3D11RHI:      Driver Date: Unknown
[2017.05.19-04.37.19:908][  0]LogRHI: Texture pool is 1361 MB (70% of 1945 MB)
[2017.05.19-04.37.20:593][  0]LogD3D11RHI: Async texture creation enabled
[2017.05.19-04.37.20:612][  0]LogD3D11RHI: GPU Timing Frequency: 27.000000 (Debug: 2 1)
[2017.05.19-04.37.20:613][  0]LogShaderCompilers: Guid format shader working directory is -15 characters bigger than the processId version (../../../../../../Users/jicheng/Desktop/Zombie-City/ZombieCity/Intermediate/Shaders/WorkingDirectory/11204/).
[2017.05.19-04.37.20:613][  0]LogShaderCompilers: Cleaned the shader compiler working directory 'C:/Users/jicheng/AppData/Local/Temp/UnrealShaderWorkingDir/A34628B74E5675137FF445B60C8D7C4B/'.
[2017.05.19-04.37.20:613][  0]LogShaderCompilers:Display: Using Local Shader Compiler.
[2017.05.19-04.37.22:613][  0]LogTemp:Display: Loaded TP AllDesktopTargetPlatform
[2017.05.19-04.37.22:723][  0]LogTemp:Display: Loaded TP MacClientTargetPlatform
[2017.05.19-04.37.22:831][  0]LogTemp:Display: Loaded TP MacNoEditorTargetPlatform
[2017.05.19-04.37.22:935][  0]LogTemp:Display: Loaded TP MacServerTargetPlatform
[2017.05.19-04.37.23:038][  0]LogTemp:Display: Loaded TP MacTargetPlatform
[2017.05.19-04.37.23:146][  0]LogTemp:Display: Loaded TP WindowsClientTargetPlatform
[2017.05.19-04.37.23:249][  0]LogTemp:Display: Loaded TP WindowsNoEditorTargetPlatform
[2017.05.19-04.37.23:355][  0]LogTemp:Display: Loaded TP WindowsServerTargetPlatform
[2017.05.19-04.37.23:442][  0]LogTemp:Display: Loaded TP WindowsTargetPlatform
[2017.05.19-04.37.23:551][  0]LogTemp:Display: Loaded TP AndroidTargetPlatform
[2017.05.19-04.37.23:655][  0]LogTemp:Display: Loaded TP Android_ASTCTargetPlatform
[2017.05.19-04.37.23:770][  0]LogTemp:Display: Loaded TP Android_ATCTargetPlatform
[2017.05.19-04.37.23:878][  0]LogTemp:Display: Loaded TP Android_DXTTargetPlatform
[2017.05.19-04.37.23:977][  0]LogTemp:Display: Loaded TP Android_ETC1TargetPlatform
[2017.05.19-04.37.24:080][  0]LogTemp:Display: Loaded TP Android_ETC2TargetPlatform
[2017.05.19-04.37.24:279][  0]LogTemp:Display: Loaded TP Android_MultiTargetPlatform
[2017.05.19-04.37.24:279][  0]LogTemp:Display: Loaded TP Android_PVRTCTargetPlatform
[2017.05.19-04.37.24:363][  0]LogTemp:Display: Loaded TP HTML5TargetPlatform
[2017.05.19-04.37.24:534][  0]LogTemp:Display: Loaded TP IOSTargetPlatform
[2017.05.19-04.37.24:597][  0]LogTemp:Display: Loaded TP TVOSTargetPlatform
[2017.05.19-04.37.24:698][  0]LogTemp:Display: Loaded TP LinuxClientTargetPlatform
[2017.05.19-04.37.24:803][  0]LogTemp:Display: Loaded TP LinuxNoEditorTargetPlatform
[2017.05.19-04.37.24:904][  0]LogTemp:Display: Loaded TP LinuxServerTargetPlatform
[2017.05.19-04.37.25:006][  0]LogTemp:Display: Loaded TP LinuxTargetPlatform
[2017.05.19-04.37.25:006][  0]LogTargetPlatformManager:Display: Building Assets For Windows
[2017.05.19-04.37.25:890][  0]LogDerivedDataCache:Display: Max Cache Size: 512 MB
[2017.05.19-04.37.25:966][  0]LogDerivedDataCache: Loaded boot cache 0.08s 50MB C:/Users/jicheng/AppData/Local/UnrealEngine/4.15/DerivedDataCache/Boot.ddc.
[2017.05.19-04.37.25:967][  0]LogDerivedDataCache:Display: Loaded Boot cache: C:/Users/jicheng/AppData/Local/UnrealEngine/4.15/DerivedDataCache/Boot.ddc
[2017.05.19-04.37.25:967][  0]LogDerivedDataCache: FDerivedDataBackendGraph:  Pak pak cache file ../../../../../../Users/jicheng/Desktop/Zombie-City/ZombieCity/DerivedDataCache/DDC.ddp not found, will not use a pak cache.
[2017.05.19-04.37.25:967][  0]LogDerivedDataCache: Unable to find inner node Pak for hierarchical cache Hierarchy.
[2017.05.19-04.37.25:967][  0]LogDerivedDataCache: FDerivedDataBackendGraph:  CompressedPak pak cache file ../../../../../../Users/jicheng/Desktop/Zombie-City/ZombieCity/DerivedDataCache/Compressed.ddp not found, will not use a pak cache.
[2017.05.19-04.37.25:967][  0]LogDerivedDataCache: Unable to find inner node CompressedPak for hierarchical cache Hierarchy.
[2017.05.19-04.37.25:997][  0]LogDerivedDataCache:Display: Pak cache opened for reading ../../../Engine/DerivedDataCache/Compressed.ddp.
[2017.05.19-04.37.26:011][  0]LogDerivedDataCache: Using Local data cache path C:/Users/jicheng/AppData/Local/UnrealEngine/Common/DerivedDataCache: Writable
[2017.05.19-04.37.26:026][  0]LogSlate: Using Freetype 2.6.0
[2017.05.19-04.37.26:026][  0]LogSlate: SlateFontCache - WITH_FREETYPE: 1, WITH_HARFBUZZ: 1
[2017.05.19-04.37.26:026][  0]LogSlate: SlateFontCache - WITH_FREETYPE: 1, WITH_HARFBUZZ: 1
[2017.05.19-04.37.26:632][  0]LogInit: Selected Device Profile: [Windows]
[2017.05.19-04.37.26:640][  0]LogContentStreaming: Texture pool size is 0.00 MB
[2017.05.19-04.37.27:018][  0]LogMeshUtilities: Using QuadricMeshReduction for automatic static mesh reduction
[2017.05.19-04.37.27:101][  0]LogSimplygon: Simplygon DLL not present - disabling.
[2017.05.19-04.37.27:196][  0]LogMeshUtilities: Using SimplygonSwarm for distributed automatic mesh merging
[2017.05.19-04.37.27:196][  0]LogMeshUtilities: No automatic skeletal mesh reduction module available
[2017.05.19-04.37.27:196][  0]LogMeshUtilities: No automatic mesh merging module available
[2017.05.19-04.37.28:194][  0]LogNetVersion: GetLocalNetworkVersion: CL: 3299760, ProjectName: zombiecity, ProjectVersion: , EngineNetworkVersion: 2, GameNetworkVersion: 0, NetworkChecksum: 270151773
[2017.05.19-04.37.28:265][  0]LogAssetRegistry: FAssetRegistry took 0.0220 seconds to start up
[2017.05.19-04.37.28:525][  0]LogPackageLocalizationCache: Processed 3 localized package path(s) for 4 prioritized culture(s) in 0.201088 seconds
[2017.05.19-04.37.28:536][  0]LogUObjectArray: 32493 objects as part of root set at end of initial load.
[2017.05.19-04.37.28:536][  0]LogUObjectAllocator: 7077024 out of 0 bytes used by permanent object pool.
[2017.05.19-04.37.28:536][  0]LogUObjectArray: CloseDisregardForGC: 0/0 objects in disregard for GC pool
[2017.05.19-04.37.28:669][  0]LogInit: WinSock: version 1.1 (2.2), MaxSocks=32767, MaxUdp=65467
[2017.05.19-04.37.31:918][  0]LogTcpMessaging: Initializing TcpMessaging bridge
[2017.05.19-04.37.31:985][  0]LogUdpMessaging: Initializing bridge on interface 0.0.0.0:0 to multicast group 230.0.0.1:6666.
[2017.05.19-04.37.32:820][  0]LogMaterial: Uniform references updated for custom material expression Custom.
[2017.05.19-04.37.33:539][  0]SourceControl: 信息 源码控制已禁用
[2017.05.19-04.37.33:540][  0]SourceControl: 信息 源码控制已禁用
[2017.05.19-04.37.33:632][  0]SourceControl: 信息 源码控制已禁用
[2017.05.19-04.37.33:726][  0]SourceControl: 信息 源码控制已禁用
[2017.05.19-04.37.34:307][  0]LogLinker:Warning: 无法寻找到文件'/Game/ThirdPersonBP/ThirdPersonOverview'
[2017.05.19-04.37.34:307][  0]LogLinker:Warning: 无法寻找到文件'/Game/ThirdPersonBP/ThirdPersonOverview'
[2017.05.19-04.37.34:307][  0]LogUObjectGlobals:Warning: 寻找对象'Class /Game/ThirdPersonBP/ThirdPersonOverview.ThirdPersonOverview_C'失败
[2017.05.19-04.37.36:093][  0]LogEngine: Initializing Engine...
[2017.05.19-04.37.36:095][  0]LogHMD: Failed to initialize OpenVR with code 110
[2017.05.19-04.37.36:501][  0]LogAIModule: Creating AISystem for world Untitled
[2017.05.19-04.37.36:511][  0]LogInit: XAudio2 using 'Speakers / Headphones (Realtek High Definition Audio)' : 2 channels at 48 kHz using 32 bits per sample (channel mask 0x3)
[2017.05.19-04.37.37:006][  0]LogInit: FAudioDevice initialized.
[2017.05.19-04.37.37:043][  0]LogDerivedDataCache: Saved boot cache 0.04s 50MB C:/Users/jicheng/AppData/Local/UnrealEngine/4.15/DerivedDataCache/Boot.ddc.
[2017.05.19-04.37.37:051][  0]LogInit: Texture streaming: Enabled
[2017.05.19-04.37.37:224][  0]LogEngineSessionManager: EngineSessionManager initialized
[2017.05.19-04.37.37:393][  0]LogInit: Transaction tracking system initialized
[2017.05.19-04.37.38:066][  0]BlueprintLog: New page: 编辑器加载
[2017.05.19-04.37.39:745][  0]LocalizationService: 信息 本地化服务已被禁用
[2017.05.19-04.37.41:352][  0]LogConsoleResponse:Display: 
[2017.05.19-04.37.41:584][  0]LogCook:Display: Max memory allowance for cook 16384mb min free memory 0mb
[2017.05.19-04.37.41:584][  0]LogCook:Display: Mobile HDR setting 1
[2017.05.19-04.37.41:878][  0]LogFileCache: Scanning file cache for directory 'C:/Users/jicheng/Desktop/Zombie-City/ZombieCity/Content/' took 0.02s
[2017.05.19-04.37.43:576][  0]SourceControl: 信息 源码控制已禁用
[2017.05.19-04.37.43:576][  0]Cmd: MAP LOAD FILE="../../../../../../Users/jicheng/Desktop/Zombie-City/ZombieCity/Content/ZombieCity/Maps/UIMap.umap" TEMPLATE=0 SHOWPROGRESS=1 FEATURELEVEL=3
[2017.05.19-04.37.43:576][  0]LightingResults: New page: 光照构建
[2017.05.19-04.37.43:652][  0]MapCheck: New page: 地图检测
[2017.05.19-04.37.43:652][  0]LightingResults: New page: 光照构建
[2017.05.19-04.37.44:241][  0]LogAIModule: Creating AISystem for world UIMap
[2017.05.19-04.37.44:272][  0]LogEditorServer: Finished looking for orphan Actors (0.000 secs)
[2017.05.19-04.37.44:272][  0]Cmd: MAP CHECKDEP NOCLEARLOG
[2017.05.19-04.37.44:341][  0]MapCheck: 信息 地图检测完成：0个错误，0 个警告，用时68.542毫秒完成。
[2017.05.19-04.37.44:341][  0]LogFileHelpers: Loading map 'UIMap' took 0.765
[2017.05.19-04.37.44:435][  0]LogWindowsTextInputMethodSystem:Display: IME system now activated using TSF (搜狗拼音输入法).
[2017.05.19-04.37.44:435][  0]LogWindowsTextInputMethodSystem:Display: IME system now activated using TSF (搜狗拼音输入法).
[2017.05.19-04.37.44:639][  0]LogCollectionManager: Loaded 1 collections in 0.004732 seconds
[2017.05.19-04.37.44:769][  0]LogFileCache: Scanning file cache for directory 'C:/Users/jicheng/Desktop/Zombie-City/ZombieCity/Saved/Collections/' took 0.01s
[2017.05.19-04.37.44:769][  0]LogFileCache: Scanning file cache for directory 'C:/Users/jicheng/Desktop/Zombie-City/ZombieCity/Content/Developers/wanly102/Collections/' took 0.01s
[2017.05.19-04.37.44:770][  0]LogFileCache: Scanning file cache for directory 'C:/Users/jicheng/Desktop/Zombie-City/ZombieCity/Content/Collections/' took 0.01s
[2017.05.19-04.37.44:770][  0]LogCollectionManager: Rebuilt the GUID cache for 1 collections in 0.000005 seconds
[2017.05.19-04.37.44:770][  0]LogCollectionManager: Rebuilt the hierarchy cache for 1 collections in 0.000000 seconds
[2017.05.19-04.37.44:783][  0]LogContentBrowser: Native class hierarchy populated in 0.0128 seconds. Added 2245 classes and 453 folders.
[2017.05.19-04.37.44:788][  0]LogStats: UGameplayTagsManager::ConstructGameplayTagTree: Construct from data asset -  0.000 s
[2017.05.19-04.37.44:788][  0]LogStats: UGameplayTagsManager::ConstructGameplayTagTree: GameplayTagTreeChangedEvent.Broadcast -  0.000 s
[2017.05.19-04.37.44:904][  0]LogContentBrowser: Native class hierarchy updated for 'WidgetCarousel' in 0.0007 seconds. Added 0 classes and 0 folders.
[2017.05.19-04.37.44:964][  0]LogContentBrowser: Native class hierarchy updated for 'AddContentDialog' in 0.0007 seconds. Added 0 classes and 0 folders.
[2017.05.19-04.37.45:044][  0]LogContentBrowser: Native class hierarchy updated for 'SceneOutliner' in 0.0008 seconds. Added 1 classes and 2 folders.
[2017.05.19-04.37.45:204][  0]LogCrashTracker: Crashtracker disabled due to settings.
[2017.05.19-04.37.45:214][  0]LogUObjectGlobals:Warning: 寻找对象'Class 无.'失败
[2017.05.19-04.37.45:322][  0]LogContentBrowser: Native class hierarchy updated for 'HierarchicalLODOutliner' in 0.0008 seconds. Added 1 classes and 2 folders.
[2017.05.19-04.37.45:322][  0]LogLoad: (Engine Initialization) Total time: 30.38 seconds
[2017.05.19-04.37.45:322][  0]LogLoad: (Engine Initialization) Total Blueprint compile time: 0.19 seconds
[2017.05.19-04.37.45:322][  0]LogExternalProfiler: Found external profiler: VSPerf
[2017.05.19-04.37.45:322][  0]LogExternalProfiler: Using external profiler: VSPerf
[2017.05.19-04.37.45:334][  0]LogOcInput: OculusInput pre-init called
[2017.05.19-04.37.45:368][  0]LogContentStreaming: Texture pool size now 400 MB
[2017.05.19-04.37.45:370][  0]LogSlate: Took 0.000297 seconds to synchronously load lazily loaded font '../../../Engine/Content/Slate/Fonts/Roboto-Regular.ttf' (155K)
[2017.05.19-04.37.45:380][  0]LogSlate: Took 0.004973 seconds to synchronously load lazily loaded font '../../../Engine/Content/Slate/Fonts/DroidSansFallback.ttf' (3848K)
[2017.05.19-04.37.45:384][  0]LogSlate: Took 0.000300 seconds to synchronously load lazily loaded font '../../../Engine/Content/Slate/Fonts/Roboto-Bold.ttf' (160K)
[2017.05.19-04.37.45:397][  0]LogSlate: Took 0.000345 seconds to synchronously load lazily loaded font '../../../Engine/Content/Editor/Slate/Fonts/FontAwesome.ttf' (139K)
[2017.05.19-04.37.45:546][  0]LogSlate: Took 0.000319 seconds to synchronously load lazily loaded font '../../../Engine/Content/Slate/Fonts/Roboto-Light.ttf' (159K)
[2017.05.19-04.37.45:646][  0]LogRenderer: Reallocating scene render targets to support 836x440 NumSamples 1 (Frame:2).
[2017.05.19-04.37.46:064][  1]LogFileCache: Retrieving MD5 hashes for directory 'C:/Users/jicheng/Desktop/Zombie-City/ZombieCity/Content/' took 0.72s
[2017.05.19-04.37.46:198][  2]LogAssetRegistry: Asset discovery search completed in 17.9554 seconds
[2017.05.19-04.37.46:199][  2]LogCollectionManager: Rebuilt the object cache for 1 collections in 0.000011 seconds (found 0 objects)
[2017.05.19-04.37.46:199][  2]LogCollectionManager: Fixed up redirectors for 1 collections in 0.000043 seconds (updated 0 objects)
[2017.05.19-04.39.05:879][ 26]LogSlate: Took 0.000271 seconds to synchronously load lazily loaded font '../../../Engine/Content/Slate/Fonts/Roboto-Light.ttf' (159K)
[2017.05.19-04.39.06:622][ 26]LogAIModule: Creating AISystem for world MainMap
[2017.05.19-04.39.06:706][ 26]Cmd: MAP LOAD FILE="../../../../../../Users/jicheng/Desktop/Zombie-City/ZombieCity/Content/ZombieCity/Maps/MainMap.umap" TEMPLATE=0 SHOWPROGRESS=1 FEATURELEVEL=3
[2017.05.19-04.39.06:706][ 26]LightingResults: New page: 光照构建
[2017.05.19-04.39.06:709][ 26]LoadErrors: New page: 正在加载地图： MainMap.umap
[2017.05.19-04.39.06:709][ 26]MapCheck: New page: 地图检测
[2017.05.19-04.39.06:710][ 26]LightingResults: New page: 光照构建
[2017.05.19-04.39.06:889][ 26]LogEditorServer: Finished looking for orphan Actors (0.000 secs)
[2017.05.19-04.39.06:943][ 26]Cmd: MAP CHECKDEP NOCLEARLOG
[2017.05.19-04.39.07:036][ 26]MapCheck: 信息 地图检测完成：0个错误，0 个警告，用时92.562毫秒完成。
[2017.05.19-04.39.07:036][ 26]LogFileHelpers: Loading map 'MainMap' took 0.331
[2017.05.19-04.39.16:608][671]LogEditorViewport: Clicking on Actor (LMB): NewBlueprint_Child2_C (NewBlueprint_Child2)
[2017.05.19-04.39.18:891][769]LogEditorViewport: Clicking on Actor (LMB): StaticMeshActor (Floor)
[2017.05.19-04.39.20:303][836]LogEditorViewport: Clicking on Actor (LMB): Zombie003_C (Zombie003)
[2017.05.19-04.39.22:447][940]LogEditorViewport: Clicking on Actor (LMB): NewBlueprint_C (NewBlueprint2)
[2017.05.19-04.39.26:937][146]LogEditorViewport: Clicking on Actor (LMB): StaticMeshActor (Wall1)
[2017.05.19-04.39.28:428][220]LogEditorViewport: Clicking on Actor (LMB): StaticMeshActor (Floor)
[2017.05.19-04.39.33:251][508]LogEditorViewport: Clicking on Actor (LMB): StaticMeshActor (Floor)
[2017.05.19-04.39.34:342][572]LogEditorViewport: Clicking on Actor (LMB): NewBlueprint_C (NewBlueprint2)
[2017.05.19-04.41.32:197][720]LogEditorViewport: Clicking on Actor (LMB): NewBlueprint_Child2_C (NewBlueprint_Child2)
[2017.05.19-04.41.36:600][912]LogEditorViewport: Clicking on Actor (LMB): StaticMeshActor (Floor)
[2017.05.19-04.42.01:228][365]LogEditorViewport: Clicking on Actor (LMB): Zombie003_C (Zombie003)
[2017.05.19-04.42.03:381][460]LogEditorViewport: Clicking on Actor (LMB): StaticMeshActor (Floor)
[2017.05.19-04.46.15:709][945]LogSlate: Took 0.000223 seconds to synchronously load lazily loaded font '../../../Engine/Content/Slate/Fonts/Roboto-Regular.ttf' (155K)
[2017.05.19-04.46.15:901][945]LogContentBrowser: Native class hierarchy updated for 'BlueprintGraph' in 0.0015 seconds. Added 112 classes and 0 folders.
[2017.05.19-04.46.17:009][945]LogSlate: Took 0.000432 seconds to synchronously load lazily loaded font '../../../Engine/Content/Editor/Slate/Fonts/Roboto-BoldCondensed.ttf' (158K)
[2017.05.19-04.46.19:443][ 85]LogSlate: Took 0.000329 seconds to synchronously load lazily loaded font '../../../Engine/Content/Editor/Slate/Fonts/Roboto-Italic.ttf' (157K)
[2017.05.19-04.47.18:544][475]LogSlate: Took 0.073172 seconds to synchronously load lazily loaded font '../../../Engine/Content/Editor/Slate/Fonts/Roboto-BoldCondensedItalic.ttf' (160K)
[2017.05.19-04.47.53:628][176]BlueprintLog: New page: 编译ZombieCityPawn
[2017.05.19-04.47.55:900][263]LogSavePackage: Save=108.42ms
[2017.05.19-04.47.55:900][263]LogSavePackage: Moving '../../../../../../Users/jicheng/Desktop/Zombie-City/ZombieCity/Saved/ZombieCityPawnE0943E14471BF134FC4D3BAC22FF45D4.tmp' to '../../../../../../Users/jicheng/Desktop/Zombie-City/ZombieCity/Content/ZombieCity/Blueprints/ZombieCityPawn.uasset'
[2017.05.19-04.47.55:927][263]LogSavePackage:Display: Finished SavePackage ../../../../../../Users/jicheng/Desktop/Zombie-City/ZombieCity/Content/ZombieCity/Blueprints/ZombieCityPawn.uasset
[2017.05.19-04.48.27:590][679]BlueprintLog: New page: 编译ZombieCityPawn
[2017.05.19-04.49.29:050][221]LogSlate: Took 0.000274 seconds to synchronously load lazily loaded font '../../../Engine/Content/Slate/Fonts/Roboto-Light.ttf' (159K)
[2017.05.19-04.49.38:560][253]LogSavePackage: Save=315.78ms
[2017.05.19-04.49.38:560][253]LogSavePackage: Moving '../../../../../../Users/jicheng/Desktop/Zombie-City/ZombieCity/Saved/MainMap_Auto1D7CCCF634F642F162471329B3D8583F1.tmp' to '../../../../../../Users/jicheng/Desktop/Zombie-City/ZombieCity/Saved/Autosaves/Game/ZombieCity/Maps/MainMap_Auto1.umap'
[2017.05.19-04.49.38:574][253]LogSavePackage:Display: Finished SavePackage ../../../../../../Users/jicheng/Desktop/Zombie-City/ZombieCity/Saved/Autosaves/Game/ZombieCity/Maps/MainMap_Auto1.umap
[2017.05.19-04.49.38:588][253]LogFileHelpers: Editor autosave (incl. sublevels) for '/Game/ZombieCity/Maps/MainMap' took 0.491
[2017.05.19-04.49.38:588][253]LogFileHelpers: Editor autosave (incl. sublevels) for all levels took 0.491
[2017.05.19-04.49.38:601][253]OBJ SavePackage: Generating thumbnails for [1] asset(s) in package [/Game/ZombieCity/Blueprints/ZombieCityPawn] ([1] browsable assets)...
[2017.05.19-04.49.38:636][253]OBJ SavePackage:     Rendered thumbnail for [Blueprint /Game/ZombieCity/Blueprints/ZombieCityPawn.ZombieCityPawn]
[2017.05.19-04.49.38:636][253]OBJ SavePackage: Finished generating thumbnails for package [/Game/ZombieCity/Blueprints/ZombieCityPawn]
[2017.05.19-04.49.38:783][253]LogSavePackage: Save=95.34ms
[2017.05.19-04.49.38:783][253]LogSavePackage: Moving '../../../../../../Users/jicheng/Desktop/Zombie-City/ZombieCity/Saved/ZombieCityPawn_Auto140E77A6940A771EA7EA0E7B549B41E34.tmp' to '../../../../../../Users/jicheng/Desktop/Zombie-City/ZombieCity/Saved/Autosaves/Game/ZombieCity/Blueprints/ZombieCityPawn_Auto1.uasset'
[2017.05.19-04.49.38:803][253]LogSavePackage:Display: Finished SavePackage ../../../../../../Users/jicheng/Desktop/Zombie-City/ZombieCity/Saved/Autosaves/Game/ZombieCity/Blueprints/ZombieCityPawn_Auto1.uasset
[2017.05.19-04.49.38:803][253]LogFileHelpers: Auto-saving content packages took 0.212
[2017.05.19-04.59.20:110][508]LogEditorTransaction: Undo Paste clipboard contents
[2017.05.19-04.59.23:392][860]LogUObjectHash:Warning: Ambiguous search, could be K2Node_CustomEvent /Game/ZombieCity/Blueprints/ZombieCityPawn.ZombieCityPawn:EventGraph.K2Node_CustomEvent_0 or K2Node_CustomEvent /Game/ZombieCity/Blueprints/ZombieCityPawn.ZombieCityPawn:EventGraph.K2Node_CustomEvent_0
[2017.05.19-04.59.23:393][860]LogUObjectHash:Warning: Ambiguous search, could be K2Node_VariableGet /Game/ZombieCity/Blueprints/ZombieCityPawn.ZombieCityPawn:EventGraph.K2Node_VariableGet_49 or K2Node_VariableGet /Game/ZombieCity/Blueprints/ZombieCityPawn.ZombieCityPawn:EventGraph.K2Node_VariableGet_49
[2017.05.19-04.59.23:393][860]LogUObjectHash:Warning: Ambiguous search, could be K2Node_CallFunction /Game/ZombieCity/Blueprints/ZombieCityPawn.ZombieCityPawn:EventGraph.K2Node_CallFunction_307 or K2Node_CallFunction /Game/ZombieCity/Blueprints/ZombieCityPawn.ZombieCityPawn:EventGraph.K2Node_CallFunction_307
[2017.05.19-04.59.23:393][860]LogUObjectHash:Warning: Ambiguous search, could be K2Node_IfThenElse /Game/ZombieCity/Blueprints/ZombieCityPawn.ZombieCityPawn:EventGraph.K2Node_IfThenElse_36 or K2Node_IfThenElse /Game/ZombieCity/Blueprints/ZombieCityPawn.ZombieCityPawn:EventGraph.K2Node_IfThenElse_36
[2017.05.19-04.59.23:393][860]LogUObjectHash:Warning: Ambiguous search, could be K2Node_CallFunction /Game/ZombieCity/Blueprints/ZombieCityPawn.ZombieCityPawn:EventGraph.K2Node_CallFunction_308 or K2Node_CallFunction /Game/ZombieCity/Blueprints/ZombieCityPawn.ZombieCityPawn:EventGraph.K2Node_CallFunction_308
[2017.05.19-04.59.23:393][860]LogUObjectHash:Warning: Ambiguous search, could be K2Node_CallFunction /Game/ZombieCity/Blueprints/ZombieCityPawn.ZombieCityPawn:EventGraph.K2Node_CallFunction_309 or K2Node_CallFunction /Game/ZombieCity/Blueprints/ZombieCityPawn.ZombieCityPawn:EventGraph.K2Node_CallFunction_309
[2017.05.19-04.59.41:069][547]LogBlueprint:Warning: [Compiler ] 警告 Pasted node  CustomEvent   conflicted with  事件Tick  and was replaced as a Custom Event!
[2017.05.19-04.59.41:111][547]BlueprintEditorCompileResults:Warning: 警告 Pasted node  CustomEvent   conflicted with  事件Tick  and was replaced as a Custom Event!
[2017.05.19-05.00.35:558][668]LogEditorTransaction: Undo Delete current selection
[2017.05.19-05.00.39:869][917]LogEditorTransaction: Undo 移动节点
[2017.05.19-05.00.41:493][998]LogEditorTransaction: Undo Paste clipboard contents
[2017.05.19-05.01.37:735][311]LogFileHelpers: Editor autosave (incl. sublevels) for '/Game/ZombieCity/Maps/MainMap' took 0.100
[2017.05.19-05.01.37:746][311]OBJ SavePackage: Generating thumbnails for [1] asset(s) in package [/Game/ZombieCity/Blueprints/ZombieCityPawn] ([1] browsable assets)...
[2017.05.19-05.01.37:784][311]OBJ SavePackage:     Rendered thumbnail for [Blueprint /Game/ZombieCity/Blueprints/ZombieCityPawn.ZombieCityPawn]
[2017.05.19-05.01.37:784][311]OBJ SavePackage: Finished generating thumbnails for package [/Game/ZombieCity/Blueprints/ZombieCityPawn]
[2017.05.19-05.01.37:979][311]LogSavePackage: Save=119.65ms
[2017.05.19-05.01.37:980][311]LogSavePackage: Moving '../../../../../../Users/jicheng/Desktop/Zombie-City/ZombieCity/Saved/ZombieCityPawn_Auto2EEFCF08445C0F016D6DC94A12D6D70E3.tmp' to '../../../../../../Users/jicheng/Desktop/Zombie-City/ZombieCity/Saved/Autosaves/Game/ZombieCity/Blueprints/ZombieCityPawn_Auto2.uasset'
[2017.05.19-05.01.37:994][311]LogSavePackage:Display: Finished SavePackage ../../../../../../Users/jicheng/Desktop/Zombie-City/ZombieCity/Saved/Autosaves/Game/ZombieCity/Blueprints/ZombieCityPawn_Auto2.uasset
[2017.05.19-05.01.37:994][311]LogFileHelpers: Auto-saving content packages took 0.258
