Log file open, 05/19/17 15:24:17
LogInit:Display: Running engine for game: ZombieCity
LogPlatformFile: Not using cached read wrapper
LogInit:Display: RandInit(-1060526777) SRandInit(-1060526777).
LogTaskGraph: Started task graph with 5 named threads and 6 total threads with 1 sets of task threads.
LogStats: Stats thread started at 0.141335
LogInit: Using libcurl 7.47.1
LogInit:  - built for x86_64-pc-win32
LogInit:  - supports SSL with OpenSSL/1.0.2g
LogInit:  - supports HTTP deflate (compression) using libz 1.2.8
LogInit:  - other features:
LogInit:      CURL_VERSION_SSL
LogInit:      CURL_VERSION_LIBZ
LogInit:      CURL_VERSION_IPV6
LogInit:      CURL_VERSION_ASYNCHDNS
LogInit:      CURL_VERSION_LARGEFILE
LogInit:      CURL_VERSION_IDN
LogInit:  CurlRequestOptions (configurable via config and command line):
LogInit:  - bVerifyPeer = false  - Libcurl will NOT verify peer certificate
LogInit:  - bUseHttpProxy = false  - Libcurl will NOT use HTTP proxy
LogInit:  - bDontReuseConnections = false  - Libcurl will reuse connections
LogInit:  - CertBundlePath = nullptr  - Libcurl will use whatever was configured at build time.
LogInit: Build: ++UE4+Release-4.15-CL-3348071
LogInit: Engine Version: 4.15.1-3348071+++UE4+Release-4.15
LogInit: Compatible Engine Version: 4.15.0-3299760+++UE4+Release-4.15
LogInit: Net CL: 3299760
LogDevObjectVersion: Number of dev versions registered: 14
LogDevObjectVersion:   Dev-Blueprints (B0D832E4-1F89-4F0D-ACCF-7EB736FD4AA2): 8
LogDevObjectVersion:   Dev-Build (E1C64328-A22C-4D53-A36C-8E866417BD8C): 0
LogDevObjectVersion:   Dev-Core (375EC13C-06E4-48FB-B500-84F0262A717E): 2
LogDevObjectVersion:   Dev-Editor (E4B068ED-F494-42E9-A231-DA0B2E46BB41): 14
LogDevObjectVersion:   Dev-Framework (CFFC743F-43B0-4480-9391-14DF171D2073): 22
LogDevObjectVersion:   Dev-Mobile (B02B49B5-BB20-44E9-A304-32B752E40360): 0
LogDevObjectVersion:   Dev-Networking (A4E4105C-59A1-49B5-A7C5-40C4547EDFEE): 0
LogDevObjectVersion:   Dev-Online (39C831C9-5AE6-47DC-9A44-9C173E1C8E7C): 0
LogDevObjectVersion:   Dev-Physics (78F01B33-EBEA-4F98-B9B4-84EACCB95AA2): 0
LogDevObjectVersion:   Dev-Platform (6631380F-2D4D-43E0-8009-CF276956A95A): 0
LogDevObjectVersion:   Dev-Rendering (12F88B9F-8875-4AFC-A67C-D90C383ABD29): 12
LogDevObjectVersion:   Dev-Sequencer (7B5AE74C-D270-4C10-A958-57980B212A5A): 3
LogDevObjectVersion:   Dev-VR (D7296918-1DD6-4BDD-9DE2-64A83CC13884): 0
LogDevObjectVersion:   Dev-LoadTimes (C2A15278-BFE7-4AFE-6C17-90FF531DF755): 1
LogInit: Compiled (64-bit): Mar 15 2017 16:52:47
LogInit: Compiled with Visual C++: 19.00.23026.00
LogInit: Build Configuration: Development
LogInit: Branch Name: ++UE4+Release-4.15
LogInit: Command line:  /Temp/Autosaves/Game/ZombieCity/Maps/UEDPCUIMap -game -PIEVIACONSOLE -ResX=1280 -ResY=720  -Multiprocess -messaging -SessionName="Play in Standalone Game" -windowed 
LogInit: Base directory: C:/Program Files (x86)/Epic Games/4.15/Engine/Binaries/Win64/
LogInit: Installed Engine Build: 1
LogInit: Presizing for max 8388607 objects, including 0 objects not considered by GC, pre-allocating 0 bytes for permanent pool.
LogInit: Object subsystem initialized
[2017.05.19-05.54.19:691][  0]LogInit: Selected Device Profile: [Windows]
[2017.05.19-05.54.19:691][  0]LogInit: Applying CVar settings loaded from the selected device profile: [Windows]
[2017.05.19-05.54.19:705][  0]LogInit: Computer: LIZHANG
[2017.05.19-05.54.19:705][  0]LogInit: User: wanly102
[2017.05.19-05.54.19:705][  0]LogInit: CPU Page size=65536, Cores=2
[2017.05.19-05.54.19:705][  0]LogInit: High frequency timer resolution =2.533198 MHz
[2017.05.19-05.54.19:706][  0]LogMemory: Memory total: Physical=7.9GB (8GB approx)
[2017.05.19-05.54.19:706][  0]LogMemory: Platform Memory Stats for Windows
[2017.05.19-05.54.19:706][  0]LogMemory: Process Physical Memory: 263.09 MB used, 263.09 MB peak
[2017.05.19-05.54.19:706][  0]LogMemory: Process Virtual Memory: 262.38 MB used, 262.38 MB peak
[2017.05.19-05.54.19:706][  0]LogMemory: Physical Memory: 3907.99 MB used,  4164.97 MB free, 8072.96 MB total
[2017.05.19-05.54.19:706][  0]LogMemory: Virtual Memory: 642.59 MB used,  4164.97 MB free, 134217728.00 MB total
[2017.05.19-05.54.20:042][  0]LogTextLocalizationManager:Warning: Loaded localization resources contain conflicting entries for (Namespace:UObjectToolTips, Key:AnimNode_AssetPlayerBase:InternalTimeAccumulator):
Localization Resource: (C:/Program Files (x86)/Epic Games/4.15/Engine/Content/Localization/EditorTutorials/zh-CN/EditorTutorials.locres) Source String Hash: (502993589) Localized String: (用于引用此节点中的资源的累积时间)
Localization Resource: (C:/Program Files (x86)/Epic Games/4.15/Engine/Content/Localization/Engine/zh-CN/Engine.locres) Source String Hash: (502993589) Localized String: (引用该节点中资源所用的累计时间)
[2017.05.19-05.54.20:042][  0]LogTextLocalizationManager:Warning: Loaded localization resources contain conflicting entries for (Namespace:UObjectToolTips, Key:AnimNode_AssetPlayerBase:bIgnoreForRelevancyTest):
Localization Resource: (C:/Program Files (x86)/Epic Games/4.15/Engine/Content/Localization/EditorTutorials/zh-CN/EditorTutorials.locres) Source String Hash: (319969718) Localized String: (若为真，在状态中寻找最高权重动画的“相关动画”节点将忽视 此节点)
Localization Resource: (C:/Program Files (x86)/Epic Games/4.15/Engine/Content/Localization/Engine/zh-CN/Engine.locres) Source String Hash: (319969718) Localized String: (如果为真，那么将会忽略查找最高权重动画的"相关动画"节点。
这个节点)
[2017.05.19-05.54.20:042][  0]LogTextLocalizationManager:Warning: Loaded localization resources contain conflicting entries for (Namespace:UObjectToolTips, Key:AnimNode_AssetPlayerBase:BlendWeight):
Localization Resource: (C:/Program Files (x86)/Epic Games/4.15/Engine/Content/Localization/EditorTutorials/zh-CN/EditorTutorials.locres) Source String Hash: (-1232800293) Localized String: (此节点最后交会的混合权重)
Localization Resource: (C:/Program Files (x86)/Epic Games/4.15/Engine/Content/Localization/Engine/zh-CN/Engine.locres) Source String Hash: (-1232800293) Localized String: (该节点上一次遇到的混合权重)
[2017.05.19-05.54.20:481][  0]LogD3D11RHI: D3D11 adapters:
[2017.05.19-05.54.20:511][  0]LogD3D11RHI:    0. 'AMD Radeon R7 M265' (Feature Level 11_0)
[2017.05.19-05.54.20:511][  0]LogD3D11RHI:       2035/0/4036 MB DedicatedVideo/DedicatedSystem/SharedSystem, Outputs:1, VendorId:0x1002
[2017.05.19-05.54.20:528][  0]LogD3D11RHI:    1. 'Intel(R) HD Graphics Family' (Feature Level 11_0)
[2017.05.19-05.54.20:528][  0]LogD3D11RHI:       112/0/2048 MB DedicatedVideo/DedicatedSystem/SharedSystem, Outputs:0, VendorId:0x8086
[2017.05.19-05.54.20:533][  0]LogD3D11RHI:    2. 'Microsoft Basic Render Driver' (Feature Level 11_0)
[2017.05.19-05.54.20:533][  0]LogD3D11RHI:       0/0/4036 MB DedicatedVideo/DedicatedSystem/SharedSystem, Outputs:0, VendorId:0x1414
[2017.05.19-05.54.20:533][  0]LogD3D11RHI: Chosen D3D11 Adapter: 0
[2017.05.19-05.54.20:544][  0]LogD3D11RHI: Creating new Direct3DDevice
[2017.05.19-05.54.20:544][  0]LogD3D11RHI:     GPU DeviceId: 0x6900 (for the marketing name, search the web for "GPU Device Id")
[2017.05.19-05.54.20:544][  0]LogWindows: EnumDisplayDevices:
[2017.05.19-05.54.20:545][  0]LogWindows:    0. 'Intel(R) HD Graphics Family' (P:1 D:1)
[2017.05.19-05.54.20:545][  0]LogWindows:    1. 'Intel(R) HD Graphics Family' (P:0 D:0)
[2017.05.19-05.54.20:546][  0]LogWindows:    2. 'Intel(R) HD Graphics Family' (P:0 D:0)
[2017.05.19-05.54.20:547][  0]LogWindows: DebugString: PrimaryIsNotTheChoosenAdapter PrimaryIsNotTheChoosenAdapter PrimaryIsNotTheChoosenAdapter FoundDriverCount:0 
[2017.05.19-05.54.20:547][  0]LogD3D11RHI:     Adapter Name: AMD Radeon R7 M265
[2017.05.19-05.54.20:547][  0]LogD3D11RHI:   Driver Version: Unknown (internal:Unknown, unified:Unknown)
[2017.05.19-05.54.20:547][  0]LogD3D11RHI:      Driver Date: Unknown
[2017.05.19-05.54.20:547][  0]LogRHI: Texture pool is 1361 MB (70% of 1945 MB)
[2017.05.19-05.54.20:669][  0]LogD3D11RHI: Async texture creation enabled
[2017.05.19-05.54.20:691][  0]LogD3D11RHI: GPU Timing Frequency: 27.000000 (Debug: 2 1)
[2017.05.19-05.54.20:694][  0]LogShaderCompilers: Guid format shader working directory is -14 characters bigger than the processId version (../../../../../../Users/jicheng/Desktop/Zombie-City/ZombieCity/Intermediate/Shaders/WorkingDirectory/9372/).
[2017.05.19-05.54.20:695][  0]LogShaderCompilers: Cleaned the shader compiler working directory 'C:/Users/jicheng/AppData/Local/Temp/UnrealShaderWorkingDir/E423876C4AF294840B5E48B3C041D942/'.
[2017.05.19-05.54.20:695][  0]LogShaderCompilers:Display: Using Local Shader Compiler.
[2017.05.19-05.54.23:573][  0]LogTemp:Display: Loaded TP WindowsClientTargetPlatform
[2017.05.19-05.54.23:732][  0]LogTemp:Display: Loaded TP WindowsNoEditorTargetPlatform
[2017.05.19-05.54.23:909][  0]LogTemp:Display: Loaded TP WindowsServerTargetPlatform
[2017.05.19-05.54.24:056][  0]LogTemp:Display: Loaded TP WindowsTargetPlatform
[2017.05.19-05.54.24:056][  0]LogTargetPlatformManager:Display: Building Assets For Windows
[2017.05.19-05.54.25:500][  0]LogDerivedDataCache:Display: Max Cache Size: 512 MB
[2017.05.19-05.54.25:607][  0]LogDerivedDataCache: Loaded boot cache 0.11s 50MB C:/Users/jicheng/AppData/Local/UnrealEngine/4.15/DerivedDataCache/Boot.ddc.
[2017.05.19-05.54.25:607][  0]LogDerivedDataCache:Display: Loaded Boot cache: C:/Users/jicheng/AppData/Local/UnrealEngine/4.15/DerivedDataCache/Boot.ddc
[2017.05.19-05.54.25:607][  0]LogDerivedDataCache: FDerivedDataBackendGraph:  Pak pak cache file ../../../../../../Users/jicheng/Desktop/Zombie-City/ZombieCity/DerivedDataCache/DDC.ddp not found, will not use a pak cache.
[2017.05.19-05.54.25:607][  0]LogDerivedDataCache: Unable to find inner node Pak for hierarchical cache Hierarchy.
[2017.05.19-05.54.25:607][  0]LogDerivedDataCache: FDerivedDataBackendGraph:  CompressedPak pak cache file ../../../../../../Users/jicheng/Desktop/Zombie-City/ZombieCity/DerivedDataCache/Compressed.ddp not found, will not use a pak cache.
[2017.05.19-05.54.25:607][  0]LogDerivedDataCache: Unable to find inner node CompressedPak for hierarchical cache Hierarchy.
[2017.05.19-05.54.25:656][  0]LogDerivedDataCache:Display: Pak cache opened for reading ../../../Engine/DerivedDataCache/Compressed.ddp.
[2017.05.19-05.54.25:674][  0]LogDerivedDataCache: Using Local data cache path C:/Users/jicheng/AppData/Local/UnrealEngine/Common/DerivedDataCache: Writable
[2017.05.19-05.54.25:697][  0]LogSlate: Using Freetype 2.6.0
[2017.05.19-05.54.25:698][  0]LogSlate: SlateFontCache - WITH_FREETYPE: 1, WITH_HARFBUZZ: 1
[2017.05.19-05.54.25:698][  0]LogSlate: SlateFontCache - WITH_FREETYPE: 1, WITH_HARFBUZZ: 1
[2017.05.19-05.54.26:520][  0]LogAssetRegistry: FAssetRegistry took 0.0002 seconds to start up
[2017.05.19-05.54.26:556][  0]LogPackageLocalizationCache: Processed 3 localized package path(s) for 4 prioritized culture(s) in 0.035720 seconds
[2017.05.19-05.54.26:610][  0]LogInit: Selected Device Profile: [Windows]
[2017.05.19-05.54.26:614][  0]LogContentStreaming: Texture pool size is 1000.00 MB
[2017.05.19-05.54.27:395][  0]LogMeshUtilities: Using QuadricMeshReduction for automatic static mesh reduction
[2017.05.19-05.54.27:550][  0]LogSimplygon: Simplygon DLL not present - disabling.
[2017.05.19-05.54.27:715][  0]LogMeshUtilities: Using SimplygonSwarm for distributed automatic mesh merging
[2017.05.19-05.54.27:715][  0]LogMeshUtilities: No automatic skeletal mesh reduction module available
[2017.05.19-05.54.27:715][  0]LogMeshUtilities: No automatic mesh merging module available
[2017.05.19-05.54.29:159][  0]LogNetVersion: GetLocalNetworkVersion: CL: 3299760, ProjectName: zombiecity, ProjectVersion: , EngineNetworkVersion: 2, GameNetworkVersion: 0, NetworkChecksum: 270151773
[2017.05.19-05.54.29:374][  0]LogInit: WinSock: version 1.1 (2.2), MaxSocks=32767, MaxUdp=65467
