Log file open, 05/07/17 04:47:17
LogInit:Display: Running engine for game: ZombieCity
LogPlatformFile: Not using cached read wrapper
LogInit:Display: RandInit(152175475) SRandInit(152175475).
LogTaskGraph: Started task graph with 5 named threads and 8 total threads with 1 sets of task threads.
LogStats: Stats thread started at 0.088694
LogInit: Using libcurl 7.47.1
LogInit:  - built for x86_64-pc-win32
LogInit:  - supports SSL with OpenSSL/1.0.2g
LogInit:  - supports HTTP deflate (compression) using libz 1.2.8
LogInit:  - other features:
LogInit:      CURL_VERSION_SSL
LogInit:      CURL_VERSION_LIBZ
LogInit:      CURL_VERSION_IPV6
LogInit:      CURL_VERSION_ASYNCHDNS
LogInit:      CURL_VERSION_LARGEFILE
LogInit:      CURL_VERSION_IDN
LogInit:  CurlRequestOptions (configurable via config and command line):
LogInit:  - bVerifyPeer = false  - Libcurl will NOT verify peer certificate
LogInit:  - bUseHttpProxy = false  - Libcurl will NOT use HTTP proxy
LogInit:  - bDontReuseConnections = false  - Libcurl will reuse connections
LogInit:  - CertBundlePath = nullptr  - Libcurl will use whatever was configured at build time.
LogInit: Build: ++UE4+Release-4.15-CL-3416026
LogInit: Engine Version: 4.15.2-3416026+++UE4+Release-4.15
LogInit: Compatible Engine Version: 4.15.0-3299760+++UE4+Release-4.15
LogInit: Net CL: 3299760
LogDevObjectVersion: Number of dev versions registered: 14
LogDevObjectVersion:   Dev-Blueprints (B0D832E4-1F89-4F0D-ACCF-7EB736FD4AA2): 8
LogDevObjectVersion:   Dev-Build (E1C64328-A22C-4D53-A36C-8E866417BD8C): 0
LogDevObjectVersion:   Dev-Core (375EC13C-06E4-48FB-B500-84F0262A717E): 2
LogDevObjectVersion:   Dev-Editor (E4B068ED-F494-42E9-A231-DA0B2E46BB41): 14
LogDevObjectVersion:   Dev-Framework (CFFC743F-43B0-4480-9391-14DF171D2073): 22
LogDevObjectVersion:   Dev-Mobile (B02B49B5-BB20-44E9-A304-32B752E40360): 0
LogDevObjectVersion:   Dev-Networking (A4E4105C-59A1-49B5-A7C5-40C4547EDFEE): 0
LogDevObjectVersion:   Dev-Online (39C831C9-5AE6-47DC-9A44-9C173E1C8E7C): 0
LogDevObjectVersion:   Dev-Physics (78F01B33-EBEA-4F98-B9B4-84EACCB95AA2): 0
LogDevObjectVersion:   Dev-Platform (6631380F-2D4D-43E0-8009-CF276956A95A): 0
LogDevObjectVersion:   Dev-Rendering (12F88B9F-8875-4AFC-A67C-D90C383ABD29): 12
LogDevObjectVersion:   Dev-Sequencer (7B5AE74C-D270-4C10-A958-57980B212A5A): 3
LogDevObjectVersion:   Dev-VR (D7296918-1DD6-4BDD-9DE2-64A83CC13884): 0
LogDevObjectVersion:   Dev-LoadTimes (C2A15278-BFE7-4AFE-6C17-90FF531DF755): 1
LogInit: Compiled (64-bit): May  1 2017 13:11:28
LogInit: Compiled with Visual C++: 19.00.23026.00
LogInit: Build Configuration: Development
LogInit: Branch Name: ++UE4+Release-4.15
LogInit: Command line:  /Temp/Autosaves/Game/ZombieCity/Maps/UEDPCUIMap -game -PIEVIACONSOLE -ResX=1280 -ResY=720  -Multiprocess -messaging -SessionName="Play in Standalone Game" -windowed 
LogInit: Base directory: E:/Program/Epic Games/UE_4.15/Engine/Binaries/Win64/
LogInit: Installed Engine Build: 1
LogInit: Presizing for max 8388607 objects, including 0 objects not considered by GC, pre-allocating 0 bytes for permanent pool.
LogInit: Object subsystem initialized
[2017.05.06-19.17.19:284][  0]LogInit: Selected Device Profile: [Windows]
[2017.05.06-19.17.19:284][  0]LogInit: Applying CVar settings loaded from the selected device profile: [Windows]
[2017.05.06-19.17.19:290][  0]LogInit: Computer: ZHANGFAN
[2017.05.06-19.17.19:290][  0]LogInit: User: fan
[2017.05.06-19.17.19:290][  0]LogInit: CPU Page size=65536, Cores=4
[2017.05.06-19.17.19:290][  0]LogInit: High frequency timer resolution =2.435774 MHz
[2017.05.06-19.17.19:290][  0]LogMemory: Memory total: Physical=15.9GB (16GB approx)
[2017.05.06-19.17.19:291][  0]LogMemory: Platform Memory Stats for Windows
[2017.05.06-19.17.19:291][  0]LogMemory: Process Physical Memory: 264.05 MB used, 264.05 MB peak
[2017.05.06-19.17.19:291][  0]LogMemory: Process Virtual Memory: 262.68 MB used, 262.68 MB peak
[2017.05.06-19.17.19:291][  0]LogMemory: Physical Memory: 8145.49 MB used,  8119.53 MB free, 16265.02 MB total
[2017.05.06-19.17.19:291][  0]LogMemory: Virtual Memory: 645.45 MB used,  8119.53 MB free, 134217728.00 MB total
[2017.05.06-19.17.19:395][  0]LogTextLocalizationManager: No specific translations for ('en-AU') exist, so ('en') translations will be used.
[2017.05.06-19.17.20:107][  0]LogD3D11RHI: D3D11 adapters:
[2017.05.06-19.17.20:142][  0]LogD3D11RHI:    0. 'NVIDIA GeForce GTX 860M' (Feature Level 11_0)
[2017.05.06-19.17.20:142][  0]LogD3D11RHI:       2017/0/8132 MB DedicatedVideo/DedicatedSystem/SharedSystem, Outputs:2, VendorId:0x10de
[2017.05.06-19.17.20:150][  0]LogD3D11RHI:    1. 'Intel(R) HD Graphics 4600' (Feature Level 11_0)
[2017.05.06-19.17.20:150][  0]LogD3D11RHI:       112/0/2048 MB DedicatedVideo/DedicatedSystem/SharedSystem, Outputs:0, VendorId:0x8086
[2017.05.06-19.17.20:152][  0]LogD3D11RHI:    2. 'Microsoft Basic Render Driver' (Feature Level 11_0)
[2017.05.06-19.17.20:152][  0]LogD3D11RHI:       0/0/8132 MB DedicatedVideo/DedicatedSystem/SharedSystem, Outputs:0, VendorId:0x1414
[2017.05.06-19.17.20:152][  0]LogD3D11RHI: Chosen D3D11 Adapter: 0
[2017.05.06-19.17.20:167][  0]LogD3D11RHI: Creating new Direct3DDevice
[2017.05.06-19.17.20:167][  0]LogD3D11RHI:     GPU DeviceId: 0x119a (for the marketing name, search the web for "GPU Device Id")
[2017.05.06-19.17.20:167][  0]LogWindows: EnumDisplayDevices:
[2017.05.06-19.17.20:167][  0]LogWindows:    0. 'Intel(R) HD Graphics 4600' (P:1 D:1)
[2017.05.06-19.17.20:168][  0]LogWindows:    1. 'Intel(R) HD Graphics 4600' (P:0 D:1)
[2017.05.06-19.17.20:168][  0]LogWindows:    2. 'Intel(R) HD Graphics 4600' (P:0 D:0)
[2017.05.06-19.17.20:168][  0]LogWindows:    3. 'NVIDIA GeForce GTX 860M' (P:0 D:0)
[2017.05.06-19.17.20:169][  0]LogWindows:    4. 'NVIDIA GeForce GTX 860M' (P:0 D:0)
[2017.05.06-19.17.20:169][  0]LogWindows:    5. 'NVIDIA GeForce GTX 860M' (P:0 D:0)
[2017.05.06-19.17.20:169][  0]LogWindows:    6. 'NVIDIA GeForce GTX 860M' (P:0 D:0)
[2017.05.06-19.17.20:169][  0]LogWindows: DebugString: PrimaryIsNotTheChoosenAdapter PrimaryIsNotTheChoosenAdapter PrimaryIsNotTheChoosenAdapter FoundDriverCount:4 
[2017.05.06-19.17.20:169][  0]LogD3D11RHI:     Adapter Name: NVIDIA GeForce GTX 860M
[2017.05.06-19.17.20:169][  0]LogD3D11RHI:   Driver Version: 378.78 (internal:21.21.13.7878, unified:378.78)
[2017.05.06-19.17.20:169][  0]LogD3D11RHI:      Driver Date: 2-23-2017
[2017.05.06-19.17.20:169][  0]LogRHI: Texture pool is 1361 MB (70% of 1945 MB)
[2017.05.06-19.17.20:191][  0]LogD3D11RHI:Warning: Timestamp queries are currently disabled on this hardware due to instability. Realtime GPU stats will not be available. You can override this behaviour by setting r.NVIDIATimestampWorkaround to 0
[2017.05.06-19.17.20:195][  0]LogD3D11RHI: [Aftermath] Aftermath enabled but failed to initialize due to reason: NvApiIncompatible
[2017.05.06-19.17.20:195][  0]LogD3D11RHI: Async texture creation enabled
[2017.05.06-19.17.20:216][  0]LogD3D11RHI: GPU Timing Frequency: 1000.000000 (Debug: 2 2)
[2017.05.06-19.17.20:219][  0]LogShaderCompilers: Guid format shader working directory is 2 characters bigger than the processId version (../../../../../Git/Zombie-City/ZombieCity/Intermediate/Shaders/WorkingDirectory/28232/).
[2017.05.06-19.17.20:219][  0]LogShaderCompilers: Cleaned the shader compiler working directory 'C:/Users/fan/AppData/Local/Temp/UnrealShaderWorkingDir/22C31CD14FCC3C2F76099A95C405355C/'.
[2017.05.06-19.17.20:219][  0]LogShaderCompilers:Display: Using Local Shader Compiler.
[2017.05.06-19.17.21:927][  0]LogTemp:Display: Loaded TP WindowsClientTargetPlatform
[2017.05.06-19.17.21:993][  0]LogTemp:Display: Loaded TP WindowsNoEditorTargetPlatform
[2017.05.06-19.17.22:058][  0]LogTemp:Display: Loaded TP WindowsServerTargetPlatform
[2017.05.06-19.17.22:110][  0]LogTemp:Display: Loaded TP WindowsTargetPlatform
[2017.05.06-19.17.22:110][  0]LogTargetPlatformManager:Display: Building Assets For Windows
[2017.05.06-19.17.22:584][  0]LogDerivedDataCache:Display: Max Cache Size: 512 MB
[2017.05.06-19.17.22:658][  0]LogDerivedDataCache: Loaded boot cache 0.07s 52MB C:/Users/fan/AppData/Local/UnrealEngine/4.15/DerivedDataCache/Boot.ddc.
[2017.05.06-19.17.22:658][  0]LogDerivedDataCache:Display: Loaded Boot cache: C:/Users/fan/AppData/Local/UnrealEngine/4.15/DerivedDataCache/Boot.ddc
[2017.05.06-19.17.22:658][  0]LogDerivedDataCache: FDerivedDataBackendGraph:  Pak pak cache file ../../../../../Git/Zombie-City/ZombieCity/DerivedDataCache/DDC.ddp not found, will not use a pak cache.
[2017.05.06-19.17.22:658][  0]LogDerivedDataCache: Unable to find inner node Pak for hierarchical cache Hierarchy.
[2017.05.06-19.17.22:658][  0]LogDerivedDataCache: FDerivedDataBackendGraph:  CompressedPak pak cache file ../../../../../Git/Zombie-City/ZombieCity/DerivedDataCache/Compressed.ddp not found, will not use a pak cache.
[2017.05.06-19.17.22:658][  0]LogDerivedDataCache: Unable to find inner node CompressedPak for hierarchical cache Hierarchy.
[2017.05.06-19.17.22:686][  0]LogDerivedDataCache:Display: Pak cache opened for reading ../../../Engine/DerivedDataCache/Compressed.ddp.
[2017.05.06-19.17.22:700][  0]LogDerivedDataCache: Using Local data cache path C:/Users/fan/AppData/Local/UnrealEngine/Common/DerivedDataCache: Writable
[2017.05.06-19.17.22:721][  0]LogSlate: Using Freetype 2.6.0
[2017.05.06-19.17.22:722][  0]LogSlate: SlateFontCache - WITH_FREETYPE: 1, WITH_HARFBUZZ: 1
[2017.05.06-19.17.22:722][  0]LogSlate: SlateFontCache - WITH_FREETYPE: 1, WITH_HARFBUZZ: 1
[2017.05.06-19.17.23:235][  0]LogAssetRegistry: FAssetRegistry took 0.0002 seconds to start up
[2017.05.06-19.17.23:251][  0]LogPackageLocalizationCache: Processed 3 localized package path(s) for 2 prioritized culture(s) in 0.015199 seconds
[2017.05.06-19.17.23:280][  0]LogInit: Selected Device Profile: [Windows]
[2017.05.06-19.17.23:283][  0]LogContentStreaming: Texture pool size is 1000.00 MB
[2017.05.06-19.17.23:632][  0]LogMeshUtilities: Using QuadricMeshReduction for automatic static mesh reduction
[2017.05.06-19.17.23:691][  0]LogSimplygon: Simplygon DLL not present - disabling.
[2017.05.06-19.17.23:750][  0]LogMeshUtilities: Using SimplygonSwarm for distributed automatic mesh merging
[2017.05.06-19.17.23:750][  0]LogMeshUtilities: No automatic skeletal mesh reduction module available
[2017.05.06-19.17.23:750][  0]LogMeshUtilities: No automatic mesh merging module available
[2017.05.06-19.17.24:528][  0]LogNetVersion: GetLocalNetworkVersion: CL: 3299760, ProjectName: zombiecity, ProjectVersion: , EngineNetworkVersion: 2, GameNetworkVersion: 0, NetworkChecksum: 270151773
[2017.05.06-19.17.24:607][  0]LogInit: WinSock: version 1.1 (2.2), MaxSocks=32767, MaxUdp=65467
[2017.05.06-19.17.25:639][  0]LogMoviePlayer: Initializing movie player
[2017.05.06-19.17.26:055][  0]LogTcpMessaging: Initializing TcpMessaging bridge
[2017.05.06-19.17.26:098][  0]LogUdpMessaging: Initializing bridge on interface 0.0.0.0:0 to multicast group 230.0.0.1:6666.
[2017.05.06-19.17.26:394][  0]SourceControl: Info Source control is disabled
[2017.05.06-19.17.26:394][  0]SourceControl: Info Source control is disabled
[2017.05.06-19.17.26:448][  0]SourceControl: Info Source control is disabled
[2017.05.06-19.17.27:178][  0]LogUObjectArray: 34408 objects as part of root set at end of initial load.
[2017.05.06-19.17.27:178][  0]LogUObjectAllocator: 7639320 out of 0 bytes used by permanent object pool.
[2017.05.06-19.17.27:178][  0]LogUObjectArray: CloseDisregardForGC: 0/0 objects in disregard for GC pool
[2017.05.06-19.17.27:296][  0]LogEngine: Initializing Engine...
[2017.05.06-19.17.27:297][  0]LogHMD: Failed to initialize OpenVR with code 110
[2017.05.06-19.17.27:436][  0]LogStats: UGameplayTagsManager::ConstructGameplayTagTree: Construct from data asset -  0.000 s
[2017.05.06-19.17.27:436][  0]LogStats: UGameplayTagsManager::ConstructGameplayTagTree: GameplayTagTreeChangedEvent.Broadcast -  0.000 s
[2017.05.06-19.17.27:446][  0]LogInit: XAudio2 using 'Speakers / Headphones (Realtek Audio)' : 2 channels at 48 kHz using 32 bits per sample (channel mask 0x3)
[2017.05.06-19.17.27:473][  0]LogInit: FAudioDevice initialized.
[2017.05.06-19.17.27:491][  0]LogInit: Texture streaming: Enabled
[2017.05.06-19.17.27:504][  0]LogMaterial: Uniform references updated for custom material expression Custom.
[2017.05.06-19.17.27:789][  0]LogInit:Display: Game Engine Initialized.
[2017.05.06-19.17.27:941][  0]LogInit:Display: Starting Game.
[2017.05.06-19.17.27:941][  0]LogNet: Browse: /Temp/Autosaves/Game/ZombieCity/Maps/UEDPCUIMap?Name=Player
[2017.05.06-19.17.27:941][  0]LogLoad: LoadMap: /Temp/Autosaves/Game/ZombieCity/Maps/UEDPCUIMap?Name=Player
[2017.05.06-19.17.27:965][  0]LogMemory: Platform Memory Stats for Windows
[2017.05.06-19.17.27:965][  0]LogMemory: Process Physical Memory: 680.48 MB used, 714.67 MB peak
[2017.05.06-19.17.27:965][  0]LogMemory: Process Virtual Memory: 740.17 MB used, 775.86 MB peak
[2017.05.06-19.17.27:965][  0]LogMemory: Physical Memory: 8609.28 MB used,  7655.74 MB free, 16265.02 MB total
[2017.05.06-19.17.27:965][  0]LogMemory: Virtual Memory: 1419.81 MB used,  7655.74 MB free, 134217728.00 MB total
[2017.05.06-19.17.27:965][  0]LogMemory: 
[2017.05.06-19.17.27:965][  0]Allocator Stats for TBB: (not implemented)
[2017.05.06-19.17.28:366][  0]LogAIModule: Creating AISystem for world UIMap
[2017.05.06-19.17.28:367][  0]LogLoad: Game class is 'ZombieCityGameMode_C'
[2017.05.06-19.17.28:368][  0]LogWorld: Bringing World /Temp/Autosaves/Game/ZombieCity/Maps/UEDPCUIMap.UIMap up for play (max tick rate 0) at 2017.05.07-04.47.28
[2017.05.06-19.17.28:368][  0]LogWorld: Bringing up level for play took: 0.000578
[2017.05.06-19.17.28:372][  0]LogSlate: Took 0.000172 seconds to synchronously load lazily loaded font '../../../Engine/Content/Slate/Fonts/Roboto-Regular.ttf' (155K)
[2017.05.06-19.17.28:374][  0]LogLoad: Took 0.433141 seconds to LoadMap(/Temp/Autosaves/Game/ZombieCity/Maps/UEDPCUIMap)
[2017.05.06-19.17.28:558][  0]LogRenderer: Reallocating scene render targets to support 1280x720 NumSamples 1 (Frame:2).
[2017.05.06-19.17.28:558][  0]LogLoad: (Engine Initialization) Total time: 11.72 seconds
[2017.05.06-19.17.28:558][  0]LogLoad: (Engine Initialization) Total Blueprint compile time: 0.13 seconds
[2017.05.06-19.17.28:558][  0]LogExternalProfiler: Found external profiler: VSPerf
[2017.05.06-19.17.28:558][  0]LogExternalProfiler: Using external profiler: VSPerf
[2017.05.06-19.17.28:583][  0]LogWindowsTextInputMethodSystem:Display: IME system now activated using TSF (搜狗拼音输入法).
[2017.05.06-19.17.28:586][  0]LogOcInput: OculusInput pre-init called
[2017.05.06-19.18.01:730][ 34]LogNet: Browse: /Temp/Autosaves/Game/ZombieCity/Maps/UEDPCUIMap
[2017.05.06-19.18.01:730][ 34]LogLoad: LoadMap: /Temp/Autosaves/Game/ZombieCity/Maps/UEDPCUIMap
[2017.05.06-19.18.01:757][ 34]LogMemory: Platform Memory Stats for Windows
[2017.05.06-19.18.01:757][ 34]LogMemory: Process Physical Memory: 711.65 MB used, 769.39 MB peak
[2017.05.06-19.18.01:757][ 34]LogMemory: Process Virtual Memory: 913.88 MB used, 1030.98 MB peak
[2017.05.06-19.18.01:757][ 34]LogMemory: Physical Memory: 8663.56 MB used,  7601.46 MB free, 16265.02 MB total
[2017.05.06-19.18.01:757][ 34]LogMemory: Virtual Memory: 1667.95 MB used,  7601.46 MB free, 134217728.00 MB total
[2017.05.06-19.18.01:757][ 34]LogMemory: 
[2017.05.06-19.18.01:757][ 34]Allocator Stats for TBB: (not implemented)
[2017.05.06-19.18.02:061][ 34]LogAIModule: Creating AISystem for world UIMap
[2017.05.06-19.18.02:061][ 34]LogLoad: Game class is 'ZombieCityGameMode_C'
[2017.05.06-19.18.02:063][ 34]LogWorld: Bringing World /Temp/Autosaves/Game/ZombieCity/Maps/UEDPCUIMap.UIMap up for play (max tick rate 0) at 2017.05.07-04.48.02
[2017.05.06-19.18.02:063][ 34]LogWorld: Bringing up level for play took: 0.000577
[2017.05.06-19.18.02:068][ 34]LogLoad: Took 0.337796 seconds to LoadMap(/Temp/Autosaves/Game/ZombieCity/Maps/UEDPCUIMap)
[2017.05.06-19.18.07:772][385]LogPackageName: SearchForPackageOnDisk took   0.056s to resolve MainMap.umap.
[2017.05.06-19.18.07:825][385]LogPackageName: SearchForPackageOnDisk took   0.052s to resolve MainMap.umap.
[2017.05.06-19.18.07:825][385]LogNet: Browse: /Game/ZombieCity/Maps/MainMap
[2017.05.06-19.18.07:825][385]LogLoad: LoadMap: /Game/ZombieCity/Maps/MainMap
[2017.05.06-19.18.07:858][385]LogMemory: Platform Memory Stats for Windows
[2017.05.06-19.18.07:858][385]LogMemory: Process Physical Memory: 738.50 MB used, 769.39 MB peak
[2017.05.06-19.18.07:858][385]LogMemory: Process Virtual Memory: 941.80 MB used, 1037.68 MB peak
[2017.05.06-19.18.07:858][385]LogMemory: Physical Memory: 8687.93 MB used,  7577.09 MB free, 16265.02 MB total
[2017.05.06-19.18.07:858][385]LogMemory: Virtual Memory: 1680.13 MB used,  7577.09 MB free, 134217728.00 MB total
[2017.05.06-19.18.07:858][385]LogMemory: 
[2017.05.06-19.18.07:858][385]Allocator Stats for TBB: (not implemented)
[2017.05.06-19.18.08:376][385]LogAIModule: Creating AISystem for world MainMap
[2017.05.06-19.18.08:376][385]LogLoad: Game class is 'ZombieCityGameMode_C'
[2017.05.06-19.18.08:383][385]LogWorld: Bringing World /Game/ZombieCity/Maps/MainMap.MainMap up for play (max tick rate 0) at 2017.05.07-04.48.08
[2017.05.06-19.18.08:384][385]LogNavigation:Warning: UNavigationSystem::SimpleMoveToActor called for NavSys:NavigationSystem_0 Controller:AIController_0 controlling Pawn:NewBlueprint_2 with goal actor None (if any of these is None then there's your problem
[2017.05.06-19.18.08:384][385]LogNavigation:Warning: UNavigationSystem::SimpleMoveToActor called for NavSys:NavigationSystem_0 Controller:AIController_0 controlling Pawn:NewBlueprint_2 with goal actor None (if any of these is None then there's your problem
[2017.05.06-19.18.08:384][385]LogNavigation:Warning: UNavigationSystem::SimpleMoveToActor called for NavSys:NavigationSystem_0 Controller:AIController_0 controlling Pawn:NewBlueprint_2 with goal actor None (if any of these is None then there's your problem
[2017.05.06-19.18.08:384][385]LogWorld: Bringing up level for play took: 0.005838
[2017.05.06-19.18.08:386][385]LogLoad: Took 0.561601 seconds to LoadMap(/Game/ZombieCity/Maps/MainMap)
[2017.05.06-19.18.12:740][649]LogPackageName: SearchForPackageOnDisk took   0.056s to resolve UIMap.umap.
[2017.05.06-19.18.12:792][649]LogPackageName: SearchForPackageOnDisk took   0.051s to resolve UIMap.umap.
[2017.05.06-19.18.12:792][649]LogNet: Browse: /Game/ZombieCity/Maps/UIMap
[2017.05.06-19.18.12:792][649]LogLoad: LoadMap: /Game/ZombieCity/Maps/UIMap
[2017.05.06-19.18.12:839][649]LogMemory: Platform Memory Stats for Windows
[2017.05.06-19.18.12:839][649]LogMemory: Process Physical Memory: 790.38 MB used, 807.33 MB peak
[2017.05.06-19.18.12:839][649]LogMemory: Process Virtual Memory: 1034.76 MB used, 1106.18 MB peak
[2017.05.06-19.18.12:839][649]LogMemory: Physical Memory: 8749.62 MB used,  7515.41 MB free, 16265.02 MB total
[2017.05.06-19.18.12:839][649]LogMemory: Virtual Memory: 1789.70 MB used,  7515.41 MB free, 134217728.00 MB total
[2017.05.06-19.18.12:839][649]LogMemory: 
[2017.05.06-19.18.12:839][649]Allocator Stats for TBB: (not implemented)
[2017.05.06-19.18.13:138][649]LogAIModule: Creating AISystem for world UIMap
[2017.05.06-19.18.13:138][649]LogLoad: Game class is 'ZombieCityGameMode_C'
[2017.05.06-19.18.13:142][649]LogWorld: Bringing World /Game/ZombieCity/Maps/UIMap.UIMap up for play (max tick rate 0) at 2017.05.07-04.48.13
[2017.05.06-19.18.13:142][649]LogWorld: Bringing up level for play took: 0.001001
[2017.05.06-19.18.13:143][649]LogGameMode: FindPlayerStart: PATHS NOT DEFINED or NO PLAYERSTART with positive rating
[2017.05.06-19.18.13:148][649]LogLoad: Took 0.355324 seconds to LoadMap(/Game/ZombieCity/Maps/UIMap)
[2017.05.06-19.18.14:586][739]Closing by request
[2017.05.06-19.18.14:586][739]LogWindows: FPlatformMisc::RequestExit(0)
[2017.05.06-19.18.14:588][740]LogMoviePlayer: Shutting down movie player
[2017.05.06-19.18.15:355][740]LogWindowsTextInputMethodSystem:Display: IME system now activated using TSF (搜狗拼音输入法).
[2017.05.06-19.18.15:360][740]LogExit: Preparing to exit.
[2017.05.06-19.18.16:256][740]LogExit: Game engine shut down
[2017.05.06-19.18.16:329][740]LogObj: Freed 0b from 0 cluster array pools.
[2017.05.06-19.18.16:329][740]LogExit: Object subsystem successfully closed.
[2017.05.06-19.18.16:349][740]LogD3D11RHI: Shutdown
[2017.05.06-19.18.16:349][740]LogD3D11RHI: CleanupD3DDevice
[2017.05.06-19.18.16:396][740]LogD3D11RHI: ~FD3D11DynamicRHI
[2017.05.06-19.18.16:404][740]LogModuleManager: Shutting down and abandoning module SequenceRecorderSections (264)
[2017.05.06-19.18.16:404][740]LogModuleManager: Shutting down and abandoning module SequenceRecorder (262)
[2017.05.06-19.18.16:404][740]LogModuleManager: Shutting down and abandoning module AutomationController (260)
[2017.05.06-19.18.16:404][740]LogModuleManager: Shutting down and abandoning module AutomationWorker (258)
[2017.05.06-19.18.16:404][740]LogModuleManager: Shutting down and abandoning module AIModule (256)
[2017.05.06-19.18.16:404][740]LogModuleManager: Shutting down and abandoning module GameplayDebugger (255)
[2017.05.06-19.18.16:404][740]LogModuleManager: Shutting down and abandoning module AITestSuite (253)
[2017.05.06-19.18.16:404][740]LogModuleManager: Shutting down and abandoning module WmfMediaFactory (250)
[2017.05.06-19.18.16:404][740]LogModuleManager: Shutting down and abandoning module MfMediaFactory (248)
[2017.05.06-19.18.16:404][740]LogModuleManager: Shutting down and abandoning module AvfMediaFactory (246)
[2017.05.06-19.18.16:404][740]LogModuleManager: Shutting down and abandoning module AndroidMediaFactory (244)
[2017.05.06-19.18.16:404][740]LogModuleManager: Shutting down and abandoning module Media (243)
[2017.05.06-19.18.16:404][740]LogModuleManager: Shutting down and abandoning module CharacterAI (240)
[2017.05.06-19.18.16:404][740]LogModuleManager: Shutting down and abandoning module SessionServices (238)
[2017.05.06-19.18.16:404][740]LogModuleManager: Shutting down and abandoning module MovieSceneCapture (236)
[2017.05.06-19.18.16:404][740]LogModuleManager: Shutting down and abandoning module GeometryCache (234)
[2017.05.06-19.18.16:404][740]LogModuleManager: Shutting down and abandoning module GeometryCacheEd (233)
[2017.05.06-19.18.16:404][740]LogModuleManager: Shutting down and abandoning module Niagara (230)
[2017.05.06-19.18.16:404][740]LogModuleManager: Shutting down and abandoning module StreamingPauseRendering (228)
[2017.05.06-19.18.16:404][740]LogModuleManager: Shutting down and abandoning module PortalServices (226)
[2017.05.06-19.18.16:404][740]LogModuleManager: Shutting down and abandoning module PortalRpc (224)
[2017.05.06-19.18.16:404][740]LogModuleManager: Shutting down and abandoning module MessagingRpc (222)
[2017.05.06-19.18.16:404][740]LogModuleManager: Shutting down and abandoning module ProfilerService (220)
[2017.05.06-19.18.16:564][740]LogModuleManager: Shutting down and abandoning module TaskGraph (218)
[2017.05.06-19.18.16:564][740]LogModuleManager: Shutting down and abandoning module SteamVRController (216)
[2017.05.06-19.18.16:564][740]LogModuleManager: Shutting down and abandoning module SteamVR (214)
[2017.05.06-19.18.16:564][740]LogModuleManager: Shutting down and abandoning module ProceduralMeshComponent (212)
[2017.05.06-19.18.16:564][740]LogModuleManager: Shutting down and abandoning module OculusLibrary (210)
[2017.05.06-19.18.16:564][740]LogModuleManager: Shutting down and abandoning module OculusInput (208)
[2017.05.06-19.18.16:564][740]LogModuleManager: Shutting down and abandoning module MobilePatchingUtils (206)
[2017.05.06-19.18.16:564][740]LogModuleManager: Shutting down and abandoning module CustomMeshComponent (204)
[2017.05.06-19.18.16:564][740]LogModuleManager: Shutting down and abandoning module CableComponent (202)
[2017.05.06-19.18.16:564][740]LogModuleManager: Shutting down and abandoning module ArchVisCharacter (200)
[2017.05.06-19.18.16:564][740]LogModuleManager: Shutting down and abandoning module HTML5Networking (196)
[2017.05.06-19.18.16:564][740]LogModuleManager: Shutting down and abandoning module VisualStudioSourceCodeAccess (194)
[2017.05.06-19.18.16:564][740]LogModuleManager: Shutting down and abandoning module DesktopPlatform (193)
[2017.05.06-19.18.16:564][740]LogModuleManager: Shutting down and abandoning module HotReload (191)
[2017.05.06-19.18.16:564][740]LogModuleManager: Shutting down and abandoning module DirectoryWatcher (190)
[2017.05.06-19.18.16:564][740]LogModuleManager: Shutting down and abandoning module UObjectPlugin (186)
[2017.05.06-19.18.16:564][740]LogModuleManager: Shutting down and abandoning module SubversionSourceControl (184)
[2017.05.06-19.18.16:564][740]LogModuleManager: Shutting down and abandoning module PerforceSourceControl (182)
[2017.05.06-19.18.16:564][740]LogModuleManager: Shutting down and abandoning module SourceControl (181)
[2017.05.06-19.18.16:564][740]LogModuleManager: Shutting down and abandoning module PhysXVehiclesEditor (178)
[2017.05.06-19.18.16:564][740]LogModuleManager: Shutting down and abandoning module PhysXVehicles (176)
[2017.05.06-19.18.16:564][740]LogModuleManager: Shutting down and abandoning module LocationServicesBPLibrary (174)
[2017.05.06-19.18.16:564][740]LogModuleManager: Shutting down and abandoning module UdpMessaging (172)
[2017.05.06-19.18.16:664][740]LogModuleManager: Shutting down and abandoning module TcpMessaging (170)
[2017.05.06-19.18.17:077][740]LogModuleManager: Shutting down and abandoning module GameplayTagsEditor (168)
[2017.05.06-19.18.17:077][740]LogModuleManager: Shutting down and abandoning module FacialAnimation (166)
[2017.05.06-19.18.17:077][740]LogModuleManager: Shutting down and abandoning module LightPropagationVolumeRuntime (164)
[2017.05.06-19.18.17:077][740]LogModuleManager: Shutting down and abandoning module Paper2D (162)
[2017.05.06-19.18.17:077][740]LogModuleManager: Shutting down and abandoning module WindowsMoviePlayer (160)
[2017.05.06-19.18.17:077][740]LogModuleManager: Shutting down and abandoning module WmfMedia (158)
[2017.05.06-19.18.17:077][740]LogModuleManager: Shutting down and abandoning module MfMedia (156)
[2017.05.06-19.18.17:077][740]LogModuleManager: Shutting down and abandoning module MediaAssets (154)
[2017.05.06-19.18.17:077][740]LogModuleManager: Shutting down and abandoning module GameLiveStreaming (152)
[2017.05.06-19.18.17:078][740]LogModuleManager: Shutting down and abandoning module VREditor (150)
[2017.05.06-19.18.17:078][740]LogModuleManager: Shutting down and abandoning module GameplayTasksEditor (148)
[2017.05.06-19.18.17:078][740]LogModuleManager: Shutting down and abandoning module BehaviorTreeEditor (146)
[2017.05.06-19.18.17:078][740]LogModuleManager: Shutting down and abandoning module FunctionalTesting (144)
[2017.05.06-19.18.17:078][740]LogModuleManager: Shutting down and abandoning module CollisionAnalyzer (142)
[2017.05.06-19.18.17:078][740]LogModuleManager: Shutting down and abandoning module UMG (140)
[2017.05.06-19.18.17:078][740]LogModuleManager: Shutting down and abandoning module UMGEditor (139)
[2017.05.06-19.18.17:078][740]LogModuleManager: Shutting down and abandoning module Sequencer (138)
[2017.05.06-19.18.17:078][740]LogModuleManager: Shutting down and abandoning module AssetTools (136)
[2017.05.06-19.18.17:078][740]LogModuleManager: Shutting down and abandoning module MessageLog (135)
[2017.05.06-19.18.17:078][740]LogModuleManager: Shutting down and abandoning module WorkspaceMenuStructure (134)
[2017.05.06-19.18.17:078][740]LogModuleManager: Shutting down and abandoning module SlateReflector (128)
[2017.05.06-19.18.17:078][740]LogModuleManager: Shutting down and abandoning module Slate (126)
[2017.05.06-19.18.17:078][740]LogModuleManager: Shutting down and abandoning module EditorStyle (124)
[2017.05.06-19.18.17:079][740]LogModuleManager: Shutting down and abandoning module Messaging (122)
[2017.05.06-19.18.17:079][740]LogModuleManager: Shutting down and abandoning module SourceCodeAccess (120)
[2017.05.06-19.18.17:079][740]LogModuleManager: Shutting down and abandoning module HeadMountedDisplay (118)
[2017.05.06-19.18.17:079][740]LogModuleManager: Shutting down and abandoning module XAudio2 (116)
[2017.05.06-19.18.17:079][740]LogModuleManager: Shutting down and abandoning module Networking (114)
[2017.05.06-19.18.17:079][740]LogModuleManager: Shutting down and abandoning module Core (110)
[2017.05.06-19.18.17:079][740]LogModuleManager: Shutting down and abandoning module KismetCompiler (108)
[2017.05.06-19.18.17:079][740]LogModuleManager: Shutting down and abandoning module PhysXFormats (106)
[2017.05.06-19.18.17:079][740]LogModuleManager: Shutting down and abandoning module MeshUtilities (104)
[2017.05.06-19.18.17:079][740]LogModuleManager: Shutting down and abandoning module SimplygonSwarm (103)
[2017.05.06-19.18.17:079][740]LogModuleManager: Shutting down and abandoning module SimplygonMeshReduction (101)
[2017.05.06-19.18.17:079][740]LogModuleManager: Shutting down and abandoning module QuadricMeshReduction (99)
[2017.05.06-19.18.17:079][740]LogModuleManager: Shutting down and abandoning module PropertyEditor (97)
[2017.05.06-19.18.17:079][740]LogModuleManager: Shutting down and abandoning module AssetRegistry (94)
[2017.05.06-19.18.17:080][740]LogModuleManager: Shutting down and abandoning module DerivedDataCache (92)
[2017.05.06-19.18.17:236][740]LogDerivedDataCache: Shutdown
[2017.05.06-19.18.17:236][740]LogModuleManager: Shutting down and abandoning module TargetPlatform (90)
[2017.05.06-19.18.17:236][740]LogModuleManager: Shutting down and abandoning module VulkanShaderFormat (89)
[2017.05.06-19.18.17:236][740]LogModuleManager: Shutting down and abandoning module ShaderFormatOpenGL (87)
[2017.05.06-19.18.17:236][740]LogModuleManager: Shutting down and abandoning module ShaderFormatD3D (85)
[2017.05.06-19.18.17:236][740]LogModuleManager: Shutting down and abandoning module MetalShaderFormat (83)
[2017.05.06-19.18.17:236][740]LogModuleManager: Shutting down and abandoning module TextureFormatUncompressed (81)
[2017.05.06-19.18.17:236][740]LogModuleManager: Shutting down and abandoning module TextureFormatPVR (79)
[2017.05.06-19.18.17:236][740]LogModuleManager: Shutting down and abandoning module TextureFormatDXT (77)
[2017.05.06-19.18.17:236][740]LogModuleManager: Shutting down and abandoning module TextureFormatIntelISPCTexComp (75)
[2017.05.06-19.18.17:236][740]LogModuleManager: Shutting down and abandoning module TextureFormatASTC (73)
[2017.05.06-19.18.17:236][740]LogModuleManager: Shutting down and abandoning module ImageWrapper (72)
[2017.05.06-19.18.17:236][740]LogModuleManager: Shutting down and abandoning module TextureFormatAndroid (69)
[2017.05.06-19.18.17:236][740]LogModuleManager: Shutting down and abandoning module AudioFormatOpus (67)
[2017.05.06-19.18.17:236][740]LogModuleManager: Shutting down and abandoning module AudioFormatOgg (65)
[2017.05.06-19.18.17:236][740]LogModuleManager: Shutting down and abandoning module AudioFormatADPCM (63)
[2017.05.06-19.18.17:236][740]LogModuleManager: Shutting down and abandoning module WindowsTargetPlatform (61)
[2017.05.06-19.18.17:236][740]LogModuleManager: Shutting down and abandoning module WindowsServerTargetPlatform (59)
[2017.05.06-19.18.17:236][740]LogModuleManager: Shutting down and abandoning module WindowsNoEditorTargetPlatform (57)
[2017.05.06-19.18.17:236][740]LogModuleManager: Shutting down and abandoning module WindowsClientTargetPlatform (55)
[2017.05.06-19.18.17:236][740]LogModuleManager: Shutting down and abandoning module InputCore (52)
[2017.05.06-19.18.17:237][740]LogModuleManager: Shutting down and abandoning module Settings (50)
[2017.05.06-19.18.17:237][740]LogModuleManager: Shutting down and abandoning module OculusRift (48)
[2017.05.06-19.18.17:237][740]LogModuleManager: Shutting down and abandoning module GearVR (46)
[2017.05.06-19.18.17:237][740]LogModuleManager: Shutting down and abandoning module ExampleDeviceProfileSelector (44)
[2017.05.06-19.18.17:237][740]LogModuleManager: Shutting down and abandoning module OnlineBlueprintSupport (42)
[2017.05.06-19.18.17:237][740]LogModuleManager: Shutting down and abandoning module OnlineSubsystem (38)
[2017.05.06-19.18.17:237][740]LogOnline:Display: Unloading online subsystem: NULL
[2017.05.06-19.18.17:237][740]LogModuleManager: Shutting down and abandoning module XMPP (37)
[2017.05.06-19.18.17:237][740]LogModuleManager: Shutting down and abandoning module HTTP (35)
[2017.05.06-19.18.17:261][740]LogModuleManager: Shutting down and abandoning module SSL (34)
[2017.05.06-19.18.17:262][740]LogModuleManager: Shutting down and abandoning module AudioEditor (30)
[2017.05.06-19.18.17:262][740]LogModuleManager: Shutting down and abandoning module TextureCompressor (28)
[2017.05.06-19.18.17:262][740]LogModuleManager: Shutting down and abandoning module ShaderCore (26)
[2017.05.06-19.18.17:262][740]LogModuleManager: Shutting down and abandoning module Landscape (24)
[2017.05.06-19.18.17:262][740]LogModuleManager: Shutting down and abandoning module SlateRHIRenderer (22)
[2017.05.06-19.18.17:262][740]LogModuleManager: Shutting down and abandoning module OpenGLDrv (20)
[2017.05.06-19.18.17:262][740]LogModuleManager: Shutting down and abandoning module D3D11RHI (18)
[2017.05.06-19.18.17:262][740]LogModuleManager: Shutting down and abandoning module AnimGraphRuntime (16)
[2017.05.06-19.18.17:262][740]LogModuleManager: Shutting down and abandoning module Renderer (14)
[2017.05.06-19.18.17:262][740]LogModuleManager: Shutting down and abandoning module Engine (12)
[2017.05.06-19.18.17:262][740]LogModuleManager: Shutting down and abandoning module CoreUObject (10)
[2017.05.06-19.18.17:262][740]LogModuleManager: Shutting down and abandoning module NetworkFile (8)
[2017.05.06-19.18.17:262][740]LogModuleManager: Shutting down and abandoning module StreamingFile (6)
[2017.05.06-19.18.17:262][740]LogModuleManager: Shutting down and abandoning module SandboxFile (4)
[2017.05.06-19.18.17:262][740]LogModuleManager: Shutting down and abandoning module PakFile (2)
[2017.05.06-19.18.17:264][740]LogExit: Exiting.
[2017.05.06-19.18.17:265][740]Log file closed, 05/07/17 04:48:17
