Log file open, 05/19/17 15:23:29
LogInit:Display: Running engine for game: ZombieCity
LogPlatformFile: Not using cached read wrapper
LogInit:Display: RandInit(-1184977129) SRandInit(-1184977129).
LogTaskGraph: Started task graph with 5 named threads and 6 total threads with 1 sets of task threads.
LogStats: Stats thread started at 0.136844
LogInit: Using libcurl 7.47.1
LogInit:  - built for x86_64-pc-win32
LogInit:  - supports SSL with OpenSSL/1.0.2g
LogInit:  - supports HTTP deflate (compression) using libz 1.2.8
LogInit:  - other features:
LogInit:      CURL_VERSION_SSL
LogInit:      CURL_VERSION_LIBZ
LogInit:      CURL_VERSION_IPV6
LogInit:      CURL_VERSION_ASYNCHDNS
LogInit:      CURL_VERSION_LARGEFILE
LogInit:      CURL_VERSION_IDN
LogInit:  CurlRequestOptions (configurable via config and command line):
LogInit:  - bVerifyPeer = false  - Libcurl will NOT verify peer certificate
LogInit:  - bUseHttpProxy = false  - Libcurl will NOT use HTTP proxy
LogInit:  - bDontReuseConnections = false  - Libcurl will reuse connections
LogInit:  - CertBundlePath = nullptr  - Libcurl will use whatever was configured at build time.
LogInit: Build: ++UE4+Release-4.15-CL-3348071
LogInit: Engine Version: 4.15.1-3348071+++UE4+Release-4.15
LogInit: Compatible Engine Version: 4.15.0-3299760+++UE4+Release-4.15
LogInit: Net CL: 3299760
LogDevObjectVersion: Number of dev versions registered: 14
LogDevObjectVersion:   Dev-Blueprints (B0D832E4-1F89-4F0D-ACCF-7EB736FD4AA2): 8
LogDevObjectVersion:   Dev-Build (E1C64328-A22C-4D53-A36C-8E866417BD8C): 0
LogDevObjectVersion:   Dev-Core (375EC13C-06E4-48FB-B500-84F0262A717E): 2
LogDevObjectVersion:   Dev-Editor (E4B068ED-F494-42E9-A231-DA0B2E46BB41): 14
LogDevObjectVersion:   Dev-Framework (CFFC743F-43B0-4480-9391-14DF171D2073): 22
LogDevObjectVersion:   Dev-Mobile (B02B49B5-BB20-44E9-A304-32B752E40360): 0
LogDevObjectVersion:   Dev-Networking (A4E4105C-59A1-49B5-A7C5-40C4547EDFEE): 0
LogDevObjectVersion:   Dev-Online (39C831C9-5AE6-47DC-9A44-9C173E1C8E7C): 0
LogDevObjectVersion:   Dev-Physics (78F01B33-EBEA-4F98-B9B4-84EACCB95AA2): 0
LogDevObjectVersion:   Dev-Platform (6631380F-2D4D-43E0-8009-CF276956A95A): 0
LogDevObjectVersion:   Dev-Rendering (12F88B9F-8875-4AFC-A67C-D90C383ABD29): 12
LogDevObjectVersion:   Dev-Sequencer (7B5AE74C-D270-4C10-A958-57980B212A5A): 3
LogDevObjectVersion:   Dev-VR (D7296918-1DD6-4BDD-9DE2-64A83CC13884): 0
LogDevObjectVersion:   Dev-LoadTimes (C2A15278-BFE7-4AFE-6C17-90FF531DF755): 1
LogInit: Compiled (64-bit): Mar 15 2017 16:52:47
LogInit: Compiled with Visual C++: 19.00.23026.00
LogInit: Build Configuration: Development
LogInit: Branch Name: ++UE4+Release-4.15
LogInit: Command line:  /Temp/Autosaves/Game/ZombieCity/Maps/UEDPCUIMap -game -PIEVIACONSOLE -ResX=1280 -ResY=720  -Multiprocess -messaging -SessionName="Play in Standalone Game" -windowed 
LogInit: Base directory: C:/Program Files (x86)/Epic Games/4.15/Engine/Binaries/Win64/
LogInit: Installed Engine Build: 1
LogInit: Presizing for max 8388607 objects, including 0 objects not considered by GC, pre-allocating 0 bytes for permanent pool.
LogInit: Object subsystem initialized
[2017.05.19-05.53.31:542][  0]LogInit: Selected Device Profile: [Windows]
[2017.05.19-05.53.31:542][  0]LogInit: Applying CVar settings loaded from the selected device profile: [Windows]
[2017.05.19-05.53.31:551][  0]LogInit: Computer: LIZHANG
[2017.05.19-05.53.31:551][  0]LogInit: User: wanly102
[2017.05.19-05.53.31:551][  0]LogInit: CPU Page size=65536, Cores=2
[2017.05.19-05.53.31:551][  0]LogInit: High frequency timer resolution =2.533198 MHz
[2017.05.19-05.53.31:552][  0]LogMemory: Memory total: Physical=7.9GB (8GB approx)
[2017.05.19-05.53.31:552][  0]LogMemory: Platform Memory Stats for Windows
[2017.05.19-05.53.31:552][  0]LogMemory: Process Physical Memory: 263.28 MB used, 263.28 MB peak
[2017.05.19-05.53.31:552][  0]LogMemory: Process Virtual Memory: 262.26 MB used, 262.26 MB peak
[2017.05.19-05.53.31:552][  0]LogMemory: Physical Memory: 3900.27 MB used,  4172.69 MB free, 8072.96 MB total
[2017.05.19-05.53.31:552][  0]LogMemory: Virtual Memory: 642.59 MB used,  4172.69 MB free, 134217728.00 MB total
[2017.05.19-05.53.31:864][  0]LogTextLocalizationManager:Warning: Loaded localization resources contain conflicting entries for (Namespace:UObjectToolTips, Key:AnimNode_AssetPlayerBase:InternalTimeAccumulator):
Localization Resource: (C:/Program Files (x86)/Epic Games/4.15/Engine/Content/Localization/EditorTutorials/zh-CN/EditorTutorials.locres) Source String Hash: (502993589) Localized String: (用于引用此节点中的资源的累积时间)
Localization Resource: (C:/Program Files (x86)/Epic Games/4.15/Engine/Content/Localization/Engine/zh-CN/Engine.locres) Source String Hash: (502993589) Localized String: (引用该节点中资源所用的累计时间)
[2017.05.19-05.53.31:864][  0]LogTextLocalizationManager:Warning: Loaded localization resources contain conflicting entries for (Namespace:UObjectToolTips, Key:AnimNode_AssetPlayerBase:bIgnoreForRelevancyTest):
Localization Resource: (C:/Program Files (x86)/Epic Games/4.15/Engine/Content/Localization/EditorTutorials/zh-CN/EditorTutorials.locres) Source String Hash: (319969718) Localized String: (若为真，在状态中寻找最高权重动画的“相关动画”节点将忽视 此节点)
Localization Resource: (C:/Program Files (x86)/Epic Games/4.15/Engine/Content/Localization/Engine/zh-CN/Engine.locres) Source String Hash: (319969718) Localized String: (如果为真，那么将会忽略查找最高权重动画的"相关动画"节点。
这个节点)
[2017.05.19-05.53.31:864][  0]LogTextLocalizationManager:Warning: Loaded localization resources contain conflicting entries for (Namespace:UObjectToolTips, Key:AnimNode_AssetPlayerBase:BlendWeight):
Localization Resource: (C:/Program Files (x86)/Epic Games/4.15/Engine/Content/Localization/EditorTutorials/zh-CN/EditorTutorials.locres) Source String Hash: (-1232800293) Localized String: (此节点最后交会的混合权重)
Localization Resource: (C:/Program Files (x86)/Epic Games/4.15/Engine/Content/Localization/Engine/zh-CN/Engine.locres) Source String Hash: (-1232800293) Localized String: (该节点上一次遇到的混合权重)
[2017.05.19-05.53.32:139][  0]LogD3D11RHI: D3D11 adapters:
[2017.05.19-05.53.32:159][  0]LogD3D11RHI:    0. 'AMD Radeon R7 M265' (Feature Level 11_0)
[2017.05.19-05.53.32:159][  0]LogD3D11RHI:       2035/0/4036 MB DedicatedVideo/DedicatedSystem/SharedSystem, Outputs:1, VendorId:0x1002
[2017.05.19-05.53.32:170][  0]LogD3D11RHI:    1. 'Intel(R) HD Graphics Family' (Feature Level 11_0)
[2017.05.19-05.53.32:170][  0]LogD3D11RHI:       112/0/2048 MB DedicatedVideo/DedicatedSystem/SharedSystem, Outputs:0, VendorId:0x8086
[2017.05.19-05.53.32:173][  0]LogD3D11RHI:    2. 'Microsoft Basic Render Driver' (Feature Level 11_0)
[2017.05.19-05.53.32:173][  0]LogD3D11RHI:       0/0/4036 MB DedicatedVideo/DedicatedSystem/SharedSystem, Outputs:0, VendorId:0x1414
[2017.05.19-05.53.32:173][  0]LogD3D11RHI: Chosen D3D11 Adapter: 0
[2017.05.19-05.53.32:183][  0]LogD3D11RHI: Creating new Direct3DDevice
[2017.05.19-05.53.32:183][  0]LogD3D11RHI:     GPU DeviceId: 0x6900 (for the marketing name, search the web for "GPU Device Id")
[2017.05.19-05.53.32:183][  0]LogWindows: EnumDisplayDevices:
[2017.05.19-05.53.32:183][  0]LogWindows:    0. 'Intel(R) HD Graphics Family' (P:1 D:1)
[2017.05.19-05.53.32:184][  0]LogWindows:    1. 'Intel(R) HD Graphics Family' (P:0 D:0)
[2017.05.19-05.53.32:185][  0]LogWindows:    2. 'Intel(R) HD Graphics Family' (P:0 D:0)
[2017.05.19-05.53.32:186][  0]LogWindows: DebugString: PrimaryIsNotTheChoosenAdapter PrimaryIsNotTheChoosenAdapter PrimaryIsNotTheChoosenAdapter FoundDriverCount:0 
[2017.05.19-05.53.32:186][  0]LogD3D11RHI:     Adapter Name: AMD Radeon R7 M265
[2017.05.19-05.53.32:186][  0]LogD3D11RHI:   Driver Version: Unknown (internal:Unknown, unified:Unknown)
[2017.05.19-05.53.32:186][  0]LogD3D11RHI:      Driver Date: Unknown
[2017.05.19-05.53.32:186][  0]LogRHI: Texture pool is 1361 MB (70% of 1945 MB)
[2017.05.19-05.53.32:299][  0]LogD3D11RHI: Async texture creation enabled
[2017.05.19-05.53.32:318][  0]LogD3D11RHI: GPU Timing Frequency: 27.000000 (Debug: 2 1)
[2017.05.19-05.53.32:321][  0]LogShaderCompilers: Guid format shader working directory is -14 characters bigger than the processId version (../../../../../../Users/jicheng/Desktop/Zombie-City/ZombieCity/Intermediate/Shaders/WorkingDirectory/7552/).
[2017.05.19-05.53.32:321][  0]LogShaderCompilers: Cleaned the shader compiler working directory 'C:/Users/jicheng/AppData/Local/Temp/UnrealShaderWorkingDir/E11DC6444B5D01E8AEB040A8334E14A6/'.
[2017.05.19-05.53.32:321][  0]LogShaderCompilers:Display: Using Local Shader Compiler.
[2017.05.19-05.53.34:269][  0]LogTemp:Display: Loaded TP WindowsClientTargetPlatform
[2017.05.19-05.53.34:378][  0]LogTemp:Display: Loaded TP WindowsNoEditorTargetPlatform
[2017.05.19-05.53.34:483][  0]LogTemp:Display: Loaded TP WindowsServerTargetPlatform
[2017.05.19-05.53.34:568][  0]LogTemp:Display: Loaded TP WindowsTargetPlatform
[2017.05.19-05.53.34:568][  0]LogTargetPlatformManager:Display: Building Assets For Windows
[2017.05.19-05.53.35:434][  0]LogDerivedDataCache:Display: Max Cache Size: 512 MB
[2017.05.19-05.53.35:515][  0]LogDerivedDataCache: Loaded boot cache 0.08s 50MB C:/Users/jicheng/AppData/Local/UnrealEngine/4.15/DerivedDataCache/Boot.ddc.
[2017.05.19-05.53.35:515][  0]LogDerivedDataCache:Display: Loaded Boot cache: C:/Users/jicheng/AppData/Local/UnrealEngine/4.15/DerivedDataCache/Boot.ddc
[2017.05.19-05.53.35:515][  0]LogDerivedDataCache: FDerivedDataBackendGraph:  Pak pak cache file ../../../../../../Users/jicheng/Desktop/Zombie-City/ZombieCity/DerivedDataCache/DDC.ddp not found, will not use a pak cache.
[2017.05.19-05.53.35:515][  0]LogDerivedDataCache: Unable to find inner node Pak for hierarchical cache Hierarchy.
[2017.05.19-05.53.35:515][  0]LogDerivedDataCache: FDerivedDataBackendGraph:  CompressedPak pak cache file ../../../../../../Users/jicheng/Desktop/Zombie-City/ZombieCity/DerivedDataCache/Compressed.ddp not found, will not use a pak cache.
[2017.05.19-05.53.35:515][  0]LogDerivedDataCache: Unable to find inner node CompressedPak for hierarchical cache Hierarchy.
[2017.05.19-05.53.35:546][  0]LogDerivedDataCache:Display: Pak cache opened for reading ../../../Engine/DerivedDataCache/Compressed.ddp.
[2017.05.19-05.53.35:562][  0]LogDerivedDataCache: Using Local data cache path C:/Users/jicheng/AppData/Local/UnrealEngine/Common/DerivedDataCache: Writable
[2017.05.19-05.53.35:577][  0]LogSlate: Using Freetype 2.6.0
[2017.05.19-05.53.35:577][  0]LogSlate: SlateFontCache - WITH_FREETYPE: 1, WITH_HARFBUZZ: 1
[2017.05.19-05.53.35:577][  0]LogSlate: SlateFontCache - WITH_FREETYPE: 1, WITH_HARFBUZZ: 1
[2017.05.19-05.53.36:159][  0]LogAssetRegistry: FAssetRegistry took 0.0001 seconds to start up
[2017.05.19-05.53.36:177][  0]LogPackageLocalizationCache: Processed 3 localized package path(s) for 4 prioritized culture(s) in 0.016887 seconds
[2017.05.19-05.53.36:202][  0]LogInit: Selected Device Profile: [Windows]
[2017.05.19-05.53.36:204][  0]LogContentStreaming: Texture pool size is 1000.00 MB
[2017.05.19-05.53.36:589][  0]LogMeshUtilities: Using QuadricMeshReduction for automatic static mesh reduction
[2017.05.19-05.53.36:673][  0]LogSimplygon: Simplygon DLL not present - disabling.
[2017.05.19-05.53.36:772][  0]LogMeshUtilities: Using SimplygonSwarm for distributed automatic mesh merging
[2017.05.19-05.53.36:772][  0]LogMeshUtilities: No automatic skeletal mesh reduction module available
[2017.05.19-05.53.36:772][  0]LogMeshUtilities: No automatic mesh merging module available
[2017.05.19-05.53.37:633][  0]LogNetVersion: GetLocalNetworkVersion: CL: 3299760, ProjectName: zombiecity, ProjectVersion: , EngineNetworkVersion: 2, GameNetworkVersion: 0, NetworkChecksum: 270151773
[2017.05.19-05.53.37:767][  0]LogInit: WinSock: version 1.1 (2.2), MaxSocks=32767, MaxUdp=65467
[2017.05.19-05.53.39:337][  0]LogMoviePlayer: Initializing movie player
[2017.05.19-05.53.39:462][  0]LogWindowsTextInputMethodSystem:Display: IME system now activated using TSF (搜狗拼音输入法).
[2017.05.19-05.53.39:462][  0]LogWindowsTextInputMethodSystem:Display: IME system now activated using TSF (搜狗拼音输入法).
[2017.05.19-05.53.39:960][  0]LogTcpMessaging: Initializing TcpMessaging bridge
[2017.05.19-05.53.40:035][  0]LogUdpMessaging: Initializing bridge on interface 0.0.0.0:0 to multicast group 230.0.0.1:6666.
[2017.05.19-05.53.40:554][  0]SourceControl: 信息 源码控制已禁用
[2017.05.19-05.53.40:554][  0]SourceControl: 信息 源码控制已禁用
[2017.05.19-05.53.40:645][  0]SourceControl: 信息 源码控制已禁用
[2017.05.19-05.53.41:938][  0]LogUObjectArray: 34408 objects as part of root set at end of initial load.
[2017.05.19-05.53.41:938][  0]LogUObjectAllocator: 7639320 out of 0 bytes used by permanent object pool.
[2017.05.19-05.53.41:938][  0]LogUObjectArray: CloseDisregardForGC: 0/0 objects in disregard for GC pool
[2017.05.19-05.53.42:118][  0]LogEngine: Initializing Engine...
[2017.05.19-05.53.42:120][  0]LogHMD: Failed to initialize OpenVR with code 110
[2017.05.19-05.53.42:284][  0]LogInit: XAudio2 using 'Speakers / Headphones (Realtek High Definition Audio)' : 2 channels at 48 kHz using 32 bits per sample (channel mask 0x3)
[2017.05.19-05.53.42:323][  0]LogInit: FAudioDevice initialized.
[2017.05.19-05.53.42:343][  0]LogInit: Texture streaming: Enabled
[2017.05.19-05.53.42:371][  0]LogMaterial: Uniform references updated for custom material expression Custom.
[2017.05.19-05.53.43:130][  0]LogInit:Display: Game Engine Initialized.
[2017.05.19-05.53.43:559][  0]LogInit:Display: Starting Game.
[2017.05.19-05.53.43:560][  0]LogNet: Browse: /Temp/Autosaves/Game/ZombieCity/Maps/UEDPCUIMap?Name=Player
[2017.05.19-05.53.43:560][  0]LogLoad: LoadMap: /Temp/Autosaves/Game/ZombieCity/Maps/UEDPCUIMap?Name=Player
[2017.05.19-05.53.43:606][  0]LogMemory: Platform Memory Stats for Windows
[2017.05.19-05.53.43:606][  0]LogMemory: Process Physical Memory: 609.98 MB used, 635.11 MB peak
[2017.05.19-05.53.43:607][  0]LogMemory: Process Virtual Memory: 680.41 MB used, 680.43 MB peak
[2017.05.19-05.53.43:607][  0]LogMemory: Physical Memory: 4217.31 MB used,  3855.65 MB free, 8072.96 MB total
[2017.05.19-05.53.43:607][  0]LogMemory: Virtual Memory: 1363.91 MB used,  3855.65 MB free, 134217728.00 MB total
[2017.05.19-05.53.43:607][  0]LogMemory: 
[2017.05.19-05.53.43:607][  0]Allocator Stats for TBB: (not implemented)
[2017.05.19-05.53.44:417][  0]LogAIModule: Creating AISystem for world UIMap
[2017.05.19-05.53.44:417][  0]LogLoad: Game class is 'ZombieCityGameMode_C'
[2017.05.19-05.53.44:419][  0]LogWorld: Bringing World /Temp/Autosaves/Game/ZombieCity/Maps/UEDPCUIMap.UIMap up for play (max tick rate 0) at 2017.05.19-15.23.44
[2017.05.19-05.53.44:421][  0]LogWorld: Bringing up level for play took: 0.003264
[2017.05.19-05.53.44:434][  0]LogLoad: Took 0.874811 seconds to LoadMap(/Temp/Autosaves/Game/ZombieCity/Maps/UEDPCUIMap)
[2017.05.19-05.53.44:964][  0]LogRenderer: Reallocating scene render targets to support 1280x720 NumSamples 1 (Frame:2).
[2017.05.19-05.53.44:964][  0]LogLoad: (Engine Initialization) Total time: 19.12 seconds
[2017.05.19-05.53.44:964][  0]LogLoad: (Engine Initialization) Total Blueprint compile time: 0.19 seconds
[2017.05.19-05.53.44:964][  0]LogExternalProfiler: Found external profiler: VSPerf
[2017.05.19-05.53.44:964][  0]LogExternalProfiler: Using external profiler: VSPerf
[2017.05.19-05.53.44:989][  0]LogOcInput: OculusInput pre-init called
[2017.05.19-05.53.45:007][  1]LogBlueprintUserMessages: [ZombieCityPawn_C_0] 10
[2017.05.19-05.53.45:495][  2]LogBlueprintUserMessages: [ZombieCityPawn_C_0] 10
[2017.05.19-05.53.45:559][  3]LogBlueprintUserMessages: [ZombieCityPawn_C_0] 10
[2017.05.19-05.53.45:578][  4]LogBlueprintUserMessages: [ZombieCityPawn_C_0] 10
[2017.05.19-05.53.45:597][  5]LogBlueprintUserMessages: [ZombieCityPawn_C_0] 10
[2017.05.19-05.53.45:614][  6]LogBlueprintUserMessages: [ZombieCityPawn_C_0] 10
[2017.05.19-05.53.45:631][  7]LogBlueprintUserMessages: [ZombieCityPawn_C_0] 10
[2017.05.19-05.53.45:647][  8]LogBlueprintUserMessages: [ZombieCityPawn_C_0] 10
[2017.05.19-05.53.45:664][  9]LogBlueprintUserMessages: [ZombieCityPawn_C_0] 10
[2017.05.19-05.53.45:681][ 10]LogBlueprintUserMessages: [ZombieCityPawn_C_0] 10
[2017.05.19-05.53.45:698][ 11]LogBlueprintUserMessages: [ZombieCityPawn_C_0] 10
[2017.05.19-05.53.45:714][ 12]LogBlueprintUserMessages: [ZombieCityPawn_C_0] 10
[2017.05.19-05.53.45:734][ 13]LogBlueprintUserMessages: [ZombieCityPawn_C_0] 10
[2017.05.19-05.53.45:751][ 14]LogBlueprintUserMessages: [ZombieCityPawn_C_0] 10
[2017.05.19-05.53.45:772][ 15]LogBlueprintUserMessages: [ZombieCityPawn_C_0] 10
[2017.05.19-05.53.45:788][ 16]LogBlueprintUserMessages: [ZombieCityPawn_C_0] 10
[2017.05.19-05.53.45:808][ 17]LogBlueprintUserMessages: [ZombieCityPawn_C_0] 10
[2017.05.19-05.53.45:825][ 18]LogBlueprintUserMessages: [ZombieCityPawn_C_0] 10
[2017.05.19-05.53.45:846][ 19]LogBlueprintUserMessages: [ZombieCityPawn_C_0] 10
[2017.05.19-05.53.45:863][ 20]LogBlueprintUserMessages: [ZombieCityPawn_C_0] 10
[2017.05.19-05.53.45:880][ 21]LogBlueprintUserMessages: [ZombieCityPawn_C_0] 10
[2017.05.19-05.53.45:897][ 22]LogBlueprintUserMessages: [ZombieCityPawn_C_0] 10
[2017.05.19-05.53.45:913][ 23]LogBlueprintUserMessages: [ZombieCityPawn_C_0] 10
[2017.05.19-05.53.45:930][ 24]LogBlueprintUserMessages: [ZombieCityPawn_C_0] 10
[2017.05.19-05.53.45:947][ 25]LogBlueprintUserMessages: [ZombieCityPawn_C_0] 10
[2017.05.19-05.53.45:963][ 26]LogBlueprintUserMessages: [ZombieCityPawn_C_0] 10
[2017.05.19-05.53.45:980][ 27]LogBlueprintUserMessages: [ZombieCityPawn_C_0] 10
[2017.05.19-05.53.45:997][ 28]LogBlueprintUserMessages: [ZombieCityPawn_C_0] 10
[2017.05.19-05.53.46:013][ 29]LogBlueprintUserMessages: [ZombieCityPawn_C_0] 10
[2017.05.19-05.53.46:030][ 30]LogBlueprintUserMessages: [ZombieCityPawn_C_0] 10
[2017.05.19-05.53.46:047][ 31]LogBlueprintUserMessages: [ZombieCityPawn_C_0] 10
[2017.05.19-05.53.46:067][ 32]LogBlueprintUserMessages: [ZombieCityPawn_C_0] 10
[2017.05.19-05.53.46:084][ 33]LogBlueprintUserMessages: [ZombieCityPawn_C_0] 10
[2017.05.19-05.53.46:105][ 34]LogBlueprintUserMessages: [ZombieCityPawn_C_0] 10
[2017.05.19-05.53.46:122][ 35]LogBlueprintUserMessages: [ZombieCityPawn_C_0] 10
[2017.05.19-05.53.46:141][ 36]LogBlueprintUserMessages: [ZombieCityPawn_C_0] 10
[2017.05.19-05.53.46:158][ 37]LogBlueprintUserMessages: [ZombieCityPawn_C_0] 10
[2017.05.19-05.53.46:179][ 38]LogBlueprintUserMessages: [ZombieCityPawn_C_0] 10
[2017.05.19-05.53.46:196][ 39]LogBlueprintUserMessages: [ZombieCityPawn_C_0] 10
[2017.05.19-05.53.46:213][ 40]LogBlueprintUserMessages: [ZombieCityPawn_C_0] 10
[2017.05.19-05.53.46:230][ 41]LogBlueprintUserMessages: [ZombieCityPawn_C_0] 10
[2017.05.19-05.53.46:246][ 42]LogBlueprintUserMessages: [ZombieCityPawn_C_0] 10
[2017.05.19-05.53.46:263][ 43]LogBlueprintUserMessages: [ZombieCityPawn_C_0] 10
[2017.05.19-05.53.46:280][ 44]LogBlueprintUserMessages: [ZombieCityPawn_C_0] 10
[2017.05.19-05.53.46:296][ 45]LogBlueprintUserMessages: [ZombieCityPawn_C_0] 10
[2017.05.19-05.53.46:313][ 46]LogBlueprintUserMessages: [ZombieCityPawn_C_0] 10
[2017.05.19-05.53.46:330][ 47]LogBlueprintUserMessages: [ZombieCityPawn_C_0] 10
[2017.05.19-05.53.46:347][ 48]LogBlueprintUserMessages: [ZombieCityPawn_C_0] 10
[2017.05.19-05.53.46:363][ 49]LogBlueprintUserMessages: [ZombieCityPawn_C_0] 10
[2017.05.19-05.53.46:380][ 50]LogBlueprintUserMessages: [ZombieCityPawn_C_0] 10
[2017.05.19-05.53.46:399][ 51]LogBlueprintUserMessages: [ZombieCityPawn_C_0] 10
[2017.05.19-05.53.46:416][ 52]LogBlueprintUserMessages: [ZombieCityPawn_C_0] 10
[2017.05.19-05.53.46:438][ 53]LogBlueprintUserMessages: [ZombieCityPawn_C_0] 10
[2017.05.19-05.53.46:454][ 54]LogBlueprintUserMessages: [ZombieCityPawn_C_0] 10
[2017.05.19-05.53.46:474][ 55]LogBlueprintUserMessages: [ZombieCityPawn_C_0] 10
[2017.05.19-05.53.46:491][ 56]LogBlueprintUserMessages: [ZombieCityPawn_C_0] 10
[2017.05.19-05.53.46:512][ 57]LogBlueprintUserMessages: [ZombieCityPawn_C_0] 10
[2017.05.19-05.53.46:529][ 58]LogBlueprintUserMessages: [ZombieCityPawn_C_0] 10
[2017.05.19-05.53.46:545][ 59]LogBlueprintUserMessages: [ZombieCityPawn_C_0] 10
[2017.05.19-05.53.46:562][ 60]LogBlueprintUserMessages: [ZombieCityPawn_C_0] 10
[2017.05.19-05.53.46:579][ 61]LogBlueprintUserMessages: [ZombieCityPawn_C_0] 10
[2017.05.19-05.53.46:596][ 62]LogBlueprintUserMessages: [ZombieCityPawn_C_0] 10
[2017.05.19-05.53.46:612][ 63]LogBlueprintUserMessages: [ZombieCityPawn_C_0] 10
[2017.05.19-05.53.46:629][ 64]LogBlueprintUserMessages: [ZombieCityPawn_C_0] 10
[2017.05.19-05.53.46:646][ 65]LogBlueprintUserMessages: [ZombieCityPawn_C_0] 10
[2017.05.19-05.53.46:663][ 66]LogBlueprintUserMessages: [ZombieCityPawn_C_0] 10
[2017.05.19-05.53.46:679][ 67]LogBlueprintUserMessages: [ZombieCityPawn_C_0] 10
[2017.05.19-05.53.46:696][ 68]LogBlueprintUserMessages: [ZombieCityPawn_C_0] 10
[2017.05.19-05.53.46:713][ 69]LogBlueprintUserMessages: [ZombieCityPawn_C_0] 10
[2017.05.19-05.53.46:732][ 70]LogBlueprintUserMessages: [ZombieCityPawn_C_0] 10
[2017.05.19-05.53.46:749][ 71]LogBlueprintUserMessages: [ZombieCityPawn_C_0] 10
[2017.05.19-05.53.46:771][ 72]LogBlueprintUserMessages: [ZombieCityPawn_C_0] 10
[2017.05.19-05.53.46:788][ 73]LogBlueprintUserMessages: [ZombieCityPawn_C_0] 10
[2017.05.19-05.53.46:807][ 74]LogBlueprintUserMessages: [ZombieCityPawn_C_0] 10
[2017.05.19-05.53.46:824][ 75]LogBlueprintUserMessages: [ZombieCityPawn_C_0] 10
[2017.05.19-05.53.46:845][ 76]LogBlueprintUserMessages: [ZombieCityPawn_C_0] 10
[2017.05.19-05.53.46:862][ 77]LogBlueprintUserMessages: [ZombieCityPawn_C_0] 10
[2017.05.19-05.53.46:879][ 78]LogBlueprintUserMessages: [ZombieCityPawn_C_0] 10
[2017.05.19-05.53.46:896][ 79]LogBlueprintUserMessages: [ZombieCityPawn_C_0] 10
[2017.05.19-05.53.46:912][ 80]LogBlueprintUserMessages: [ZombieCityPawn_C_0] 10
[2017.05.19-05.53.46:929][ 81]LogBlueprintUserMessages: [ZombieCityPawn_C_0] 10
[2017.05.19-05.53.46:946][ 82]LogBlueprintUserMessages: [ZombieCityPawn_C_0] 10
[2017.05.19-05.53.46:962][ 83]LogBlueprintUserMessages: [ZombieCityPawn_C_0] 10
[2017.05.19-05.53.46:979][ 84]LogBlueprintUserMessages: [ZombieCityPawn_C_0] 10
[2017.05.19-05.53.46:996][ 85]LogBlueprintUserMessages: [ZombieCityPawn_C_0] 10
[2017.05.19-05.53.47:013][ 86]LogBlueprintUserMessages: [ZombieCityPawn_C_0] 10
[2017.05.19-05.53.47:029][ 87]LogBlueprintUserMessages: [ZombieCityPawn_C_0] 10
[2017.05.19-05.53.47:046][ 88]LogBlueprintUserMessages: [ZombieCityPawn_C_0] 10
[2017.05.19-05.53.47:066][ 89]LogBlueprintUserMessages: [ZombieCityPawn_C_0] 10
[2017.05.19-05.53.47:082][ 90]LogBlueprintUserMessages: [ZombieCityPawn_C_0] 10
[2017.05.19-05.53.47:104][ 91]LogBlueprintUserMessages: [ZombieCityPawn_C_0] 10
[2017.05.19-05.53.47:120][ 92]LogBlueprintUserMessages: [ZombieCityPawn_C_0] 10
[2017.05.19-05.53.47:140][ 93]LogBlueprintUserMessages: [ZombieCityPawn_C_0] 10
[2017.05.19-05.53.47:157][ 94]LogBlueprintUserMessages: [ZombieCityPawn_C_0] 10
[2017.05.19-05.53.47:178][ 95]LogBlueprintUserMessages: [ZombieCityPawn_C_0] 10
[2017.05.19-05.53.47:195][ 96]LogBlueprintUserMessages: [ZombieCityPawn_C_0] 10
[2017.05.19-05.53.47:212][ 97]LogBlueprintUserMessages: [ZombieCityPawn_C_0] 10
[2017.05.19-05.53.47:228][ 98]LogBlueprintUserMessages: [ZombieCityPawn_C_0] 10
[2017.05.19-05.53.47:245][ 99]LogBlueprintUserMessages: [ZombieCityPawn_C_0] 10
[2017.05.19-05.53.47:262][100]LogBlueprintUserMessages: [ZombieCityPawn_C_0] 10
[2017.05.19-05.53.47:279][101]LogBlueprintUserMessages: [ZombieCityPawn_C_0] 10
[2017.05.19-05.53.47:295][102]LogBlueprintUserMessages: [ZombieCityPawn_C_0] 10
[2017.05.19-05.53.47:312][103]LogBlueprintUserMessages: [ZombieCityPawn_C_0] 10
[2017.05.19-05.53.47:329][104]LogBlueprintUserMessages: [ZombieCityPawn_C_0] 10
[2017.05.19-05.53.47:346][105]LogBlueprintUserMessages: [ZombieCityPawn_C_0] 10
[2017.05.19-05.53.47:362][106]LogBlueprintUserMessages: [ZombieCityPawn_C_0] 10
[2017.05.19-05.53.47:379][107]LogBlueprintUserMessages: [ZombieCityPawn_C_0] 10
[2017.05.19-05.53.47:398][108]LogBlueprintUserMessages: [ZombieCityPawn_C_0] 10
[2017.05.19-05.53.47:415][109]LogBlueprintUserMessages: [ZombieCityPawn_C_0] 10
[2017.05.19-05.53.47:437][110]LogBlueprintUserMessages: [ZombieCityPawn_C_0] 10
[2017.05.19-05.53.47:453][111]LogBlueprintUserMessages: [ZombieCityPawn_C_0] 10
[2017.05.19-05.53.47:473][112]LogBlueprintUserMessages: [ZombieCityPawn_C_0] 10
[2017.05.19-05.53.47:490][113]LogBlueprintUserMessages: [ZombieCityPawn_C_0] 10
[2017.05.19-05.53.47:511][114]LogBlueprintUserMessages: [ZombieCityPawn_C_0] 10
[2017.05.19-05.53.47:528][115]LogBlueprintUserMessages: [ZombieCityPawn_C_0] 10
[2017.05.19-05.53.47:545][116]LogBlueprintUserMessages: [ZombieCityPawn_C_0] 10
[2017.05.19-05.53.47:561][117]LogBlueprintUserMessages: [ZombieCityPawn_C_0] 10
[2017.05.19-05.53.47:578][118]LogBlueprintUserMessages: [ZombieCityPawn_C_0] 10
[2017.05.19-05.53.47:595][119]LogBlueprintUserMessages: [ZombieCityPawn_C_0] 10
[2017.05.19-05.53.47:611][120]LogBlueprintUserMessages: [ZombieCityPawn_C_0] 10
[2017.05.19-05.53.47:628][121]LogBlueprintUserMessages: [ZombieCityPawn_C_0] 10
[2017.05.19-05.53.47:645][122]LogBlueprintUserMessages: [ZombieCityPawn_C_0] 10
[2017.05.19-05.53.47:662][123]LogBlueprintUserMessages: [ZombieCityPawn_C_0] 10
[2017.05.19-05.53.47:678][124]LogBlueprintUserMessages: [ZombieCityPawn_C_0] 10
[2017.05.19-05.53.47:695][125]LogBlueprintUserMessages: [ZombieCityPawn_C_0] 10
[2017.05.19-05.53.47:712][126]LogBlueprintUserMessages: [ZombieCityPawn_C_0] 10
[2017.05.19-05.53.47:731][127]LogBlueprintUserMessages: [ZombieCityPawn_C_0] 10
[2017.05.19-05.53.47:748][128]LogBlueprintUserMessages: [ZombieCityPawn_C_0] 10
[2017.05.19-05.53.47:769][129]LogBlueprintUserMessages: [ZombieCityPawn_C_0] 10
[2017.05.19-05.53.47:786][130]LogBlueprintUserMessages: [ZombieCityPawn_C_0] 10
[2017.05.19-05.53.47:806][131]LogBlueprintUserMessages: [ZombieCityPawn_C_0] 10
[2017.05.19-05.53.47:822][132]LogBlueprintUserMessages: [ZombieCityPawn_C_0] 10
[2017.05.19-05.53.47:844][133]LogBlueprintUserMessages: [ZombieCityPawn_C_0] 10
[2017.05.19-05.53.47:861][134]LogBlueprintUserMessages: [ZombieCityPawn_C_0] 10
[2017.05.19-05.53.47:878][135]LogBlueprintUserMessages: [ZombieCityPawn_C_0] 10
[2017.05.19-05.53.47:895][136]LogBlueprintUserMessages: [ZombieCityPawn_C_0] 10
[2017.05.19-05.53.47:911][137]LogBlueprintUserMessages: [ZombieCityPawn_C_0] 10
[2017.05.19-05.53.47:928][138]LogBlueprintUserMessages: [ZombieCityPawn_C_0] 10
[2017.05.19-05.53.47:945][139]LogBlueprintUserMessages: [ZombieCityPawn_C_0] 10
[2017.05.19-05.53.47:961][140]LogBlueprintUserMessages: [ZombieCityPawn_C_0] 10
[2017.05.19-05.53.47:978][141]LogBlueprintUserMessages: [ZombieCityPawn_C_0] 10
[2017.05.19-05.53.47:995][142]LogBlueprintUserMessages: [ZombieCityPawn_C_0] 10
[2017.05.19-05.53.48:011][143]LogBlueprintUserMessages: [ZombieCityPawn_C_0] 10
[2017.05.19-05.53.48:028][144]LogBlueprintUserMessages: [ZombieCityPawn_C_0] 10
[2017.05.19-05.53.48:045][145]LogBlueprintUserMessages: [ZombieCityPawn_C_0] 10
[2017.05.19-05.53.48:064][146]LogBlueprintUserMessages: [ZombieCityPawn_C_0] 10
[2017.05.19-05.53.48:081][147]LogBlueprintUserMessages: [ZombieCityPawn_C_0] 10
[2017.05.19-05.53.48:102][148]LogBlueprintUserMessages: [ZombieCityPawn_C_0] 10
[2017.05.19-05.53.48:119][149]LogBlueprintUserMessages: [ZombieCityPawn_C_0] 10
[2017.05.19-05.53.48:139][150]LogBlueprintUserMessages: [ZombieCityPawn_C_0] 10
[2017.05.19-05.53.48:156][151]LogBlueprintUserMessages: [ZombieCityPawn_C_0] 10
[2017.05.19-05.53.48:177][152]LogBlueprintUserMessages: [ZombieCityPawn_C_0] 10
[2017.05.19-05.53.48:194][153]LogBlueprintUserMessages: [ZombieCityPawn_C_0] 10
[2017.05.19-05.53.48:210][154]LogBlueprintUserMessages: [ZombieCityPawn_C_0] 10
[2017.05.19-05.53.48:227][155]LogBlueprintUserMessages: [ZombieCityPawn_C_0] 10
[2017.05.19-05.53.48:244][156]LogBlueprintUserMessages: [ZombieCityPawn_C_0] 10
[2017.05.19-05.53.48:261][157]LogBlueprintUserMessages: [ZombieCityPawn_C_0] 10
[2017.05.19-05.53.48:277][158]LogBlueprintUserMessages: [ZombieCityPawn_C_0] 10
[2017.05.19-05.53.48:294][159]LogBlueprintUserMessages: [ZombieCityPawn_C_0] 10
[2017.05.19-05.53.48:311][160]LogBlueprintUserMessages: [ZombieCityPawn_C_0] 10
[2017.05.19-05.53.48:327][161]LogBlueprintUserMessages: [ZombieCityPawn_C_0] 10
[2017.05.19-05.53.48:344][162]LogBlueprintUserMessages: [ZombieCityPawn_C_0] 10
[2017.05.19-05.53.48:361][163]LogBlueprintUserMessages: [ZombieCityPawn_C_0] 10
[2017.05.19-05.53.48:378][164]LogBlueprintUserMessages: [ZombieCityPawn_C_0] 10
[2017.05.19-05.53.48:397][165]LogBlueprintUserMessages: [ZombieCityPawn_C_0] 10
[2017.05.19-05.53.48:414][166]LogBlueprintUserMessages: [ZombieCityPawn_C_0] 10
[2017.05.19-05.53.48:435][167]LogBlueprintUserMessages: [ZombieCityPawn_C_0] 10
[2017.05.19-05.53.48:452][168]LogBlueprintUserMessages: [ZombieCityPawn_C_0] 10
[2017.05.19-05.53.48:472][169]LogBlueprintUserMessages: [ZombieCityPawn_C_0] 10
[2017.05.19-05.53.48:488][170]LogBlueprintUserMessages: [ZombieCityPawn_C_0] 10
[2017.05.19-05.53.48:510][171]LogBlueprintUserMessages: [ZombieCityPawn_C_0] 10
[2017.05.19-05.53.48:526][172]LogBlueprintUserMessages: [ZombieCityPawn_C_0] 10
[2017.05.19-05.53.48:543][173]LogBlueprintUserMessages: [ZombieCityPawn_C_0] 10
[2017.05.19-05.53.48:560][174]LogBlueprintUserMessages: [ZombieCityPawn_C_0] 10
[2017.05.19-05.53.48:577][175]LogBlueprintUserMessages: [ZombieCityPawn_C_0] 10
[2017.05.19-05.53.48:594][176]LogBlueprintUserMessages: [ZombieCityPawn_C_0] 10
[2017.05.19-05.53.48:611][177]LogBlueprintUserMessages: [ZombieCityPawn_C_0] 10
[2017.05.19-05.53.48:628][178]LogBlueprintUserMessages: [ZombieCityPawn_C_0] 10
[2017.05.19-05.53.48:644][179]LogBlueprintUserMessages: [ZombieCityPawn_C_0] 10
[2017.05.19-05.53.48:661][180]LogBlueprintUserMessages: [ZombieCityPawn_C_0] 10
[2017.05.19-05.53.48:678][181]LogBlueprintUserMessages: [ZombieCityPawn_C_0] 10
[2017.05.19-05.53.48:694][182]LogBlueprintUserMessages: [ZombieCityPawn_C_0] 10
[2017.05.19-05.53.48:711][183]LogBlueprintUserMessages: [ZombieCityPawn_C_0] 10
[2017.05.19-05.53.48:728][184]LogBlueprintUserMessages: [ZombieCityPawn_C_0] 10
[2017.05.19-05.53.48:747][185]LogBlueprintUserMessages: [ZombieCityPawn_C_0] 10
[2017.05.19-05.53.48:764][186]LogBlueprintUserMessages: [ZombieCityPawn_C_0] 10
[2017.05.19-05.53.48:786][187]LogBlueprintUserMessages: [ZombieCityPawn_C_0] 10
[2017.05.19-05.53.48:802][188]LogBlueprintUserMessages: [ZombieCityPawn_C_0] 10
[2017.05.19-05.53.48:822][189]LogBlueprintUserMessages: [ZombieCityPawn_C_0] 10
[2017.05.19-05.53.48:839][190]LogBlueprintUserMessages: [ZombieCityPawn_C_0] 10
[2017.05.19-05.53.48:860][191]LogBlueprintUserMessages: [ZombieCityPawn_C_0] 10
[2017.05.19-05.53.48:876][192]LogBlueprintUserMessages: [ZombieCityPawn_C_0] 10
[2017.05.19-05.53.48:893][193]LogBlueprintUserMessages: [ZombieCityPawn_C_0] 10
[2017.05.19-05.53.48:910][194]LogBlueprintUserMessages: [ZombieCityPawn_C_0] 10
[2017.05.19-05.53.48:926][195]LogBlueprintUserMessages: [ZombieCityPawn_C_0] 10
[2017.05.19-05.53.48:943][196]LogBlueprintUserMessages: [ZombieCityPawn_C_0] 10
[2017.05.19-05.53.48:960][197]LogBlueprintUserMessages: [ZombieCityPawn_C_0] 10
[2017.05.19-05.53.48:977][198]LogBlueprintUserMessages: [ZombieCityPawn_C_0] 10
[2017.05.19-05.53.48:994][199]LogBlueprintUserMessages: [ZombieCityPawn_C_0] 10
[2017.05.19-05.53.49:010][200]LogBlueprintUserMessages: [ZombieCityPawn_C_0] 10
[2017.05.19-05.53.49:027][201]LogBlueprintUserMessages: [ZombieCityPawn_C_0] 10
[2017.05.19-05.53.49:044][202]LogBlueprintUserMessages: [ZombieCityPawn_C_0] 10
[2017.05.19-05.53.49:063][203]LogBlueprintUserMessages: [ZombieCityPawn_C_0] 10
[2017.05.19-05.53.49:080][204]LogBlueprintUserMessages: [ZombieCityPawn_C_0] 10
[2017.05.19-05.53.49:102][205]LogBlueprintUserMessages: [ZombieCityPawn_C_0] 10
[2017.05.19-05.53.49:118][206]LogBlueprintUserMessages: [ZombieCityPawn_C_0] 10
[2017.05.19-05.53.49:138][207]LogBlueprintUserMessages: [ZombieCityPawn_C_0] 10
[2017.05.19-05.53.49:155][208]LogBlueprintUserMessages: [ZombieCityPawn_C_0] 10
[2017.05.19-05.53.49:176][209]LogBlueprintUserMessages: [ZombieCityPawn_C_0] 10
[2017.05.19-05.53.49:193][210]LogBlueprintUserMessages: [ZombieCityPawn_C_0] 10
[2017.05.19-05.53.49:209][211]LogBlueprintUserMessages: [ZombieCityPawn_C_0] 10
[2017.05.19-05.53.49:226][212]LogBlueprintUserMessages: [ZombieCityPawn_C_0] 10
[2017.05.19-05.53.49:243][213]LogBlueprintUserMessages: [ZombieCityPawn_C_0] 10
[2017.05.19-05.53.49:260][214]LogBlueprintUserMessages: [ZombieCityPawn_C_0] 10
[2017.05.19-05.53.49:276][215]LogBlueprintUserMessages: [ZombieCityPawn_C_0] 10
[2017.05.19-05.53.49:293][216]LogBlueprintUserMessages: [ZombieCityPawn_C_0] 10
[2017.05.19-05.53.49:310][217]LogBlueprintUserMessages: [ZombieCityPawn_C_0] 10
[2017.05.19-05.53.49:326][218]LogBlueprintUserMessages: [ZombieCityPawn_C_0] 10
[2017.05.19-05.53.49:343][219]LogBlueprintUserMessages: [ZombieCityPawn_C_0] 10
[2017.05.19-05.53.49:360][220]LogBlueprintUserMessages: [ZombieCityPawn_C_0] 10
[2017.05.19-05.53.49:377][221]LogBlueprintUserMessages: [ZombieCityPawn_C_0] 10
[2017.05.19-05.53.49:393][222]LogBlueprintUserMessages: [ZombieCityPawn_C_0] 10
[2017.05.19-05.53.49:413][223]LogBlueprintUserMessages: [ZombieCityPawn_C_0] 10
[2017.05.19-05.53.49:434][224]LogBlueprintUserMessages: [ZombieCityPawn_C_0] 10
[2017.05.19-05.53.49:451][225]LogBlueprintUserMessages: [ZombieCityPawn_C_0] 10
[2017.05.19-05.53.49:468][226]LogBlueprintUserMessages: [ZombieCityPawn_C_0] 10
[2017.05.19-05.53.49:487][227]LogBlueprintUserMessages: [ZombieCityPawn_C_0] 10
[2017.05.19-05.53.49:504][228]LogBlueprintUserMessages: [ZombieCityPawn_C_0] 10
[2017.05.19-05.53.49:526][229]LogBlueprintUserMessages: [ZombieCityPawn_C_0] 10
[2017.05.19-05.53.49:542][230]LogBlueprintUserMessages: [ZombieCityPawn_C_0] 10
[2017.05.19-05.53.49:559][231]LogBlueprintUserMessages: [ZombieCityPawn_C_0] 10
[2017.05.19-05.53.49:575][232]LogBlueprintUserMessages: [ZombieCityPawn_C_0] 10
[2017.05.19-05.53.49:592][233]LogBlueprintUserMessages: [ZombieCityPawn_C_0] 10
[2017.05.19-05.53.49:609][234]LogBlueprintUserMessages: [ZombieCityPawn_C_0] 10
[2017.05.19-05.53.49:626][235]LogBlueprintUserMessages: [ZombieCityPawn_C_0] 10
[2017.05.19-05.53.49:642][236]LogBlueprintUserMessages: [ZombieCityPawn_C_0] 10
[2017.05.19-05.53.49:659][237]LogBlueprintUserMessages: [ZombieCityPawn_C_0] 10
[2017.05.19-05.53.49:676][238]LogBlueprintUserMessages: [ZombieCityPawn_C_0] 10
[2017.05.19-05.53.49:692][239]LogBlueprintUserMessages: [ZombieCityPawn_C_0] 10
[2017.05.19-05.53.49:709][240]LogBlueprintUserMessages: [ZombieCityPawn_C_0] 10
[2017.05.19-05.53.49:726][241]LogBlueprintUserMessages: [ZombieCityPawn_C_0] 10
[2017.05.19-05.53.49:745][242]LogBlueprintUserMessages: [ZombieCityPawn_C_0] 10
[2017.05.19-05.53.49:762][243]LogBlueprintUserMessages: [ZombieCityPawn_C_0] 10
[2017.05.19-05.53.49:783][244]LogBlueprintUserMessages: [ZombieCityPawn_C_0] 10
[2017.05.19-05.53.49:800][245]LogBlueprintUserMessages: [ZombieCityPawn_C_0] 10
[2017.05.19-05.53.49:820][246]LogBlueprintUserMessages: [ZombieCityPawn_C_0] 10
[2017.05.19-05.53.49:837][247]LogBlueprintUserMessages: [ZombieCityPawn_C_0] 10
[2017.05.19-05.53.49:858][248]LogBlueprintUserMessages: [ZombieCityPawn_C_0] 10
[2017.05.19-05.53.49:875][249]LogBlueprintUserMessages: [ZombieCityPawn_C_0] 10
[2017.05.19-05.53.49:892][250]LogBlueprintUserMessages: [ZombieCityPawn_C_0] 10
[2017.05.19-05.53.49:909][251]LogBlueprintUserMessages: [ZombieCityPawn_C_0] 10
[2017.05.19-05.53.49:925][252]LogBlueprintUserMessages: [ZombieCityPawn_C_0] 10
[2017.05.19-05.53.49:942][253]LogBlueprintUserMessages: [ZombieCityPawn_C_0] 10
[2017.05.19-05.53.49:959][254]LogBlueprintUserMessages: [ZombieCityPawn_C_0] 10
[2017.05.19-05.53.49:975][255]LogBlueprintUserMessages: [ZombieCityPawn_C_0] 10
[2017.05.19-05.53.49:992][256]LogBlueprintUserMessages: [ZombieCityPawn_C_0] 10
[2017.05.19-05.53.50:009][257]LogBlueprintUserMessages: [ZombieCityPawn_C_0] 10
[2017.05.19-05.53.50:026][258]LogBlueprintUserMessages: [ZombieCityPawn_C_0] 10
[2017.05.19-05.53.50:043][259]LogBlueprintUserMessages: [ZombieCityPawn_C_0] 10
[2017.05.19-05.53.50:059][260]LogBlueprintUserMessages: [ZombieCityPawn_C_0] 10
[2017.05.19-05.53.50:079][261]LogBlueprintUserMessages: [ZombieCityPawn_C_0] 10
[2017.05.19-05.53.50:095][262]LogBlueprintUserMessages: [ZombieCityPawn_C_0] 10
[2017.05.19-05.53.50:117][263]LogBlueprintUserMessages: [ZombieCityPawn_C_0] 10
[2017.05.19-05.53.50:134][264]LogBlueprintUserMessages: [ZombieCityPawn_C_0] 10
[2017.05.19-05.53.50:153][265]LogBlueprintUserMessages: [ZombieCityPawn_C_0] 10
[2017.05.19-05.53.50:170][266]LogBlueprintUserMessages: [ZombieCityPawn_C_0] 10
[2017.05.19-05.53.50:191][267]LogBlueprintUserMessages: [ZombieCityPawn_C_0] 10
[2017.05.19-05.53.50:208][268]LogBlueprintUserMessages: [ZombieCityPawn_C_0] 10
[2017.05.19-05.53.50:224][269]LogBlueprintUserMessages: [ZombieCityPawn_C_0] 10
[2017.05.19-05.53.50:241][270]LogBlueprintUserMessages: [ZombieCityPawn_C_0] 10
[2017.05.19-05.53.50:258][271]LogBlueprintUserMessages: [ZombieCityPawn_C_0] 10
[2017.05.19-05.53.50:275][272]LogBlueprintUserMessages: [ZombieCityPawn_C_0] 10
[2017.05.19-05.53.50:291][273]LogBlueprintUserMessages: [ZombieCityPawn_C_0] 10
[2017.05.19-05.53.50:308][274]LogBlueprintUserMessages: [ZombieCityPawn_C_0] 10
[2017.05.19-05.53.50:325][275]LogBlueprintUserMessages: [ZombieCityPawn_C_0] 10
[2017.05.19-05.53.50:341][276]LogBlueprintUserMessages: [ZombieCityPawn_C_0] 10
[2017.05.19-05.53.50:358][277]LogBlueprintUserMessages: [ZombieCityPawn_C_0] 10
[2017.05.19-05.53.50:375][278]LogBlueprintUserMessages: [ZombieCityPawn_C_0] 10
[2017.05.19-05.53.50:392][279]LogBlueprintUserMessages: [ZombieCityPawn_C_0] 10
[2017.05.19-05.53.50:411][280]LogBlueprintUserMessages: [ZombieCityPawn_C_0] 10
[2017.05.19-05.53.50:428][281]LogBlueprintUserMessages: [ZombieCityPawn_C_0] 10
[2017.05.19-05.53.50:449][282]LogBlueprintUserMessages: [ZombieCityPawn_C_0] 10
[2017.05.19-05.53.50:466][283]LogBlueprintUserMessages: [ZombieCityPawn_C_0] 10
[2017.05.19-05.53.50:486][284]LogBlueprintUserMessages: [ZombieCityPawn_C_0] 10
[2017.05.19-05.53.50:502][285]LogBlueprintUserMessages: [ZombieCityPawn_C_0] 10
[2017.05.19-05.53.50:524][286]LogBlueprintUserMessages: [ZombieCityPawn_C_0] 10
[2017.05.19-05.53.50:540][287]LogBlueprintUserMessages: [ZombieCityPawn_C_0] 10
[2017.05.19-05.53.50:557][288]LogBlueprintUserMessages: [ZombieCityPawn_C_0] 10
[2017.05.19-05.53.50:574][289]LogBlueprintUserMessages: [ZombieCityPawn_C_0] 10
[2017.05.19-05.53.50:591][290]LogBlueprintUserMessages: [ZombieCityPawn_C_0] 10
[2017.05.19-05.53.50:608][291]LogBlueprintUserMessages: [ZombieCityPawn_C_0] 10
[2017.05.19-05.53.50:625][292]LogBlueprintUserMessages: [ZombieCityPawn_C_0] 10
[2017.05.19-05.53.50:642][293]LogBlueprintUserMessages: [ZombieCityPawn_C_0] 10
[2017.05.19-05.53.50:658][294]LogBlueprintUserMessages: [ZombieCityPawn_C_0] 10
[2017.05.19-05.53.50:675][295]LogBlueprintUserMessages: [ZombieCityPawn_C_0] 10
[2017.05.19-05.53.50:691][296]LogBlueprintUserMessages: [ZombieCityPawn_C_0] 10
[2017.05.19-05.53.50:708][297]LogBlueprintUserMessages: [ZombieCityPawn_C_0] 10
[2017.05.19-05.53.50:725][298]LogBlueprintUserMessages: [ZombieCityPawn_C_0] 10
[2017.05.19-05.53.50:744][299]LogBlueprintUserMessages: [ZombieCityPawn_C_0] 10
[2017.05.19-05.53.50:761][300]LogBlueprintUserMessages: [ZombieCityPawn_C_0] 10
[2017.05.19-05.53.50:782][301]LogBlueprintUserMessages: [ZombieCityPawn_C_0] 10
[2017.05.19-05.53.50:799][302]LogBlueprintUserMessages: [ZombieCityPawn_C_0] 10
[2017.05.19-05.53.50:819][303]LogBlueprintUserMessages: [ZombieCityPawn_C_0] 10
[2017.05.19-05.53.50:835][304]LogBlueprintUserMessages: [ZombieCityPawn_C_0] 10
[2017.05.19-05.53.50:857][305]LogBlueprintUserMessages: [ZombieCityPawn_C_0] 10
[2017.05.19-05.53.50:874][306]LogBlueprintUserMessages: [ZombieCityPawn_C_0] 10
[2017.05.19-05.53.50:891][307]LogBlueprintUserMessages: [ZombieCityPawn_C_0] 10
[2017.05.19-05.53.50:908][308]LogBlueprintUserMessages: [ZombieCityPawn_C_0] 10
[2017.05.19-05.53.50:925][309]LogBlueprintUserMessages: [ZombieCityPawn_C_0] 10
[2017.05.19-05.53.50:941][310]LogBlueprintUserMessages: [ZombieCityPawn_C_0] 10
[2017.05.19-05.53.50:958][311]LogBlueprintUserMessages: [ZombieCityPawn_C_0] 10
[2017.05.19-05.53.50:975][312]LogBlueprintUserMessages: [ZombieCityPawn_C_0] 10
[2017.05.19-05.53.50:992][313]LogBlueprintUserMessages: [ZombieCityPawn_C_0] 10
[2017.05.19-05.53.51:008][314]LogBlueprintUserMessages: [ZombieCityPawn_C_0] 10
[2017.05.19-05.53.51:025][315]LogBlueprintUserMessages: [ZombieCityPawn_C_0] 10
[2017.05.19-05.53.51:042][316]LogBlueprintUserMessages: [ZombieCityPawn_C_0] 10
[2017.05.19-05.53.51:059][317]LogBlueprintUserMessages: [ZombieCityPawn_C_0] 10
[2017.05.19-05.53.51:078][318]LogBlueprintUserMessages: [ZombieCityPawn_C_0] 10
[2017.05.19-05.53.51:095][319]LogBlueprintUserMessages: [ZombieCityPawn_C_0] 10
[2017.05.19-05.53.51:116][320]LogBlueprintUserMessages: [ZombieCityPawn_C_0] 10
[2017.05.19-05.53.51:133][321]LogBlueprintUserMessages: [ZombieCityPawn_C_0] 10
[2017.05.19-05.53.51:153][322]LogBlueprintUserMessages: [ZombieCityPawn_C_0] 10
[2017.05.19-05.53.51:170][323]LogBlueprintUserMessages: [ZombieCityPawn_C_0] 10
[2017.05.19-05.53.51:191][324]LogBlueprintUserMessages: [ZombieCityPawn_C_0] 10
[2017.05.19-05.53.51:208][325]LogBlueprintUserMessages: [ZombieCityPawn_C_0] 10
[2017.05.19-05.53.51:225][326]LogBlueprintUserMessages: [ZombieCityPawn_C_0] 10
[2017.05.19-05.53.51:241][327]LogBlueprintUserMessages: [ZombieCityPawn_C_0] 10
[2017.05.19-05.53.51:258][328]LogBlueprintUserMessages: [ZombieCityPawn_C_0] 10
[2017.05.19-05.53.51:275][329]LogBlueprintUserMessages: [ZombieCityPawn_C_0] 10
[2017.05.19-05.53.51:292][330]LogBlueprintUserMessages: [ZombieCityPawn_C_0] 10
[2017.05.19-05.53.51:309][331]LogBlueprintUserMessages: [ZombieCityPawn_C_0] 10
[2017.05.19-05.53.51:325][332]LogBlueprintUserMessages: [ZombieCityPawn_C_0] 10
[2017.05.19-05.53.51:342][333]LogBlueprintUserMessages: [ZombieCityPawn_C_0] 10
[2017.05.19-05.53.51:359][334]LogBlueprintUserMessages: [ZombieCityPawn_C_0] 10
[2017.05.19-05.53.51:376][335]LogBlueprintUserMessages: [ZombieCityPawn_C_0] 10
[2017.05.19-05.53.51:393][336]LogBlueprintUserMessages: [ZombieCityPawn_C_0] 10
[2017.05.19-05.53.51:412][337]LogBlueprintUserMessages: [ZombieCityPawn_C_0] 10
[2017.05.19-05.53.51:429][338]LogBlueprintUserMessages: [ZombieCityPawn_C_0] 10
[2017.05.19-05.53.51:450][339]LogBlueprintUserMessages: [ZombieCityPawn_C_0] 10
[2017.05.19-05.53.51:467][340]LogBlueprintUserMessages: [ZombieCityPawn_C_0] 10
[2017.05.19-05.53.51:487][341]LogBlueprintUserMessages: [ZombieCityPawn_C_0] 10
[2017.05.19-05.53.51:504][342]LogBlueprintUserMessages: [ZombieCityPawn_C_0] 10
[2017.05.19-05.53.51:525][343]LogBlueprintUserMessages: [ZombieCityPawn_C_0] 10
[2017.05.19-05.53.51:541][344]LogBlueprintUserMessages: [ZombieCityPawn_C_0] 10
[2017.05.19-05.53.51:558][345]LogBlueprintUserMessages: [ZombieCityPawn_C_0] 10
[2017.05.19-05.53.51:575][346]LogBlueprintUserMessages: [ZombieCityPawn_C_0] 10
[2017.05.19-05.53.51:592][347]LogBlueprintUserMessages: [ZombieCityPawn_C_0] 10
[2017.05.19-05.53.51:609][348]LogBlueprintUserMessages: [ZombieCityPawn_C_0] 10
[2017.05.19-05.53.51:626][349]LogBlueprintUserMessages: [ZombieCityPawn_C_0] 10
[2017.05.19-05.53.51:642][350]LogBlueprintUserMessages: [ZombieCityPawn_C_0] 10
[2017.05.19-05.53.51:659][351]LogBlueprintUserMessages: [ZombieCityPawn_C_0] 10
[2017.05.19-05.53.51:675][352]LogBlueprintUserMessages: [ZombieCityPawn_C_0] 10
[2017.05.19-05.53.51:692][353]LogBlueprintUserMessages: [ZombieCityPawn_C_0] 10
[2017.05.19-05.53.51:709][354]LogBlueprintUserMessages: [ZombieCityPawn_C_0] 10
[2017.05.19-05.53.51:728][355]LogBlueprintUserMessages: [ZombieCityPawn_C_0] 10
[2017.05.19-05.53.51:745][356]LogBlueprintUserMessages: [ZombieCityPawn_C_0] 10
[2017.05.19-05.53.51:762][357]LogBlueprintUserMessages: [ZombieCityPawn_C_0] 10
[2017.05.19-05.53.52:021][358]LogPackageName: SearchForPackageOnDisk took   0.135s to resolve MainMap.umap.
[2017.05.19-05.53.52:154][358]LogPackageName: SearchForPackageOnDisk took   0.132s to resolve MainMap.umap.
[2017.05.19-05.53.52:154][358]LogNet: Browse: /Game/ZombieCity/Maps/MainMap
[2017.05.19-05.53.52:154][358]LogLoad: LoadMap: /Game/ZombieCity/Maps/MainMap
[2017.05.19-05.53.52:210][358]LogMemory: Platform Memory Stats for Windows
[2017.05.19-05.53.52:210][358]LogMemory: Process Physical Memory: 684.70 MB used, 697.53 MB peak
[2017.05.19-05.53.52:210][358]LogMemory: Process Virtual Memory: 898.78 MB used, 914.63 MB peak
[2017.05.19-05.53.52:210][358]LogMemory: Physical Memory: 4262.63 MB used,  3810.34 MB free, 8072.96 MB total
[2017.05.19-05.53.52:210][358]LogMemory: Virtual Memory: 1617.21 MB used,  3810.34 MB free, 134217728.00 MB total
[2017.05.19-05.53.52:210][358]LogMemory: 
[2017.05.19-05.53.52:210][358]Allocator Stats for TBB: (not implemented)
[2017.05.19-05.53.53:125][358]LogAIModule: Creating AISystem for world MainMap
[2017.05.19-05.53.53:126][358]LogLoad: Game class is 'ZombieCityGameMode_C'
[2017.05.19-05.53.53:148][358]LogWorld: Bringing World /Game/ZombieCity/Maps/MainMap.MainMap up for play (max tick rate 0) at 2017.05.19-15.23.53
[2017.05.19-05.53.53:150][358]LogNavigation:Warning: UNavigationSystem::SimpleMoveToActor called for NavSys:None Controller:None controlling Pawn:NULL with goal actor None (if any of these is None then there's your problem
[2017.05.19-05.53.53:150][358]LogNavigation:Warning: UNavigationSystem::SimpleMoveToActor called for NavSys:None Controller:None controlling Pawn:NULL with goal actor None (if any of these is None then there's your problem
[2017.05.19-05.53.53:151][358]LogNavigation:Warning: UNavigationSystem::SimpleMoveToActor called for NavSys:None Controller:None controlling Pawn:NULL with goal actor None (if any of these is None then there's your problem
[2017.05.19-05.53.53:152][358]LogNavigation:Warning: UNavigationSystem::SimpleMoveToActor called for NavSys:None Controller:None controlling Pawn:NULL with goal actor None (if any of these is None then there's your problem
[2017.05.19-05.53.53:152][358]LogNavigation:Warning: UNavigationSystem::SimpleMoveToActor called for NavSys:NavigationSystem_0 Controller:AIController_6 controlling Pawn:Zombie003_99 with goal actor None (if any of these is None then there's your problem
[2017.05.19-05.53.53:152][358]LogWorld: Bringing up level for play took: 0.023820
[2017.05.19-05.53.53:157][358]LogLoad: Took 1.002816 seconds to LoadMap(/Game/ZombieCity/Maps/MainMap)
[2017.05.19-05.53.53:159][358]LogBlueprintUserMessages: [ZombieCityPawn_C_0] 10
[2017.05.19-05.53.53:172][359]LogBlueprintUserMessages: [ZombieCityPawn_C_0] 10
[2017.05.19-05.53.53:703][360]LogBlueprintUserMessages: [ZombieCityPawn_C_0] 10
[2017.05.19-05.53.53:749][361]LogBlueprintUserMessages: [ZombieCityPawn_C_0] 10
[2017.05.19-05.53.53:778][362]LogBlueprintUserMessages: [ZombieCityPawn_C_0] 10
[2017.05.19-05.53.53:809][363]LogBlueprintUserMessages: [ZombieCityPawn_C_0] 10
[2017.05.19-05.53.53:835][364]LogBlueprintUserMessages: [ZombieCityPawn_C_0] 10
[2017.05.19-05.53.53:861][365]LogBlueprintUserMessages: [ZombieCityPawn_C_0] 10
[2017.05.19-05.53.53:889][366]LogBlueprintUserMessages: [ZombieCityPawn_C_0] 10
[2017.05.19-05.53.53:914][367]LogBlueprintUserMessages: [ZombieCityPawn_C_0] 10
[2017.05.19-05.53.53:940][368]LogBlueprintUserMessages: [ZombieCityPawn_C_0] 10
[2017.05.19-05.53.53:966][369]LogBlueprintUserMessages: [ZombieCityPawn_C_0] 10
[2017.05.19-05.53.53:993][370]LogBlueprintUserMessages: [ZombieCityPawn_C_0] 10
[2017.05.19-05.53.54:020][371]LogBlueprintUserMessages: [ZombieCityPawn_C_0] 10
[2017.05.19-05.53.54:047][372]LogBlueprintUserMessages: [ZombieCityPawn_C_0] 10
[2017.05.19-05.53.54:088][373]LogBlueprintUserMessages: [ZombieCityPawn_C_0] 10
[2017.05.19-05.53.54:114][374]LogBlueprintUserMessages: [ZombieCityPawn_C_0] 10
[2017.05.19-05.53.54:141][375]LogBlueprintUserMessages: [ZombieCityPawn_C_0] 10
[2017.05.19-05.53.54:168][376]LogBlueprintUserMessages: [ZombieCityPawn_C_0] 10
[2017.05.19-05.53.54:195][377]LogBlueprintUserMessages: [ZombieCityPawn_C_0] 10
[2017.05.19-05.53.54:221][378]LogBlueprintUserMessages: [ZombieCityPawn_C_0] 10
[2017.05.19-05.53.54:248][379]LogBlueprintUserMessages: [ZombieCityPawn_C_0] 10
[2017.05.19-05.53.54:275][380]LogBlueprintUserMessages: [ZombieCityPawn_C_0] 10
[2017.05.19-05.53.54:302][381]LogBlueprintUserMessages: [ZombieCityPawn_C_0] 10
[2017.05.19-05.53.54:328][382]LogBlueprintUserMessages: [ZombieCityPawn_C_0] 10
[2017.05.19-05.53.54:355][383]LogBlueprintUserMessages: [ZombieCityPawn_C_0] 10
[2017.05.19-05.53.54:382][384]LogBlueprintUserMessages: [ZombieCityPawn_C_0] 10
[2017.05.19-05.53.54:418][385]LogBlueprintUserMessages: [ZombieCityPawn_C_0] 10
[2017.05.19-05.53.54:445][386]LogBlueprintUserMessages: [ZombieCityPawn_C_0] 10
[2017.05.19-05.53.54:476][387]LogBlueprintUserMessages: [ZombieCityPawn_C_0] 10
[2017.05.19-05.53.54:503][388]LogBlueprintUserMessages: [ZombieCityPawn_C_0] 10
[2017.05.19-05.53.54:530][389]LogBlueprintUserMessages: [ZombieCityPawn_C_0] 10
[2017.05.19-05.53.54:557][390]LogBlueprintUserMessages: [ZombieCityPawn_C_0] 10
[2017.05.19-05.53.54:583][391]LogBlueprintUserMessages: [ZombieCityPawn_C_0] 10
[2017.05.19-05.53.54:610][392]LogBlueprintUserMessages: [ZombieCityPawn_C_0] 10
[2017.05.19-05.53.54:637][393]LogBlueprintUserMessages: [ZombieCityPawn_C_0] 10
[2017.05.19-05.53.54:664][394]LogBlueprintUserMessages: [ZombieCityPawn_C_0] 10
[2017.05.19-05.53.54:690][395]LogBlueprintUserMessages: [ZombieCityPawn_C_0] 10
[2017.05.19-05.53.54:717][396]LogBlueprintUserMessages: [ZombieCityPawn_C_0] 10
[2017.05.19-05.53.54:753][397]LogBlueprintUserMessages: [ZombieCityPawn_C_0] 10
[2017.05.19-05.53.54:780][398]LogBlueprintUserMessages: [ZombieCityPawn_C_0] 10
[2017.05.19-05.53.54:811][399]LogBlueprintUserMessages: [ZombieCityPawn_C_0] 10
[2017.05.19-05.53.54:839][400]LogBlueprintUserMessages: [ZombieCityPawn_C_0] 10
[2017.05.19-05.53.54:866][401]LogBlueprintUserMessages: [ZombieCityPawn_C_0] 10
[2017.05.19-05.53.54:893][402]LogBlueprintUserMessages: [ZombieCityPawn_C_0] 10
[2017.05.19-05.53.54:919][403]LogBlueprintUserMessages: [ZombieCityPawn_C_0] 10
[2017.05.19-05.53.54:946][404]LogBlueprintUserMessages: [ZombieCityPawn_C_0] 10
[2017.05.19-05.53.54:972][405]LogBlueprintUserMessages: [ZombieCityPawn_C_0] 10
[2017.05.19-05.53.54:999][406]LogBlueprintUserMessages: [ZombieCityPawn_C_0] 10
[2017.05.19-05.53.55:026][407]LogBlueprintUserMessages: [ZombieCityPawn_C_0] 10
[2017.05.19-05.53.55:053][408]LogBlueprintUserMessages: [ZombieCityPawn_C_0] 10
[2017.05.19-05.53.55:089][409]LogBlueprintUserMessages: [ZombieCityPawn_C_0] 10
[2017.05.19-05.53.55:117][410]LogBlueprintUserMessages: [ZombieCityPawn_C_0] 10
[2017.05.19-05.53.55:148][411]LogBlueprintUserMessages: [ZombieCityPawn_C_0] 10
[2017.05.19-05.53.55:174][412]LogBlueprintUserMessages: [ZombieCityPawn_C_0] 10
[2017.05.19-05.53.55:200][413]LogBlueprintUserMessages: [ZombieCityPawn_C_0] 10
[2017.05.19-05.53.55:227][414]LogBlueprintUserMessages: [ZombieCityPawn_C_0] 10
[2017.05.19-05.53.55:254][415]LogBlueprintUserMessages: [ZombieCityPawn_C_0] 10
[2017.05.19-05.53.55:281][416]LogBlueprintUserMessages: [ZombieCityPawn_C_0] 10
[2017.05.19-05.53.55:307][417]LogBlueprintUserMessages: [ZombieCityPawn_C_0] 10
[2017.05.19-05.53.55:334][418]LogBlueprintUserMessages: [ZombieCityPawn_C_0] 10
[2017.05.19-05.53.55:360][419]LogBlueprintUserMessages: [ZombieCityPawn_C_0] 10
[2017.05.19-05.53.55:388][420]LogBlueprintUserMessages: [ZombieCityPawn_C_0] 10
[2017.05.19-05.53.55:424][421]LogBlueprintUserMessages: [ZombieCityPawn_C_0] 10
[2017.05.19-05.53.55:450][422]LogBlueprintUserMessages: [ZombieCityPawn_C_0] 10
[2017.05.19-05.53.55:481][423]LogBlueprintUserMessages: [ZombieCityPawn_C_0] 10
[2017.05.19-05.53.55:508][424]LogBlueprintUserMessages: [ZombieCityPawn_C_0] 10
[2017.05.19-05.53.55:536][425]LogBlueprintUserMessages: [ZombieCityPawn_C_0] 10
[2017.05.19-05.53.55:564][426]LogBlueprintUserMessages: [ZombieCityPawn_C_0] 10
[2017.05.19-05.53.55:591][427]LogBlueprintUserMessages: [ZombieCityPawn_C_0] 10
[2017.05.19-05.53.55:619][428]LogBlueprintUserMessages: [ZombieCityPawn_C_0] 10
[2017.05.19-05.53.55:646][429]LogBlueprintUserMessages: [ZombieCityPawn_C_0] 10
[2017.05.19-05.53.55:674][430]LogBlueprintUserMessages: [ZombieCityPawn_C_0] 10
[2017.05.19-05.53.55:702][431]LogBlueprintUserMessages: [ZombieCityPawn_C_0] 10
[2017.05.19-05.53.55:729][432]LogBlueprintUserMessages: [ZombieCityPawn_C_0] 10
[2017.05.19-05.53.55:770][433]LogBlueprintUserMessages: [ZombieCityPawn_C_0] 10
[2017.05.19-05.53.55:798][434]LogBlueprintUserMessages: [ZombieCityPawn_C_0] 10
[2017.05.19-05.53.55:825][435]LogBlueprintUserMessages: [ZombieCityPawn_C_0] 10
[2017.05.19-05.53.55:853][436]LogBlueprintUserMessages: [ZombieCityPawn_C_0] 10
[2017.05.19-05.53.55:880][437]LogBlueprintUserMessages: [ZombieCityPawn_C_0] 10
[2017.05.19-05.53.55:907][438]LogBlueprintUserMessages: [ZombieCityPawn_C_0] 10
[2017.05.19-05.53.55:935][439]LogBlueprintUserMessages: [ZombieCityPawn_C_0] 10
[2017.05.19-05.53.55:962][440]LogBlueprintUserMessages: [ZombieCityPawn_C_0] 10
[2017.05.19-05.53.55:989][441]LogBlueprintUserMessages: [ZombieCityPawn_C_0] 10
[2017.05.19-05.53.56:017][442]LogBlueprintUserMessages: [ZombieCityPawn_C_0] 10
[2017.05.19-05.53.56:060][443]LogBlueprintUserMessages: [ZombieCityPawn_C_0] 10
[2017.05.19-05.53.56:088][444]LogBlueprintUserMessages: [ZombieCityPawn_C_0] 10
[2017.05.19-05.53.56:116][445]LogBlueprintUserMessages: [ZombieCityPawn_C_0] 10
[2017.05.19-05.53.56:144][446]LogBlueprintUserMessages: [ZombieCityPawn_C_0] 10
[2017.05.19-05.53.56:171][447]LogBlueprintUserMessages: [ZombieCityPawn_C_0] 10
[2017.05.19-05.53.56:199][448]LogBlueprintUserMessages: [ZombieCityPawn_C_0] 10
[2017.05.19-05.53.56:227][449]LogBlueprintUserMessages: [ZombieCityPawn_C_0] 10
[2017.05.19-05.53.56:254][450]LogBlueprintUserMessages: [ZombieCityPawn_C_0] 10
[2017.05.19-05.53.56:282][451]LogBlueprintUserMessages: [ZombieCityPawn_C_0] 10
[2017.05.19-05.53.56:310][452]LogBlueprintUserMessages: [ZombieCityPawn_C_0] 10
[2017.05.19-05.53.56:338][453]LogBlueprintUserMessages: [ZombieCityPawn_C_0] 10
[2017.05.19-05.53.56:366][454]LogBlueprintUserMessages: [ZombieCityPawn_C_0] 10
[2017.05.19-05.53.56:403][455]LogBlueprintUserMessages: [ZombieCityPawn_C_0] 10
[2017.05.19-05.53.56:436][456]LogBlueprintUserMessages: [ZombieCityPawn_C_0] 10
[2017.05.19-05.53.56:463][457]LogBlueprintUserMessages: [ZombieCityPawn_C_0] 10
[2017.05.19-05.53.56:491][458]LogBlueprintUserMessages: [ZombieCityPawn_C_0] 10
[2017.05.19-05.53.56:519][459]LogBlueprintUserMessages: [ZombieCityPawn_C_0] 10
[2017.05.19-05.53.56:546][460]LogBlueprintUserMessages: [ZombieCityPawn_C_0] 10
[2017.05.19-05.53.56:574][461]LogBlueprintUserMessages: [ZombieCityPawn_C_0] 10
[2017.05.19-05.53.56:602][462]LogBlueprintUserMessages: [ZombieCityPawn_C_0] 10
[2017.05.19-05.53.56:629][463]LogBlueprintUserMessages: [ZombieCityPawn_C_0] 10
[2017.05.19-05.53.56:657][464]LogBlueprintUserMessages: [ZombieCityPawn_C_0] 10
[2017.05.19-05.53.56:684][465]LogBlueprintUserMessages: [ZombieCityPawn_C_0] 10
[2017.05.19-05.53.56:726][466]LogBlueprintUserMessages: [ZombieCityPawn_C_0] 10
[2017.05.19-05.53.56:754][467]LogBlueprintUserMessages: [ZombieCityPawn_C_0] 10
[2017.05.19-05.53.56:782][468]LogBlueprintUserMessages: [ZombieCityPawn_C_0] 10
[2017.05.19-05.53.56:809][469]LogBlueprintUserMessages: [ZombieCityPawn_C_0] 10
[2017.05.19-05.53.56:837][470]LogBlueprintUserMessages: [ZombieCityPawn_C_0] 10
[2017.05.19-05.53.56:864][471]LogBlueprintUserMessages: [ZombieCityPawn_C_0] 10
[2017.05.19-05.53.56:892][472]LogBlueprintUserMessages: [ZombieCityPawn_C_0] 10
[2017.05.19-05.53.56:920][473]LogBlueprintUserMessages: [ZombieCityPawn_C_0] 10
[2017.05.19-05.53.56:948][474]LogBlueprintUserMessages: [ZombieCityPawn_C_0] 10
[2017.05.19-05.53.56:976][475]LogBlueprintUserMessages: [ZombieCityPawn_C_0] 10
[2017.05.19-05.53.57:003][476]LogBlueprintUserMessages: [ZombieCityPawn_C_0] 10
[2017.05.19-05.53.57:031][477]LogBlueprintUserMessages: [ZombieCityPawn_C_0] 10
[2017.05.19-05.53.57:059][478]LogBlueprintUserMessages: [ZombieCityPawn_C_0] 10
[2017.05.19-05.53.57:101][479]LogBlueprintUserMessages: [ZombieCityPawn_C_0] 10
[2017.05.19-05.53.57:129][480]LogBlueprintUserMessages: [ZombieCityPawn_C_0] 10
[2017.05.19-05.53.57:156][481]LogBlueprintUserMessages: [ZombieCityPawn_C_0] 10
[2017.05.19-05.53.57:184][482]LogBlueprintUserMessages: [ZombieCityPawn_C_0] 10
[2017.05.19-05.53.57:212][483]LogBlueprintUserMessages: [ZombieCityPawn_C_0] 10
[2017.05.19-05.53.57:240][484]LogBlueprintUserMessages: [ZombieCityPawn_C_0] 10
[2017.05.19-05.53.57:267][485]LogBlueprintUserMessages: [ZombieCityPawn_C_0] 10
[2017.05.19-05.53.57:295][486]LogBlueprintUserMessages: [ZombieCityPawn_C_0] 10
[2017.05.19-05.53.57:323][487]LogBlueprintUserMessages: [ZombieCityPawn_C_0] 10
[2017.05.19-05.53.57:350][488]LogBlueprintUserMessages: [ZombieCityPawn_C_0] 10
[2017.05.19-05.53.57:378][489]LogBlueprintUserMessages: [ZombieCityPawn_C_0] 10
[2017.05.19-05.53.57:408][490]LogBlueprintUserMessages: [ZombieCityPawn_C_0] 10
[2017.05.19-05.53.57:440][491]LogBlueprintUserMessages: [ZombieCityPawn_C_0] 10
[2017.05.19-05.53.57:467][492]LogBlueprintUserMessages: [ZombieCityPawn_C_0] 10
[2017.05.19-05.53.57:500][493]LogBlueprintUserMessages: [ZombieCityPawn_C_0] 10
[2017.05.19-05.53.57:527][494]LogBlueprintUserMessages: [ZombieCityPawn_C_0] 10
[2017.05.19-05.53.57:553][495]LogBlueprintUserMessages: [ZombieCityPawn_C_0] 10
[2017.05.19-05.53.57:579][496]LogBlueprintUserMessages: [ZombieCityPawn_C_0] 10
[2017.05.19-05.53.57:606][497]LogBlueprintUserMessages: [ZombieCityPawn_C_0] 10
[2017.05.19-05.53.57:632][498]LogBlueprintUserMessages: [ZombieCityPawn_C_0] 10
[2017.05.19-05.53.57:659][499]LogBlueprintUserMessages: [ZombieCityPawn_C_0] 10
[2017.05.19-05.53.57:685][500]LogBlueprintUserMessages: [ZombieCityPawn_C_0] 10
[2017.05.19-05.53.57:716][501]LogBlueprintUserMessages: [ZombieCityPawn_C_0] 10
[2017.05.19-05.53.57:744][502]LogBlueprintUserMessages: [ZombieCityPawn_C_0] 10
[2017.05.19-05.53.57:772][503]LogBlueprintUserMessages: [ZombieCityPawn_C_0] 10
[2017.05.19-05.53.57:804][504]LogBlueprintUserMessages: [ZombieCityPawn_C_0] 10
[2017.05.19-05.53.57:832][505]LogBlueprintUserMessages: [ZombieCityPawn_C_0] 10
[2017.05.19-05.53.57:868][506]LogBlueprintUserMessages: [ZombieCityPawn_C_0] 10
[2017.05.19-05.53.57:896][507]LogBlueprintUserMessages: [ZombieCityPawn_C_0] 10
[2017.05.19-05.53.57:924][508]LogBlueprintUserMessages: [ZombieCityPawn_C_0] 10
[2017.05.19-05.53.57:952][509]LogBlueprintUserMessages: [ZombieCityPawn_C_0] 10
[2017.05.19-05.53.57:980][510]LogBlueprintUserMessages: [ZombieCityPawn_C_0] 10
[2017.05.19-05.53.58:011][511]LogBlueprintUserMessages: [ZombieCityPawn_C_0] 10
[2017.05.19-05.53.58:040][512]LogBlueprintUserMessages: [ZombieCityPawn_C_0] 10
[2017.05.19-05.53.58:068][513]LogBlueprintUserMessages: [ZombieCityPawn_C_0] 10
[2017.05.19-05.53.58:110][514]LogBlueprintUserMessages: [ZombieCityPawn_C_0] 10
[2017.05.19-05.53.58:139][515]LogBlueprintUserMessages: [ZombieCityPawn_C_0] 10
[2017.05.19-05.53.58:167][516]LogBlueprintUserMessages: [ZombieCityPawn_C_0] 10
[2017.05.19-05.53.58:195][517]LogBlueprintUserMessages: [ZombieCityPawn_C_0] 10
[2017.05.19-05.53.58:224][518]LogBlueprintUserMessages: [ZombieCityPawn_C_0] 10
[2017.05.19-05.53.58:251][519]LogBlueprintUserMessages: [ZombieCityPawn_C_0] 10
[2017.05.19-05.53.58:278][520]LogBlueprintUserMessages: [ZombieCityPawn_C_0] 10
[2017.05.19-05.53.58:306][521]LogBlueprintUserMessages: [ZombieCityPawn_C_0] 10
[2017.05.19-05.53.58:333][522]LogBlueprintUserMessages: [ZombieCityPawn_C_0] 10
[2017.05.19-05.53.58:361][523]LogBlueprintUserMessages: [ZombieCityPawn_C_0] 10
[2017.05.19-05.53.58:391][524]LogBlueprintUserMessages: [ZombieCityPawn_C_0] 10
[2017.05.19-05.53.58:423][525]LogBlueprintUserMessages: [ZombieCityPawn_C_0] 10
[2017.05.19-05.53.58:450][526]LogBlueprintUserMessages: [ZombieCityPawn_C_0] 10
[2017.05.19-05.53.58:485][527]LogBlueprintUserMessages: [ZombieCityPawn_C_0] 10
[2017.05.19-05.53.58:512][528]LogBlueprintUserMessages: [ZombieCityPawn_C_0] 10
[2017.05.19-05.53.58:539][529]LogBlueprintUserMessages: [ZombieCityPawn_C_0] 10
[2017.05.19-05.53.58:569][530]LogBlueprintUserMessages: [ZombieCityPawn_C_0] 10
[2017.05.19-05.53.58:596][531]LogBlueprintUserMessages: [ZombieCityPawn_C_0] 10
[2017.05.19-05.53.58:623][532]LogBlueprintUserMessages: [ZombieCityPawn_C_0] 10
[2017.05.19-05.53.58:651][533]LogBlueprintUserMessages: [ZombieCityPawn_C_0] 10
[2017.05.19-05.53.58:678][534]LogBlueprintUserMessages: [ZombieCityPawn_C_0] 10
[2017.05.19-05.53.58:706][535]LogBlueprintUserMessages: [ZombieCityPawn_C_0] 10
[2017.05.19-05.53.58:733][536]LogBlueprintUserMessages: [ZombieCityPawn_C_0] 10
[2017.05.19-05.53.58:775][537]LogBlueprintUserMessages: [ZombieCityPawn_C_0] 10
[2017.05.19-05.53.58:803][538]LogBlueprintUserMessages: [ZombieCityPawn_C_0] 10
[2017.05.19-05.53.58:830][539]LogBlueprintUserMessages: [ZombieCityPawn_C_0] 10
[2017.05.19-05.53.58:858][540]LogBlueprintUserMessages: [ZombieCityPawn_C_0] 10
[2017.05.19-05.53.58:886][541]LogBlueprintUserMessages: [ZombieCityPawn_C_0] 10
[2017.05.19-05.53.58:913][542]LogBlueprintUserMessages: [ZombieCityPawn_C_0] 10
[2017.05.19-05.53.58:941][543]LogBlueprintUserMessages: [ZombieCityPawn_C_0] 10
[2017.05.19-05.53.58:968][544]LogBlueprintUserMessages: [ZombieCityPawn_C_0] 10
[2017.05.19-05.53.58:996][545]LogBlueprintUserMessages: [ZombieCityPawn_C_0] 10
[2017.05.19-05.53.59:025][546]LogBlueprintUserMessages: [ZombieCityPawn_C_0] 10
[2017.05.19-05.53.59:052][547]LogBlueprintUserMessages: [ZombieCityPawn_C_0] 10
[2017.05.19-05.53.59:094][548]LogBlueprintUserMessages: [ZombieCityPawn_C_0] 10
[2017.05.19-05.53.59:123][549]LogBlueprintUserMessages: [ZombieCityPawn_C_0] 10
[2017.05.19-05.53.59:151][550]LogBlueprintUserMessages: [ZombieCityPawn_C_0] 10
[2017.05.19-05.53.59:180][551]LogBlueprintUserMessages: [ZombieCityPawn_C_0] 10
[2017.05.19-05.53.59:209][552]LogBlueprintUserMessages: [ZombieCityPawn_C_0] 10
[2017.05.19-05.53.59:238][553]LogBlueprintUserMessages: [ZombieCityPawn_C_0] 10
[2017.05.19-05.53.59:267][554]LogBlueprintUserMessages: [ZombieCityPawn_C_0] 10
[2017.05.19-05.53.59:296][555]LogBlueprintUserMessages: [ZombieCityPawn_C_0] 10
[2017.05.19-05.53.59:325][556]LogBlueprintUserMessages: [ZombieCityPawn_C_0] 10
[2017.05.19-05.53.59:354][557]LogBlueprintUserMessages: [ZombieCityPawn_C_0] 10
[2017.05.19-05.53.59:386][558]LogBlueprintUserMessages: [ZombieCityPawn_C_0] 10
[2017.05.19-05.53.59:420][559]LogBlueprintUserMessages: [ZombieCityPawn_C_0] 10
[2017.05.19-05.53.59:449][560]LogBlueprintUserMessages: [ZombieCityPawn_C_0] 10
[2017.05.19-05.53.59:486][561]LogBlueprintUserMessages: [ZombieCityPawn_C_0] 10
[2017.05.19-05.53.59:515][562]LogBlueprintUserMessages: [ZombieCityPawn_C_0] 10
[2017.05.19-05.53.59:545][563]LogBlueprintUserMessages: [ZombieCityPawn_C_0] 9
[2017.05.19-05.53.59:573][564]LogBlueprintUserMessages: [ZombieCityPawn_C_0] 9
[2017.05.19-05.53.59:602][565]LogBlueprintUserMessages: [ZombieCityPawn_C_0] 9
[2017.05.19-05.53.59:631][566]LogBlueprintUserMessages: [ZombieCityPawn_C_0] 9
[2017.05.19-05.53.59:659][567]LogBlueprintUserMessages: [ZombieCityPawn_C_0] 9
[2017.05.19-05.53.59:688][568]LogBlueprintUserMessages: [ZombieCityPawn_C_0] 9
[2017.05.19-05.53.59:716][569]LogBlueprintUserMessages: [ZombieCityPawn_C_0] 9
[2017.05.19-05.53.59:759][570]LogBlueprintUserMessages: [ZombieCityPawn_C_0] 9
[2017.05.19-05.53.59:788][571]LogBlueprintUserMessages: [ZombieCityPawn_C_0] 9
[2017.05.19-05.53.59:816][572]LogBlueprintUserMessages: [ZombieCityPawn_C_0] 9
[2017.05.19-05.53.59:845][573]LogBlueprintUserMessages: [ZombieCityPawn_C_0] 9
[2017.05.19-05.53.59:874][574]LogBlueprintUserMessages: [ZombieCityPawn_C_0] 9
[2017.05.19-05.53.59:903][575]LogBlueprintUserMessages: [ZombieCityPawn_C_0] 9
[2017.05.19-05.53.59:932][576]LogBlueprintUserMessages: [ZombieCityPawn_C_0] 9
[2017.05.19-05.53.59:961][577]LogBlueprintUserMessages: [ZombieCityPawn_C_0] 9
[2017.05.19-05.53.59:990][578]LogBlueprintUserMessages: [ZombieCityPawn_C_0] 9
[2017.05.19-05.54.00:019][579]LogBlueprintUserMessages: [ZombieCityPawn_C_0] 9
[2017.05.19-05.54.00:049][580]LogBlueprintUserMessages: [ZombieCityPawn_C_0] 9
[2017.05.19-05.54.00:092][581]LogBlueprintUserMessages: [ZombieCityPawn_C_0] 9
[2017.05.19-05.54.00:120][582]LogBlueprintUserMessages: [ZombieCityPawn_C_0] 9
[2017.05.19-05.54.00:150][583]LogBlueprintUserMessages: [ZombieCityPawn_C_0] 9
[2017.05.19-05.54.00:179][584]LogBlueprintUserMessages: [ZombieCityPawn_C_0] 9
[2017.05.19-05.54.00:208][585]LogBlueprintUserMessages: [ZombieCityPawn_C_0] 9
[2017.05.19-05.54.00:236][586]LogBlueprintUserMessages: [ZombieCityPawn_C_0] 9
[2017.05.19-05.54.00:265][587]LogBlueprintUserMessages: [ZombieCityPawn_C_0] 9
[2017.05.19-05.54.00:295][588]LogBlueprintUserMessages: [ZombieCityPawn_C_0] 9
[2017.05.19-05.54.00:323][589]LogBlueprintUserMessages: [ZombieCityPawn_C_0] 9
[2017.05.19-05.54.00:352][590]LogBlueprintUserMessages: [ZombieCityPawn_C_0] 9
[2017.05.19-05.54.00:380][591]LogBlueprintUserMessages: [ZombieCityPawn_C_0] 9
[2017.05.19-05.54.00:424][592]LogBlueprintUserMessages: [ZombieCityPawn_C_0] 9
[2017.05.19-05.54.00:453][593]LogBlueprintUserMessages: [ZombieCityPawn_C_0] 9
[2017.05.19-05.54.00:481][594]LogBlueprintUserMessages: [ZombieCityPawn_C_0] 9
[2017.05.19-05.54.00:510][595]LogBlueprintUserMessages: [ZombieCityPawn_C_0] 9
[2017.05.19-05.54.00:539][596]LogBlueprintUserMessages: [ZombieCityPawn_C_0] 9
[2017.05.19-05.54.00:567][597]LogBlueprintUserMessages: [ZombieCityPawn_C_0] 8
[2017.05.19-05.54.00:596][598]LogBlueprintUserMessages: [ZombieCityPawn_C_0] 8
[2017.05.19-05.54.00:625][599]LogBlueprintUserMessages: [ZombieCityPawn_C_0] 8
[2017.05.19-05.54.00:654][600]LogBlueprintUserMessages: [ZombieCityPawn_C_0] 8
[2017.05.19-05.54.00:682][601]LogBlueprintUserMessages: [ZombieCityPawn_C_0] 8
[2017.05.19-05.54.00:711][602]LogBlueprintUserMessages: [ZombieCityPawn_C_0] 8
[2017.05.19-05.54.00:742][603]LogBlueprintUserMessages: [ZombieCityPawn_C_0] 8
[2017.05.19-05.54.00:775][604]LogBlueprintUserMessages: [ZombieCityPawn_C_0] 8
[2017.05.19-05.54.00:804][605]LogBlueprintUserMessages: [ZombieCityPawn_C_0] 8
[2017.05.19-05.54.00:840][606]LogBlueprintUserMessages: [ZombieCityPawn_C_0] 8
[2017.05.19-05.54.00:867][607]LogBlueprintUserMessages: [ZombieCityPawn_C_0] 8
[2017.05.19-05.54.00:895][608]LogBlueprintUserMessages: [ZombieCityPawn_C_0] 8
[2017.05.19-05.54.00:923][609]LogBlueprintUserMessages: [ZombieCityPawn_C_0] 8
[2017.05.19-05.54.00:951][610]LogBlueprintUserMessages: [ZombieCityPawn_C_0] 8
[2017.05.19-05.54.00:979][611]LogBlueprintUserMessages: [ZombieCityPawn_C_0] 8
[2017.05.19-05.54.01:007][612]LogBlueprintUserMessages: [ZombieCityPawn_C_0] 8
[2017.05.19-05.54.01:035][613]LogBlueprintUserMessages: [ZombieCityPawn_C_0] 8
[2017.05.19-05.54.01:063][614]LogBlueprintUserMessages: [ZombieCityPawn_C_0] 8
[2017.05.19-05.54.01:105][615]LogBlueprintUserMessages: [ZombieCityPawn_C_0] 6
[2017.05.19-05.54.01:132][616]LogBlueprintUserMessages: [ZombieCityPawn_C_0] 6
[2017.05.19-05.54.01:160][617]LogBlueprintUserMessages: [ZombieCityPawn_C_0] 6
[2017.05.19-05.54.01:189][618]LogBlueprintUserMessages: [ZombieCityPawn_C_0] 6
[2017.05.19-05.54.01:216][619]LogBlueprintUserMessages: [ZombieCityPawn_C_0] 6
[2017.05.19-05.54.01:244][620]LogBlueprintUserMessages: [ZombieCityPawn_C_0] 6
[2017.05.19-05.54.01:272][621]LogBlueprintUserMessages: [ZombieCityPawn_C_0] 6
[2017.05.19-05.54.01:300][622]LogBlueprintUserMessages: [ZombieCityPawn_C_0] 6
[2017.05.19-05.54.01:328][623]LogBlueprintUserMessages: [ZombieCityPawn_C_0] 6
[2017.05.19-05.54.01:355][624]LogBlueprintUserMessages: [ZombieCityPawn_C_0] 6
[2017.05.19-05.54.01:386][625]LogBlueprintUserMessages: [ZombieCityPawn_C_0] 6
[2017.05.19-05.54.01:418][626]LogBlueprintUserMessages: [ZombieCityPawn_C_0] 6
[2017.05.19-05.54.01:446][627]LogBlueprintUserMessages: [ZombieCityPawn_C_0] 6
[2017.05.19-05.54.01:481][628]LogBlueprintUserMessages: [ZombieCityPawn_C_0] 6
[2017.05.19-05.54.01:509][629]LogBlueprintUserMessages: [ZombieCityPawn_C_0] 6
[2017.05.19-05.54.01:537][630]LogBlueprintUserMessages: [ZombieCityPawn_C_0] 6
[2017.05.19-05.54.01:564][631]LogBlueprintUserMessages: [ZombieCityPawn_C_0] 6
[2017.05.19-05.54.01:593][632]LogBlueprintUserMessages: [ZombieCityPawn_C_0] 4
[2017.05.19-05.54.01:621][633]LogBlueprintUserMessages: [ZombieCityPawn_C_0] 4
[2017.05.19-05.54.01:648][634]LogBlueprintUserMessages: [ZombieCityPawn_C_0] 4
[2017.05.19-05.54.01:677][635]LogBlueprintUserMessages: [ZombieCityPawn_C_0] 4
[2017.05.19-05.54.01:705][636]LogBlueprintUserMessages: [ZombieCityPawn_C_0] 4
[2017.05.19-05.54.01:732][637]LogBlueprintUserMessages: [ZombieCityPawn_C_0] 4
[2017.05.19-05.54.01:774][638]LogBlueprintUserMessages: [ZombieCityPawn_C_0] 4
[2017.05.19-05.54.01:802][639]LogBlueprintUserMessages: [ZombieCityPawn_C_0] 4
[2017.05.19-05.54.01:830][640]LogBlueprintUserMessages: [ZombieCityPawn_C_0] 4
[2017.05.19-05.54.01:858][641]LogBlueprintUserMessages: [ZombieCityPawn_C_0] 4
[2017.05.19-05.54.01:885][642]LogBlueprintUserMessages: [ZombieCityPawn_C_0] 4
[2017.05.19-05.54.01:913][643]LogBlueprintUserMessages: [ZombieCityPawn_C_0] 4
[2017.05.19-05.54.01:941][644]LogBlueprintUserMessages: [ZombieCityPawn_C_0] 4
[2017.05.19-05.54.01:968][645]LogBlueprintUserMessages: [ZombieCityPawn_C_0] 4
[2017.05.19-05.54.01:996][646]LogBlueprintUserMessages: [ZombieCityPawn_C_0] 4
[2017.05.19-05.54.02:024][647]LogBlueprintUserMessages: [ZombieCityPawn_C_0] 4
[2017.05.19-05.54.02:051][648]LogBlueprintUserMessages: [ZombieCityPawn_C_0] 4
[2017.05.19-05.54.02:093][649]LogBlueprintUserMessages: [ZombieCityPawn_C_0] 4
[2017.05.19-05.54.02:121][650]LogBlueprintUserMessages: [ZombieCityPawn_C_0] 2
[2017.05.19-05.54.02:148][651]LogBlueprintUserMessages: [ZombieCityPawn_C_0] 2
[2017.05.19-05.54.02:176][652]LogBlueprintUserMessages: [ZombieCityPawn_C_0] 2
[2017.05.19-05.54.02:204][653]LogBlueprintUserMessages: [ZombieCityPawn_C_0] 2
[2017.05.19-05.54.02:232][654]LogBlueprintUserMessages: [ZombieCityPawn_C_0] 2
[2017.05.19-05.54.02:259][655]LogBlueprintUserMessages: [ZombieCityPawn_C_0] 2
[2017.05.19-05.54.02:287][656]LogBlueprintUserMessages: [ZombieCityPawn_C_0] 2
[2017.05.19-05.54.02:314][657]LogBlueprintUserMessages: [ZombieCityPawn_C_0] 2
[2017.05.19-05.54.02:342][658]LogBlueprintUserMessages: [ZombieCityPawn_C_0] 2
[2017.05.19-05.54.02:370][659]LogBlueprintUserMessages: [ZombieCityPawn_C_0] 2
[2017.05.19-05.54.02:397][660]LogBlueprintUserMessages: [ZombieCityPawn_C_0] 2
[2017.05.19-05.54.02:439][661]LogBlueprintUserMessages: [ZombieCityPawn_C_0] 2
[2017.05.19-05.54.02:467][662]LogBlueprintUserMessages: [ZombieCityPawn_C_0] 2
[2017.05.19-05.54.02:494][663]LogBlueprintUserMessages: [ZombieCityPawn_C_0] 2
[2017.05.19-05.54.02:521][664]LogBlueprintUserMessages: [ZombieCityPawn_C_0] 2
[2017.05.19-05.54.02:549][665]LogBlueprintUserMessages: [ZombieCityPawn_C_0] 2
[2017.05.19-05.54.02:576][666]LogBlueprintUserMessages: [ZombieCityPawn_C_0] 2
[2017.05.19-05.54.02:604][667]LogBlueprintUserMessages: [ZombieCityPawn_C_0] 2
[2017.05.19-05.54.10:131][981]LogWindowsTextInputMethodSystem:Display: IME system now activated using TSF (搜狗拼音输入法).
[2017.05.19-05.54.10:132][981]LogWindowsTextInputMethodSystem:Display: IME system now activated using TSF (搜狗拼音输入法).
[2017.05.19-05.54.10:138][981]LogWindowsTextInputMethodSystem:Display: IME system now activated using TSF (搜狗拼音输入法).
[2017.05.19-05.54.10:138][981]LogWindowsTextInputMethodSystem:Display: IME system now activated using TSF (搜狗拼音输入法).
[2017.05.19-05.54.10:153][981]LogEngine: All Windows Closed
[2017.05.19-05.54.10:153][981]LogWindows: FPlatformMisc::RequestExit(0)
[2017.05.19-05.54.10:153][982]LogMoviePlayer: Shutting down movie player
[2017.05.19-05.54.11:138][982]LogExit: Preparing to exit.
[2017.05.19-05.54.12:154][982]LogExit: Game engine shut down
[2017.05.19-05.54.12:253][982]LogObj: Freed 0b from 0 cluster array pools.
[2017.05.19-05.54.12:253][982]LogExit: Object subsystem successfully closed.
[2017.05.19-05.54.12:275][982]LogD3D11RHI: Shutdown
[2017.05.19-05.54.12:275][982]LogD3D11RHI: CleanupD3DDevice
[2017.05.19-05.54.12:999][982]LogD3D11RHI: ~FD3D11DynamicRHI
[2017.05.19-05.54.13:016][982]LogModuleManager: Shutting down and abandoning module SequenceRecorderSections (264)
[2017.05.19-05.54.13:016][982]LogModuleManager: Shutting down and abandoning module SequenceRecorder (262)
[2017.05.19-05.54.13:016][982]LogModuleManager: Shutting down and abandoning module AutomationController (260)
[2017.05.19-05.54.13:016][982]LogModuleManager: Shutting down and abandoning module AutomationWorker (258)
[2017.05.19-05.54.13:016][982]LogModuleManager: Shutting down and abandoning module AIModule (256)
[2017.05.19-05.54.13:016][982]LogModuleManager: Shutting down and abandoning module GameplayDebugger (255)
[2017.05.19-05.54.13:016][982]LogModuleManager: Shutting down and abandoning module AITestSuite (253)
[2017.05.19-05.54.13:016][982]LogModuleManager: Shutting down and abandoning module WmfMediaFactory (250)
[2017.05.19-05.54.13:016][982]LogModuleManager: Shutting down and abandoning module MfMediaFactory (248)
[2017.05.19-05.54.13:016][982]LogModuleManager: Shutting down and abandoning module AvfMediaFactory (246)
[2017.05.19-05.54.13:016][982]LogModuleManager: Shutting down and abandoning module AndroidMediaFactory (244)
[2017.05.19-05.54.13:016][982]LogModuleManager: Shutting down and abandoning module Media (243)
[2017.05.19-05.54.13:016][982]LogModuleManager: Shutting down and abandoning module CharacterAI (240)
[2017.05.19-05.54.13:016][982]LogModuleManager: Shutting down and abandoning module SessionServices (238)
[2017.05.19-05.54.13:016][982]LogModuleManager: Shutting down and abandoning module MovieSceneCapture (236)
[2017.05.19-05.54.13:017][982]LogModuleManager: Shutting down and abandoning module GeometryCache (234)
[2017.05.19-05.54.13:017][982]LogModuleManager: Shutting down and abandoning module GeometryCacheEd (233)
[2017.05.19-05.54.13:017][982]LogModuleManager: Shutting down and abandoning module Niagara (230)
[2017.05.19-05.54.13:017][982]LogModuleManager: Shutting down and abandoning module StreamingPauseRendering (228)
[2017.05.19-05.54.13:017][982]LogModuleManager: Shutting down and abandoning module PortalServices (226)
[2017.05.19-05.54.13:017][982]LogModuleManager: Shutting down and abandoning module PortalRpc (224)
[2017.05.19-05.54.13:017][982]LogModuleManager: Shutting down and abandoning module MessagingRpc (222)
[2017.05.19-05.54.13:017][982]LogModuleManager: Shutting down and abandoning module ProfilerService (220)
[2017.05.19-05.54.13:148][982]LogModuleManager: Shutting down and abandoning module TaskGraph (218)
[2017.05.19-05.54.13:148][982]LogModuleManager: Shutting down and abandoning module SteamVRController (216)
[2017.05.19-05.54.13:148][982]LogModuleManager: Shutting down and abandoning module SteamVR (214)
[2017.05.19-05.54.13:148][982]LogModuleManager: Shutting down and abandoning module ProceduralMeshComponent (212)
[2017.05.19-05.54.13:148][982]LogModuleManager: Shutting down and abandoning module OculusLibrary (210)
[2017.05.19-05.54.13:148][982]LogModuleManager: Shutting down and abandoning module OculusInput (208)
[2017.05.19-05.54.13:148][982]LogModuleManager: Shutting down and abandoning module MobilePatchingUtils (206)
[2017.05.19-05.54.13:148][982]LogModuleManager: Shutting down and abandoning module CustomMeshComponent (204)
[2017.05.19-05.54.13:148][982]LogModuleManager: Shutting down and abandoning module CableComponent (202)
[2017.05.19-05.54.13:148][982]LogModuleManager: Shutting down and abandoning module ArchVisCharacter (200)
[2017.05.19-05.54.13:148][982]LogModuleManager: Shutting down and abandoning module HTML5Networking (196)
[2017.05.19-05.54.13:148][982]LogModuleManager: Shutting down and abandoning module VisualStudioSourceCodeAccess (194)
[2017.05.19-05.54.13:148][982]LogModuleManager: Shutting down and abandoning module DesktopPlatform (193)
[2017.05.19-05.54.13:148][982]LogModuleManager: Shutting down and abandoning module HotReload (191)
[2017.05.19-05.54.13:148][982]LogModuleManager: Shutting down and abandoning module DirectoryWatcher (190)
[2017.05.19-05.54.13:148][982]LogModuleManager: Shutting down and abandoning module UObjectPlugin (186)
[2017.05.19-05.54.13:148][982]LogModuleManager: Shutting down and abandoning module SubversionSourceControl (184)
[2017.05.19-05.54.13:148][982]LogModuleManager: Shutting down and abandoning module PerforceSourceControl (182)
[2017.05.19-05.54.13:148][982]LogModuleManager: Shutting down and abandoning module SourceControl (181)
[2017.05.19-05.54.13:148][982]LogModuleManager: Shutting down and abandoning module PhysXVehiclesEditor (178)
[2017.05.19-05.54.13:148][982]LogModuleManager: Shutting down and abandoning module PhysXVehicles (176)
[2017.05.19-05.54.13:148][982]LogModuleManager: Shutting down and abandoning module LocationServicesBPLibrary (174)
[2017.05.19-05.54.13:148][982]LogModuleManager: Shutting down and abandoning module UdpMessaging (172)
[2017.05.19-05.54.13:249][982]LogModuleManager: Shutting down and abandoning module TcpMessaging (170)
[2017.05.19-05.54.13:352][982]LogModuleManager: Shutting down and abandoning module GameplayTagsEditor (168)
[2017.05.19-05.54.13:352][982]LogModuleManager: Shutting down and abandoning module FacialAnimation (166)
[2017.05.19-05.54.13:352][982]LogModuleManager: Shutting down and abandoning module LightPropagationVolumeRuntime (164)
[2017.05.19-05.54.13:352][982]LogModuleManager: Shutting down and abandoning module Paper2D (162)
[2017.05.19-05.54.13:352][982]LogModuleManager: Shutting down and abandoning module WindowsMoviePlayer (160)
[2017.05.19-05.54.13:353][982]LogModuleManager: Shutting down and abandoning module WmfMedia (158)
[2017.05.19-05.54.13:353][982]LogModuleManager: Shutting down and abandoning module MfMedia (156)
[2017.05.19-05.54.13:353][982]LogModuleManager: Shutting down and abandoning module MediaAssets (154)
[2017.05.19-05.54.13:353][982]LogModuleManager: Shutting down and abandoning module GameLiveStreaming (152)
[2017.05.19-05.54.13:353][982]LogModuleManager: Shutting down and abandoning module VREditor (150)
[2017.05.19-05.54.13:353][982]LogModuleManager: Shutting down and abandoning module GameplayTasksEditor (148)
[2017.05.19-05.54.13:353][982]LogModuleManager: Shutting down and abandoning module BehaviorTreeEditor (146)
[2017.05.19-05.54.13:353][982]LogModuleManager: Shutting down and abandoning module FunctionalTesting (144)
[2017.05.19-05.54.13:353][982]LogModuleManager: Shutting down and abandoning module CollisionAnalyzer (142)
[2017.05.19-05.54.13:353][982]LogModuleManager: Shutting down and abandoning module UMG (140)
[2017.05.19-05.54.13:353][982]LogModuleManager: Shutting down and abandoning module UMGEditor (139)
[2017.05.19-05.54.13:353][982]LogModuleManager: Shutting down and abandoning module Sequencer (138)
[2017.05.19-05.54.13:353][982]LogModuleManager: Shutting down and abandoning module AssetTools (136)
[2017.05.19-05.54.13:353][982]LogModuleManager: Shutting down and abandoning module MessageLog (135)
[2017.05.19-05.54.13:353][982]LogModuleManager: Shutting down and abandoning module WorkspaceMenuStructure (134)
[2017.05.19-05.54.13:353][982]LogModuleManager: Shutting down and abandoning module SlateReflector (128)
[2017.05.19-05.54.13:353][982]LogModuleManager: Shutting down and abandoning module Slate (126)
[2017.05.19-05.54.13:353][982]LogModuleManager: Shutting down and abandoning module EditorStyle (124)
[2017.05.19-05.54.13:358][982]LogModuleManager: Shutting down and abandoning module Messaging (122)
[2017.05.19-05.54.13:358][982]LogModuleManager: Shutting down and abandoning module SourceCodeAccess (120)
[2017.05.19-05.54.13:358][982]LogModuleManager: Shutting down and abandoning module HeadMountedDisplay (118)
[2017.05.19-05.54.13:358][982]LogModuleManager: Shutting down and abandoning module XAudio2 (116)
[2017.05.19-05.54.13:358][982]LogModuleManager: Shutting down and abandoning module Networking (114)
[2017.05.19-05.54.13:358][982]LogModuleManager: Shutting down and abandoning module Core (110)
[2017.05.19-05.54.13:358][982]LogModuleManager: Shutting down and abandoning module KismetCompiler (108)
[2017.05.19-05.54.13:358][982]LogModuleManager: Shutting down and abandoning module PhysXFormats (106)
[2017.05.19-05.54.13:359][982]LogModuleManager: Shutting down and abandoning module MeshUtilities (104)
[2017.05.19-05.54.13:359][982]LogModuleManager: Shutting down and abandoning module SimplygonSwarm (103)
[2017.05.19-05.54.13:359][982]LogModuleManager: Shutting down and abandoning module SimplygonMeshReduction (101)
[2017.05.19-05.54.13:359][982]LogModuleManager: Shutting down and abandoning module QuadricMeshReduction (99)
[2017.05.19-05.54.13:359][982]LogModuleManager: Shutting down and abandoning module PropertyEditor (97)
[2017.05.19-05.54.13:359][982]LogModuleManager: Shutting down and abandoning module AssetRegistry (94)
[2017.05.19-05.54.13:359][982]LogModuleManager: Shutting down and abandoning module DerivedDataCache (92)
[2017.05.19-05.54.13:583][982]LogDerivedDataCache: Shutdown
[2017.05.19-05.54.13:583][982]LogModuleManager: Shutting down and abandoning module TargetPlatform (90)
[2017.05.19-05.54.13:583][982]LogModuleManager: Shutting down and abandoning module VulkanShaderFormat (89)
[2017.05.19-05.54.13:583][982]LogModuleManager: Shutting down and abandoning module ShaderFormatOpenGL (87)
[2017.05.19-05.54.13:583][982]LogModuleManager: Shutting down and abandoning module ShaderFormatD3D (85)
[2017.05.19-05.54.13:583][982]LogModuleManager: Shutting down and abandoning module MetalShaderFormat (83)
[2017.05.19-05.54.13:583][982]LogModuleManager: Shutting down and abandoning module TextureFormatUncompressed (81)
[2017.05.19-05.54.13:583][982]LogModuleManager: Shutting down and abandoning module TextureFormatPVR (79)
[2017.05.19-05.54.13:583][982]LogModuleManager: Shutting down and abandoning module TextureFormatDXT (77)
[2017.05.19-05.54.13:583][982]LogModuleManager: Shutting down and abandoning module TextureFormatIntelISPCTexComp (75)
[2017.05.19-05.54.13:583][982]LogModuleManager: Shutting down and abandoning module TextureFormatASTC (73)
[2017.05.19-05.54.13:583][982]LogModuleManager: Shutting down and abandoning module ImageWrapper (72)
[2017.05.19-05.54.13:583][982]LogModuleManager: Shutting down and abandoning module TextureFormatAndroid (69)
[2017.05.19-05.54.13:583][982]LogModuleManager: Shutting down and abandoning module AudioFormatOpus (67)
[2017.05.19-05.54.13:583][982]LogModuleManager: Shutting down and abandoning module AudioFormatOgg (65)
[2017.05.19-05.54.13:583][982]LogModuleManager: Shutting down and abandoning module AudioFormatADPCM (63)
[2017.05.19-05.54.13:583][982]LogModuleManager: Shutting down and abandoning module WindowsTargetPlatform (61)
[2017.05.19-05.54.13:583][982]LogModuleManager: Shutting down and abandoning module WindowsServerTargetPlatform (59)
[2017.05.19-05.54.13:583][982]LogModuleManager: Shutting down and abandoning module WindowsNoEditorTargetPlatform (57)
[2017.05.19-05.54.13:584][982]LogModuleManager: Shutting down and abandoning module WindowsClientTargetPlatform (55)
[2017.05.19-05.54.13:584][982]LogModuleManager: Shutting down and abandoning module InputCore (52)
[2017.05.19-05.54.13:584][982]LogModuleManager: Shutting down and abandoning module Settings (50)
[2017.05.19-05.54.13:584][982]LogModuleManager: Shutting down and abandoning module OculusRift (48)
[2017.05.19-05.54.13:584][982]LogModuleManager: Shutting down and abandoning module GearVR (46)
[2017.05.19-05.54.13:584][982]LogModuleManager: Shutting down and abandoning module ExampleDeviceProfileSelector (44)
[2017.05.19-05.54.13:584][982]LogModuleManager: Shutting down and abandoning module OnlineBlueprintSupport (42)
[2017.05.19-05.54.13:584][982]LogModuleManager: Shutting down and abandoning module OnlineSubsystem (38)
[2017.05.19-05.54.13:584][982]LogOnline:Display: Unloading online subsystem: NULL
[2017.05.19-05.54.13:584][982]LogModuleManager: Shutting down and abandoning module XMPP (37)
[2017.05.19-05.54.13:584][982]LogModuleManager: Shutting down and abandoning module HTTP (35)
[2017.05.19-05.54.13:593][982]LogModuleManager: Shutting down and abandoning module SSL (34)
[2017.05.19-05.54.13:601][982]LogModuleManager: Shutting down and abandoning module AudioEditor (30)
[2017.05.19-05.54.13:601][982]LogModuleManager: Shutting down and abandoning module TextureCompressor (28)
[2017.05.19-05.54.13:601][982]LogModuleManager: Shutting down and abandoning module ShaderCore (26)
[2017.05.19-05.54.13:601][982]LogModuleManager: Shutting down and abandoning module Landscape (24)
[2017.05.19-05.54.13:601][982]LogModuleManager: Shutting down and abandoning module SlateRHIRenderer (22)
[2017.05.19-05.54.13:602][982]LogModuleManager: Shutting down and abandoning module OpenGLDrv (20)
[2017.05.19-05.54.13:602][982]LogModuleManager: Shutting down and abandoning module D3D11RHI (18)
[2017.05.19-05.54.13:602][982]LogModuleManager: Shutting down and abandoning module AnimGraphRuntime (16)
[2017.05.19-05.54.13:602][982]LogModuleManager: Shutting down and abandoning module Renderer (14)
[2017.05.19-05.54.13:602][982]LogModuleManager: Shutting down and abandoning module Engine (12)
[2017.05.19-05.54.13:602][982]LogModuleManager: Shutting down and abandoning module CoreUObject (10)
[2017.05.19-05.54.13:602][982]LogModuleManager: Shutting down and abandoning module NetworkFile (8)
[2017.05.19-05.54.13:602][982]LogModuleManager: Shutting down and abandoning module StreamingFile (6)
[2017.05.19-05.54.13:602][982]LogModuleManager: Shutting down and abandoning module SandboxFile (4)
[2017.05.19-05.54.13:602][982]LogModuleManager: Shutting down and abandoning module PakFile (2)
[2017.05.19-05.54.13:605][982]LogExit: Exiting.
[2017.05.19-05.54.13:613][982]Log file closed, 05/19/17 15:24:13
