Log file open, 05/17/17 13:15:32
LogInit:Display: Running engine for game: ZombieCity
LogPlatformFile: Not using cached read wrapper
LogInit:Display: RandInit(1209644958) SRandInit(1209644958).
LogTaskGraph: Started task graph with 5 named threads and 6 total threads with 1 sets of task threads.
LogStats: Stats thread started at 0.100509
LogInit: Using libcurl 7.47.1
LogInit:  - built for x86_64-pc-win32
LogInit:  - supports SSL with OpenSSL/1.0.2g
LogInit:  - supports HTTP deflate (compression) using libz 1.2.8
LogInit:  - other features:
LogInit:      CURL_VERSION_SSL
LogInit:      CURL_VERSION_LIBZ
LogInit:      CURL_VERSION_IPV6
LogInit:      CURL_VERSION_ASYNCHDNS
LogInit:      CURL_VERSION_LARGEFILE
LogInit:      CURL_VERSION_IDN
LogInit:  CurlRequestOptions (configurable via config and command line):
LogInit:  - bVerifyPeer = false  - Libcurl will NOT verify peer certificate
LogInit:  - bUseHttpProxy = false  - Libcurl will NOT use HTTP proxy
LogInit:  - bDontReuseConnections = false  - Libcurl will reuse connections
LogInit:  - CertBundlePath = nullptr  - Libcurl will use whatever was configured at build time.
LogInit: Build: ++UE4+Release-4.15-CL-3348071
LogInit: Engine Version: 4.15.1-3348071+++UE4+Release-4.15
LogInit: Compatible Engine Version: 4.15.0-3299760+++UE4+Release-4.15
LogInit: Net CL: 3299760
LogDevObjectVersion: Number of dev versions registered: 14
LogDevObjectVersion:   Dev-Blueprints (B0D832E4-1F89-4F0D-ACCF-7EB736FD4AA2): 8
LogDevObjectVersion:   Dev-Build (E1C64328-A22C-4D53-A36C-8E866417BD8C): 0
LogDevObjectVersion:   Dev-Core (375EC13C-06E4-48FB-B500-84F0262A717E): 2
LogDevObjectVersion:   Dev-Editor (E4B068ED-F494-42E9-A231-DA0B2E46BB41): 14
LogDevObjectVersion:   Dev-Framework (CFFC743F-43B0-4480-9391-14DF171D2073): 22
LogDevObjectVersion:   Dev-Mobile (B02B49B5-BB20-44E9-A304-32B752E40360): 0
LogDevObjectVersion:   Dev-Networking (A4E4105C-59A1-49B5-A7C5-40C4547EDFEE): 0
LogDevObjectVersion:   Dev-Online (39C831C9-5AE6-47DC-9A44-9C173E1C8E7C): 0
LogDevObjectVersion:   Dev-Physics (78F01B33-EBEA-4F98-B9B4-84EACCB95AA2): 0
LogDevObjectVersion:   Dev-Platform (6631380F-2D4D-43E0-8009-CF276956A95A): 0
LogDevObjectVersion:   Dev-Rendering (12F88B9F-8875-4AFC-A67C-D90C383ABD29): 12
LogDevObjectVersion:   Dev-Sequencer (7B5AE74C-D270-4C10-A958-57980B212A5A): 3
LogDevObjectVersion:   Dev-VR (D7296918-1DD6-4BDD-9DE2-64A83CC13884): 0
LogDevObjectVersion:   Dev-LoadTimes (C2A15278-BFE7-4AFE-6C17-90FF531DF755): 1
LogInit: Compiled (64-bit): Mar 15 2017 16:52:47
LogInit: Compiled with Visual C++: 19.00.23026.00
LogInit: Build Configuration: Development
LogInit: Branch Name: ++UE4+Release-4.15
LogInit: Command line:  
LogInit: Base directory: C:/Program Files (x86)/Epic Games/4.15/Engine/Binaries/Win64/
LogInit: Installed Engine Build: 1
LogInit: Presizing for max 8388607 objects, including 0 objects not considered by GC, pre-allocating 0 bytes for permanent pool.
LogInit: Object subsystem initialized
[2017.05.17-03.45.33:931][  0]LogInit: Selected Device Profile: [Windows]
[2017.05.17-03.45.33:931][  0]LogInit: Applying CVar settings loaded from the selected device profile: [Windows]
[2017.05.17-03.45.33:947][  0]LogInit: Computer: LIZHANG
[2017.05.17-03.45.33:947][  0]LogInit: User: wanly102
[2017.05.17-03.45.33:947][  0]LogInit: CPU Page size=65536, Cores=2
[2017.05.17-03.45.33:947][  0]LogInit: High frequency timer resolution =2.533198 MHz
[2017.05.17-03.45.33:947][  0]LogMemory: Memory total: Physical=7.9GB (8GB approx)
[2017.05.17-03.45.33:947][  0]LogMemory: Platform Memory Stats for Windows
[2017.05.17-03.45.33:947][  0]LogMemory: Process Physical Memory: 261.79 MB used, 261.79 MB peak
[2017.05.17-03.45.33:947][  0]LogMemory: Process Virtual Memory: 262.20 MB used, 262.20 MB peak
[2017.05.17-03.45.33:947][  0]LogMemory: Physical Memory: 3810.98 MB used,  4261.98 MB free, 8072.96 MB total
[2017.05.17-03.45.33:947][  0]LogMemory: Virtual Memory: 642.59 MB used,  4261.98 MB free, 134217728.00 MB total
[2017.05.17-03.45.34:126][  0]LogTextLocalizationManager:Warning: Loaded localization resources contain conflicting entries for (Namespace:UObjectToolTips, Key:AnimNode_AssetPlayerBase:InternalTimeAccumulator):
Localization Resource: (C:/Program Files (x86)/Epic Games/4.15/Engine/Content/Localization/EditorTutorials/zh-CN/EditorTutorials.locres) Source String Hash: (502993589) Localized String: (用于引用此节点中的资源的累积时间)
Localization Resource: (C:/Program Files (x86)/Epic Games/4.15/Engine/Content/Localization/Engine/zh-CN/Engine.locres) Source String Hash: (502993589) Localized String: (引用该节点中资源所用的累计时间)
[2017.05.17-03.45.34:126][  0]LogTextLocalizationManager:Warning: Loaded localization resources contain conflicting entries for (Namespace:UObjectToolTips, Key:AnimNode_AssetPlayerBase:bIgnoreForRelevancyTest):
Localization Resource: (C:/Program Files (x86)/Epic Games/4.15/Engine/Content/Localization/EditorTutorials/zh-CN/EditorTutorials.locres) Source String Hash: (319969718) Localized String: (若为真，在状态中寻找最高权重动画的“相关动画”节点将忽视 此节点)
Localization Resource: (C:/Program Files (x86)/Epic Games/4.15/Engine/Content/Localization/Engine/zh-CN/Engine.locres) Source String Hash: (319969718) Localized String: (如果为真，那么将会忽略查找最高权重动画的"相关动画"节点。
这个节点)
[2017.05.17-03.45.34:126][  0]LogTextLocalizationManager:Warning: Loaded localization resources contain conflicting entries for (Namespace:UObjectToolTips, Key:AnimNode_AssetPlayerBase:BlendWeight):
Localization Resource: (C:/Program Files (x86)/Epic Games/4.15/Engine/Content/Localization/EditorTutorials/zh-CN/EditorTutorials.locres) Source String Hash: (-1232800293) Localized String: (此节点最后交会的混合权重)
Localization Resource: (C:/Program Files (x86)/Epic Games/4.15/Engine/Content/Localization/Engine/zh-CN/Engine.locres) Source String Hash: (-1232800293) Localized String: (该节点上一次遇到的混合权重)
[2017.05.17-03.45.35:264][  0]LogD3D11RHI: D3D11 adapters:
[2017.05.17-03.45.36:018][  0]LogD3D11RHI:    0. 'AMD Radeon R7 M265' (Feature Level 11_0)
[2017.05.17-03.45.36:018][  0]LogD3D11RHI:       2035/0/4036 MB DedicatedVideo/DedicatedSystem/SharedSystem, Outputs:1, VendorId:0x1002
[2017.05.17-03.45.36:027][  0]LogD3D11RHI:    1. 'Intel(R) HD Graphics Family' (Feature Level 11_0)
[2017.05.17-03.45.36:027][  0]LogD3D11RHI:       112/0/2048 MB DedicatedVideo/DedicatedSystem/SharedSystem, Outputs:0, VendorId:0x8086
[2017.05.17-03.45.36:029][  0]LogD3D11RHI:    2. 'Microsoft Basic Render Driver' (Feature Level 11_0)
[2017.05.17-03.45.36:029][  0]LogD3D11RHI:       0/0/4036 MB DedicatedVideo/DedicatedSystem/SharedSystem, Outputs:0, VendorId:0x1414
[2017.05.17-03.45.36:029][  0]LogD3D11RHI: Chosen D3D11 Adapter: 0
[2017.05.17-03.45.36:046][  0]LogD3D11RHI: Creating new Direct3DDevice
[2017.05.17-03.45.36:046][  0]LogD3D11RHI:     GPU DeviceId: 0x6900 (for the marketing name, search the web for "GPU Device Id")
[2017.05.17-03.45.36:046][  0]LogWindows: EnumDisplayDevices:
[2017.05.17-03.45.36:047][  0]LogWindows:    0. 'Intel(R) HD Graphics Family' (P:1 D:1)
[2017.05.17-03.45.36:049][  0]LogWindows:    1. 'Intel(R) HD Graphics Family' (P:0 D:0)
[2017.05.17-03.45.36:049][  0]LogWindows:    2. 'Intel(R) HD Graphics Family' (P:0 D:0)
[2017.05.17-03.45.36:050][  0]LogWindows: DebugString: PrimaryIsNotTheChoosenAdapter PrimaryIsNotTheChoosenAdapter PrimaryIsNotTheChoosenAdapter FoundDriverCount:0 
[2017.05.17-03.45.36:050][  0]LogD3D11RHI:     Adapter Name: AMD Radeon R7 M265
[2017.05.17-03.45.36:050][  0]LogD3D11RHI:   Driver Version: Unknown (internal:Unknown, unified:Unknown)
[2017.05.17-03.45.36:050][  0]LogD3D11RHI:      Driver Date: Unknown
[2017.05.17-03.45.36:050][  0]LogRHI: Texture pool is 1361 MB (70% of 1945 MB)
[2017.05.17-03.45.36:822][  0]LogD3D11RHI: Async texture creation enabled
[2017.05.17-03.45.36:847][  0]LogD3D11RHI: GPU Timing Frequency: 27.000000 (Debug: 2 1)
[2017.05.17-03.45.36:849][  0]LogShaderCompilers: Guid format shader working directory is -14 characters bigger than the processId version (../../../../../../Users/jicheng/Desktop/Zombie-City/ZombieCity/Intermediate/Shaders/WorkingDirectory/7684/).
[2017.05.17-03.45.36:850][  0]LogShaderCompilers: Cleaned the shader compiler working directory 'C:/Users/jicheng/AppData/Local/Temp/UnrealShaderWorkingDir/3867674F4B5E1B83BE5100A2CBC01A35/'.
[2017.05.17-03.45.36:850][  0]LogShaderCompilers:Display: Using Local Shader Compiler.
[2017.05.17-03.45.39:961][  0]LogTemp:Display: Loaded TP AllDesktopTargetPlatform
[2017.05.17-03.45.40:035][  0]LogTemp:Display: Loaded TP MacClientTargetPlatform
[2017.05.17-03.45.40:103][  0]LogTemp:Display: Loaded TP MacNoEditorTargetPlatform
[2017.05.17-03.45.40:176][  0]LogTemp:Display: Loaded TP MacServerTargetPlatform
[2017.05.17-03.45.40:247][  0]LogTemp:Display: Loaded TP MacTargetPlatform
[2017.05.17-03.45.40:319][  0]LogTemp:Display: Loaded TP WindowsClientTargetPlatform
[2017.05.17-03.45.40:396][  0]LogTemp:Display: Loaded TP WindowsNoEditorTargetPlatform
[2017.05.17-03.45.40:471][  0]LogTemp:Display: Loaded TP WindowsServerTargetPlatform
[2017.05.17-03.45.40:531][  0]LogTemp:Display: Loaded TP WindowsTargetPlatform
[2017.05.17-03.45.40:618][  0]LogTemp:Display: Loaded TP AndroidTargetPlatform
[2017.05.17-03.45.40:758][  0]LogTemp:Display: Loaded TP Android_ASTCTargetPlatform
[2017.05.17-03.45.40:944][  0]LogTemp:Display: Loaded TP Android_ATCTargetPlatform
[2017.05.17-03.45.41:127][  0]LogTemp:Display: Loaded TP Android_DXTTargetPlatform
[2017.05.17-03.45.41:380][  0]LogTemp:Display: Loaded TP Android_ETC1TargetPlatform
[2017.05.17-03.45.41:633][  0]LogTemp:Display: Loaded TP Android_ETC2TargetPlatform
[2017.05.17-03.45.42:056][  0]LogTemp:Display: Loaded TP Android_MultiTargetPlatform
[2017.05.17-03.45.42:056][  0]LogTemp:Display: Loaded TP Android_PVRTCTargetPlatform
[2017.05.17-03.45.42:202][  0]LogTemp:Display: Loaded TP HTML5TargetPlatform
[2017.05.17-03.45.42:465][  0]LogTemp:Display: Loaded TP IOSTargetPlatform
[2017.05.17-03.45.42:573][  0]LogTemp:Display: Loaded TP TVOSTargetPlatform
[2017.05.17-03.45.42:698][  0]LogTemp:Display: Loaded TP LinuxClientTargetPlatform
[2017.05.17-03.45.42:768][  0]LogTemp:Display: Loaded TP LinuxNoEditorTargetPlatform
[2017.05.17-03.45.42:847][  0]LogTemp:Display: Loaded TP LinuxServerTargetPlatform
[2017.05.17-03.45.42:933][  0]LogTemp:Display: Loaded TP LinuxTargetPlatform
[2017.05.17-03.45.42:934][  0]LogTargetPlatformManager:Display: Building Assets For Windows
[2017.05.17-03.45.44:112][  0]LogDerivedDataCache:Display: Max Cache Size: 512 MB
[2017.05.17-03.45.44:208][  0]LogDerivedDataCache: Loaded boot cache 0.10s 50MB C:/Users/jicheng/AppData/Local/UnrealEngine/4.15/DerivedDataCache/Boot.ddc.
[2017.05.17-03.45.44:208][  0]LogDerivedDataCache:Display: Loaded Boot cache: C:/Users/jicheng/AppData/Local/UnrealEngine/4.15/DerivedDataCache/Boot.ddc
[2017.05.17-03.45.44:208][  0]LogDerivedDataCache: FDerivedDataBackendGraph:  Pak pak cache file ../../../../../../Users/jicheng/Desktop/Zombie-City/ZombieCity/DerivedDataCache/DDC.ddp not found, will not use a pak cache.
[2017.05.17-03.45.44:208][  0]LogDerivedDataCache: Unable to find inner node Pak for hierarchical cache Hierarchy.
[2017.05.17-03.45.44:208][  0]LogDerivedDataCache: FDerivedDataBackendGraph:  CompressedPak pak cache file ../../../../../../Users/jicheng/Desktop/Zombie-City/ZombieCity/DerivedDataCache/Compressed.ddp not found, will not use a pak cache.
[2017.05.17-03.45.44:208][  0]LogDerivedDataCache: Unable to find inner node CompressedPak for hierarchical cache Hierarchy.
[2017.05.17-03.45.44:233][  0]LogDerivedDataCache:Display: Pak cache opened for reading ../../../Engine/DerivedDataCache/Compressed.ddp.
[2017.05.17-03.45.44:247][  0]LogDerivedDataCache: Using Local data cache path C:/Users/jicheng/AppData/Local/UnrealEngine/Common/DerivedDataCache: Writable
[2017.05.17-03.45.44:258][  0]LogSlate: Using Freetype 2.6.0
[2017.05.17-03.45.44:259][  0]LogSlate: SlateFontCache - WITH_FREETYPE: 1, WITH_HARFBUZZ: 1
[2017.05.17-03.45.44:259][  0]LogSlate: SlateFontCache - WITH_FREETYPE: 1, WITH_HARFBUZZ: 1
[2017.05.17-03.45.44:789][  0]LogInit: Selected Device Profile: [Windows]
[2017.05.17-03.45.44:792][  0]LogContentStreaming: Texture pool size is 0.00 MB
[2017.05.17-03.45.45:156][  0]LogMeshUtilities: Using QuadricMeshReduction for automatic static mesh reduction
[2017.05.17-03.45.45:214][  0]LogSimplygon: Simplygon DLL not present - disabling.
[2017.05.17-03.45.45:280][  0]LogMeshUtilities: Using SimplygonSwarm for distributed automatic mesh merging
[2017.05.17-03.45.45:280][  0]LogMeshUtilities: No automatic skeletal mesh reduction module available
[2017.05.17-03.45.45:280][  0]LogMeshUtilities: No automatic mesh merging module available
[2017.05.17-03.45.46:478][  0]LogNetVersion: GetLocalNetworkVersion: CL: 3299760, ProjectName: zombiecity, ProjectVersion: , EngineNetworkVersion: 2, GameNetworkVersion: 0, NetworkChecksum: 270151773
[2017.05.17-03.45.46:567][  0]LogAssetRegistry: FAssetRegistry took 0.0223 seconds to start up
[2017.05.17-03.45.46:861][  0]LogPackageLocalizationCache: Processed 3 localized package path(s) for 4 prioritized culture(s) in 0.222917 seconds
[2017.05.17-03.45.46:868][  0]LogUObjectArray: 32493 objects as part of root set at end of initial load.
[2017.05.17-03.45.46:868][  0]LogUObjectAllocator: 7077032 out of 0 bytes used by permanent object pool.
[2017.05.17-03.45.46:868][  0]LogUObjectArray: CloseDisregardForGC: 0/0 objects in disregard for GC pool
[2017.05.17-03.45.46:956][  0]LogInit: WinSock: version 1.1 (2.2), MaxSocks=32767, MaxUdp=65467
[2017.05.17-03.45.52:665][  0]LogTcpMessaging: Initializing TcpMessaging bridge
[2017.05.17-03.45.52:722][  0]LogUdpMessaging: Initializing bridge on interface 0.0.0.0:0 to multicast group 230.0.0.1:6666.
[2017.05.17-03.45.53:544][  0]LogMaterial: Uniform references updated for custom material expression Custom.
[2017.05.17-03.45.54:194][  0]SourceControl: 信息 源码控制已禁用
[2017.05.17-03.45.54:196][  0]SourceControl: 信息 源码控制已禁用
[2017.05.17-03.45.54:272][  0]SourceControl: 信息 源码控制已禁用
[2017.05.17-03.45.54:346][  0]SourceControl: 信息 源码控制已禁用
[2017.05.17-03.45.54:859][  0]LogLinker:Warning: 无法寻找到文件'/Game/ThirdPersonBP/ThirdPersonOverview'
[2017.05.17-03.45.54:859][  0]LogLinker:Warning: 无法寻找到文件'/Game/ThirdPersonBP/ThirdPersonOverview'
[2017.05.17-03.45.54:859][  0]LogUObjectGlobals:Warning: 寻找对象'Class /Game/ThirdPersonBP/ThirdPersonOverview.ThirdPersonOverview_C'失败
[2017.05.17-03.45.56:469][  0]LogEngine: Initializing Engine...
[2017.05.17-03.45.56:470][  0]LogHMD: Failed to initialize OpenVR with code 110
[2017.05.17-03.45.56:801][  0]LogAIModule: Creating AISystem for world Untitled
[2017.05.17-03.45.56:818][  0]LogInit: XAudio2 using 'Speakers / Headphones (Realtek High Definition Audio)' : 2 channels at 48 kHz using 32 bits per sample (channel mask 0x3)
[2017.05.17-03.45.56:883][  0]LogInit: FAudioDevice initialized.
[2017.05.17-03.45.56:927][  0]LogDerivedDataCache: Saved boot cache 0.04s 50MB C:/Users/jicheng/AppData/Local/UnrealEngine/4.15/DerivedDataCache/Boot.ddc.
[2017.05.17-03.45.56:935][  0]LogInit: Texture streaming: Enabled
[2017.05.17-03.45.57:081][  0]LogEngineSessionManager: EngineSessionManager initialized
[2017.05.17-03.45.57:215][  0]LogInit: Transaction tracking system initialized
[2017.05.17-03.45.58:232][  0]BlueprintLog: New page: 编辑器加载
[2017.05.17-03.45.59:647][  0]LocalizationService: 信息 本地化服务已被禁用
[2017.05.17-03.46.00:919][  0]LogConsoleResponse:Display: 
[2017.05.17-03.46.01:119][  0]LogCook:Display: Max memory allowance for cook 16384mb min free memory 0mb
[2017.05.17-03.46.01:119][  0]LogCook:Display: Mobile HDR setting 1
[2017.05.17-03.46.01:623][  0]LogFileCache: Scanning file cache for directory 'C:/Users/jicheng/Desktop/Zombie-City/ZombieCity/Content/' took 0.02s
[2017.05.17-03.46.02:773][  0]SourceControl: 信息 源码控制已禁用
[2017.05.17-03.46.02:773][  0]Cmd: MAP LOAD FILE="../../../../../../Users/jicheng/Desktop/Zombie-City/ZombieCity/Content/ZombieCity/Maps/UIMap.umap" TEMPLATE=0 SHOWPROGRESS=1 FEATURELEVEL=3
[2017.05.17-03.46.02:774][  0]LightingResults: New page: 光照构建
[2017.05.17-03.46.02:837][  0]MapCheck: New page: 地图检测
[2017.05.17-03.46.02:837][  0]LightingResults: New page: 光照构建
[2017.05.17-03.46.03:907][  0]LogAIModule: Creating AISystem for world UIMap
[2017.05.17-03.46.03:975][  0]LogEditorServer: Finished looking for orphan Actors (0.000 secs)
[2017.05.17-03.46.03:976][  0]Cmd: MAP CHECKDEP NOCLEARLOG
[2017.05.17-03.46.04:040][  0]MapCheck: 信息 地图检测完成：0个错误，0 个警告，用时64.631毫秒完成。
[2017.05.17-03.46.04:041][  0]LogFileHelpers: Loading map 'UIMap' took 1.268
[2017.05.17-03.46.04:591][  0]LogCollectionManager: Loaded 1 collections in 0.004862 seconds
[2017.05.17-03.46.04:742][  0]LogFileCache: Scanning file cache for directory 'C:/Users/jicheng/Desktop/Zombie-City/ZombieCity/Saved/Collections/' took 0.01s
[2017.05.17-03.46.04:742][  0]LogFileCache: Scanning file cache for directory 'C:/Users/jicheng/Desktop/Zombie-City/ZombieCity/Content/Developers/wanly102/Collections/' took 0.01s
[2017.05.17-03.46.04:742][  0]LogFileCache: Scanning file cache for directory 'C:/Users/jicheng/Desktop/Zombie-City/ZombieCity/Content/Collections/' took 0.01s
[2017.05.17-03.46.04:742][  0]LogCollectionManager: Rebuilt the GUID cache for 1 collections in 0.000004 seconds
[2017.05.17-03.46.04:742][  0]LogCollectionManager: Rebuilt the hierarchy cache for 1 collections in 0.000000 seconds
[2017.05.17-03.46.04:755][  0]LogContentBrowser: Native class hierarchy populated in 0.0127 seconds. Added 2245 classes and 453 folders.
[2017.05.17-03.46.04:761][  0]LogStats: UGameplayTagsManager::ConstructGameplayTagTree: Construct from data asset -  0.000 s
[2017.05.17-03.46.04:761][  0]LogStats: UGameplayTagsManager::ConstructGameplayTagTree: GameplayTagTreeChangedEvent.Broadcast -  0.000 s
[2017.05.17-03.46.04:909][  0]LogContentBrowser: Native class hierarchy updated for 'WidgetCarousel' in 0.0006 seconds. Added 0 classes and 0 folders.
[2017.05.17-03.46.05:027][  0]LogContentBrowser: Native class hierarchy updated for 'AddContentDialog' in 0.0010 seconds. Added 0 classes and 0 folders.
[2017.05.17-03.46.05:100][  0]LogContentBrowser: Native class hierarchy updated for 'SceneOutliner' in 0.0006 seconds. Added 1 classes and 2 folders.
[2017.05.17-03.46.05:257][  0]LogCrashTracker: Crashtracker disabled due to settings.
[2017.05.17-03.46.05:270][  0]LogUObjectGlobals:Warning: 寻找对象'Class 无.'失败
[2017.05.17-03.46.05:382][  0]LogContentBrowser: Native class hierarchy updated for 'HierarchicalLODOutliner' in 0.0019 seconds. Added 1 classes and 2 folders.
[2017.05.17-03.46.05:383][  0]LogLoad: (Engine Initialization) Total time: 34.70 seconds
[2017.05.17-03.46.05:383][  0]LogLoad: (Engine Initialization) Total Blueprint compile time: 0.28 seconds
[2017.05.17-03.46.05:383][  0]LogExternalProfiler: Found external profiler: VSPerf
[2017.05.17-03.46.05:383][  0]LogExternalProfiler: Using external profiler: VSPerf
[2017.05.17-03.46.05:753][  0]LogOcInput: OculusInput pre-init called
[2017.05.17-03.46.05:788][  0]LogContentStreaming: Texture pool size now 400 MB
[2017.05.17-03.46.05:794][  0]LogSlate: Took 0.002670 seconds to synchronously load lazily loaded font '../../../Engine/Content/Slate/Fonts/Roboto-Regular.ttf' (155K)
[2017.05.17-03.46.05:892][  0]LogSlate: Took 0.084512 seconds to synchronously load lazily loaded font '../../../Engine/Content/Slate/Fonts/DroidSansFallback.ttf' (3848K)
[2017.05.17-03.46.05:899][  0]LogSlate: Took 0.001965 seconds to synchronously load lazily loaded font '../../../Engine/Content/Slate/Fonts/Roboto-Bold.ttf' (160K)
[2017.05.17-03.46.05:911][  0]LogSlate: Took 0.001773 seconds to synchronously load lazily loaded font '../../../Engine/Content/Editor/Slate/Fonts/FontAwesome.ttf' (139K)
[2017.05.17-03.46.06:123][  0]LogRenderer: Reallocating scene render targets to support 840x456 NumSamples 1 (Frame:2).
[2017.05.17-03.46.06:762][  1]LogAssetRegistry: Asset discovery search completed in 20.2168 seconds
[2017.05.17-03.46.06:762][  1]LogCollectionManager: Rebuilt the object cache for 1 collections in 0.000010 seconds (found 0 objects)
[2017.05.17-03.46.06:762][  1]LogCollectionManager: Fixed up redirectors for 1 collections in 0.000052 seconds (updated 0 objects)
[2017.05.17-03.46.10:128][ 11]LogSlate: Took 0.000242 seconds to synchronously load lazily loaded font '../../../Engine/Content/Slate/Fonts/Roboto-Light.ttf' (159K)
[2017.05.17-03.46.11:829][ 16]LogFileCache: Retrieving MD5 hashes for directory 'C:/Users/jicheng/Desktop/Zombie-City/ZombieCity/Content/' took 6.06s
[2017.05.17-03.46.50:768][817]LogSlate: Took 0.000178 seconds to synchronously load lazily loaded font '../../../Engine/Content/Slate/Fonts/Roboto-Light.ttf' (159K)
[2017.05.17-03.46.51:259][817]LogAIModule: Creating AISystem for world MainMap
[2017.05.17-03.46.51:332][817]Cmd: MAP LOAD FILE="../../../../../../Users/jicheng/Desktop/Zombie-City/ZombieCity/Content/ZombieCity/Maps/MainMap.umap" TEMPLATE=0 SHOWPROGRESS=1 FEATURELEVEL=3
[2017.05.17-03.46.51:332][817]LightingResults: New page: 光照构建
[2017.05.17-03.46.51:334][817]LoadErrors: New page: 正在加载地图： MainMap.umap
[2017.05.17-03.46.51:335][817]MapCheck: New page: 地图检测
[2017.05.17-03.46.51:335][817]LightingResults: New page: 光照构建
[2017.05.17-03.46.51:514][817]LogEditorServer: Finished looking for orphan Actors (0.000 secs)
[2017.05.17-03.46.51:569][817]Cmd: MAP CHECKDEP NOCLEARLOG
[2017.05.17-03.46.51:640][817]MapCheck: 信息 地图检测完成：0个错误，0 个警告，用时70.063毫秒完成。
[2017.05.17-03.46.51:640][817]LogFileHelpers: Loading map 'MainMap' took 0.309
[2017.05.17-03.47.13:674][554]LogContentBrowser: Native class hierarchy updated for 'SkeletonEditor' in 0.0008 seconds. Added 1 classes and 2 folders.
[2017.05.17-03.47.14:081][554]LogSlate: Took 0.000280 seconds to synchronously load lazily loaded font '../../../Engine/Content/Slate/Fonts/Roboto-Regular.ttf' (155K)
[2017.05.17-03.47.14:092][554]LogActorComponent: RegisterComponentWithWorld: (/Engine/Transient.World_2:PersistentLevel.Actor_0.DebugSkelMeshComponent_0) Already registered. Aborting.
[2017.05.17-03.47.14:710][554]LogContentBrowser: Native class hierarchy updated for 'BlueprintGraph' in 0.0011 seconds. Added 112 classes and 0 folders.
[2017.05.17-03.47.15:155][554]LogSkeletalMesh: USkeletalMeshComponent::InitArticulated : Bodies already created (/Engine/Transient.World_2:PersistentLevel.Actor_0.DebugSkelMeshComponent_0) - call TermArticulated first.
[2017.05.17-03.47.15:339][554]LogSlate: Took 0.002028 seconds to synchronously load lazily loaded font '../../../Engine/Content/Editor/Slate/Fonts/Roboto-BoldCondensed.ttf' (158K)
[2017.05.17-03.50.16:109][766]LogSlate: Took 0.002350 seconds to synchronously load lazily loaded font '../../../Engine/Content/Editor/Slate/Fonts/Roboto-Italic.ttf' (157K)
[2017.05.17-03.53.05:018][806]BlueprintLog: New page: 编译Z1AB
[2017.05.17-03.53.56:505][963]BlueprintLog: New page: 编译Z1AB
[2017.05.17-03.53.58:186][ 40]Cmd: OBJ SAVEPACKAGE PACKAGE="/Game/TposeZombie1/Meshes/Z1AB" FILE="../../../../../../Users/jicheng/Desktop/Zombie-City/ZombieCity/Content/TposeZombie1/Meshes/Z1AB.uasset" SILENT=true
[2017.05.17-03.53.58:295][ 40]LogSavePackage: Save=59.58ms
[2017.05.17-03.53.58:295][ 40]LogSavePackage: Moving '../../../../../../Users/jicheng/Desktop/Zombie-City/ZombieCity/Saved/Z1AB6F893FE74D9A19571F12E28C069897A7.tmp' to '../../../../../../Users/jicheng/Desktop/Zombie-City/ZombieCity/Content/TposeZombie1/Meshes/Z1AB.uasset'
[2017.05.17-03.53.58:327][ 40]LogSavePackage:Display: Finished SavePackage ../../../../../../Users/jicheng/Desktop/Zombie-City/ZombieCity/Content/TposeZombie1/Meshes/Z1AB.uasset
[2017.05.17-03.54.23:888][920]LogEditorViewport: Clicking on Actor (LMB): StaticMeshActor (Wall6)
[2017.05.17-03.54.30:512][ 58]LogRenderer: Reallocating scene render targets to support 912x540 NumSamples 1 (Frame:17889).
[2017.05.17-03.54.34:486][118]LogSlate: Took 0.000184 seconds to synchronously load lazily loaded font '../../../Engine/Content/Slate/Fonts/Roboto-Light.ttf' (159K)
[2017.05.17-03.54.53:515][639]BlueprintLog: New page: 编译Zoobie001
[2017.05.17-03.54.55:866][654]Cmd: OBJ SAVEPACKAGE PACKAGE="/Game/ZombieCity/Blueprints/Zoobie001" FILE="../../../../../../Users/jicheng/Desktop/Zombie-City/ZombieCity/Content/ZombieCity/Blueprints/Zoobie001.uasset" SILENT=true
[2017.05.17-03.54.55:972][654]LogSavePackage: Save=38.35ms
[2017.05.17-03.54.55:972][654]LogSavePackage: Moving '../../../../../../Users/jicheng/Desktop/Zombie-City/ZombieCity/Saved/Zoobie0019F52B1E74E9CB875555CB3A904815158.tmp' to '../../../../../../Users/jicheng/Desktop/Zombie-City/ZombieCity/Content/ZombieCity/Blueprints/Zoobie001.uasset'
[2017.05.17-03.54.55:994][654]LogSavePackage:Display: Finished SavePackage ../../../../../../Users/jicheng/Desktop/Zombie-City/ZombieCity/Content/ZombieCity/Blueprints/Zoobie001.uasset
[2017.05.17-03.54.57:269][677]Cmd: OBJ SAVEPACKAGE PACKAGE="/Game/ZombieCity/Blueprints/Zoobie001" FILE="../../../../../../Users/jicheng/Desktop/Zombie-City/ZombieCity/Content/ZombieCity/Blueprints/Zoobie001.uasset" SILENT=true
[2017.05.17-03.54.57:363][677]LogSavePackage: Save=40.40ms
[2017.05.17-03.54.57:363][677]LogSavePackage: Moving '../../../../../../Users/jicheng/Desktop/Zombie-City/ZombieCity/Saved/Zoobie00162E9464A4E3655D00E26E787DB13C491.tmp' to '../../../../../../Users/jicheng/Desktop/Zombie-City/ZombieCity/Content/ZombieCity/Blueprints/Zoobie001.uasset'
[2017.05.17-03.54.57:381][677]LogSavePackage:Display: Finished SavePackage ../../../../../../Users/jicheng/Desktop/Zombie-City/ZombieCity/Content/ZombieCity/Blueprints/Zoobie001.uasset
[2017.05.17-03.55.07:714][888]LogRenderer: Reallocating scene render targets to support 1152x540 NumSamples 1 (Frame:18599).
[2017.05.17-03.57.08:538][558]LogEditorViewport: Clicking on Actor (LMB): StaticMeshActor (Floor)
[2017.05.17-03.57.19:591][941]LogEditorViewport: Clicking on Actor (LMB): Zoobie001_C (Zoobie2)
[2017.05.17-03.57.23:931][ 67]LogEditorViewport: Clicking on Actor (LMB): StaticMeshActor (Floor)
[2017.05.17-03.57.25:899][118]LogEditorViewport: Clicking on Actor (LMB): Zoobie001_C (Zoobie001)
[2017.05.17-03.57.31:715][294]LogEditorViewport: Clicking on Actor (LMB): Zoobie001_C (Zoobie2)
[2017.05.17-03.58.22:843][475]LogTemp: Repeting last play command: 独立窗口运行
[2017.05.17-03.58.23:349][475]LogSavePackage: Save=238.89ms
[2017.05.17-03.58.23:349][475]LogSavePackage: Moving '../../../../../../Users/jicheng/Desktop/Zombie-City/ZombieCity/Saved/UEDPCMainMap68B37F354943913A8A5787A2B1B267AF.tmp' to '../../../../../../Users/jicheng/Desktop/Zombie-City/ZombieCity/Saved/Autosaves/Game/ZombieCity/Maps/UEDPCMainMap.umap'
[2017.05.17-03.58.23:361][475]LogSavePackage:Display: Finished SavePackage ../../../../../../Users/jicheng/Desktop/Zombie-City/ZombieCity/Saved/Autosaves/Game/ZombieCity/Maps/UEDPCMainMap.umap
[2017.05.17-03.58.23:375][475]Cmd: OBJ SAVEPACKAGE PACKAGE="/Game/ZombieCity/Maps/MainMap_BuiltData" FILE="../../../../../../Users/jicheng/Desktop/Zombie-City/ZombieCity/Content/ZombieCity/Maps/MainMap_BuiltData.uasset" SILENT=true
[2017.05.17-03.58.23:901][475]LogSavePackage: Save=459.75ms
[2017.05.17-03.58.23:901][475]LogSavePackage: Moving '../../../../../../Users/jicheng/Desktop/Zombie-City/ZombieCity/Saved/MainMap_BuiltDataBCCEB15646FAC956380CB5868AD30998.tmp' to '../../../../../../Users/jicheng/Desktop/Zombie-City/ZombieCity/Content/ZombieCity/Maps/MainMap_BuiltData.uasset'
[2017.05.17-03.58.23:912][475]LogSavePackage:Display: Finished SavePackage ../../../../../../Users/jicheng/Desktop/Zombie-City/ZombieCity/Content/ZombieCity/Maps/MainMap_BuiltData.uasset
[2017.05.17-03.58.23:918][475]LogEditorTransaction: Undo Spawn Play From Here Start
[2017.05.17-03.58.56:776][734]LogSavePackage: Save=253.70ms
[2017.05.17-03.58.56:776][734]LogSavePackage: Moving '../../../../../../Users/jicheng/Desktop/Zombie-City/ZombieCity/Saved/MainMap_Auto1A174492D40B67B75EF7C2E8FECEB9275.tmp' to '../../../../../../Users/jicheng/Desktop/Zombie-City/ZombieCity/Saved/Autosaves/Game/ZombieCity/Maps/MainMap_Auto1.umap'
[2017.05.17-03.58.56:787][734]LogSavePackage:Display: Finished SavePackage ../../../../../../Users/jicheng/Desktop/Zombie-City/ZombieCity/Saved/Autosaves/Game/ZombieCity/Maps/MainMap_Auto1.umap
[2017.05.17-03.58.56:794][734]LogFileHelpers: Editor autosave (incl. sublevels) for '/Game/ZombieCity/Maps/MainMap' took 0.381
[2017.05.17-03.58.56:795][734]LogFileHelpers: Editor autosave (incl. sublevels) for all levels took 0.381
[2017.05.17-03.59.56:269][913]LogEditorViewport: Clicking on Actor (LMB): StaticMeshActor (Floor)
[2017.05.17-04.00.04:543][134]LogEditorViewport: Clicking on Actor (LMB): Zoobie001_C (Zoobie2)
[2017.05.17-04.03.51:857][429]LogTemp: Repeting last play command: 独立窗口运行
[2017.05.17-04.03.52:378][429]LogSavePackage: Save=196.41ms
[2017.05.17-04.03.52:378][429]LogSavePackage: Moving '../../../../../../Users/jicheng/Desktop/Zombie-City/ZombieCity/Saved/UEDPCMainMapFDECF2704ACC33A2C402B4BA5E1CB0B8.tmp' to '../../../../../../Users/jicheng/Desktop/Zombie-City/ZombieCity/Saved/Autosaves/Game/ZombieCity/Maps/UEDPCMainMap.umap'
[2017.05.17-04.03.52:389][429]LogSavePackage:Display: Finished SavePackage ../../../../../../Users/jicheng/Desktop/Zombie-City/ZombieCity/Saved/Autosaves/Game/ZombieCity/Maps/UEDPCMainMap.umap
[2017.05.17-04.03.52:406][429]Cmd: OBJ SAVEPACKAGE PACKAGE="/Game/ZombieCity/Maps/MainMap_BuiltData" FILE="../../../../../../Users/jicheng/Desktop/Zombie-City/ZombieCity/Content/ZombieCity/Maps/MainMap_BuiltData.uasset" SILENT=true
[2017.05.17-04.03.53:023][429]LogSavePackage: Save=583.55ms
[2017.05.17-04.03.53:023][429]LogSavePackage: Moving '../../../../../../Users/jicheng/Desktop/Zombie-City/ZombieCity/Saved/MainMap_BuiltData04C3E2524C202A0234E099A0A9DF6647.tmp' to '../../../../../../Users/jicheng/Desktop/Zombie-City/ZombieCity/Content/ZombieCity/Maps/MainMap_BuiltData.uasset'
[2017.05.17-04.03.53:038][429]LogSavePackage:Display: Finished SavePackage ../../../../../../Users/jicheng/Desktop/Zombie-City/ZombieCity/Content/ZombieCity/Maps/MainMap_BuiltData.uasset
[2017.05.17-04.03.53:045][429]LogEditorTransaction: Undo Spawn Play From Here Start
[2017.05.17-04.04.58:350][907]LogSlate:Warning: Prevented a slow task dialog from being summoned while a context menu was open
[2017.05.17-04.05.11:933][181]LogSlate:Warning: Prevented a slow task dialog from being summoned while a context menu was open
[2017.05.17-04.05.12:917][189]LogSlate:Warning: Prevented a slow task dialog from being summoned while a context menu was open
[2017.05.17-04.05.18:202][295]LogSlate:Warning: Prevented a slow task dialog from being summoned while a context menu was open
[2017.05.17-04.05.19:156][302]LogSlate:Warning: Prevented a slow task dialog from being summoned while a context menu was open
[2017.05.17-04.06.35:701][757]LogActorComponent: RegisterComponentWithWorld: (/Engine/Transient.World_16:PersistentLevel.Actor_1.DebugSkelMeshComponent_2) Already registered. Aborting.
[2017.05.17-04.06.35:900][757]LogSkeletalMesh: USkeletalMeshComponent::InitArticulated : Bodies already created (/Engine/Transient.World_16:PersistentLevel.Actor_1.DebugSkelMeshComponent_2) - call TermArticulated first.
[2017.05.17-04.07.38:407][231]BlueprintLog: New page: 编译Z1AB
[2017.05.17-04.07.49:384][688]Cmd: OBJ SAVEPACKAGE PACKAGE="/Game/TposeZombie1/Meshes/Z1AB" FILE="../../../../../../Users/jicheng/Desktop/Zombie-City/ZombieCity/Content/TposeZombie1/Meshes/Z1AB.uasset" SILENT=true
[2017.05.17-04.07.49:467][688]LogSavePackage: Save=43.46ms
[2017.05.17-04.07.49:467][688]LogSavePackage: Moving '../../../../../../Users/jicheng/Desktop/Zombie-City/ZombieCity/Saved/Z1ABBD013CDB4F3C0351AF1014A5E71207D5.tmp' to '../../../../../../Users/jicheng/Desktop/Zombie-City/ZombieCity/Content/TposeZombie1/Meshes/Z1AB.uasset'
[2017.05.17-04.07.49:489][688]LogSavePackage:Display: Finished SavePackage ../../../../../../Users/jicheng/Desktop/Zombie-City/ZombieCity/Content/TposeZombie1/Meshes/Z1AB.uasset
[2017.05.17-04.08.59:473][388]LogSlate:Warning: Prevented a slow task dialog from being summoned while a context menu was open
[2017.05.17-04.09.54:867][475]LogTemp: Repeting last play command: 独立窗口运行
[2017.05.17-04.09.57:053][475]Cmd: OBJ SAVEPACKAGE PACKAGE="/Game/ZombieCity/Blueprints/Zoobie001" FILE="../../../../../../Users/jicheng/Desktop/Zombie-City/ZombieCity/Content/ZombieCity/Blueprints/Zoobie001.uasset" SILENT=true
[2017.05.17-04.09.57:130][475]LogSavePackage: Save=38.39ms
[2017.05.17-04.09.57:130][475]LogSavePackage: Moving '../../../../../../Users/jicheng/Desktop/Zombie-City/ZombieCity/Saved/Zoobie0010DF3D5864E9E1FA12787699E1BD21AB3.tmp' to '../../../../../../Users/jicheng/Desktop/Zombie-City/ZombieCity/Content/ZombieCity/Blueprints/Zoobie001.uasset'
[2017.05.17-04.09.57:154][475]LogSavePackage:Display: Finished SavePackage ../../../../../../Users/jicheng/Desktop/Zombie-City/ZombieCity/Content/ZombieCity/Blueprints/Zoobie001.uasset
[2017.05.17-04.09.57:450][475]LogSavePackage: Save=189.88ms
[2017.05.17-04.09.57:450][475]LogSavePackage: Moving '../../../../../../Users/jicheng/Desktop/Zombie-City/ZombieCity/Saved/UEDPCMainMap59A589DE44DC99D457A41993D62DF414.tmp' to '../../../../../../Users/jicheng/Desktop/Zombie-City/ZombieCity/Saved/Autosaves/Game/ZombieCity/Maps/UEDPCMainMap.umap'
[2017.05.17-04.09.57:459][475]LogSavePackage:Display: Finished SavePackage ../../../../../../Users/jicheng/Desktop/Zombie-City/ZombieCity/Saved/Autosaves/Game/ZombieCity/Maps/UEDPCMainMap.umap
[2017.05.17-04.09.57:472][475]Cmd: OBJ SAVEPACKAGE PACKAGE="/Game/ZombieCity/Maps/MainMap_BuiltData" FILE="../../../../../../Users/jicheng/Desktop/Zombie-City/ZombieCity/Content/ZombieCity/Maps/MainMap_BuiltData.uasset" SILENT=true
[2017.05.17-04.09.57:813][475]LogSavePackage: Save=306.69ms
[2017.05.17-04.09.57:813][475]LogSavePackage: Moving '../../../../../../Users/jicheng/Desktop/Zombie-City/ZombieCity/Saved/MainMap_BuiltDataEF5880BB4FE3FD3C5FD802BA314649B9.tmp' to '../../../../../../Users/jicheng/Desktop/Zombie-City/ZombieCity/Content/ZombieCity/Maps/MainMap_BuiltData.uasset'
[2017.05.17-04.09.57:821][475]LogSavePackage:Display: Finished SavePackage ../../../../../../Users/jicheng/Desktop/Zombie-City/ZombieCity/Content/ZombieCity/Maps/MainMap_BuiltData.uasset
[2017.05.17-04.09.57:826][475]LogEditorTransaction: Undo Spawn Play From Here Start
[2017.05.17-04.10.26:667][673]LogSavePackage: Save=245.98ms
[2017.05.17-04.10.26:667][673]LogSavePackage: Moving '../../../../../../Users/jicheng/Desktop/Zombie-City/ZombieCity/Saved/MainMap_Auto2BFBD5FC04C1E6D9EB2EAD88986428997.tmp' to '../../../../../../Users/jicheng/Desktop/Zombie-City/ZombieCity/Saved/Autosaves/Game/ZombieCity/Maps/MainMap_Auto2.umap'
[2017.05.17-04.10.26:682][673]LogSavePackage:Display: Finished SavePackage ../../../../../../Users/jicheng/Desktop/Zombie-City/ZombieCity/Saved/Autosaves/Game/ZombieCity/Maps/MainMap_Auto2.umap
[2017.05.17-04.10.26:693][673]LogFileHelpers: Editor autosave (incl. sublevels) for '/Game/ZombieCity/Maps/MainMap' took 0.374
[2017.05.17-04.10.26:693][673]LogFileHelpers: Editor autosave (incl. sublevels) for all levels took 0.374
[2017.05.17-04.11.31:368][588]LogEditorViewport: Clicking on Actor (LMB): StaticMeshActor (Floor)
[2017.05.17-04.12.07:887][533]LogEditorViewport: Clicking on Actor (LMB): TriggerVolume (TriggerVolume)
[2017.05.17-04.12.20:122][898]LogEditorViewport: Clicking on Actor (LMB): NavMeshBoundsVolume (NavMeshBoundsVolume2)
[2017.05.17-04.12.52:366][861]LogTemp: Repeting last play command: 独立窗口运行
[2017.05.17-04.12.54:775][861]LogSavePackage: Save=31.03ms
[2017.05.17-04.12.54:776][861]LogSavePackage: Moving '../../../../../../Users/jicheng/Desktop/Zombie-City/ZombieCity/Saved/NewBlueprint_Child209358DC94BBA44D5F945F79B15C329EA.tmp' to '../../../../../../Users/jicheng/Desktop/Zombie-City/ZombieCity/Content/ZombieCity/Blueprints/NewBlueprint_Child2.uasset'
[2017.05.17-04.12.54:802][861]LogSavePackage:Display: Finished SavePackage ../../../../../../Users/jicheng/Desktop/Zombie-City/ZombieCity/Content/ZombieCity/Blueprints/NewBlueprint_Child2.uasset
[2017.05.17-04.12.55:150][861]LogSavePackage: Save=238.29ms
[2017.05.17-04.12.55:150][861]LogSavePackage: Moving '../../../../../../Users/jicheng/Desktop/Zombie-City/ZombieCity/Saved/UEDPCMainMapA90801D54C8ED009095A769790ABCC3B.tmp' to '../../../../../../Users/jicheng/Desktop/Zombie-City/ZombieCity/Saved/Autosaves/Game/ZombieCity/Maps/UEDPCMainMap.umap'
[2017.05.17-04.12.55:160][861]LogSavePackage:Display: Finished SavePackage ../../../../../../Users/jicheng/Desktop/Zombie-City/ZombieCity/Saved/Autosaves/Game/ZombieCity/Maps/UEDPCMainMap.umap
[2017.05.17-04.12.55:177][861]Cmd: OBJ SAVEPACKAGE PACKAGE="/Game/ZombieCity/Maps/MainMap_BuiltData" FILE="../../../../../../Users/jicheng/Desktop/Zombie-City/ZombieCity/Content/ZombieCity/Maps/MainMap_BuiltData.uasset" SILENT=true
[2017.05.17-04.12.55:527][861]LogSavePackage: Save=321.09ms
[2017.05.17-04.12.55:527][861]LogSavePackage: Moving '../../../../../../Users/jicheng/Desktop/Zombie-City/ZombieCity/Saved/MainMap_BuiltData82A85B2542B02AA6A5E44BBBF4A4C622.tmp' to '../../../../../../Users/jicheng/Desktop/Zombie-City/ZombieCity/Content/ZombieCity/Maps/MainMap_BuiltData.uasset'
[2017.05.17-04.12.55:537][861]LogSavePackage:Display: Finished SavePackage ../../../../../../Users/jicheng/Desktop/Zombie-City/ZombieCity/Content/ZombieCity/Maps/MainMap_BuiltData.uasset
[2017.05.17-04.12.55:543][861]LogEditorTransaction: Undo Spawn Play From Here Start
[2017.05.17-04.14.17:161][303]LogTemp: Repeting last play command: 独立窗口运行
[2017.05.17-04.14.17:778][303]LogSavePackage: Save=266.57ms
[2017.05.17-04.14.17:778][303]LogSavePackage: Moving '../../../../../../Users/jicheng/Desktop/Zombie-City/ZombieCity/Saved/UEDPCMainMapDD6118D64D8DF8DE60587F8DF2F49C7B.tmp' to '../../../../../../Users/jicheng/Desktop/Zombie-City/ZombieCity/Saved/Autosaves/Game/ZombieCity/Maps/UEDPCMainMap.umap'
[2017.05.17-04.14.17:790][303]LogSavePackage:Display: Finished SavePackage ../../../../../../Users/jicheng/Desktop/Zombie-City/ZombieCity/Saved/Autosaves/Game/ZombieCity/Maps/UEDPCMainMap.umap
[2017.05.17-04.14.17:806][303]Cmd: OBJ SAVEPACKAGE PACKAGE="/Game/ZombieCity/Maps/MainMap_BuiltData" FILE="../../../../../../Users/jicheng/Desktop/Zombie-City/ZombieCity/Content/ZombieCity/Maps/MainMap_BuiltData.uasset" SILENT=true
[2017.05.17-04.14.18:231][303]LogSavePackage: Save=385.84ms
[2017.05.17-04.14.18:231][303]LogSavePackage: Moving '../../../../../../Users/jicheng/Desktop/Zombie-City/ZombieCity/Saved/MainMap_BuiltDataA4B9231B4D35276BB32CA59D3B8E9A66.tmp' to '../../../../../../Users/jicheng/Desktop/Zombie-City/ZombieCity/Content/ZombieCity/Maps/MainMap_BuiltData.uasset'
[2017.05.17-04.14.18:245][303]LogSavePackage:Display: Finished SavePackage ../../../../../../Users/jicheng/Desktop/Zombie-City/ZombieCity/Content/ZombieCity/Maps/MainMap_BuiltData.uasset
[2017.05.17-04.14.18:252][303]LogEditorTransaction: Undo Spawn Play From Here Start
[2017.05.17-04.16.01:399][ 68]LogActorComponent: RegisterComponentWithWorld: (/Engine/Transient.World_25:PersistentLevel.Actor_2.DebugSkelMeshComponent_4) Already registered. Aborting.
[2017.05.17-04.16.01:593][ 68]LogSkeletalMesh: USkeletalMeshComponent::InitArticulated : Bodies already created (/Engine/Transient.World_25:PersistentLevel.Actor_2.DebugSkelMeshComponent_4) - call TermArticulated first.
[2017.05.17-04.16.31:722][583]LogActorComponent: RegisterComponentWithWorld: (/Engine/Transient.World_28:PersistentLevel.Actor_3.DebugSkelMeshComponent_6) Already registered. Aborting.
[2017.05.17-04.16.31:913][583]LogSkeletalMesh: USkeletalMeshComponent::InitArticulated : Bodies already created (/Engine/Transient.World_28:PersistentLevel.Actor_3.DebugSkelMeshComponent_6) - call TermArticulated first.
[2017.05.17-04.22.35:815][ 83]LogBlueprint:Warning: [Zoobie001] 'DefaultMovementSpeed' variable not found. Base class was probably changed.
[2017.05.17-04.22.44:325][583]LogEditorTransaction: Undo Paste clipboard contents
[2017.05.17-04.22.51:643][ 23]LogBlueprint:Warning: [Zoobie001] 'DefaultMovementSpeed' variable not found. Base class was probably changed.
[2017.05.17-04.24.13:189][847]BlueprintLog: New page: 编译Zoobie001
[2017.05.17-04.24.13:284][847]LogBlueprint:Error: [Compiler Zoobie001] 错误 无法找到名称为"CalculateMovementSpeed"的函数于'Zoobie001_C'内。
请确保已经为 Calculate Movement Speed 编译了'Zoobie001_C'
[2017.05.17-04.24.13:290][847]LogBlueprint:Warning: [Compiler Zoobie001] 警告 无法找到名称为"DefaultMovementSpeed"的函数于'Zoobie001_C'内。
请确保已经为 获得DefaultMovementSpeed 编译了'Zoobie001_C'
[2017.05.17-04.24.13:308][847]LogBlueprint:Error: [Compiler Zoobie001] 错误 没有找到和  Default Movement Speed 相关的属性
[2017.05.17-04.24.14:150][847]BlueprintEditorCompileResults:Error: 错误 无法找到名称为"CalculateMovementSpeed"的函数于'Zoobie001_C'内。
请确保已经为 Calculate Movement Speed 编译了'Zoobie001_C'
[2017.05.17-04.24.14:150][847]BlueprintEditorCompileResults:Warning: 警告 无法找到名称为"DefaultMovementSpeed"的函数于'Zoobie001_C'内。
请确保已经为 获得DefaultMovementSpeed 编译了'Zoobie001_C'
[2017.05.17-04.24.14:150][847]BlueprintEditorCompileResults:Error: 错误 没有找到和  Default Movement Speed 相关的属性
[2017.05.17-04.24.14:165][847]LogBlueprint:Warning: [Compiler Zoobie001] 警告 [2323.48] Compile of Zoobie001 failed. 2 Fatal Issue(s) 1 Warning(s) [in 976 ms] (/Game/ZombieCity/Blueprints/Zoobie001.Zoobie001)
[2017.05.17-04.24.31:875][910]LogEditorTransaction: Undo 断开引脚连接
[2017.05.17-04.24.32:489][938]LogEditorTransaction: Undo 断开引脚连接
[2017.05.17-04.24.33:184][972]LogEditorTransaction: Undo 创建引脚连接
[2017.05.17-04.24.33:652][998]LogEditorTransaction: Undo 创建引脚连接
[2017.05.17-04.24.33:957][ 16]LogEditorTransaction: Undo Paste clipboard contents
[2017.05.17-04.24.34:201][ 25]LogEditorTransaction: Undo 移动节点
[2017.05.17-04.25.30:169][372]LogRenderer: Reallocating scene render targets to support 1152x584 NumSamples 1 (Frame:63383).
[2017.05.17-04.25.33:504][480]LogActorComponent: UnregisterComponent: (/Engine/Transient.EditorFloorComp) Not registered. Aborting.
[2017.05.17-04.26.39:933][468]Cmd: OBJ SAVEPACKAGE PACKAGE="/Game/TposeZombie1/Meshes/Z1AB" FILE="../../../../../../Users/jicheng/Desktop/Zombie-City/ZombieCity/Content/TposeZombie1/Meshes/Z1AB.uasset" SILENT=true
[2017.05.17-04.26.40:017][468]LogSavePackage: Save=39.46ms
[2017.05.17-04.26.40:017][468]LogSavePackage: Moving '../../../../../../Users/jicheng/Desktop/Zombie-City/ZombieCity/Saved/Z1ABBD7E08BF442F4642F000FFBADDF22EC1.tmp' to '../../../../../../Users/jicheng/Desktop/Zombie-City/ZombieCity/Content/TposeZombie1/Meshes/Z1AB.uasset'
[2017.05.17-04.26.40:038][468]LogSavePackage:Display: Finished SavePackage ../../../../../../Users/jicheng/Desktop/Zombie-City/ZombieCity/Content/TposeZombie1/Meshes/Z1AB.uasset
[2017.05.17-04.26.40:065][468]Cmd: OBJ SAVEPACKAGE PACKAGE="/Game/ZombieCity/Blueprints/Zoobie001" FILE="../../../../../../Users/jicheng/Desktop/Zombie-City/ZombieCity/Content/ZombieCity/Blueprints/Zoobie001.uasset" SILENT=true
[2017.05.17-04.26.40:129][468]LogSavePackage: Save=33.90ms
[2017.05.17-04.26.40:129][468]LogSavePackage: Moving '../../../../../../Users/jicheng/Desktop/Zombie-City/ZombieCity/Saved/Zoobie0013D05BD0F42B9A1DB360B54AA8E8465ED.tmp' to '../../../../../../Users/jicheng/Desktop/Zombie-City/ZombieCity/Content/ZombieCity/Blueprints/Zoobie001.uasset'
[2017.05.17-04.26.40:149][468]LogSavePackage:Display: Finished SavePackage ../../../../../../Users/jicheng/Desktop/Zombie-City/ZombieCity/Content/ZombieCity/Blueprints/Zoobie001.uasset
[2017.05.17-04.26.40:465][468]LogSavePackage: Save=185.51ms
[2017.05.17-04.26.40:465][468]LogSavePackage: Moving '../../../../../../Users/jicheng/Desktop/Zombie-City/ZombieCity/Saved/MainMap8A3D80AE43A62DF1411CE99B73ABDC0A.tmp' to '../../../../../../Users/jicheng/Desktop/Zombie-City/ZombieCity/Content/ZombieCity/Maps/MainMap.umap'
[2017.05.17-04.26.40:483][468]LogSavePackage:Display: Finished SavePackage ../../../../../../Users/jicheng/Desktop/Zombie-City/ZombieCity/Content/ZombieCity/Maps/MainMap.umap
[2017.05.17-04.26.40:532][468]LogFileHelpers: Saving map 'MainMap' took 0.378
[2017.05.17-04.26.40:626][468]LogWindowsTextInputMethodSystem:Display: IME system now activated using TSF (搜狗拼音输入法).
[2017.05.17-04.26.40:627][468]LogWindowsTextInputMethodSystem:Display: IME system now activated using TSF (搜狗拼音输入法).
[2017.05.17-04.26.40:632][468]LogWindowsTextInputMethodSystem:Display: IME system now activated using TSF (搜狗拼音输入法).
[2017.05.17-04.26.40:633][468]LogWindowsTextInputMethodSystem:Display: IME system now activated using TSF (搜狗拼音输入法).
[2017.05.17-04.26.40:969][469]Cmd: QUIT_EDITOR
[2017.05.17-04.26.41:057][469]LogWindowsTextInputMethodSystem:Display: IME system now activated using TSF (搜狗拼音输入法).
[2017.05.17-04.26.41:061][469]LogWindowsTextInputMethodSystem:Display: IME system now activated using TSF (搜狗拼音输入法).
[2017.05.17-04.26.41:224][469]LogExit: Preparing to exit.
[2017.05.17-04.26.42:775][469]LogDirectoryWatcher: A directory notification for 'C:/Users/jicheng/Desktop/Zombie-City/ZombieCity/Content/' was aborted.
[2017.05.17-04.26.43:229][469]LogExit: Editor shut down
[2017.05.17-04.26.43:233][469]LogExit: Transaction tracking system shut down
[2017.05.17-04.26.43:616][469]LogObj: Freed 0b from 0 cluster array pools.
[2017.05.17-04.26.43:617][469]LogExit: Object subsystem successfully closed.
[2017.05.17-04.26.43:659][469]LogD3D11RHI: Shutdown
[2017.05.17-04.26.43:659][469]LogD3D11RHI: CleanupD3DDevice
[2017.05.17-04.26.45:248][469]LogD3D11RHI: ~FD3D11DynamicRHI
[2017.05.17-04.26.45:268][469]LogModuleManager: Shutting down and abandoning module BlueprintGraph (506)
[2017.05.17-04.26.45:268][469]LogModuleManager: Shutting down and abandoning module BlueprintProfiler (504)
[2017.05.17-04.26.45:268][469]LogModuleManager: Shutting down and abandoning module SkeletonEditor (502)
[2017.05.17-04.26.45:268][469]LogModuleManager: Shutting down and abandoning module AnimationBlueprintEditor (500)
[2017.05.17-04.26.45:268][469]LogModuleManager: Shutting down and abandoning module HierarchicalLODOutliner (498)
[2017.05.17-04.26.45:268][469]LogModuleManager: Shutting down and abandoning module CrashTracker (496)
[2017.05.17-04.26.45:268][469]LogModuleManager: Shutting down and abandoning module SceneOutliner (494)
[2017.05.17-04.26.45:268][469]LogModuleManager: Shutting down and abandoning module AddContentDialog (492)
[2017.05.17-04.26.45:269][469]LogDirectoryWatcher: A directory notification for 'C:/Program Files (x86)/Epic Games/4.15/FeaturePacks/' was aborted.
[2017.05.17-04.26.45:285][469]LogModuleManager: Shutting down and abandoning module WidgetCarousel (491)
[2017.05.17-04.26.45:285][469]LogModuleManager: Shutting down and abandoning module EditorWidgets (488)
[2017.05.17-04.26.45:285][469]LogModuleManager: Shutting down and abandoning module CollectionManager (486)
[2017.05.17-04.26.45:285][469]LogDirectoryWatcher: A directory notification for 'C:/Users/jicheng/Desktop/Zombie-City/ZombieCity/Content/Collections/' was aborted.
[2017.05.17-04.26.45:285][469]LogDirectoryWatcher: A directory notification for 'C:/Users/jicheng/Desktop/Zombie-City/ZombieCity/Content/Developers/wanly102/Collections/' was aborted.
[2017.05.17-04.26.45:286][469]LogDirectoryWatcher: A directory notification for 'C:/Users/jicheng/Desktop/Zombie-City/ZombieCity/Saved/Collections/' was aborted.
[2017.05.17-04.26.45:286][469]LogModuleManager: Shutting down and abandoning module StatsViewer (484)
[2017.05.17-04.26.45:286][469]LogModuleManager: Shutting down and abandoning module FoliageEdit (482)
[2017.05.17-04.26.45:286][469]LogModuleManager: Shutting down and abandoning module LandscapeEditor (480)
[2017.05.17-04.26.45:286][469]LogModuleManager: Shutting down and abandoning module SceneDepthPickerMode (478)
[2017.05.17-04.26.45:286][469]LogModuleManager: Shutting down and abandoning module ActorPickerMode (476)
[2017.05.17-04.26.45:286][469]LogModuleManager: Shutting down and abandoning module GeometryMode (474)
[2017.05.17-04.26.45:286][469]LogModuleManager: Shutting down and abandoning module TextureAlignMode (472)
[2017.05.17-04.26.45:286][469]LogModuleManager: Shutting down and abandoning module BspMode (470)
[2017.05.17-04.26.45:286][469]LogModuleManager: Shutting down and abandoning module HardwareSurvey (468)
[2017.05.17-04.26.45:286][469]LogModuleManager: Shutting down and abandoning module SequenceRecorderSections (466)
[2017.05.17-04.26.45:286][469]LogModuleManager: Shutting down and abandoning module AutomationWorker (464)
[2017.05.17-04.26.45:286][469]LogModuleManager: Shutting down and abandoning module MatineeToLevelSequence (462)
[2017.05.17-04.26.45:286][469]LogModuleManager: Shutting down and abandoning module LevelSequenceEditor (460)
[2017.05.17-04.26.45:286][469]LogModuleManager: Shutting down and abandoning module PlacementMode (459)
[2017.05.17-04.26.45:286][469]LogModuleManager: Shutting down and abandoning module WmfMediaFactory (456)
[2017.05.17-04.26.45:286][469]LogModuleManager: Shutting down and abandoning module WmfMediaEditor (454)
[2017.05.17-04.26.45:286][469]LogModuleManager: Shutting down and abandoning module MfMediaFactory (452)
[2017.05.17-04.26.45:286][469]LogModuleManager: Shutting down and abandoning module MfMediaEditor (450)
[2017.05.17-04.26.45:286][469]LogModuleManager: Shutting down and abandoning module AvfMediaFactory (448)
[2017.05.17-04.26.45:286][469]LogModuleManager: Shutting down and abandoning module AvfMediaEditor (446)
[2017.05.17-04.26.45:286][469]LogModuleManager: Shutting down and abandoning module AndroidMediaFactory (444)
[2017.05.17-04.26.45:286][469]LogModuleManager: Shutting down and abandoning module Media (443)
[2017.05.17-04.26.45:286][469]LogModuleManager: Shutting down and abandoning module AndroidMediaEditor (440)
[2017.05.17-04.26.45:286][469]LogModuleManager: Shutting down and abandoning module CharacterAI (438)
[2017.05.17-04.26.45:286][469]LogModuleManager: Shutting down and abandoning module AudioCapture (436)
[2017.05.17-04.26.45:286][469]LogModuleManager: Shutting down and abandoning module SequenceRecorder (435)
[2017.05.17-04.26.45:286][469]LogModuleManager: Shutting down and abandoning module SmartSnapping (432)
[2017.05.17-04.26.45:287][469]LogModuleManager: Shutting down and abandoning module SessionServices (430)
[2017.05.17-04.26.45:287][469]LogModuleManager: Shutting down and abandoning module ViewportSnapping (428)
[2017.05.17-04.26.45:287][469]LogModuleManager: Shutting down and abandoning module ViewportInteraction (426)
[2017.05.17-04.26.45:287][469]LogModuleManager: Shutting down and abandoning module LogVisualizer (424)
[2017.05.17-04.26.45:287][469]LogModuleManager: Shutting down and abandoning module IntroTutorials (422)
[2017.05.17-04.26.45:287][469]LogModuleManager: Shutting down and abandoning module GameProjectGeneration (421)
[2017.05.17-04.26.45:287][469]LogModuleManager: Shutting down and abandoning module EditorLiveStreaming (418)
[2017.05.17-04.26.45:287][469]LogModuleManager: Shutting down and abandoning module IOSPlatformEditor (416)
[2017.05.17-04.26.45:287][469]LogModuleManager: Shutting down and abandoning module HTML5PlatformEditor (414)
[2017.05.17-04.26.45:287][469]LogModuleManager: Shutting down and abandoning module AndroidPlatformEditor (412)
[2017.05.17-04.26.45:287][469]LogModuleManager: Shutting down and abandoning module AndroidDeviceDetection (411)
[2017.05.17-04.26.45:729][469]LogModuleManager: Shutting down and abandoning module IOSRuntimeSettings (408)
[2017.05.17-04.26.45:729][469]LogModuleManager: Shutting down and abandoning module AndroidRuntimeSettings (406)
[2017.05.17-04.26.45:730][469]LogModuleManager: Shutting down and abandoning module InputBindingEditor (404)
[2017.05.17-04.26.45:730][469]LogModuleManager: Shutting down and abandoning module NiagaraEditor (402)
[2017.05.17-04.26.45:730][469]LogModuleManager: Shutting down and abandoning module MergeActors (400)
[2017.05.17-04.26.45:730][469]LogModuleManager: Shutting down and abandoning module SizeMap (398)
[2017.05.17-04.26.45:730][469]LogModuleManager: Shutting down and abandoning module TreeMap (396)
[2017.05.17-04.26.45:730][469]LogModuleManager: Shutting down and abandoning module ReferenceViewer (394)
[2017.05.17-04.26.45:730][469]LogModuleManager: Shutting down and abandoning module LocalizationDashboard (392)
[2017.05.17-04.26.45:730][469]LogModuleManager: Shutting down and abandoning module LocalizationService (391)
[2017.05.17-04.26.45:730][469]LogModuleManager: Shutting down and abandoning module HardwareTargeting (388)
[2017.05.17-04.26.45:730][469]LogModuleManager: Shutting down and abandoning module DeviceProfileEditor (386)
[2017.05.17-04.26.45:730][469]LogModuleManager: Shutting down and abandoning module UndoHistory (384)
[2017.05.17-04.26.45:730][469]LogModuleManager: Shutting down and abandoning module UserFeedback (382)
[2017.05.17-04.26.45:730][469]LogModuleManager: Shutting down and abandoning module XmlParser (380)
[2017.05.17-04.26.45:730][469]LogModuleManager: Shutting down and abandoning module Blutility (378)
[2017.05.17-04.26.45:730][469]LogModuleManager: Shutting down and abandoning module ProjectSettingsViewer (376)
[2017.05.17-04.26.45:730][469]LogModuleManager: Shutting down and abandoning module ProjectTargetPlatformEditor (375)
[2017.05.17-04.26.45:731][469]LogModuleManager: Shutting down and abandoning module EditorSettingsViewer (372)
[2017.05.17-04.26.45:731][469]LogModuleManager: Shutting down and abandoning module SettingsEditor (370)
[2017.05.17-04.26.45:731][469]LogModuleManager: Shutting down and abandoning module ProjectLauncher (368)
[2017.05.17-04.26.45:731][469]LogModuleManager: Shutting down and abandoning module SessionFrontend (366)
[2017.05.17-04.26.45:731][469]LogModuleManager: Shutting down and abandoning module ProfilerClient (364)
[2017.05.17-04.26.45:731][469]LogModuleManager: Shutting down and abandoning module DeviceManager (362)
[2017.05.17-04.26.45:731][469]LogModuleManager: Shutting down and abandoning module TargetDeviceServices (361)
[2017.05.17-04.26.45:786][469]LogModuleManager: Shutting down and abandoning module AutomationController (358)
[2017.05.17-04.26.45:786][469]LogModuleManager: Shutting down and abandoning module AutomationWindow (356)
[2017.05.17-04.26.45:786][469]LogModuleManager: Shutting down and abandoning module Layers (354)
[2017.05.17-04.26.45:786][469]LogModuleManager: Shutting down and abandoning module ComponentVisualizers (352)
[2017.05.17-04.26.45:786][469]LogModuleManager: Shutting down and abandoning module DetailCustomizations (350)
[2017.05.17-04.26.45:786][469]LogModuleManager: Shutting down and abandoning module PackagesDialog (348)
[2017.05.17-04.26.45:786][469]LogModuleManager: Shutting down and abandoning module Persona (346)
[2017.05.17-04.26.45:786][469]LogModuleManager: Shutting down and abandoning module AnimGraph (345)
[2017.05.17-04.26.45:786][469]LogModuleManager: Shutting down and abandoning module Kismet (342)
[2017.05.17-04.26.45:803][469]LogModuleManager: Shutting down and abandoning module GraphEditor (340)
[2017.05.17-04.26.45:803][469]LogModuleManager: Shutting down and abandoning module ClassViewer (338)
[2017.05.17-04.26.45:806][469]LogModuleManager: Shutting down and abandoning module Toolbox (336)
[2017.05.17-04.26.45:806][469]LogModuleManager: Shutting down and abandoning module ModuleUI (334)
[2017.05.17-04.26.45:806][469]LogModuleManager: Shutting down and abandoning module MovieSceneTools (332)
[2017.05.17-04.26.45:806][469]LogModuleManager: Shutting down and abandoning module OutputLog (330)
[2017.05.17-04.26.45:806][469]LogModuleManager: Shutting down and abandoning module GammaUI (328)
[2017.05.17-04.26.45:806][469]LogModuleManager: Shutting down and abandoning module Documentation (326)
[2017.05.17-04.26.45:806][469]LogModuleManager: Shutting down and abandoning module Niagara (324)
[2017.05.17-04.26.45:806][469]LogModuleManager: Shutting down and abandoning module StreamingPauseRendering (322)
[2017.05.17-04.26.45:806][469]LogModuleManager: Shutting down and abandoning module AnalyticsET (320)
[2017.05.17-04.26.45:806][469]LogModuleManager: Shutting down and abandoning module PortalServices (318)
[2017.05.17-04.26.45:806][469]LogModuleManager: Shutting down and abandoning module PortalRpc (316)
[2017.05.17-04.26.45:806][469]LogModuleManager: Shutting down and abandoning module MessagingRpc (314)
[2017.05.17-04.26.45:806][469]LogModuleManager: Shutting down and abandoning module AIModule (312)
[2017.05.17-04.26.45:806][469]LogModuleManager: Shutting down and abandoning module GameplayDebugger (311)
[2017.05.17-04.26.45:806][469]LogModuleManager: Shutting down and abandoning module AITestSuite (309)
[2017.05.17-04.26.45:806][469]LogModuleManager: Shutting down and abandoning module ProfilerService (306)
[2017.05.17-04.26.45:808][469]LogModuleManager: Shutting down and abandoning module TaskGraph (304)
[2017.05.17-04.26.45:809][469]LogModuleManager: Shutting down and abandoning module SteamVRController (302)
[2017.05.17-04.26.45:809][469]LogModuleManager: Shutting down and abandoning module SteamVR (300)
[2017.05.17-04.26.45:809][469]LogModuleManager: Shutting down and abandoning module ProceduralMeshComponentEditor (298)
[2017.05.17-04.26.45:809][469]LogModuleManager: Shutting down and abandoning module ProceduralMeshComponent (296)
[2017.05.17-04.26.45:809][469]LogModuleManager: Shutting down and abandoning module OculusLibrary (294)
[2017.05.17-04.26.45:809][469]LogModuleManager: Shutting down and abandoning module OculusInput (292)
[2017.05.17-04.26.45:809][469]LogModuleManager: Shutting down and abandoning module MobilePatchingUtils (290)
[2017.05.17-04.26.45:809][469]LogModuleManager: Shutting down and abandoning module CustomMeshComponent (288)
[2017.05.17-04.26.45:809][469]LogModuleManager: Shutting down and abandoning module CableComponent (286)
[2017.05.17-04.26.45:809][469]LogModuleManager: Shutting down and abandoning module ArchVisCharacter (284)
[2017.05.17-04.26.45:809][469]LogModuleManager: Shutting down and abandoning module MediaPlayerEditor (280)
[2017.05.17-04.26.45:809][469]LogModuleManager: Shutting down and abandoning module HTML5Networking (278)
[2017.05.17-04.26.45:809][469]LogModuleManager: Shutting down and abandoning module AlembicImporter (276)
[2017.05.17-04.26.45:809][469]LogModuleManager: Shutting down and abandoning module AlembicLibrary (275)
[2017.05.17-04.26.45:809][469]LogModuleManager: Shutting down and abandoning module GeometryCache (274)
[2017.05.17-04.26.45:809][469]LogModuleManager: Shutting down and abandoning module GeometryCacheEd (273)
[2017.05.17-04.26.45:809][469]LogModuleManager: Shutting down and abandoning module SuperSearchEditor (268)
[2017.05.17-04.26.45:809][469]LogModuleManager: Shutting down and abandoning module SuperSearch (267)
[2017.05.17-04.26.45:809][469]LogModuleManager: Shutting down and abandoning module SpeedTreeImporter (264)
[2017.05.17-04.26.45:809][469]LogModuleManager: Shutting down and abandoning module PluginBrowser (262)
[2017.05.17-04.26.45:809][469]LogModuleManager: Shutting down and abandoning module MobileLauncherProfileWizard (260)
[2017.05.17-04.26.45:809][469]LogModuleManager: Shutting down and abandoning module EpicSurvey (258)
[2017.05.17-04.26.45:809][469]LogModuleManager: Shutting down and abandoning module VisualStudioSourceCodeAccess (256)
[2017.05.17-04.26.45:809][469]LogModuleManager: Shutting down and abandoning module DesktopPlatform (255)
[2017.05.17-04.26.45:809][469]LogModuleManager: Shutting down and abandoning module UObjectPlugin (252)
[2017.05.17-04.26.45:809][469]LogModuleManager: Shutting down and abandoning module SubversionSourceControl (250)
[2017.05.17-04.26.45:809][469]LogModuleManager: Shutting down and abandoning module PerforceSourceControl (248)
[2017.05.17-04.26.45:809][469]LogModuleManager: Shutting down and abandoning module GitSourceControl (246)
[2017.05.17-04.26.45:809][469]LogModuleManager: Shutting down and abandoning module SourceControl (245)
[2017.05.17-04.26.45:810][469]LogModuleManager: Shutting down and abandoning module LightPropagationVolumeEditor (242)
[2017.05.17-04.26.45:810][469]LogModuleManager: Shutting down and abandoning module PaperTiledImporter (240)
[2017.05.17-04.26.45:810][469]LogModuleManager: Shutting down and abandoning module PaperSpriteSheetImporter (238)
[2017.05.17-04.26.45:810][469]LogModuleManager: Shutting down and abandoning module Paper2DEditor (236)
[2017.05.17-04.26.45:810][469]LogModuleManager: Shutting down and abandoning module MeshPaint (235)
[2017.05.17-04.26.45:810][469]LogModuleManager: Shutting down and abandoning module LevelEditor (233)
[2017.05.17-04.26.45:811][469]LogModuleManager: Shutting down and abandoning module PixelInspectorModule (232)
[2017.05.17-04.26.45:811][469]LogModuleManager: Shutting down and abandoning module MainFrame (230)
[2017.05.17-04.26.45:811][469]LogModuleManager: Shutting down and abandoning module HotReload (229)
[2017.05.17-04.26.45:813][469]LogModuleManager: Shutting down and abandoning module ContentBrowser (225)
[2017.05.17-04.26.45:816][469]LogModuleManager: Shutting down and abandoning module PhysXVehiclesEditor (222)
[2017.05.17-04.26.45:816][469]LogModuleManager: Shutting down and abandoning module PhysXVehicles (220)
[2017.05.17-04.26.45:816][469]LogModuleManager: Shutting down and abandoning module LocationServicesBPLibrary (218)
[2017.05.17-04.26.45:816][469]LogModuleManager: Shutting down and abandoning module UdpMessaging (216)
[2017.05.17-04.26.45:917][469]LogModuleManager: Shutting down and abandoning module TcpMessaging (214)
[2017.05.17-04.26.46:019][469]LogModuleManager: Shutting down and abandoning module GameplayTagsEditor (212)
[2017.05.17-04.26.46:019][469]LogModuleManager: Shutting down and abandoning module FacialAnimationEditor (210)
[2017.05.17-04.26.46:019][469]LogModuleManager: Shutting down and abandoning module FacialAnimation (208)
[2017.05.17-04.26.46:020][469]LogModuleManager: Shutting down and abandoning module LightPropagationVolumeRuntime (206)
[2017.05.17-04.26.46:020][469]LogModuleManager: Shutting down and abandoning module Paper2D (204)
[2017.05.17-04.26.46:020][469]LogModuleManager: Shutting down and abandoning module WindowsMoviePlayer (202)
[2017.05.17-04.26.46:020][469]LogModuleManager: Shutting down and abandoning module WmfMedia (200)
[2017.05.17-04.26.46:022][469]LogModuleManager: Shutting down and abandoning module MfMedia (198)
[2017.05.17-04.26.46:022][469]LogModuleManager: Shutting down and abandoning module MediaAssets (196)
[2017.05.17-04.26.46:023][469]LogModuleManager: Shutting down and abandoning module GameLiveStreaming (194)
[2017.05.17-04.26.46:023][469]LogModuleManager: Shutting down and abandoning module VREditor (192)
[2017.05.17-04.26.46:023][469]LogModuleManager: Shutting down and abandoning module GameplayTasksEditor (190)
[2017.05.17-04.26.46:023][469]LogModuleManager: Shutting down and abandoning module BehaviorTreeEditor (188)
[2017.05.17-04.26.46:023][469]LogModuleManager: Shutting down and abandoning module FunctionalTesting (186)
[2017.05.17-04.26.46:023][469]LogModuleManager: Shutting down and abandoning module CollisionAnalyzer (184)
[2017.05.17-04.26.46:024][469]LogModuleManager: Shutting down and abandoning module UMG (182)
[2017.05.17-04.26.46:024][469]LogModuleManager: Shutting down and abandoning module UMGEditor (181)
[2017.05.17-04.26.46:024][469]LogModuleManager: Shutting down and abandoning module Sequencer (180)
[2017.05.17-04.26.46:024][469]LogModuleManager: Shutting down and abandoning module AssetTools (178)
[2017.05.17-04.26.46:025][469]LogModuleManager: Shutting down and abandoning module MessageLog (177)
[2017.05.17-04.26.46:025][469]LogModuleManager: Shutting down and abandoning module WorkspaceMenuStructure (176)
[2017.05.17-04.26.46:025][469]LogModuleManager: Shutting down and abandoning module SlateReflector (170)
[2017.05.17-04.26.46:025][469]LogModuleManager: Shutting down and abandoning module Slate (168)
[2017.05.17-04.26.46:025][469]LogModuleManager: Shutting down and abandoning module EditorStyle (166)
[2017.05.17-04.26.46:049][469]LogModuleManager: Shutting down and abandoning module SourceCodeAccess (164)
[2017.05.17-04.26.46:049][469]LogModuleManager: Shutting down and abandoning module HeadMountedDisplay (162)
[2017.05.17-04.26.46:049][469]LogModuleManager: Shutting down and abandoning module XAudio2 (160)
[2017.05.17-04.26.46:049][469]LogModuleManager: Shutting down and abandoning module Networking (158)
[2017.05.17-04.26.46:049][469]LogModuleManager: Shutting down and abandoning module Core (154)
[2017.05.17-04.26.46:049][469]LogModuleManager: Shutting down and abandoning module AssetRegistry (152)
[2017.05.17-04.26.46:363][469]LogDirectoryWatcher: A directory notification for '../../../Engine/Content/' was aborted.
[2017.05.17-04.26.46:363][469]LogDirectoryWatcher: A directory notification for '../../../../../../Users/jicheng/Desktop/Zombie-City/ZombieCity/Content/' was aborted.
[2017.05.17-04.26.46:363][469]LogDirectoryWatcher: A directory notification for '../../../Engine/Plugins/2D/Paper2D/Content/' was aborted.
[2017.05.17-04.26.46:364][469]LogModuleManager: Shutting down and abandoning module DirectoryWatcher (151)
[2017.05.17-04.26.46:377][469]LogModuleManager: Shutting down and abandoning module KismetCompiler (148)
[2017.05.17-04.26.46:377][469]LogModuleManager: Shutting down and abandoning module PhysXFormats (146)
[2017.05.17-04.26.46:377][469]LogModuleManager: Shutting down and abandoning module MeshUtilities (144)
[2017.05.17-04.26.46:377][469]LogModuleManager: Shutting down and abandoning module SimplygonSwarm (143)
[2017.05.17-04.26.46:378][469]LogModuleManager: Shutting down and abandoning module SimplygonMeshReduction (141)
[2017.05.17-04.26.46:378][469]LogModuleManager: Shutting down and abandoning module QuadricMeshReduction (139)
[2017.05.17-04.26.46:378][469]LogModuleManager: Shutting down and abandoning module PropertyEditor (137)
[2017.05.17-04.26.46:378][469]LogModuleManager: Shutting down and abandoning module DerivedDataCache (134)
[2017.05.17-04.26.46:435][469]LogDerivedDataCache: Shutdown
[2017.05.17-04.26.46:435][469]LogModuleManager: Shutting down and abandoning module TargetPlatform (132)
[2017.05.17-04.26.46:436][469]LogModuleManager: Shutting down and abandoning module VulkanShaderFormat (131)
[2017.05.17-04.26.46:436][469]LogModuleManager: Shutting down and abandoning module ShaderFormatOpenGL (129)
[2017.05.17-04.26.46:436][469]LogModuleManager: Shutting down and abandoning module ShaderFormatD3D (127)
[2017.05.17-04.26.46:436][469]LogModuleManager: Shutting down and abandoning module MetalShaderFormat (125)
[2017.05.17-04.26.46:436][469]LogModuleManager: Shutting down and abandoning module TextureFormatUncompressed (123)
[2017.05.17-04.26.46:436][469]LogModuleManager: Shutting down and abandoning module TextureFormatPVR (121)
[2017.05.17-04.26.46:436][469]LogModuleManager: Shutting down and abandoning module TextureFormatDXT (119)
[2017.05.17-04.26.46:436][469]LogModuleManager: Shutting down and abandoning module TextureFormatIntelISPCTexComp (117)
[2017.05.17-04.26.46:437][469]LogModuleManager: Shutting down and abandoning module TextureFormatASTC (115)
[2017.05.17-04.26.46:437][469]LogModuleManager: Shutting down and abandoning module ImageWrapper (114)
[2017.05.17-04.26.46:437][469]LogModuleManager: Shutting down and abandoning module TextureFormatAndroid (111)
[2017.05.17-04.26.46:437][469]LogModuleManager: Shutting down and abandoning module AudioFormatOpus (109)
[2017.05.17-04.26.46:437][469]LogModuleManager: Shutting down and abandoning module AudioFormatOgg (107)
[2017.05.17-04.26.46:437][469]LogModuleManager: Shutting down and abandoning module AudioFormatADPCM (105)
[2017.05.17-04.26.46:437][469]LogModuleManager: Shutting down and abandoning module LinuxTargetPlatform (103)
[2017.05.17-04.26.46:438][469]LogModuleManager: Shutting down and abandoning module LinuxServerTargetPlatform (101)
[2017.05.17-04.26.46:438][469]LogModuleManager: Shutting down and abandoning module LinuxNoEditorTargetPlatform (99)
[2017.05.17-04.26.46:438][469]LogModuleManager: Shutting down and abandoning module LinuxClientTargetPlatform (97)
[2017.05.17-04.26.46:438][469]LogModuleManager: Shutting down and abandoning module TVOSTargetPlatform (95)
[2017.05.17-04.26.46:438][469]LogModuleManager: Shutting down and abandoning module Messaging (93)
[2017.05.17-04.26.46:438][469]LogModuleManager: Shutting down and abandoning module IOSTargetPlatform (91)
[2017.05.17-04.26.46:438][469]LogModuleManager: Shutting down and abandoning module HTML5TargetPlatform (89)
[2017.05.17-04.26.46:438][469]LogModuleManager: Shutting down and abandoning module Android_PVRTCTargetPlatform (87)
[2017.05.17-04.26.46:438][469]LogModuleManager: Shutting down and abandoning module Android_MultiTargetPlatform (85)
[2017.05.17-04.26.46:438][469]LogModuleManager: Shutting down and abandoning module Android_ETC2TargetPlatform (83)
[2017.05.17-04.26.46:438][469]LogModuleManager: Shutting down and abandoning module Android_ETC1TargetPlatform (81)
[2017.05.17-04.26.46:438][469]LogModuleManager: Shutting down and abandoning module Android_DXTTargetPlatform (79)
[2017.05.17-04.26.46:438][469]LogModuleManager: Shutting down and abandoning module Android_ATCTargetPlatform (77)
[2017.05.17-04.26.46:438][469]LogModuleManager: Shutting down and abandoning module Android_ASTCTargetPlatform (75)
[2017.05.17-04.26.46:438][469]LogModuleManager: Shutting down and abandoning module AndroidTargetPlatform (73)
[2017.05.17-04.26.46:439][469]LogModuleManager: Shutting down and abandoning module WindowsTargetPlatform (71)
[2017.05.17-04.26.46:439][469]LogModuleManager: Shutting down and abandoning module WindowsServerTargetPlatform (69)
[2017.05.17-04.26.46:439][469]LogModuleManager: Shutting down and abandoning module WindowsNoEditorTargetPlatform (67)
[2017.05.17-04.26.46:439][469]LogModuleManager: Shutting down and abandoning module WindowsClientTargetPlatform (65)
[2017.05.17-04.26.46:439][469]LogModuleManager: Shutting down and abandoning module MacTargetPlatform (63)
[2017.05.17-04.26.46:439][469]LogModuleManager: Shutting down and abandoning module MacServerTargetPlatform (61)
[2017.05.17-04.26.46:439][469]LogModuleManager: Shutting down and abandoning module MacNoEditorTargetPlatform (59)
[2017.05.17-04.26.46:439][469]LogModuleManager: Shutting down and abandoning module MacClientTargetPlatform (57)
[2017.05.17-04.26.46:440][469]LogModuleManager: Shutting down and abandoning module AllDesktopTargetPlatform (55)
[2017.05.17-04.26.46:440][469]LogModuleManager: Shutting down and abandoning module InputCore (52)
[2017.05.17-04.26.46:440][469]LogModuleManager: Shutting down and abandoning module Settings (50)
[2017.05.17-04.26.46:440][469]LogModuleManager: Shutting down and abandoning module OculusRift (48)
[2017.05.17-04.26.46:440][469]LogModuleManager: Shutting down and abandoning module GearVR (46)
[2017.05.17-04.26.46:440][469]LogModuleManager: Shutting down and abandoning module ExampleDeviceProfileSelector (44)
[2017.05.17-04.26.46:440][469]LogModuleManager: Shutting down and abandoning module OnlineBlueprintSupport (42)
[2017.05.17-04.26.46:440][469]LogModuleManager: Shutting down and abandoning module OnlineSubsystem (38)
[2017.05.17-04.26.46:440][469]LogOnline:Display: Unloading online subsystem: NULL
[2017.05.17-04.26.46:440][469]LogModuleManager: Shutting down and abandoning module XMPP (37)
[2017.05.17-04.26.46:440][469]LogModuleManager: Shutting down and abandoning module HTTP (35)
[2017.05.17-04.26.46:440][469]LogHttp:Display: Http module shutting down, but needs to wait on 1 outstanding Http requests:
[2017.05.17-04.26.46:440][469]LogHttp:Display: 	verb=[POST] url=[https://datarouter.ol.epicgames.com/datarouter/api/v1/public/data?SessionID=%7B7B0E3B5C-4591-6C97-663B-26B7B466FC38%7D&AppID=UEEditor.Rocket.Release&AppVersion=4.15.1-3348071%2B%2B%2BUE4%2BRelease-4.15&UserID=e976023546dc5647c961e9bd97ebc7a3%7Ca68cc776c4554d8f9051a07f79addb08%7C02d49969-8a05-4c88-a0e3-b891fce403b2&AppEnvironment=datacollector-binary&UploadType=eteventstream] status=Processing
[2017.05.17-04.26.46:475][469]LogModuleManager: Shutting down and abandoning module SSL (34)
[2017.05.17-04.26.46:482][469]LogModuleManager: Shutting down and abandoning module AudioEditor (30)
[2017.05.17-04.26.46:482][469]LogModuleManager: Shutting down and abandoning module TextureCompressor (28)
[2017.05.17-04.26.46:482][469]LogModuleManager: Shutting down and abandoning module ShaderCore (26)
[2017.05.17-04.26.46:482][469]LogModuleManager: Shutting down and abandoning module Landscape (24)
[2017.05.17-04.26.46:482][469]LogModuleManager: Shutting down and abandoning module SlateRHIRenderer (22)
[2017.05.17-04.26.46:522][469]LogModuleManager: Shutting down and abandoning module OpenGLDrv (20)
[2017.05.17-04.26.46:522][469]LogModuleManager: Shutting down and abandoning module D3D11RHI (18)
[2017.05.17-04.26.46:522][469]LogModuleManager: Shutting down and abandoning module AnimGraphRuntime (16)
[2017.05.17-04.26.46:522][469]LogModuleManager: Shutting down and abandoning module Renderer (14)
[2017.05.17-04.26.46:522][469]LogModuleManager: Shutting down and abandoning module Engine (12)
[2017.05.17-04.26.46:522][469]LogModuleManager: Shutting down and abandoning module CoreUObject (10)
[2017.05.17-04.26.46:522][469]LogModuleManager: Shutting down and abandoning module NetworkFile (8)
[2017.05.17-04.26.46:522][469]LogModuleManager: Shutting down and abandoning module StreamingFile (6)
[2017.05.17-04.26.46:522][469]LogModuleManager: Shutting down and abandoning module SandboxFile (4)
[2017.05.17-04.26.46:522][469]LogModuleManager: Shutting down and abandoning module PakFile (2)
[2017.05.17-04.26.46:526][469]LogExit: Exiting.
[2017.05.17-04.26.46:542][469]Log file closed, 05/17/17 13:56:46
