Log file open, 05/22/17 14:27:40
LogInit:Display: Running engine for game: ZombieCity
LogPlatformFile: Not using cached read wrapper
LogInit:Display: RandInit(-1471747226) SRandInit(-1471747226).
LogTaskGraph: Started task graph with 5 named threads and 6 total threads with 1 sets of task threads.
LogStats: Stats thread started at 0.094703
LogInit: Using libcurl 7.47.1
LogInit:  - built for x86_64-pc-win32
LogInit:  - supports SSL with OpenSSL/1.0.2g
LogInit:  - supports HTTP deflate (compression) using libz 1.2.8
LogInit:  - other features:
LogInit:      CURL_VERSION_SSL
LogInit:      CURL_VERSION_LIBZ
LogInit:      CURL_VERSION_IPV6
LogInit:      CURL_VERSION_ASYNCHDNS
LogInit:      CURL_VERSION_LARGEFILE
LogInit:      CURL_VERSION_IDN
LogInit:  CurlRequestOptions (configurable via config and command line):
LogInit:  - bVerifyPeer = false  - Libcurl will NOT verify peer certificate
LogInit:  - bUseHttpProxy = false  - Libcurl will NOT use HTTP proxy
LogInit:  - bDontReuseConnections = false  - Libcurl will reuse connections
LogInit:  - CertBundlePath = nullptr  - Libcurl will use whatever was configured at build time.
LogInit: Build: ++UE4+Release-4.15-CL-3348071
LogInit: Engine Version: 4.15.1-3348071+++UE4+Release-4.15
LogInit: Compatible Engine Version: 4.15.0-3299760+++UE4+Release-4.15
LogInit: Net CL: 3299760
LogDevObjectVersion: Number of dev versions registered: 14
LogDevObjectVersion:   Dev-Blueprints (B0D832E4-1F89-4F0D-ACCF-7EB736FD4AA2): 8
LogDevObjectVersion:   Dev-Build (E1C64328-A22C-4D53-A36C-8E866417BD8C): 0
LogDevObjectVersion:   Dev-Core (375EC13C-06E4-48FB-B500-84F0262A717E): 2
LogDevObjectVersion:   Dev-Editor (E4B068ED-F494-42E9-A231-DA0B2E46BB41): 14
LogDevObjectVersion:   Dev-Framework (CFFC743F-43B0-4480-9391-14DF171D2073): 22
LogDevObjectVersion:   Dev-Mobile (B02B49B5-BB20-44E9-A304-32B752E40360): 0
LogDevObjectVersion:   Dev-Networking (A4E4105C-59A1-49B5-A7C5-40C4547EDFEE): 0
LogDevObjectVersion:   Dev-Online (39C831C9-5AE6-47DC-9A44-9C173E1C8E7C): 0
LogDevObjectVersion:   Dev-Physics (78F01B33-EBEA-4F98-B9B4-84EACCB95AA2): 0
LogDevObjectVersion:   Dev-Platform (6631380F-2D4D-43E0-8009-CF276956A95A): 0
LogDevObjectVersion:   Dev-Rendering (12F88B9F-8875-4AFC-A67C-D90C383ABD29): 12
LogDevObjectVersion:   Dev-Sequencer (7B5AE74C-D270-4C10-A958-57980B212A5A): 3
LogDevObjectVersion:   Dev-VR (D7296918-1DD6-4BDD-9DE2-64A83CC13884): 0
LogDevObjectVersion:   Dev-LoadTimes (C2A15278-BFE7-4AFE-6C17-90FF531DF755): 1
LogInit: Compiled (64-bit): Mar 15 2017 16:52:47
LogInit: Compiled with Visual C++: 19.00.23026.00
LogInit: Build Configuration: Development
LogInit: Branch Name: ++UE4+Release-4.15
LogInit: Command line:  /Temp/Autosaves/Game/ZombieCity/Maps/UEDPCUIMap -game -PIEVIACONSOLE -ResX=1280 -ResY=720  -Multiprocess -messaging -SessionName="Play in Standalone Game" -windowed 
LogInit: Base directory: C:/Program Files (x86)/Epic Games/4.15/Engine/Binaries/Win64/
LogInit: Installed Engine Build: 1
LogInit: Presizing for max 8388607 objects, including 0 objects not considered by GC, pre-allocating 0 bytes for permanent pool.
LogInit: Object subsystem initialized
[2017.05.22-04.57.41:895][  0]LogInit: Selected Device Profile: [Windows]
[2017.05.22-04.57.41:895][  0]LogInit: Applying CVar settings loaded from the selected device profile: [Windows]
[2017.05.22-04.57.41:900][  0]LogInit: Computer: LIZHANG
[2017.05.22-04.57.41:900][  0]LogInit: User: wanly102
[2017.05.22-04.57.41:900][  0]LogInit: CPU Page size=65536, Cores=2
[2017.05.22-04.57.41:900][  0]LogInit: High frequency timer resolution =2.533198 MHz
[2017.05.22-04.57.41:900][  0]LogMemory: Memory total: Physical=7.9GB (8GB approx)
[2017.05.22-04.57.41:900][  0]LogMemory: Platform Memory Stats for Windows
[2017.05.22-04.57.41:900][  0]LogMemory: Process Physical Memory: 263.22 MB used, 263.22 MB peak
[2017.05.22-04.57.41:900][  0]LogMemory: Process Virtual Memory: 262.23 MB used, 262.23 MB peak
[2017.05.22-04.57.41:900][  0]LogMemory: Physical Memory: 4134.59 MB used,  3938.37 MB free, 8072.96 MB total
[2017.05.22-04.57.41:900][  0]LogMemory: Virtual Memory: 642.59 MB used,  3938.37 MB free, 134217728.00 MB total
[2017.05.22-04.57.42:261][  0]LogTextLocalizationManager:Warning: Loaded localization resources contain conflicting entries for (Namespace:UObjectToolTips, Key:AnimNode_AssetPlayerBase:InternalTimeAccumulator):
Localization Resource: (C:/Program Files (x86)/Epic Games/4.15/Engine/Content/Localization/EditorTutorials/zh-CN/EditorTutorials.locres) Source String Hash: (502993589) Localized String: (用于引用此节点中的资源的累积时间)
Localization Resource: (C:/Program Files (x86)/Epic Games/4.15/Engine/Content/Localization/Engine/zh-CN/Engine.locres) Source String Hash: (502993589) Localized String: (引用该节点中资源所用的累计时间)
[2017.05.22-04.57.42:261][  0]LogTextLocalizationManager:Warning: Loaded localization resources contain conflicting entries for (Namespace:UObjectToolTips, Key:AnimNode_AssetPlayerBase:bIgnoreForRelevancyTest):
Localization Resource: (C:/Program Files (x86)/Epic Games/4.15/Engine/Content/Localization/EditorTutorials/zh-CN/EditorTutorials.locres) Source String Hash: (319969718) Localized String: (若为真，在状态中寻找最高权重动画的“相关动画”节点将忽视 此节点)
Localization Resource: (C:/Program Files (x86)/Epic Games/4.15/Engine/Content/Localization/Engine/zh-CN/Engine.locres) Source String Hash: (319969718) Localized String: (如果为真，那么将会忽略查找最高权重动画的"相关动画"节点。
这个节点)
[2017.05.22-04.57.42:261][  0]LogTextLocalizationManager:Warning: Loaded localization resources contain conflicting entries for (Namespace:UObjectToolTips, Key:AnimNode_AssetPlayerBase:BlendWeight):
Localization Resource: (C:/Program Files (x86)/Epic Games/4.15/Engine/Content/Localization/EditorTutorials/zh-CN/EditorTutorials.locres) Source String Hash: (-1232800293) Localized String: (此节点最后交会的混合权重)
Localization Resource: (C:/Program Files (x86)/Epic Games/4.15/Engine/Content/Localization/Engine/zh-CN/Engine.locres) Source String Hash: (-1232800293) Localized String: (该节点上一次遇到的混合权重)
[2017.05.22-04.57.42:496][  0]LogD3D11RHI: D3D11 adapters:
[2017.05.22-04.57.42:511][  0]LogD3D11RHI:    0. 'AMD Radeon R7 M265' (Feature Level 11_0)
[2017.05.22-04.57.42:511][  0]LogD3D11RHI:       2035/0/4036 MB DedicatedVideo/DedicatedSystem/SharedSystem, Outputs:1, VendorId:0x1002
[2017.05.22-04.57.42:518][  0]LogD3D11RHI:    1. 'Intel(R) HD Graphics Family' (Feature Level 11_0)
[2017.05.22-04.57.42:518][  0]LogD3D11RHI:       112/0/2048 MB DedicatedVideo/DedicatedSystem/SharedSystem, Outputs:0, VendorId:0x8086
[2017.05.22-04.57.42:520][  0]LogD3D11RHI:    2. 'Microsoft Basic Render Driver' (Feature Level 11_0)
[2017.05.22-04.57.42:520][  0]LogD3D11RHI:       0/0/4036 MB DedicatedVideo/DedicatedSystem/SharedSystem, Outputs:0, VendorId:0x1414
[2017.05.22-04.57.42:520][  0]LogD3D11RHI: Chosen D3D11 Adapter: 0
[2017.05.22-04.57.42:527][  0]LogD3D11RHI: Creating new Direct3DDevice
[2017.05.22-04.57.42:527][  0]LogD3D11RHI:     GPU DeviceId: 0x6900 (for the marketing name, search the web for "GPU Device Id")
[2017.05.22-04.57.42:527][  0]LogWindows: EnumDisplayDevices:
[2017.05.22-04.57.42:527][  0]LogWindows:    0. 'Intel(R) HD Graphics Family' (P:1 D:1)
[2017.05.22-04.57.42:528][  0]LogWindows:    1. 'Intel(R) HD Graphics Family' (P:0 D:0)
[2017.05.22-04.57.42:528][  0]LogWindows:    2. 'Intel(R) HD Graphics Family' (P:0 D:0)
[2017.05.22-04.57.42:529][  0]LogWindows: DebugString: PrimaryIsNotTheChoosenAdapter PrimaryIsNotTheChoosenAdapter PrimaryIsNotTheChoosenAdapter FoundDriverCount:0 
[2017.05.22-04.57.42:529][  0]LogD3D11RHI:     Adapter Name: AMD Radeon R7 M265
[2017.05.22-04.57.42:529][  0]LogD3D11RHI:   Driver Version: Unknown (internal:Unknown, unified:Unknown)
[2017.05.22-04.57.42:529][  0]LogD3D11RHI:      Driver Date: Unknown
[2017.05.22-04.57.42:529][  0]LogRHI: Texture pool is 1361 MB (70% of 1945 MB)
[2017.05.22-04.57.42:599][  0]LogD3D11RHI: Async texture creation enabled
[2017.05.22-04.57.42:613][  0]LogD3D11RHI: GPU Timing Frequency: 27.000000 (Debug: 2 1)
[2017.05.22-04.57.42:614][  0]LogShaderCompilers: Guid format shader working directory is -14 characters bigger than the processId version (../../../../../../Users/jicheng/Desktop/Zombie-City/ZombieCity/Intermediate/Shaders/WorkingDirectory/6560/).
[2017.05.22-04.57.42:615][  0]LogShaderCompilers: Cleaned the shader compiler working directory 'C:/Users/jicheng/AppData/Local/Temp/UnrealShaderWorkingDir/EBFB953B477686383C4231A807323507/'.
[2017.05.22-04.57.42:615][  0]LogShaderCompilers:Display: Using Local Shader Compiler.
[2017.05.22-04.57.47:378][  0]LogTemp:Display: Loaded TP WindowsClientTargetPlatform
[2017.05.22-04.57.47:656][  0]LogTemp:Display: Loaded TP WindowsNoEditorTargetPlatform
[2017.05.22-04.57.47:944][  0]LogTemp:Display: Loaded TP WindowsServerTargetPlatform
[2017.05.22-04.57.48:180][  0]LogTemp:Display: Loaded TP WindowsTargetPlatform
[2017.05.22-04.57.48:181][  0]LogTargetPlatformManager:Display: Building Assets For Windows
[2017.05.22-04.57.50:673][  0]LogDerivedDataCache:Display: Max Cache Size: 512 MB
[2017.05.22-04.57.50:874][  0]LogDerivedDataCache: Loaded boot cache 0.20s 50MB C:/Users/jicheng/AppData/Local/UnrealEngine/4.15/DerivedDataCache/Boot.ddc.
[2017.05.22-04.57.50:874][  0]LogDerivedDataCache:Display: Loaded Boot cache: C:/Users/jicheng/AppData/Local/UnrealEngine/4.15/DerivedDataCache/Boot.ddc
[2017.05.22-04.57.50:874][  0]LogDerivedDataCache: FDerivedDataBackendGraph:  Pak pak cache file ../../../../../../Users/jicheng/Desktop/Zombie-City/ZombieCity/DerivedDataCache/DDC.ddp not found, will not use a pak cache.
[2017.05.22-04.57.50:874][  0]LogDerivedDataCache: Unable to find inner node Pak for hierarchical cache Hierarchy.
[2017.05.22-04.57.50:874][  0]LogDerivedDataCache: FDerivedDataBackendGraph:  CompressedPak pak cache file ../../../../../../Users/jicheng/Desktop/Zombie-City/ZombieCity/DerivedDataCache/Compressed.ddp not found, will not use a pak cache.
[2017.05.22-04.57.50:874][  0]LogDerivedDataCache: Unable to find inner node CompressedPak for hierarchical cache Hierarchy.
[2017.05.22-04.57.50:963][  0]LogDerivedDataCache:Display: Pak cache opened for reading ../../../Engine/DerivedDataCache/Compressed.ddp.
[2017.05.22-04.57.50:982][  0]LogDerivedDataCache: Using Local data cache path C:/Users/jicheng/AppData/Local/UnrealEngine/Common/DerivedDataCache: Writable
[2017.05.22-04.57.51:023][  0]LogSlate: Using Freetype 2.6.0
[2017.05.22-04.57.51:024][  0]LogSlate: SlateFontCache - WITH_FREETYPE: 1, WITH_HARFBUZZ: 1
[2017.05.22-04.57.51:024][  0]LogSlate: SlateFontCache - WITH_FREETYPE: 1, WITH_HARFBUZZ: 1
[2017.05.22-04.57.51:621][  0]LogAssetRegistry: FAssetRegistry took 0.0001 seconds to start up
[2017.05.22-04.57.51:634][  0]LogPackageLocalizationCache: Processed 3 localized package path(s) for 4 prioritized culture(s) in 0.013023 seconds
[2017.05.22-04.57.51:680][  0]LogInit: Selected Device Profile: [Windows]
[2017.05.22-04.57.51:684][  0]LogContentStreaming: Texture pool size is 1000.00 MB
[2017.05.22-04.57.52:767][  0]LogMeshUtilities: Using QuadricMeshReduction for automatic static mesh reduction
[2017.05.22-04.57.53:031][  0]LogSimplygon: Simplygon DLL not present - disabling.
[2017.05.22-04.57.53:297][  0]LogMeshUtilities: Using SimplygonSwarm for distributed automatic mesh merging
[2017.05.22-04.57.53:297][  0]LogMeshUtilities: No automatic skeletal mesh reduction module available
[2017.05.22-04.57.53:297][  0]LogMeshUtilities: No automatic mesh merging module available
[2017.05.22-04.57.55:604][  0]LogNetVersion: GetLocalNetworkVersion: CL: 3299760, ProjectName: zombiecity, ProjectVersion: , EngineNetworkVersion: 2, GameNetworkVersion: 0, NetworkChecksum: 270151773
[2017.05.22-04.57.55:955][  0]LogInit: WinSock: version 1.1 (2.2), MaxSocks=32767, MaxUdp=65467
[2017.05.22-04.58.00:336][  0]LogMoviePlayer: Initializing movie player
[2017.05.22-04.58.00:566][  0]LogWindowsTextInputMethodSystem:Display: IME system now activated using TSF (搜狗拼音输入法).
[2017.05.22-04.58.00:567][  0]LogWindowsTextInputMethodSystem:Display: IME system now activated using TSF (搜狗拼音输入法).
[2017.05.22-04.58.01:089][  0]LogTcpMessaging: Initializing TcpMessaging bridge
[2017.05.22-04.58.01:140][  0]LogUdpMessaging: Initializing bridge on interface 0.0.0.0:0 to multicast group 230.0.0.1:6666.
[2017.05.22-04.58.02:509][  0]SourceControl: 信息 源码控制已禁用
[2017.05.22-04.58.02:509][  0]SourceControl: 信息 源码控制已禁用
[2017.05.22-04.58.02:762][  0]SourceControl: 信息 源码控制已禁用
[2017.05.22-04.58.06:453][  0]LogUObjectArray: 34408 objects as part of root set at end of initial load.
[2017.05.22-04.58.06:453][  0]LogUObjectAllocator: 7639328 out of 0 bytes used by permanent object pool.
[2017.05.22-04.58.06:453][  0]LogUObjectArray: CloseDisregardForGC: 0/0 objects in disregard for GC pool
[2017.05.22-04.58.06:924][  0]LogEngine: Initializing Engine...
[2017.05.22-04.58.06:928][  0]LogHMD: Failed to initialize OpenVR with code 110
[2017.05.22-04.58.07:361][  0]LogInit: XAudio2 using 'Speakers / Headphones (Realtek High Definition Audio)' : 2 channels at 48 kHz using 32 bits per sample (channel mask 0x3)
[2017.05.22-04.58.07:471][  0]LogInit: FAudioDevice initialized.
[2017.05.22-04.58.07:502][  0]LogInit: Texture streaming: Enabled
[2017.05.22-04.58.07:552][  0]LogMaterial: Uniform references updated for custom material expression Custom.
[2017.05.22-04.58.09:239][  0]LogInit:Display: Game Engine Initialized.
[2017.05.22-04.58.10:228][  0]LogInit:Display: Starting Game.
[2017.05.22-04.58.10:229][  0]LogNet: Browse: /Temp/Autosaves/Game/ZombieCity/Maps/UEDPCUIMap?Name=Player
[2017.05.22-04.58.10:229][  0]LogLoad: LoadMap: /Temp/Autosaves/Game/ZombieCity/Maps/UEDPCUIMap?Name=Player
[2017.05.22-04.58.10:336][  0]LogMemory: Platform Memory Stats for Windows
[2017.05.22-04.58.10:336][  0]LogMemory: Process Physical Memory: 607.90 MB used, 635.49 MB peak
[2017.05.22-04.58.10:336][  0]LogMemory: Process Virtual Memory: 676.70 MB used, 676.71 MB peak
[2017.05.22-04.58.10:336][  0]LogMemory: Physical Memory: 4423.24 MB used,  3649.72 MB free, 8072.96 MB total
[2017.05.22-04.58.10:336][  0]LogMemory: Virtual Memory: 1360.63 MB used,  3649.72 MB free, 134217728.00 MB total
[2017.05.22-04.58.10:336][  0]LogMemory: 
[2017.05.22-04.58.10:336][  0]Allocator Stats for TBB: (not implemented)
[2017.05.22-04.58.11:777][  0]LogAIModule: Creating AISystem for world UIMap
[2017.05.22-04.58.11:777][  0]LogLoad: Game class is 'ZombieCityGameMode_C'
[2017.05.22-04.58.11:778][  0]LogWorld: Bringing World /Temp/Autosaves/Game/ZombieCity/Maps/UEDPCUIMap.UIMap up for play (max tick rate 0) at 2017.05.22-14.28.11
[2017.05.22-04.58.11:778][  0]LogWorld: Bringing up level for play took: 0.000987
[2017.05.22-04.58.11:783][  0]LogLoad: Took 1.554047 seconds to LoadMap(/Temp/Autosaves/Game/ZombieCity/Maps/UEDPCUIMap)
[2017.05.22-04.58.12:110][  0]LogRenderer: Reallocating scene render targets to support 1280x720 NumSamples 1 (Frame:2).
[2017.05.22-04.58.12:110][  0]LogLoad: (Engine Initialization) Total time: 34.33 seconds
[2017.05.22-04.58.12:110][  0]LogLoad: (Engine Initialization) Total Blueprint compile time: 0.68 seconds
[2017.05.22-04.58.12:110][  0]LogExternalProfiler: Found external profiler: VSPerf
[2017.05.22-04.58.12:110][  0]LogExternalProfiler: Using external profiler: VSPerf
[2017.05.22-04.58.12:128][  0]LogOcInput: OculusInput pre-init called
[2017.05.22-04.58.12:143][  1]LogBlueprintUserMessages: [ZombieCityPawn_C_0] 100
[2017.05.22-04.58.12:406][  2]LogBlueprintUserMessages: [ZombieCityPawn_C_0] 100
[2017.05.22-04.58.12:450][  3]LogBlueprintUserMessages: [ZombieCityPawn_C_0] 100
[2017.05.22-04.58.12:468][  4]LogBlueprintUserMessages: [ZombieCityPawn_C_0] 100
[2017.05.22-04.58.12:484][  5]LogBlueprintUserMessages: [ZombieCityPawn_C_0] 100
[2017.05.22-04.58.12:501][  6]LogBlueprintUserMessages: [ZombieCityPawn_C_0] 100
[2017.05.22-04.58.12:518][  7]LogBlueprintUserMessages: [ZombieCityPawn_C_0] 100
[2017.05.22-04.58.12:535][  8]LogBlueprintUserMessages: [ZombieCityPawn_C_0] 100
[2017.05.22-04.58.12:552][  9]LogBlueprintUserMessages: [ZombieCityPawn_C_0] 100
[2017.05.22-04.58.12:568][ 10]LogBlueprintUserMessages: [ZombieCityPawn_C_0] 100
[2017.05.22-04.58.12:585][ 11]LogBlueprintUserMessages: [ZombieCityPawn_C_0] 100
[2017.05.22-04.58.12:602][ 12]LogBlueprintUserMessages: [ZombieCityPawn_C_0] 100
[2017.05.22-04.58.12:618][ 13]LogBlueprintUserMessages: [ZombieCityPawn_C_0] 100
[2017.05.22-04.58.12:635][ 14]LogBlueprintUserMessages: [ZombieCityPawn_C_0] 100
[2017.05.22-04.58.12:652][ 15]LogBlueprintUserMessages: [ZombieCityPawn_C_0] 100
[2017.05.22-04.58.12:669][ 16]LogBlueprintUserMessages: [ZombieCityPawn_C_0] 100
[2017.05.22-04.58.12:685][ 17]LogBlueprintUserMessages: [ZombieCityPawn_C_0] 100
[2017.05.22-04.58.12:702][ 18]LogBlueprintUserMessages: [ZombieCityPawn_C_0] 100
[2017.05.22-04.58.12:719][ 19]LogBlueprintUserMessages: [ZombieCityPawn_C_0] 100
[2017.05.22-04.58.12:736][ 20]LogBlueprintUserMessages: [ZombieCityPawn_C_0] 100
[2017.05.22-04.58.12:752][ 21]LogBlueprintUserMessages: [ZombieCityPawn_C_0] 100
[2017.05.22-04.58.12:773][ 22]LogBlueprintUserMessages: [ZombieCityPawn_C_0] 100
[2017.05.22-04.58.12:789][ 23]LogBlueprintUserMessages: [ZombieCityPawn_C_0] 100
[2017.05.22-04.58.12:811][ 24]LogBlueprintUserMessages: [ZombieCityPawn_C_0] 100
[2017.05.22-04.58.12:827][ 25]LogBlueprintUserMessages: [ZombieCityPawn_C_0] 100
[2017.05.22-04.58.12:845][ 26]LogBlueprintUserMessages: [ZombieCityPawn_C_0] 100
[2017.05.22-04.58.12:861][ 27]LogBlueprintUserMessages: [ZombieCityPawn_C_0] 100
[2017.05.22-04.58.12:878][ 28]LogBlueprintUserMessages: [ZombieCityPawn_C_0] 100
[2017.05.22-04.58.12:895][ 29]LogBlueprintUserMessages: [ZombieCityPawn_C_0] 100
[2017.05.22-04.58.12:912][ 30]LogBlueprintUserMessages: [ZombieCityPawn_C_0] 100
[2017.05.22-04.58.12:928][ 31]LogBlueprintUserMessages: [ZombieCityPawn_C_0] 100
[2017.05.22-04.58.12:945][ 32]LogBlueprintUserMessages: [ZombieCityPawn_C_0] 100
[2017.05.22-04.58.12:962][ 33]LogBlueprintUserMessages: [ZombieCityPawn_C_0] 100
[2017.05.22-04.58.12:978][ 34]LogBlueprintUserMessages: [ZombieCityPawn_C_0] 100
[2017.05.22-04.58.12:995][ 35]LogBlueprintUserMessages: [ZombieCityPawn_C_0] 100
[2017.05.22-04.58.13:012][ 36]LogBlueprintUserMessages: [ZombieCityPawn_C_0] 100
[2017.05.22-04.58.13:029][ 37]LogBlueprintUserMessages: [ZombieCityPawn_C_0] 100
[2017.05.22-04.58.13:046][ 38]LogBlueprintUserMessages: [ZombieCityPawn_C_0] 100
[2017.05.22-04.58.13:062][ 39]LogBlueprintUserMessages: [ZombieCityPawn_C_0] 100
[2017.05.22-04.58.13:079][ 40]LogBlueprintUserMessages: [ZombieCityPawn_C_0] 100
[2017.05.22-04.58.13:096][ 41]LogBlueprintUserMessages: [ZombieCityPawn_C_0] 100
[2017.05.22-04.58.13:116][ 42]LogBlueprintUserMessages: [ZombieCityPawn_C_0] 100
[2017.05.22-04.58.13:132][ 43]LogBlueprintUserMessages: [ZombieCityPawn_C_0] 100
[2017.05.22-04.58.13:154][ 44]LogBlueprintUserMessages: [ZombieCityPawn_C_0] 100
[2017.05.22-04.58.13:171][ 45]LogBlueprintUserMessages: [ZombieCityPawn_C_0] 100
[2017.05.22-04.58.13:187][ 46]LogBlueprintUserMessages: [ZombieCityPawn_C_0] 100
[2017.05.22-04.58.13:204][ 47]LogBlueprintUserMessages: [ZombieCityPawn_C_0] 100
[2017.05.22-04.58.13:221][ 48]LogBlueprintUserMessages: [ZombieCityPawn_C_0] 100
[2017.05.22-04.58.13:238][ 49]LogBlueprintUserMessages: [ZombieCityPawn_C_0] 100
[2017.05.22-04.58.13:255][ 50]LogBlueprintUserMessages: [ZombieCityPawn_C_0] 100
[2017.05.22-04.58.13:272][ 51]LogBlueprintUserMessages: [ZombieCityPawn_C_0] 100
[2017.05.22-04.58.13:288][ 52]LogBlueprintUserMessages: [ZombieCityPawn_C_0] 100
[2017.05.22-04.58.13:305][ 53]LogBlueprintUserMessages: [ZombieCityPawn_C_0] 100
[2017.05.22-04.58.13:322][ 54]LogBlueprintUserMessages: [ZombieCityPawn_C_0] 100
[2017.05.22-04.58.13:339][ 55]LogBlueprintUserMessages: [ZombieCityPawn_C_0] 100
[2017.05.22-04.58.13:355][ 56]LogBlueprintUserMessages: [ZombieCityPawn_C_0] 100
[2017.05.22-04.58.13:372][ 57]LogBlueprintUserMessages: [ZombieCityPawn_C_0] 100
[2017.05.22-04.58.13:389][ 58]LogBlueprintUserMessages: [ZombieCityPawn_C_0] 100
[2017.05.22-04.58.13:406][ 59]LogBlueprintUserMessages: [ZombieCityPawn_C_0] 100
[2017.05.22-04.58.13:422][ 60]LogBlueprintUserMessages: [ZombieCityPawn_C_0] 100
[2017.05.22-04.58.13:442][ 61]LogBlueprintUserMessages: [ZombieCityPawn_C_0] 100
[2017.05.22-04.58.13:459][ 62]LogBlueprintUserMessages: [ZombieCityPawn_C_0] 100
[2017.05.22-04.58.13:480][ 63]LogBlueprintUserMessages: [ZombieCityPawn_C_0] 100
[2017.05.22-04.58.13:497][ 64]LogBlueprintUserMessages: [ZombieCityPawn_C_0] 100
[2017.05.22-04.58.13:514][ 65]LogBlueprintUserMessages: [ZombieCityPawn_C_0] 100
[2017.05.22-04.58.13:531][ 66]LogBlueprintUserMessages: [ZombieCityPawn_C_0] 100
[2017.05.22-04.58.13:547][ 67]LogBlueprintUserMessages: [ZombieCityPawn_C_0] 100
[2017.05.22-04.58.13:564][ 68]LogBlueprintUserMessages: [ZombieCityPawn_C_0] 100
[2017.05.22-04.58.13:581][ 69]LogBlueprintUserMessages: [ZombieCityPawn_C_0] 100
[2017.05.22-04.58.13:597][ 70]LogBlueprintUserMessages: [ZombieCityPawn_C_0] 100
[2017.05.22-04.58.13:614][ 71]LogBlueprintUserMessages: [ZombieCityPawn_C_0] 100
[2017.05.22-04.58.13:631][ 72]LogBlueprintUserMessages: [ZombieCityPawn_C_0] 100
[2017.05.22-04.58.13:647][ 73]LogBlueprintUserMessages: [ZombieCityPawn_C_0] 100
[2017.05.22-04.58.13:664][ 74]LogBlueprintUserMessages: [ZombieCityPawn_C_0] 100
[2017.05.22-04.58.13:681][ 75]LogBlueprintUserMessages: [ZombieCityPawn_C_0] 100
[2017.05.22-04.58.13:698][ 76]LogBlueprintUserMessages: [ZombieCityPawn_C_0] 100
[2017.05.22-04.58.13:714][ 77]LogBlueprintUserMessages: [ZombieCityPawn_C_0] 100
[2017.05.22-04.58.13:731][ 78]LogBlueprintUserMessages: [ZombieCityPawn_C_0] 100
[2017.05.22-04.58.13:748][ 79]LogBlueprintUserMessages: [ZombieCityPawn_C_0] 100
[2017.05.22-04.58.13:765][ 80]LogBlueprintUserMessages: [ZombieCityPawn_C_0] 100
[2017.05.22-04.58.13:784][ 81]LogBlueprintUserMessages: [ZombieCityPawn_C_0] 100
[2017.05.22-04.58.13:801][ 82]LogBlueprintUserMessages: [ZombieCityPawn_C_0] 100
[2017.05.22-04.58.13:823][ 83]LogBlueprintUserMessages: [ZombieCityPawn_C_0] 100
[2017.05.22-04.58.13:839][ 84]LogBlueprintUserMessages: [ZombieCityPawn_C_0] 100
[2017.05.22-04.58.13:857][ 85]LogBlueprintUserMessages: [ZombieCityPawn_C_0] 100
[2017.05.22-04.58.13:873][ 86]LogBlueprintUserMessages: [ZombieCityPawn_C_0] 100
[2017.05.22-04.58.13:890][ 87]LogBlueprintUserMessages: [ZombieCityPawn_C_0] 100
[2017.05.22-04.58.13:907][ 88]LogBlueprintUserMessages: [ZombieCityPawn_C_0] 100
[2017.05.22-04.58.13:924][ 89]LogBlueprintUserMessages: [ZombieCityPawn_C_0] 100
[2017.05.22-04.58.13:941][ 90]LogBlueprintUserMessages: [ZombieCityPawn_C_0] 100
[2017.05.22-04.58.13:958][ 91]LogBlueprintUserMessages: [ZombieCityPawn_C_0] 100
[2017.05.22-04.58.13:974][ 92]LogBlueprintUserMessages: [ZombieCityPawn_C_0] 100
[2017.05.22-04.58.13:991][ 93]LogBlueprintUserMessages: [ZombieCityPawn_C_0] 100
[2017.05.22-04.58.14:008][ 94]LogBlueprintUserMessages: [ZombieCityPawn_C_0] 100
[2017.05.22-04.58.14:024][ 95]LogBlueprintUserMessages: [ZombieCityPawn_C_0] 100
[2017.05.22-04.58.14:041][ 96]LogBlueprintUserMessages: [ZombieCityPawn_C_0] 100
[2017.05.22-04.58.14:058][ 97]LogBlueprintUserMessages: [ZombieCityPawn_C_0] 100
[2017.05.22-04.58.14:074][ 98]LogBlueprintUserMessages: [ZombieCityPawn_C_0] 100
[2017.05.22-04.58.14:091][ 99]LogBlueprintUserMessages: [ZombieCityPawn_C_0] 100
[2017.05.22-04.58.14:111][100]LogBlueprintUserMessages: [ZombieCityPawn_C_0] 100
[2017.05.22-04.58.14:128][101]LogBlueprintUserMessages: [ZombieCityPawn_C_0] 100
[2017.05.22-04.58.14:149][102]LogBlueprintUserMessages: [ZombieCityPawn_C_0] 100
[2017.05.22-04.58.14:166][103]LogBlueprintUserMessages: [ZombieCityPawn_C_0] 100
[2017.05.22-04.58.14:183][104]LogBlueprintUserMessages: [ZombieCityPawn_C_0] 100
[2017.05.22-04.58.14:200][105]LogBlueprintUserMessages: [ZombieCityPawn_C_0] 100
[2017.05.22-04.58.14:216][106]LogBlueprintUserMessages: [ZombieCityPawn_C_0] 100
[2017.05.22-04.58.14:233][107]LogBlueprintUserMessages: [ZombieCityPawn_C_0] 100
[2017.05.22-04.58.14:250][108]LogBlueprintUserMessages: [ZombieCityPawn_C_0] 100
[2017.05.22-04.58.14:267][109]LogBlueprintUserMessages: [ZombieCityPawn_C_0] 100
[2017.05.22-04.58.14:283][110]LogBlueprintUserMessages: [ZombieCityPawn_C_0] 100
[2017.05.22-04.58.14:300][111]LogBlueprintUserMessages: [ZombieCityPawn_C_0] 100
[2017.05.22-04.58.14:317][112]LogBlueprintUserMessages: [ZombieCityPawn_C_0] 100
[2017.05.22-04.58.14:334][113]LogBlueprintUserMessages: [ZombieCityPawn_C_0] 100
[2017.05.22-04.58.14:350][114]LogBlueprintUserMessages: [ZombieCityPawn_C_0] 100
[2017.05.22-04.58.14:367][115]LogBlueprintUserMessages: [ZombieCityPawn_C_0] 100
[2017.05.22-04.58.14:384][116]LogBlueprintUserMessages: [ZombieCityPawn_C_0] 100
[2017.05.22-04.58.14:401][117]LogBlueprintUserMessages: [ZombieCityPawn_C_0] 100
[2017.05.22-04.58.14:417][118]LogBlueprintUserMessages: [ZombieCityPawn_C_0] 100
[2017.05.22-04.58.14:437][119]LogBlueprintUserMessages: [ZombieCityPawn_C_0] 100
[2017.05.22-04.58.14:454][120]LogBlueprintUserMessages: [ZombieCityPawn_C_0] 100
[2017.05.22-04.58.14:476][121]LogBlueprintUserMessages: [ZombieCityPawn_C_0] 100
[2017.05.22-04.58.14:492][122]LogBlueprintUserMessages: [ZombieCityPawn_C_0] 100
[2017.05.22-04.58.14:509][123]LogBlueprintUserMessages: [ZombieCityPawn_C_0] 100
[2017.05.22-04.58.14:526][124]LogBlueprintUserMessages: [ZombieCityPawn_C_0] 100
[2017.05.22-04.58.14:543][125]LogBlueprintUserMessages: [ZombieCityPawn_C_0] 100
[2017.05.22-04.58.14:560][126]LogBlueprintUserMessages: [ZombieCityPawn_C_0] 100
[2017.05.22-04.58.14:576][127]LogBlueprintUserMessages: [ZombieCityPawn_C_0] 100
[2017.05.22-04.58.14:593][128]LogBlueprintUserMessages: [ZombieCityPawn_C_0] 100
[2017.05.22-04.58.14:610][129]LogBlueprintUserMessages: [ZombieCityPawn_C_0] 100
[2017.05.22-04.58.14:627][130]LogBlueprintUserMessages: [ZombieCityPawn_C_0] 100
[2017.05.22-04.58.14:644][131]LogBlueprintUserMessages: [ZombieCityPawn_C_0] 100
[2017.05.22-04.58.14:660][132]LogBlueprintUserMessages: [ZombieCityPawn_C_0] 100
[2017.05.22-04.58.14:677][133]LogBlueprintUserMessages: [ZombieCityPawn_C_0] 100
[2017.05.22-04.58.14:694][134]LogBlueprintUserMessages: [ZombieCityPawn_C_0] 100
[2017.05.22-04.58.14:711][135]LogBlueprintUserMessages: [ZombieCityPawn_C_0] 100
[2017.05.22-04.58.14:727][136]LogBlueprintUserMessages: [ZombieCityPawn_C_0] 100
[2017.05.22-04.58.14:744][137]LogBlueprintUserMessages: [ZombieCityPawn_C_0] 100
[2017.05.22-04.58.14:761][138]LogBlueprintUserMessages: [ZombieCityPawn_C_0] 100
[2017.05.22-04.58.14:781][139]LogBlueprintUserMessages: [ZombieCityPawn_C_0] 100
[2017.05.22-04.58.14:798][140]LogBlueprintUserMessages: [ZombieCityPawn_C_0] 100
[2017.05.22-04.58.14:819][141]LogBlueprintUserMessages: [ZombieCityPawn_C_0] 100
[2017.05.22-04.58.14:836][142]LogBlueprintUserMessages: [ZombieCityPawn_C_0] 100
[2017.05.22-04.58.14:852][143]LogBlueprintUserMessages: [ZombieCityPawn_C_0] 100
[2017.05.22-04.58.14:869][144]LogBlueprintUserMessages: [ZombieCityPawn_C_0] 100
[2017.05.22-04.58.14:886][145]LogBlueprintUserMessages: [ZombieCityPawn_C_0] 100
[2017.05.22-04.58.14:903][146]LogBlueprintUserMessages: [ZombieCityPawn_C_0] 100
[2017.05.22-04.58.14:919][147]LogBlueprintUserMessages: [ZombieCityPawn_C_0] 100
[2017.05.22-04.58.14:936][148]LogBlueprintUserMessages: [ZombieCityPawn_C_0] 100
[2017.05.22-04.58.14:953][149]LogBlueprintUserMessages: [ZombieCityPawn_C_0] 100
[2017.05.22-04.58.14:970][150]LogBlueprintUserMessages: [ZombieCityPawn_C_0] 100
[2017.05.22-04.58.14:986][151]LogBlueprintUserMessages: [ZombieCityPawn_C_0] 100
[2017.05.22-04.58.15:003][152]LogBlueprintUserMessages: [ZombieCityPawn_C_0] 100
[2017.05.22-04.58.15:020][153]LogBlueprintUserMessages: [ZombieCityPawn_C_0] 100
[2017.05.22-04.58.15:037][154]LogBlueprintUserMessages: [ZombieCityPawn_C_0] 100
[2017.05.22-04.58.15:053][155]LogBlueprintUserMessages: [ZombieCityPawn_C_0] 100
[2017.05.22-04.58.15:070][156]LogBlueprintUserMessages: [ZombieCityPawn_C_0] 100
[2017.05.22-04.58.15:087][157]LogBlueprintUserMessages: [ZombieCityPawn_C_0] 100
[2017.05.22-04.58.15:107][158]LogBlueprintUserMessages: [ZombieCityPawn_C_0] 100
[2017.05.22-04.58.15:123][159]LogBlueprintUserMessages: [ZombieCityPawn_C_0] 100
[2017.05.22-04.58.15:145][160]LogBlueprintUserMessages: [ZombieCityPawn_C_0] 100
[2017.05.22-04.58.15:161][161]LogBlueprintUserMessages: [ZombieCityPawn_C_0] 100
[2017.05.22-04.58.15:178][162]LogBlueprintUserMessages: [ZombieCityPawn_C_0] 100
[2017.05.22-04.58.15:195][163]LogBlueprintUserMessages: [ZombieCityPawn_C_0] 100
[2017.05.22-04.58.15:212][164]LogBlueprintUserMessages: [ZombieCityPawn_C_0] 100
[2017.05.22-04.58.15:228][165]LogBlueprintUserMessages: [ZombieCityPawn_C_0] 100
[2017.05.22-04.58.15:245][166]LogBlueprintUserMessages: [ZombieCityPawn_C_0] 100
[2017.05.22-04.58.15:262][167]LogBlueprintUserMessages: [ZombieCityPawn_C_0] 100
[2017.05.22-04.58.15:279][168]LogBlueprintUserMessages: [ZombieCityPawn_C_0] 100
[2017.05.22-04.58.15:295][169]LogBlueprintUserMessages: [ZombieCityPawn_C_0] 100
[2017.05.22-04.58.15:312][170]LogBlueprintUserMessages: [ZombieCityPawn_C_0] 100
[2017.05.22-04.58.15:330][171]LogBlueprintUserMessages: [ZombieCityPawn_C_0] 100
[2017.05.22-04.58.15:346][172]LogBlueprintUserMessages: [ZombieCityPawn_C_0] 100
[2017.05.22-04.58.15:363][173]LogBlueprintUserMessages: [ZombieCityPawn_C_0] 100
[2017.05.22-04.58.15:380][174]LogBlueprintUserMessages: [ZombieCityPawn_C_0] 100
[2017.05.22-04.58.15:397][175]LogBlueprintUserMessages: [ZombieCityPawn_C_0] 100
[2017.05.22-04.58.15:413][176]LogBlueprintUserMessages: [ZombieCityPawn_C_0] 100
[2017.05.22-04.58.15:430][177]LogBlueprintUserMessages: [ZombieCityPawn_C_0] 100
[2017.05.22-04.58.15:450][178]LogBlueprintUserMessages: [ZombieCityPawn_C_0] 100
[2017.05.22-04.58.15:467][179]LogBlueprintUserMessages: [ZombieCityPawn_C_0] 100
[2017.05.22-04.58.15:488][180]LogBlueprintUserMessages: [ZombieCityPawn_C_0] 100
[2017.05.22-04.58.15:505][181]LogBlueprintUserMessages: [ZombieCityPawn_C_0] 100
[2017.05.22-04.58.15:521][182]LogBlueprintUserMessages: [ZombieCityPawn_C_0] 100
[2017.05.22-04.58.15:538][183]LogBlueprintUserMessages: [ZombieCityPawn_C_0] 100
[2017.05.22-04.58.15:555][184]LogBlueprintUserMessages: [ZombieCityPawn_C_0] 100
[2017.05.22-04.58.15:572][185]LogBlueprintUserMessages: [ZombieCityPawn_C_0] 100
[2017.05.22-04.58.15:589][186]LogBlueprintUserMessages: [ZombieCityPawn_C_0] 100
[2017.05.22-04.58.15:605][187]LogBlueprintUserMessages: [ZombieCityPawn_C_0] 100
[2017.05.22-04.58.15:622][188]LogBlueprintUserMessages: [ZombieCityPawn_C_0] 100
[2017.05.22-04.58.15:639][189]LogBlueprintUserMessages: [ZombieCityPawn_C_0] 100
[2017.05.22-04.58.15:656][190]LogBlueprintUserMessages: [ZombieCityPawn_C_0] 100
[2017.05.22-04.58.15:672][191]LogBlueprintUserMessages: [ZombieCityPawn_C_0] 100
[2017.05.22-04.58.15:689][192]LogBlueprintUserMessages: [ZombieCityPawn_C_0] 100
[2017.05.22-04.58.15:706][193]LogBlueprintUserMessages: [ZombieCityPawn_C_0] 100
[2017.05.22-04.58.15:722][194]LogBlueprintUserMessages: [ZombieCityPawn_C_0] 100
[2017.05.22-04.58.15:739][195]LogBlueprintUserMessages: [ZombieCityPawn_C_0] 100
[2017.05.22-04.58.15:756][196]LogBlueprintUserMessages: [ZombieCityPawn_C_0] 100
[2017.05.22-04.58.15:775][197]LogBlueprintUserMessages: [ZombieCityPawn_C_0] 100
[2017.05.22-04.58.15:792][198]LogBlueprintUserMessages: [ZombieCityPawn_C_0] 100
[2017.05.22-04.58.15:813][199]LogBlueprintUserMessages: [ZombieCityPawn_C_0] 100
[2017.05.22-04.58.15:830][200]LogBlueprintUserMessages: [ZombieCityPawn_C_0] 100
[2017.05.22-04.58.15:848][201]LogBlueprintUserMessages: [ZombieCityPawn_C_0] 100
[2017.05.22-04.58.15:865][202]LogBlueprintUserMessages: [ZombieCityPawn_C_0] 100
[2017.05.22-04.58.15:882][203]LogBlueprintUserMessages: [ZombieCityPawn_C_0] 100
[2017.05.22-04.58.15:898][204]LogBlueprintUserMessages: [ZombieCityPawn_C_0] 100
[2017.05.22-04.58.15:915][205]LogBlueprintUserMessages: [ZombieCityPawn_C_0] 100
[2017.05.22-04.58.15:932][206]LogBlueprintUserMessages: [ZombieCityPawn_C_0] 100
[2017.05.22-04.58.15:949][207]LogBlueprintUserMessages: [ZombieCityPawn_C_0] 100
[2017.05.22-04.58.15:965][208]LogBlueprintUserMessages: [ZombieCityPawn_C_0] 100
[2017.05.22-04.58.15:982][209]LogBlueprintUserMessages: [ZombieCityPawn_C_0] 100
[2017.05.22-04.58.15:999][210]LogBlueprintUserMessages: [ZombieCityPawn_C_0] 100
[2017.05.22-04.58.16:016][211]LogBlueprintUserMessages: [ZombieCityPawn_C_0] 100
[2017.05.22-04.58.16:033][212]LogBlueprintUserMessages: [ZombieCityPawn_C_0] 100
[2017.05.22-04.58.16:050][213]LogBlueprintUserMessages: [ZombieCityPawn_C_0] 100
[2017.05.22-04.58.16:067][214]LogBlueprintUserMessages: [ZombieCityPawn_C_0] 100
[2017.05.22-04.58.16:083][215]LogBlueprintUserMessages: [ZombieCityPawn_C_0] 100
[2017.05.22-04.58.16:103][216]LogBlueprintUserMessages: [ZombieCityPawn_C_0] 100
[2017.05.22-04.58.16:120][217]LogBlueprintUserMessages: [ZombieCityPawn_C_0] 100
[2017.05.22-04.58.16:141][218]LogBlueprintUserMessages: [ZombieCityPawn_C_0] 100
[2017.05.22-04.58.16:158][219]LogBlueprintUserMessages: [ZombieCityPawn_C_0] 100
[2017.05.22-04.58.16:175][220]LogBlueprintUserMessages: [ZombieCityPawn_C_0] 100
[2017.05.22-04.58.16:192][221]LogBlueprintUserMessages: [ZombieCityPawn_C_0] 100
[2017.05.22-04.58.16:209][222]LogBlueprintUserMessages: [ZombieCityPawn_C_0] 100
[2017.05.22-04.58.16:226][223]LogBlueprintUserMessages: [ZombieCityPawn_C_0] 100
[2017.05.22-04.58.16:242][224]LogBlueprintUserMessages: [ZombieCityPawn_C_0] 100
[2017.05.22-04.58.16:259][225]LogBlueprintUserMessages: [ZombieCityPawn_C_0] 100
[2017.05.22-04.58.16:276][226]LogBlueprintUserMessages: [ZombieCityPawn_C_0] 100
[2017.05.22-04.58.16:293][227]LogBlueprintUserMessages: [ZombieCityPawn_C_0] 100
[2017.05.22-04.58.16:310][228]LogBlueprintUserMessages: [ZombieCityPawn_C_0] 100
[2017.05.22-04.58.16:327][229]LogBlueprintUserMessages: [ZombieCityPawn_C_0] 100
[2017.05.22-04.58.16:343][230]LogBlueprintUserMessages: [ZombieCityPawn_C_0] 100
[2017.05.22-04.58.16:361][231]LogBlueprintUserMessages: [ZombieCityPawn_C_0] 100
[2017.05.22-04.58.16:377][232]LogBlueprintUserMessages: [ZombieCityPawn_C_0] 100
[2017.05.22-04.58.16:394][233]LogBlueprintUserMessages: [ZombieCityPawn_C_0] 100
[2017.05.22-04.58.16:411][234]LogBlueprintUserMessages: [ZombieCityPawn_C_0] 100
[2017.05.22-04.58.16:427][235]LogBlueprintUserMessages: [ZombieCityPawn_C_0] 100
[2017.05.22-04.58.16:447][236]LogBlueprintUserMessages: [ZombieCityPawn_C_0] 100
[2017.05.22-04.58.16:464][237]LogBlueprintUserMessages: [ZombieCityPawn_C_0] 100
[2017.05.22-04.58.16:485][238]LogBlueprintUserMessages: [ZombieCityPawn_C_0] 100
[2017.05.22-04.58.16:502][239]LogBlueprintUserMessages: [ZombieCityPawn_C_0] 100
[2017.05.22-04.58.16:519][240]LogBlueprintUserMessages: [ZombieCityPawn_C_0] 100
[2017.05.22-04.58.16:536][241]LogBlueprintUserMessages: [ZombieCityPawn_C_0] 100
[2017.05.22-04.58.16:552][242]LogBlueprintUserMessages: [ZombieCityPawn_C_0] 100
[2017.05.22-04.58.16:569][243]LogBlueprintUserMessages: [ZombieCityPawn_C_0] 100
[2017.05.22-04.58.16:586][244]LogBlueprintUserMessages: [ZombieCityPawn_C_0] 100
[2017.05.22-04.58.16:603][245]LogBlueprintUserMessages: [ZombieCityPawn_C_0] 100
[2017.05.22-04.58.16:620][246]LogBlueprintUserMessages: [ZombieCityPawn_C_0] 100
[2017.05.22-04.58.16:636][247]LogBlueprintUserMessages: [ZombieCityPawn_C_0] 100
[2017.05.22-04.58.16:653][248]LogBlueprintUserMessages: [ZombieCityPawn_C_0] 100
[2017.05.22-04.58.16:670][249]LogBlueprintUserMessages: [ZombieCityPawn_C_0] 100
[2017.05.22-04.58.16:687][250]LogBlueprintUserMessages: [ZombieCityPawn_C_0] 100
[2017.05.22-04.58.16:703][251]LogBlueprintUserMessages: [ZombieCityPawn_C_0] 100
[2017.05.22-04.58.16:721][252]LogBlueprintUserMessages: [ZombieCityPawn_C_0] 100
[2017.05.22-04.58.16:737][253]LogBlueprintUserMessages: [ZombieCityPawn_C_0] 100
[2017.05.22-04.58.16:755][254]LogBlueprintUserMessages: [ZombieCityPawn_C_0] 100
[2017.05.22-04.58.16:774][255]LogBlueprintUserMessages: [ZombieCityPawn_C_0] 100
[2017.05.22-04.58.16:791][256]LogBlueprintUserMessages: [ZombieCityPawn_C_0] 100
[2017.05.22-04.58.16:812][257]LogBlueprintUserMessages: [ZombieCityPawn_C_0] 100
[2017.05.22-04.58.16:829][258]LogBlueprintUserMessages: [ZombieCityPawn_C_0] 100
[2017.05.22-04.58.16:846][259]LogBlueprintUserMessages: [ZombieCityPawn_C_0] 100
[2017.05.22-04.58.17:059][260]LogPackageName: SearchForPackageOnDisk took   0.097s to resolve MainMap.umap.
[2017.05.22-04.58.17:154][260]LogPackageName: SearchForPackageOnDisk took   0.094s to resolve MainMap.umap.
[2017.05.22-04.58.17:154][260]LogNet: Browse: /Game/ZombieCity/Maps/MainMap
[2017.05.22-04.58.17:154][260]LogLoad: LoadMap: /Game/ZombieCity/Maps/MainMap
[2017.05.22-04.58.17:198][260]LogMemory: Platform Memory Stats for Windows
[2017.05.22-04.58.17:198][260]LogMemory: Process Physical Memory: 685.57 MB used, 703.93 MB peak
[2017.05.22-04.58.17:198][260]LogMemory: Process Virtual Memory: 920.73 MB used, 938.18 MB peak
[2017.05.22-04.58.17:198][260]LogMemory: Physical Memory: 4448.57 MB used,  3624.39 MB free, 8072.96 MB total
[2017.05.22-04.58.17:198][260]LogMemory: Virtual Memory: 1639.67 MB used,  3624.39 MB free, 134217728.00 MB total
[2017.05.22-04.58.17:198][260]LogMemory: 
[2017.05.22-04.58.17:198][260]Allocator Stats for TBB: (not implemented)
[2017.05.22-04.58.17:848][260]LogAIModule: Creating AISystem for world MainMap
[2017.05.22-04.58.17:849][260]LogLoad: Game class is 'ZombieCityGameMode_C'
[2017.05.22-04.58.17:867][260]LogWorld: Bringing World /Game/ZombieCity/Maps/MainMap.MainMap up for play (max tick rate 0) at 2017.05.22-14.28.17
[2017.05.22-04.58.17:868][260]LogNavigation:Warning: UNavigationSystem::SimpleMoveToActor called for NavSys:None Controller:None controlling Pawn:NULL with goal actor None (if any of these is None then there's your problem
[2017.05.22-04.58.17:868][260]LogNavigation:Warning: UNavigationSystem::SimpleMoveToActor called for NavSys:None Controller:None controlling Pawn:NULL with goal actor None (if any of these is None then there's your problem
[2017.05.22-04.58.17:869][260]LogNavigation:Warning: UNavigationSystem::SimpleMoveToActor called for NavSys:NavigationSystem_0 Controller:AIController_4 controlling Pawn:Zombie003_99 with goal actor None (if any of these is None then there's your problem
[2017.05.22-04.58.17:869][260]LogNavigation:Warning: UNavigationSystem::SimpleMoveToActor called for NavSys:NavigationSystem_0 Controller:AIController_4 controlling Pawn:Zombie003_99 with goal actor None (if any of these is None then there's your problem
[2017.05.22-04.58.17:869][260]LogNavigation:Warning: UNavigationSystem::SimpleMoveToActor called for NavSys:NavigationSystem_0 Controller:AIController_4 controlling Pawn:Zombie003_99 with goal actor None (if any of these is None then there's your problem
[2017.05.22-04.58.17:870][260]LogWorld: Bringing up level for play took: 0.018907
[2017.05.22-04.58.17:872][260]LogLoad: Took 0.717713 seconds to LoadMap(/Game/ZombieCity/Maps/MainMap)
[2017.05.22-04.58.17:872][260]LogBlueprintUserMessages: [ZombieCityPawn_C_0] 100
[2017.05.22-04.58.17:882][261]LogBlueprintUserMessages: [ZombieCityPawn_C_0] 100
[2017.05.22-04.58.18:291][262]LogBlueprintUserMessages: [ZombieCityPawn_C_0] 100
[2017.05.22-04.58.18:327][263]LogBlueprintUserMessages: [ZombieCityPawn_C_0] 100
[2017.05.22-04.58.18:353][264]LogBlueprintUserMessages: [ZombieCityPawn_C_0] 100
[2017.05.22-04.58.18:379][265]LogBlueprintUserMessages: [ZombieCityPawn_C_0] 100
[2017.05.22-04.58.18:406][266]LogBlueprintUserMessages: [ZombieCityPawn_C_0] 100
[2017.05.22-04.58.18:432][267]LogBlueprintUserMessages: [ZombieCityPawn_C_0] 100
[2017.05.22-04.58.18:466][268]LogBlueprintUserMessages: [ZombieCityPawn_C_0] 100
[2017.05.22-04.58.18:492][269]LogBlueprintUserMessages: [ZombieCityPawn_C_0] 100
[2017.05.22-04.58.18:519][270]LogBlueprintUserMessages: [ZombieCityPawn_C_0] 100
[2017.05.22-04.58.18:545][271]LogBlueprintUserMessages: [ZombieCityPawn_C_0] 100
[2017.05.22-04.58.18:572][272]LogBlueprintUserMessages: [ZombieCityPawn_C_0] 100
[2017.05.22-04.58.18:599][273]LogBlueprintUserMessages: [ZombieCityPawn_C_0] 100
[2017.05.22-04.58.18:626][274]LogBlueprintUserMessages: [ZombieCityPawn_C_0] 100
[2017.05.22-04.58.18:653][275]LogBlueprintUserMessages: [ZombieCityPawn_C_0] 100
[2017.05.22-04.58.18:680][276]LogBlueprintUserMessages: [ZombieCityPawn_C_0] 100
[2017.05.22-04.58.18:706][277]LogBlueprintUserMessages: [ZombieCityPawn_C_0] 100
[2017.05.22-04.58.18:733][278]LogBlueprintUserMessages: [ZombieCityPawn_C_0] 100
[2017.05.22-04.58.18:760][279]LogBlueprintUserMessages: [ZombieCityPawn_C_0] 100
[2017.05.22-04.58.18:794][280]LogBlueprintUserMessages: [ZombieCityPawn_C_0] 100
[2017.05.22-04.58.18:821][281]LogBlueprintUserMessages: [ZombieCityPawn_C_0] 100
[2017.05.22-04.58.18:848][282]LogBlueprintUserMessages: [ZombieCityPawn_C_0] 100
[2017.05.22-04.58.18:875][283]LogBlueprintUserMessages: [ZombieCityPawn_C_0] 100
[2017.05.22-04.58.18:902][284]LogBlueprintUserMessages: [ZombieCityPawn_C_0] 100
[2017.05.22-04.58.18:929][285]LogBlueprintUserMessages: [ZombieCityPawn_C_0] 100
[2017.05.22-04.58.18:956][286]LogBlueprintUserMessages: [ZombieCityPawn_C_0] 100
[2017.05.22-04.58.18:982][287]LogBlueprintUserMessages: [ZombieCityPawn_C_0] 100
[2017.05.22-04.58.19:009][288]LogBlueprintUserMessages: [ZombieCityPawn_C_0] 100
[2017.05.22-04.58.19:036][289]LogBlueprintUserMessages: [ZombieCityPawn_C_0] 100
[2017.05.22-04.58.19:063][290]LogBlueprintUserMessages: [ZombieCityPawn_C_0] 100
[2017.05.22-04.58.19:090][291]LogBlueprintUserMessages: [ZombieCityPawn_C_0] 100
[2017.05.22-04.58.19:117][292]LogBlueprintUserMessages: [ZombieCityPawn_C_0] 100
[2017.05.22-04.58.19:152][293]LogBlueprintUserMessages: [ZombieCityPawn_C_0] 100
[2017.05.22-04.58.19:179][294]LogBlueprintUserMessages: [ZombieCityPawn_C_0] 100
[2017.05.22-04.58.19:206][295]LogBlueprintUserMessages: [ZombieCityPawn_C_0] 100
[2017.05.22-04.58.19:235][296]LogBlueprintUserMessages: [ZombieCityPawn_C_0] 100
[2017.05.22-04.58.19:260][297]LogBlueprintUserMessages: [ZombieCityPawn_C_0] 100
[2017.05.22-04.58.19:288][298]LogBlueprintUserMessages: [ZombieCityPawn_C_0] 100
[2017.05.22-04.58.19:314][299]LogBlueprintUserMessages: [ZombieCityPawn_C_0] 100
[2017.05.22-04.58.19:341][300]LogBlueprintUserMessages: [ZombieCityPawn_C_0] 100
[2017.05.22-04.58.19:369][301]LogBlueprintUserMessages: [ZombieCityPawn_C_0] 100
[2017.05.22-04.58.19:395][302]LogBlueprintUserMessages: [ZombieCityPawn_C_0] 100
[2017.05.22-04.58.19:422][303]LogBlueprintUserMessages: [ZombieCityPawn_C_0] 100
[2017.05.22-04.58.19:456][304]LogBlueprintUserMessages: [ZombieCityPawn_C_0] 100
[2017.05.22-04.58.19:484][305]LogBlueprintUserMessages: [ZombieCityPawn_C_0] 100
[2017.05.22-04.58.19:511][306]LogBlueprintUserMessages: [ZombieCityPawn_C_0] 100
[2017.05.22-04.58.19:538][307]LogBlueprintUserMessages: [ZombieCityPawn_C_0] 100
[2017.05.22-04.58.19:565][308]LogBlueprintUserMessages: [ZombieCityPawn_C_0] 100
[2017.05.22-04.58.19:591][309]LogBlueprintUserMessages: [ZombieCityPawn_C_0] 100
[2017.05.22-04.58.19:618][310]LogBlueprintUserMessages: [ZombieCityPawn_C_0] 100
[2017.05.22-04.58.19:646][311]LogBlueprintUserMessages: [ZombieCityPawn_C_0] 100
[2017.05.22-04.58.19:672][312]LogBlueprintUserMessages: [ZombieCityPawn_C_0] 100
[2017.05.22-04.58.19:699][313]LogBlueprintUserMessages: [ZombieCityPawn_C_0] 100
[2017.05.22-04.58.19:726][314]LogBlueprintUserMessages: [ZombieCityPawn_C_0] 100
[2017.05.22-04.58.19:753][315]LogBlueprintUserMessages: [ZombieCityPawn_C_0] 100
[2017.05.22-04.58.19:787][316]LogBlueprintUserMessages: [ZombieCityPawn_C_0] 100
[2017.05.22-04.58.19:814][317]LogBlueprintUserMessages: [ZombieCityPawn_C_0] 100
[2017.05.22-04.58.19:841][318]LogBlueprintUserMessages: [ZombieCityPawn_C_0] 100
[2017.05.22-04.58.19:868][319]LogBlueprintUserMessages: [ZombieCityPawn_C_0] 100
[2017.05.22-04.58.19:894][320]LogBlueprintUserMessages: [ZombieCityPawn_C_0] 100
[2017.05.22-04.58.19:922][321]LogBlueprintUserMessages: [ZombieCityPawn_C_0] 100
[2017.05.22-04.58.19:948][322]LogBlueprintUserMessages: [ZombieCityPawn_C_0] 100
[2017.05.22-04.58.19:975][323]LogBlueprintUserMessages: [ZombieCityPawn_C_0] 100
[2017.05.22-04.58.20:002][324]LogBlueprintUserMessages: [ZombieCityPawn_C_0] 100
[2017.05.22-04.58.20:029][325]LogBlueprintUserMessages: [ZombieCityPawn_C_0] 100
[2017.05.22-04.58.20:056][326]LogBlueprintUserMessages: [ZombieCityPawn_C_0] 100
[2017.05.22-04.58.20:082][327]LogBlueprintUserMessages: [ZombieCityPawn_C_0] 100
[2017.05.22-04.58.20:117][328]LogBlueprintUserMessages: [ZombieCityPawn_C_0] 100
[2017.05.22-04.58.20:144][329]LogBlueprintUserMessages: [ZombieCityPawn_C_0] 100
[2017.05.22-04.58.20:170][330]LogBlueprintUserMessages: [ZombieCityPawn_C_0] 100
[2017.05.22-04.58.20:197][331]LogBlueprintUserMessages: [ZombieCityPawn_C_0] 100
[2017.05.22-04.58.20:225][332]LogBlueprintUserMessages: [ZombieCityPawn_C_0] 100
[2017.05.22-04.58.20:253][333]LogBlueprintUserMessages: [ZombieCityPawn_C_0] 100
[2017.05.22-04.58.20:280][334]LogBlueprintUserMessages: [ZombieCityPawn_C_0] 100
[2017.05.22-04.58.20:308][335]LogBlueprintUserMessages: [ZombieCityPawn_C_0] 100
[2017.05.22-04.58.20:335][336]LogBlueprintUserMessages: [ZombieCityPawn_C_0] 100
[2017.05.22-04.58.20:363][337]LogBlueprintUserMessages: [ZombieCityPawn_C_0] 100
[2017.05.22-04.58.20:391][338]LogBlueprintUserMessages: [ZombieCityPawn_C_0] 100
[2017.05.22-04.58.20:419][339]LogBlueprintUserMessages: [ZombieCityPawn_C_0] 100
[2017.05.22-04.58.20:454][340]LogBlueprintUserMessages: [ZombieCityPawn_C_0] 100
[2017.05.22-04.58.20:482][341]LogBlueprintUserMessages: [ZombieCityPawn_C_0] 100
[2017.05.22-04.58.20:509][342]LogBlueprintUserMessages: [ZombieCityPawn_C_0] 100
[2017.05.22-04.58.20:537][343]LogBlueprintUserMessages: [ZombieCityPawn_C_0] 100
[2017.05.22-04.58.20:565][344]LogBlueprintUserMessages: [ZombieCityPawn_C_0] 100
[2017.05.22-04.58.20:592][345]LogBlueprintUserMessages: [ZombieCityPawn_C_0] 100
[2017.05.22-04.58.20:620][346]LogBlueprintUserMessages: [ZombieCityPawn_C_0] 100
[2017.05.22-04.58.20:647][347]LogBlueprintUserMessages: [ZombieCityPawn_C_0] 100
[2017.05.22-04.58.20:675][348]LogBlueprintUserMessages: [ZombieCityPawn_C_0] 100
[2017.05.22-04.58.20:703][349]LogBlueprintUserMessages: [ZombieCityPawn_C_0] 100
[2017.05.22-04.58.20:731][350]LogBlueprintUserMessages: [ZombieCityPawn_C_0] 100
[2017.05.22-04.58.20:759][351]LogBlueprintUserMessages: [ZombieCityPawn_C_0] 100
[2017.05.22-04.58.20:790][352]LogBlueprintUserMessages: [ZombieCityPawn_C_0] 100
[2017.05.22-04.58.20:818][353]LogBlueprintUserMessages: [ZombieCityPawn_C_0] 100
[2017.05.22-04.58.20:851][354]LogBlueprintUserMessages: [ZombieCityPawn_C_0] 100
[2017.05.22-04.58.20:878][355]LogBlueprintUserMessages: [ZombieCityPawn_C_0] 100
[2017.05.22-04.58.20:906][356]LogBlueprintUserMessages: [ZombieCityPawn_C_0] 100
[2017.05.22-04.58.20:934][357]LogBlueprintUserMessages: [ZombieCityPawn_C_0] 100
[2017.05.22-04.58.20:962][358]LogBlueprintUserMessages: [ZombieCityPawn_C_0] 100
[2017.05.22-04.58.20:990][359]LogBlueprintUserMessages: [ZombieCityPawn_C_0] 100
[2017.05.22-04.58.21:018][360]LogBlueprintUserMessages: [ZombieCityPawn_C_0] 100
[2017.05.22-04.58.21:047][361]LogBlueprintUserMessages: [ZombieCityPawn_C_0] 100
[2017.05.22-04.58.21:075][362]LogBlueprintUserMessages: [ZombieCityPawn_C_0] 100
[2017.05.22-04.58.21:102][363]LogBlueprintUserMessages: [ZombieCityPawn_C_0] 100
[2017.05.22-04.58.21:138][364]LogBlueprintUserMessages: [ZombieCityPawn_C_0] 100
[2017.05.22-04.58.21:165][365]LogBlueprintUserMessages: [ZombieCityPawn_C_0] 100
[2017.05.22-04.58.21:193][366]LogBlueprintUserMessages: [ZombieCityPawn_C_0] 100
[2017.05.22-04.58.21:221][367]LogBlueprintUserMessages: [ZombieCityPawn_C_0] 100
[2017.05.22-04.58.21:249][368]LogBlueprintUserMessages: [ZombieCityPawn_C_0] 100
[2017.05.22-04.58.21:276][369]LogBlueprintUserMessages: [ZombieCityPawn_C_0] 100
[2017.05.22-04.58.21:304][370]LogBlueprintUserMessages: [ZombieCityPawn_C_0] 100
[2017.05.22-04.58.21:331][371]LogBlueprintUserMessages: [ZombieCityPawn_C_0] 100
[2017.05.22-04.58.21:359][372]LogBlueprintUserMessages: [ZombieCityPawn_C_0] 100
[2017.05.22-04.58.21:387][373]LogBlueprintUserMessages: [ZombieCityPawn_C_0] 100
[2017.05.22-04.58.21:415][374]LogBlueprintUserMessages: [ZombieCityPawn_C_0] 100
[2017.05.22-04.58.21:442][375]LogBlueprintUserMessages: [ZombieCityPawn_C_0] 100
[2017.05.22-04.58.21:478][376]LogBlueprintUserMessages: [ZombieCityPawn_C_0] 100
[2017.05.22-04.58.21:506][377]LogBlueprintUserMessages: [ZombieCityPawn_C_0] 100
[2017.05.22-04.58.21:533][378]LogBlueprintUserMessages: [ZombieCityPawn_C_0] 100
[2017.05.22-04.58.21:561][379]LogBlueprintUserMessages: [ZombieCityPawn_C_0] 100
[2017.05.22-04.58.21:589][380]LogBlueprintUserMessages: [ZombieCityPawn_C_0] 100
[2017.05.22-04.58.21:617][381]LogBlueprintUserMessages: [ZombieCityPawn_C_0] 100
[2017.05.22-04.58.21:645][382]LogBlueprintUserMessages: [ZombieCityPawn_C_0] 100
[2017.05.22-04.58.21:672][383]LogBlueprintUserMessages: [ZombieCityPawn_C_0] 100
[2017.05.22-04.58.21:700][384]LogBlueprintUserMessages: [ZombieCityPawn_C_0] 100
[2017.05.22-04.58.21:728][385]LogBlueprintUserMessages: [ZombieCityPawn_C_0] 100
[2017.05.22-04.58.21:757][386]LogBlueprintUserMessages: [ZombieCityPawn_C_0] 100
[2017.05.22-04.58.21:792][387]LogBlueprintUserMessages: [ZombieCityPawn_C_0] 100
[2017.05.22-04.58.21:820][388]LogBlueprintUserMessages: [ZombieCityPawn_C_0] 100
[2017.05.22-04.58.21:849][389]LogBlueprintUserMessages: [ZombieCityPawn_C_0] 100
[2017.05.22-04.58.21:876][390]LogBlueprintUserMessages: [ZombieCityPawn_C_0] 100
[2017.05.22-04.58.21:904][391]LogBlueprintUserMessages: [ZombieCityPawn_C_0] 100
[2017.05.22-04.58.21:931][392]LogBlueprintUserMessages: [ZombieCityPawn_C_0] 100
[2017.05.22-04.58.21:960][393]LogBlueprintUserMessages: [ZombieCityPawn_C_0] 100
[2017.05.22-04.58.21:987][394]LogBlueprintUserMessages: [ZombieCityPawn_C_0] 100
[2017.05.22-04.58.22:016][395]LogBlueprintUserMessages: [ZombieCityPawn_C_0] 100
[2017.05.22-04.58.22:043][396]LogBlueprintUserMessages: [ZombieCityPawn_C_0] 100
[2017.05.22-04.58.22:071][397]LogBlueprintUserMessages: [ZombieCityPawn_C_0] 100
[2017.05.22-04.58.22:099][398]LogBlueprintUserMessages: [ZombieCityPawn_C_0] 100
[2017.05.22-04.58.22:135][399]LogBlueprintUserMessages: [ZombieCityPawn_C_0] 100
[2017.05.22-04.58.22:162][400]LogBlueprintUserMessages: [ZombieCityPawn_C_0] 100
[2017.05.22-04.58.22:190][401]LogBlueprintUserMessages: [ZombieCityPawn_C_0] 100
[2017.05.22-04.58.22:218][402]LogBlueprintUserMessages: [ZombieCityPawn_C_0] 100
[2017.05.22-04.58.22:246][403]LogBlueprintUserMessages: [ZombieCityPawn_C_0] 100
[2017.05.22-04.58.22:274][404]LogBlueprintUserMessages: [ZombieCityPawn_C_0] 100
[2017.05.22-04.58.22:302][405]LogBlueprintUserMessages: [ZombieCityPawn_C_0] 100
[2017.05.22-04.58.22:331][406]LogBlueprintUserMessages: [ZombieCityPawn_C_0] 100
[2017.05.22-04.58.22:359][407]LogBlueprintUserMessages: [ZombieCityPawn_C_0] 100
[2017.05.22-04.58.22:387][408]LogBlueprintUserMessages: [ZombieCityPawn_C_0] 100
[2017.05.22-04.58.22:415][409]LogBlueprintUserMessages: [ZombieCityPawn_C_0] 100
[2017.05.22-04.58.22:443][410]LogBlueprintUserMessages: [ZombieCityPawn_C_0] 100
[2017.05.22-04.58.22:479][411]LogBlueprintUserMessages: [ZombieCityPawn_C_0] 100
[2017.05.22-04.58.22:507][412]LogBlueprintUserMessages: [ZombieCityPawn_C_0] 100
[2017.05.22-04.58.22:535][413]LogBlueprintUserMessages: [ZombieCityPawn_C_0] 100
[2017.05.22-04.58.22:563][414]LogBlueprintUserMessages: [ZombieCityPawn_C_0] 100
[2017.05.22-04.58.22:592][415]LogBlueprintUserMessages: [ZombieCityPawn_C_0] 100
[2017.05.22-04.58.22:620][416]LogBlueprintUserMessages: [ZombieCityPawn_C_0] 100
[2017.05.22-04.58.22:649][417]LogBlueprintUserMessages: [ZombieCityPawn_C_0] 100
[2017.05.22-04.58.22:677][418]LogBlueprintUserMessages: [ZombieCityPawn_C_0] 100
[2017.05.22-04.58.22:705][419]LogBlueprintUserMessages: [ZombieCityPawn_C_0] 100
[2017.05.22-04.58.22:733][420]LogBlueprintUserMessages: [ZombieCityPawn_C_0] 100
[2017.05.22-04.58.22:761][421]LogBlueprintUserMessages: [ZombieCityPawn_C_0] 100
[2017.05.22-04.58.22:797][422]LogBlueprintUserMessages: [ZombieCityPawn_C_0] 100
[2017.05.22-04.58.22:825][423]LogBlueprintUserMessages: [ZombieCityPawn_C_0] 100
[2017.05.22-04.58.22:854][424]LogBlueprintUserMessages: [ZombieCityPawn_C_0] 100
[2017.05.22-04.58.22:882][425]LogBlueprintUserMessages: [ZombieCityPawn_C_0] 100
[2017.05.22-04.58.22:910][426]LogBlueprintUserMessages: [ZombieCityPawn_C_0] 100
[2017.05.22-04.58.22:939][427]LogBlueprintUserMessages: [ZombieCityPawn_C_0] 100
[2017.05.22-04.58.22:967][428]LogBlueprintUserMessages: [ZombieCityPawn_C_0] 100
[2017.05.22-04.58.22:995][429]LogBlueprintUserMessages: [ZombieCityPawn_C_0] 100
[2017.05.22-04.58.23:023][430]LogBlueprintUserMessages: [ZombieCityPawn_C_0] 100
[2017.05.22-04.58.23:051][431]LogBlueprintUserMessages: [ZombieCityPawn_C_0] 100
[2017.05.22-04.58.23:079][432]LogBlueprintUserMessages: [ZombieCityPawn_C_0] 100
[2017.05.22-04.58.23:107][433]LogBlueprintUserMessages: [ZombieCityPawn_C_0] 100
[2017.05.22-04.58.23:143][434]LogBlueprintUserMessages: [ZombieCityPawn_C_0] 100
[2017.05.22-04.58.23:172][435]LogBlueprintUserMessages: [ZombieCityPawn_C_0] 100
[2017.05.22-04.58.23:200][436]LogBlueprintUserMessages: [ZombieCityPawn_C_0] 100
[2017.05.22-04.58.23:229][437]LogBlueprintUserMessages: [ZombieCityPawn_C_0] 100
[2017.05.22-04.58.23:257][438]LogBlueprintUserMessages: [ZombieCityPawn_C_0] 100
[2017.05.22-04.58.23:286][439]LogBlueprintUserMessages: [ZombieCityPawn_C_0] 100
[2017.05.22-04.58.23:315][440]LogBlueprintUserMessages: [ZombieCityPawn_C_0] 100
[2017.05.22-04.58.23:343][441]LogBlueprintUserMessages: [ZombieCityPawn_C_0] 100
[2017.05.22-04.58.23:371][442]LogBlueprintUserMessages: [ZombieCityPawn_C_0] 100
[2017.05.22-04.58.23:400][443]LogBlueprintUserMessages: [ZombieCityPawn_C_0] 100
[2017.05.22-04.58.23:429][444]LogBlueprintUserMessages: [ZombieCityPawn_C_0] 100
[2017.05.22-04.58.23:461][445]LogBlueprintUserMessages: [ZombieCityPawn_C_0] 100
[2017.05.22-04.58.23:494][446]LogBlueprintUserMessages: [ZombieCityPawn_C_0] 100
[2017.05.22-04.58.23:522][447]LogBlueprintUserMessages: [ZombieCityPawn_C_0] 100
[2017.05.22-04.58.23:551][448]LogBlueprintUserMessages: [ZombieCityPawn_C_0] 100
[2017.05.22-04.58.23:580][449]LogBlueprintUserMessages: [ZombieCityPawn_C_0] 99
[2017.05.22-04.58.23:609][450]LogBlueprintUserMessages: [ZombieCityPawn_C_0] 99
[2017.05.22-04.58.23:638][451]LogBlueprintUserMessages: [ZombieCityPawn_C_0] 99
[2017.05.22-04.58.23:667][452]LogBlueprintUserMessages: [ZombieCityPawn_C_0] 99
[2017.05.22-04.58.23:697][453]LogBlueprintUserMessages: [ZombieCityPawn_C_0] 99
[2017.05.22-04.58.23:726][454]LogBlueprintUserMessages: [ZombieCityPawn_C_0] 99
[2017.05.22-04.58.23:755][455]LogBlueprintUserMessages: [ZombieCityPawn_C_0] 99
[2017.05.22-04.58.23:792][456]LogBlueprintUserMessages: [ZombieCityPawn_C_0] 99
[2017.05.22-04.58.23:821][457]LogBlueprintUserMessages: [ZombieCityPawn_C_0] 99
[2017.05.22-04.58.23:851][458]LogBlueprintUserMessages: [ZombieCityPawn_C_0] 99
[2017.05.22-04.58.23:881][459]LogBlueprintUserMessages: [ZombieCityPawn_C_0] 99
[2017.05.22-04.58.23:910][460]LogBlueprintUserMessages: [ZombieCityPawn_C_0] 99
[2017.05.22-04.58.23:940][461]LogBlueprintUserMessages: [ZombieCityPawn_C_0] 99
[2017.05.22-04.58.23:969][462]LogBlueprintUserMessages: [ZombieCityPawn_C_0] 99
[2017.05.22-04.58.23:998][463]LogBlueprintUserMessages: [ZombieCityPawn_C_0] 99
[2017.05.22-04.58.24:027][464]LogBlueprintUserMessages: [ZombieCityPawn_C_0] 99
[2017.05.22-04.58.24:057][465]LogBlueprintUserMessages: [ZombieCityPawn_C_0] 99
[2017.05.22-04.58.24:086][466]LogBlueprintUserMessages: [ZombieCityPawn_C_0] 98
[2017.05.22-04.58.24:119][467]LogBlueprintUserMessages: [ZombieCityPawn_C_0] 98
[2017.05.22-04.58.24:152][468]LogBlueprintUserMessages: [ZombieCityPawn_C_0] 98
[2017.05.22-04.58.24:182][469]LogBlueprintUserMessages: [ZombieCityPawn_C_0] 98
[2017.05.22-04.58.24:211][470]LogBlueprintUserMessages: [ZombieCityPawn_C_0] 98
[2017.05.22-04.58.24:240][471]LogBlueprintUserMessages: [ZombieCityPawn_C_0] 98
[2017.05.22-04.58.24:269][472]LogBlueprintUserMessages: [ZombieCityPawn_C_0] 98
[2017.05.22-04.58.24:298][473]LogBlueprintUserMessages: [ZombieCityPawn_C_0] 98
[2017.05.22-04.58.24:327][474]LogBlueprintUserMessages: [ZombieCityPawn_C_0] 98
[2017.05.22-04.58.24:356][475]LogBlueprintUserMessages: [ZombieCityPawn_C_0] 98
[2017.05.22-04.58.24:384][476]LogBlueprintUserMessages: [ZombieCityPawn_C_0] 98
[2017.05.22-04.58.24:414][477]LogBlueprintUserMessages: [ZombieCityPawn_C_0] 98
[2017.05.22-04.58.24:442][478]LogBlueprintUserMessages: [ZombieCityPawn_C_0] 98
[2017.05.22-04.58.24:478][479]LogBlueprintUserMessages: [ZombieCityPawn_C_0] 98
[2017.05.22-04.58.24:506][480]LogBlueprintUserMessages: [ZombieCityPawn_C_0] 98
[2017.05.22-04.58.24:535][481]LogBlueprintUserMessages: [ZombieCityPawn_C_0] 98
[2017.05.22-04.58.24:563][482]LogBlueprintUserMessages: [ZombieCityPawn_C_0] 98
[2017.05.22-04.58.24:592][483]LogBlueprintUserMessages: [ZombieCityPawn_C_0] 98
[2017.05.22-04.58.24:620][484]LogBlueprintUserMessages: [ZombieCityPawn_C_0] 98
[2017.05.22-04.58.24:649][485]LogBlueprintUserMessages: [ZombieCityPawn_C_0] 98
[2017.05.22-04.58.24:678][486]LogBlueprintUserMessages: [ZombieCityPawn_C_0] 98
[2017.05.22-04.58.24:706][487]LogBlueprintUserMessages: [ZombieCityPawn_C_0] 98
[2017.05.22-04.58.24:735][488]LogBlueprintUserMessages: [ZombieCityPawn_C_0] 98
[2017.05.22-04.58.24:764][489]LogBlueprintUserMessages: [ZombieCityPawn_C_0] 98
[2017.05.22-04.58.24:800][490]LogBlueprintUserMessages: [ZombieCityPawn_C_0] 98
[2017.05.22-04.58.24:828][491]LogBlueprintUserMessages: [ZombieCityPawn_C_0] 98
[2017.05.22-04.58.24:857][492]LogBlueprintUserMessages: [ZombieCityPawn_C_0] 98
[2017.05.22-04.58.24:886][493]LogBlueprintUserMessages: [ZombieCityPawn_C_0] 98
[2017.05.22-04.58.24:914][494]LogBlueprintUserMessages: [ZombieCityPawn_C_0] 98
[2017.05.22-04.58.24:943][495]LogBlueprintUserMessages: [ZombieCityPawn_C_0] 98
[2017.05.22-04.58.24:972][496]LogBlueprintUserMessages: [ZombieCityPawn_C_0] 98
[2017.05.22-04.58.25:000][497]LogBlueprintUserMessages: [ZombieCityPawn_C_0] 98
[2017.05.22-04.58.25:029][498]LogBlueprintUserMessages: [ZombieCityPawn_C_0] 97
[2017.05.22-04.58.25:058][499]LogBlueprintUserMessages: [ZombieCityPawn_C_0] 97
[2017.05.22-04.58.25:087][500]LogBlueprintUserMessages: [ZombieCityPawn_C_0] 97
[2017.05.22-04.58.25:119][501]LogBlueprintUserMessages: [ZombieCityPawn_C_0] 97
[2017.05.22-04.58.25:152][502]LogBlueprintUserMessages: [ZombieCityPawn_C_0] 97
[2017.05.22-04.58.25:180][503]LogBlueprintUserMessages: [ZombieCityPawn_C_0] 97
[2017.05.22-04.58.25:209][504]LogBlueprintUserMessages: [ZombieCityPawn_C_0] 97
[2017.05.22-04.58.25:237][505]LogBlueprintUserMessages: [ZombieCityPawn_C_0] 97
[2017.05.22-04.58.25:265][506]LogBlueprintUserMessages: [ZombieCityPawn_C_0] 97
[2017.05.22-04.58.25:293][507]LogBlueprintUserMessages: [ZombieCityPawn_C_0] 97
[2017.05.22-04.58.25:320][508]LogBlueprintUserMessages: [ZombieCityPawn_C_0] 97
[2017.05.22-04.58.25:348][509]LogBlueprintUserMessages: [ZombieCityPawn_C_0] 97
[2017.05.22-04.58.25:375][510]LogBlueprintUserMessages: [ZombieCityPawn_C_0] 97
[2017.05.22-04.58.25:402][511]LogBlueprintUserMessages: [ZombieCityPawn_C_0] 97
[2017.05.22-04.58.25:429][512]LogBlueprintUserMessages: [ZombieCityPawn_C_0] 97
[2017.05.22-04.58.25:459][513]LogBlueprintUserMessages: [ZombieCityPawn_C_0] 97
[2017.05.22-04.58.25:485][514]LogBlueprintUserMessages: [ZombieCityPawn_C_0] 97
[2017.05.22-04.58.25:516][515]LogBlueprintUserMessages: [ZombieCityPawn_C_0] 97
[2017.05.22-04.58.25:544][516]LogBlueprintUserMessages: [ZombieCityPawn_C_0] 97
[2017.05.22-04.58.25:572][517]LogBlueprintUserMessages: [ZombieCityPawn_C_0] 97
[2017.05.22-04.58.25:599][518]LogBlueprintUserMessages: [ZombieCityPawn_C_0] 97
[2017.05.22-04.58.25:626][519]LogBlueprintUserMessages: [ZombieCityPawn_C_0] 97
[2017.05.22-04.58.25:654][520]LogBlueprintUserMessages: [ZombieCityPawn_C_0] 97
[2017.05.22-04.58.25:681][521]LogBlueprintUserMessages: [ZombieCityPawn_C_0] 97
[2017.05.22-04.58.25:708][522]LogBlueprintUserMessages: [ZombieCityPawn_C_0] 97
[2017.05.22-04.58.25:735][523]LogBlueprintUserMessages: [ZombieCityPawn_C_0] 97
[2017.05.22-04.58.25:762][524]LogBlueprintUserMessages: [ZombieCityPawn_C_0] 97
[2017.05.22-04.58.25:797][525]LogBlueprintUserMessages: [ZombieCityPawn_C_0] 97
[2017.05.22-04.58.25:823][526]LogBlueprintUserMessages: [ZombieCityPawn_C_0] 97
[2017.05.22-04.58.25:851][527]LogBlueprintUserMessages: [ZombieCityPawn_C_0] 97
[2017.05.22-04.58.25:878][528]LogBlueprintUserMessages: [ZombieCityPawn_C_0] 97
[2017.05.22-04.58.25:905][529]LogBlueprintUserMessages: [ZombieCityPawn_C_0] 97
[2017.05.22-04.58.25:931][530]LogBlueprintUserMessages: [ZombieCityPawn_C_0] 97
[2017.05.22-04.58.25:958][531]LogBlueprintUserMessages: [ZombieCityPawn_C_0] 97
[2017.05.22-04.58.25:986][532]LogBlueprintUserMessages: [ZombieCityPawn_C_0] 97
[2017.05.22-04.58.26:013][533]LogBlueprintUserMessages: [ZombieCityPawn_C_0] 97
[2017.05.22-04.58.26:039][534]LogBlueprintUserMessages: [ZombieCityPawn_C_0] 97
[2017.05.22-04.58.26:066][535]LogBlueprintUserMessages: [ZombieCityPawn_C_0] 96
[2017.05.22-04.58.26:093][536]LogBlueprintUserMessages: [ZombieCityPawn_C_0] 96
[2017.05.22-04.58.26:128][537]LogBlueprintUserMessages: [ZombieCityPawn_C_0] 96
[2017.05.22-04.58.26:155][538]LogBlueprintUserMessages: [ZombieCityPawn_C_0] 96
[2017.05.22-04.58.26:182][539]LogBlueprintUserMessages: [ZombieCityPawn_C_0] 96
[2017.05.22-04.58.26:209][540]LogBlueprintUserMessages: [ZombieCityPawn_C_0] 96
[2017.05.22-04.58.26:236][541]LogBlueprintUserMessages: [ZombieCityPawn_C_0] 96
[2017.05.22-04.58.26:263][542]LogBlueprintUserMessages: [ZombieCityPawn_C_0] 96
[2017.05.22-04.58.26:289][543]LogBlueprintUserMessages: [ZombieCityPawn_C_0] 96
[2017.05.22-04.58.26:316][544]LogBlueprintUserMessages: [ZombieCityPawn_C_0] 96
[2017.05.22-04.58.26:343][545]LogBlueprintUserMessages: [ZombieCityPawn_C_0] 96
[2017.05.22-04.58.26:370][546]LogBlueprintUserMessages: [ZombieCityPawn_C_0] 96
[2017.05.22-04.58.26:396][547]LogBlueprintUserMessages: [ZombieCityPawn_C_0] 96
[2017.05.22-04.58.26:426][548]LogBlueprintUserMessages: [ZombieCityPawn_C_0] 96
[2017.05.22-04.58.26:452][549]LogBlueprintUserMessages: [ZombieCityPawn_C_0] 96
[2017.05.22-04.58.26:479][550]LogBlueprintUserMessages: [ZombieCityPawn_C_0] 96
[2017.05.22-04.58.26:510][551]LogBlueprintUserMessages: [ZombieCityPawn_C_0] 96
[2017.05.22-04.58.26:536][552]LogBlueprintUserMessages: [ZombieCityPawn_C_0] 96
[2017.05.22-04.58.26:563][553]LogBlueprintUserMessages: [ZombieCityPawn_C_0] 96
[2017.05.22-04.58.26:590][554]LogBlueprintUserMessages: [ZombieCityPawn_C_0] 96
[2017.05.22-04.58.26:616][555]LogBlueprintUserMessages: [ZombieCityPawn_C_0] 96
[2017.05.22-04.58.26:643][556]LogBlueprintUserMessages: [ZombieCityPawn_C_0] 96
[2017.05.22-04.58.26:669][557]LogBlueprintUserMessages: [ZombieCityPawn_C_0] 96
[2017.05.22-04.58.26:696][558]LogBlueprintUserMessages: [ZombieCityPawn_C_0] 96
[2017.05.22-04.58.26:722][559]LogBlueprintUserMessages: [ZombieCityPawn_C_0] 96
[2017.05.22-04.58.26:749][560]LogBlueprintUserMessages: [ZombieCityPawn_C_0] 96
[2017.05.22-04.58.26:775][561]LogBlueprintUserMessages: [ZombieCityPawn_C_0] 96
[2017.05.22-04.58.26:809][562]LogBlueprintUserMessages: [ZombieCityPawn_C_0] 96
[2017.05.22-04.58.26:836][563]LogBlueprintUserMessages: [ZombieCityPawn_C_0] 96
[2017.05.22-04.58.26:862][564]LogBlueprintUserMessages: [ZombieCityPawn_C_0] 96
[2017.05.22-04.58.26:889][565]LogBlueprintUserMessages: [ZombieCityPawn_C_0] 96
[2017.05.22-04.58.26:916][566]LogBlueprintUserMessages: [ZombieCityPawn_C_0] 96
[2017.05.22-04.58.26:942][567]LogBlueprintUserMessages: [ZombieCityPawn_C_0] 96
[2017.05.22-04.58.26:969][568]LogBlueprintUserMessages: [ZombieCityPawn_C_0] 96
[2017.05.22-04.58.26:995][569]LogBlueprintUserMessages: [ZombieCityPawn_C_0] 96
[2017.05.22-04.58.27:021][570]LogBlueprintUserMessages: [ZombieCityPawn_C_0] 96
[2017.05.22-04.58.27:048][571]LogBlueprintUserMessages: [ZombieCityPawn_C_0] 96
[2017.05.22-04.58.27:075][572]LogBlueprintUserMessages: [ZombieCityPawn_C_0] 96
[2017.05.22-04.58.27:101][573]LogBlueprintUserMessages: [ZombieCityPawn_C_0] 96
[2017.05.22-04.58.27:135][574]LogBlueprintUserMessages: [ZombieCityPawn_C_0] 96
[2017.05.22-04.58.27:161][575]LogBlueprintUserMessages: [ZombieCityPawn_C_0] 96
[2017.05.22-04.58.27:188][576]LogBlueprintUserMessages: [ZombieCityPawn_C_0] 96
[2017.05.22-04.58.27:215][577]LogBlueprintUserMessages: [ZombieCityPawn_C_0] 96
[2017.05.22-04.58.27:241][578]LogBlueprintUserMessages: [ZombieCityPawn_C_0] 96
[2017.05.22-04.58.27:268][579]LogBlueprintUserMessages: [ZombieCityPawn_C_0] 96
[2017.05.22-04.58.27:294][580]LogBlueprintUserMessages: [ZombieCityPawn_C_0] 96
[2017.05.22-04.58.27:321][581]LogBlueprintUserMessages: [ZombieCityPawn_C_0] 96
[2017.05.22-04.58.27:348][582]LogBlueprintUserMessages: [ZombieCityPawn_C_0] 96
[2017.05.22-04.58.27:374][583]LogBlueprintUserMessages: [ZombieCityPawn_C_0] 96
[2017.05.22-04.58.27:401][584]LogBlueprintUserMessages: [ZombieCityPawn_C_0] 96
[2017.05.22-04.58.27:427][585]LogBlueprintUserMessages: [ZombieCityPawn_C_0] 96
[2017.05.22-04.58.27:462][586]LogBlueprintUserMessages: [ZombieCityPawn_C_0] 96
[2017.05.22-04.58.27:488][587]LogBlueprintUserMessages: [ZombieCityPawn_C_0] 96
[2017.05.22-04.58.27:514][588]LogBlueprintUserMessages: [ZombieCityPawn_C_0] 96
[2017.05.22-04.58.27:541][589]LogBlueprintUserMessages: [ZombieCityPawn_C_0] 96
[2017.05.22-04.58.27:567][590]LogBlueprintUserMessages: [ZombieCityPawn_C_0] 96
[2017.05.22-04.58.27:594][591]LogBlueprintUserMessages: [ZombieCityPawn_C_0] 96
[2017.05.22-04.58.27:621][592]LogBlueprintUserMessages: [ZombieCityPawn_C_0] 96
[2017.05.22-04.58.27:647][593]LogBlueprintUserMessages: [ZombieCityPawn_C_0] 96
[2017.05.22-04.58.27:673][594]LogBlueprintUserMessages: [ZombieCityPawn_C_0] 96
[2017.05.22-04.58.27:699][595]LogBlueprintUserMessages: [ZombieCityPawn_C_0] 96
[2017.05.22-04.58.27:725][596]LogBlueprintUserMessages: [ZombieCityPawn_C_0] 96
[2017.05.22-04.58.27:750][597]LogBlueprintUserMessages: [ZombieCityPawn_C_0] 96
[2017.05.22-04.58.27:775][598]LogBlueprintUserMessages: [ZombieCityPawn_C_0] 96
[2017.05.22-04.58.27:808][599]LogBlueprintUserMessages: [ZombieCityPawn_C_0] 96
[2017.05.22-04.58.27:834][600]LogBlueprintUserMessages: [ZombieCityPawn_C_0] 96
[2017.05.22-04.58.27:860][601]LogBlueprintUserMessages: [ZombieCityPawn_C_0] 96
[2017.05.22-04.58.27:886][602]LogBlueprintUserMessages: [ZombieCityPawn_C_0] 96
[2017.05.22-04.58.27:911][603]LogBlueprintUserMessages: [ZombieCityPawn_C_0] 96
[2017.05.22-04.58.27:937][604]LogBlueprintUserMessages: [ZombieCityPawn_C_0] 96
[2017.05.22-04.58.27:962][605]LogBlueprintUserMessages: [ZombieCityPawn_C_0] 96
[2017.05.22-04.58.27:988][606]LogBlueprintUserMessages: [ZombieCityPawn_C_0] 96
[2017.05.22-04.58.28:014][607]LogBlueprintUserMessages: [ZombieCityPawn_C_0] 96
[2017.05.22-04.58.28:041][608]LogBlueprintUserMessages: [ZombieCityPawn_C_0] 96
[2017.05.22-04.58.30:396][679]LogWindowsTextInputMethodSystem:Display: IME system now activated using TSF (搜狗拼音输入法).
[2017.05.22-04.58.30:396][679]LogWindowsTextInputMethodSystem:Display: IME system now activated using TSF (搜狗拼音输入法).
[2017.05.22-04.58.30:402][679]LogWindowsTextInputMethodSystem:Display: IME system now activated using TSF (搜狗拼音输入法).
[2017.05.22-04.58.30:402][679]LogWindowsTextInputMethodSystem:Display: IME system now activated using TSF (搜狗拼音输入法).
[2017.05.22-04.58.30:418][679]LogEngine: All Windows Closed
[2017.05.22-04.58.30:418][679]LogWindows: FPlatformMisc::RequestExit(0)
[2017.05.22-04.58.30:419][680]LogMoviePlayer: Shutting down movie player
[2017.05.22-04.58.30:943][680]LogExit: Preparing to exit.
[2017.05.22-04.58.31:358][680]LogExit: Game engine shut down
[2017.05.22-04.58.31:558][680]LogObj: Freed 0b from 0 cluster array pools.
[2017.05.22-04.58.31:558][680]LogExit: Object subsystem successfully closed.
[2017.05.22-04.58.31:588][680]LogD3D11RHI: Shutdown
[2017.05.22-04.58.31:588][680]LogD3D11RHI: CleanupD3DDevice
[2017.05.22-04.58.32:612][680]LogD3D11RHI: ~FD3D11DynamicRHI
[2017.05.22-04.58.32:642][680]LogModuleManager: Shutting down and abandoning module SequenceRecorderSections (264)
[2017.05.22-04.58.32:642][680]LogModuleManager: Shutting down and abandoning module SequenceRecorder (262)
[2017.05.22-04.58.32:642][680]LogModuleManager: Shutting down and abandoning module AutomationController (260)
[2017.05.22-04.58.32:642][680]LogModuleManager: Shutting down and abandoning module AutomationWorker (258)
[2017.05.22-04.58.32:642][680]LogModuleManager: Shutting down and abandoning module AIModule (256)
[2017.05.22-04.58.32:642][680]LogModuleManager: Shutting down and abandoning module GameplayDebugger (255)
[2017.05.22-04.58.32:642][680]LogModuleManager: Shutting down and abandoning module AITestSuite (253)
[2017.05.22-04.58.32:643][680]LogModuleManager: Shutting down and abandoning module WmfMediaFactory (250)
[2017.05.22-04.58.32:643][680]LogModuleManager: Shutting down and abandoning module MfMediaFactory (248)
[2017.05.22-04.58.32:643][680]LogModuleManager: Shutting down and abandoning module AvfMediaFactory (246)
[2017.05.22-04.58.32:643][680]LogModuleManager: Shutting down and abandoning module AndroidMediaFactory (244)
[2017.05.22-04.58.32:643][680]LogModuleManager: Shutting down and abandoning module Media (243)
[2017.05.22-04.58.32:643][680]LogModuleManager: Shutting down and abandoning module CharacterAI (240)
[2017.05.22-04.58.32:643][680]LogModuleManager: Shutting down and abandoning module SessionServices (238)
[2017.05.22-04.58.32:643][680]LogModuleManager: Shutting down and abandoning module MovieSceneCapture (236)
[2017.05.22-04.58.32:643][680]LogModuleManager: Shutting down and abandoning module GeometryCache (234)
[2017.05.22-04.58.32:643][680]LogModuleManager: Shutting down and abandoning module GeometryCacheEd (233)
[2017.05.22-04.58.32:643][680]LogModuleManager: Shutting down and abandoning module Niagara (230)
[2017.05.22-04.58.32:643][680]LogModuleManager: Shutting down and abandoning module StreamingPauseRendering (228)
[2017.05.22-04.58.32:643][680]LogModuleManager: Shutting down and abandoning module PortalServices (226)
[2017.05.22-04.58.32:643][680]LogModuleManager: Shutting down and abandoning module PortalRpc (224)
[2017.05.22-04.58.32:643][680]LogModuleManager: Shutting down and abandoning module MessagingRpc (222)
[2017.05.22-04.58.32:643][680]LogModuleManager: Shutting down and abandoning module ProfilerService (220)
[2017.05.22-04.58.32:827][680]LogModuleManager: Shutting down and abandoning module TaskGraph (218)
[2017.05.22-04.58.32:827][680]LogModuleManager: Shutting down and abandoning module SteamVRController (216)
[2017.05.22-04.58.32:827][680]LogModuleManager: Shutting down and abandoning module SteamVR (214)
[2017.05.22-04.58.32:827][680]LogModuleManager: Shutting down and abandoning module ProceduralMeshComponent (212)
[2017.05.22-04.58.32:827][680]LogModuleManager: Shutting down and abandoning module OculusLibrary (210)
[2017.05.22-04.58.32:827][680]LogModuleManager: Shutting down and abandoning module OculusInput (208)
[2017.05.22-04.58.32:827][680]LogModuleManager: Shutting down and abandoning module MobilePatchingUtils (206)
[2017.05.22-04.58.32:827][680]LogModuleManager: Shutting down and abandoning module CustomMeshComponent (204)
[2017.05.22-04.58.32:827][680]LogModuleManager: Shutting down and abandoning module CableComponent (202)
[2017.05.22-04.58.32:827][680]LogModuleManager: Shutting down and abandoning module ArchVisCharacter (200)
[2017.05.22-04.58.32:827][680]LogModuleManager: Shutting down and abandoning module HTML5Networking (196)
[2017.05.22-04.58.32:827][680]LogModuleManager: Shutting down and abandoning module VisualStudioSourceCodeAccess (194)
[2017.05.22-04.58.32:828][680]LogModuleManager: Shutting down and abandoning module DesktopPlatform (193)
[2017.05.22-04.58.32:828][680]LogModuleManager: Shutting down and abandoning module HotReload (191)
[2017.05.22-04.58.32:828][680]LogModuleManager: Shutting down and abandoning module DirectoryWatcher (190)
[2017.05.22-04.58.32:828][680]LogModuleManager: Shutting down and abandoning module UObjectPlugin (186)
[2017.05.22-04.58.32:828][680]LogModuleManager: Shutting down and abandoning module SubversionSourceControl (184)
[2017.05.22-04.58.32:828][680]LogModuleManager: Shutting down and abandoning module PerforceSourceControl (182)
[2017.05.22-04.58.32:828][680]LogModuleManager: Shutting down and abandoning module SourceControl (181)
[2017.05.22-04.58.32:828][680]LogModuleManager: Shutting down and abandoning module PhysXVehiclesEditor (178)
[2017.05.22-04.58.32:828][680]LogModuleManager: Shutting down and abandoning module PhysXVehicles (176)
[2017.05.22-04.58.32:828][680]LogModuleManager: Shutting down and abandoning module LocationServicesBPLibrary (174)
[2017.05.22-04.58.32:828][680]LogModuleManager: Shutting down and abandoning module UdpMessaging (172)
[2017.05.22-04.58.32:929][680]LogModuleManager: Shutting down and abandoning module TcpMessaging (170)
[2017.05.22-04.58.33:029][680]LogModuleManager: Shutting down and abandoning module GameplayTagsEditor (168)
[2017.05.22-04.58.33:029][680]LogModuleManager: Shutting down and abandoning module FacialAnimation (166)
[2017.05.22-04.58.33:029][680]LogModuleManager: Shutting down and abandoning module LightPropagationVolumeRuntime (164)
[2017.05.22-04.58.33:029][680]LogModuleManager: Shutting down and abandoning module Paper2D (162)
[2017.05.22-04.58.33:029][680]LogModuleManager: Shutting down and abandoning module WindowsMoviePlayer (160)
[2017.05.22-04.58.33:029][680]LogModuleManager: Shutting down and abandoning module WmfMedia (158)
[2017.05.22-04.58.33:030][680]LogModuleManager: Shutting down and abandoning module MfMedia (156)
[2017.05.22-04.58.33:030][680]LogModuleManager: Shutting down and abandoning module MediaAssets (154)
[2017.05.22-04.58.33:030][680]LogModuleManager: Shutting down and abandoning module GameLiveStreaming (152)
[2017.05.22-04.58.33:030][680]LogModuleManager: Shutting down and abandoning module VREditor (150)
[2017.05.22-04.58.33:030][680]LogModuleManager: Shutting down and abandoning module GameplayTasksEditor (148)
[2017.05.22-04.58.33:030][680]LogModuleManager: Shutting down and abandoning module BehaviorTreeEditor (146)
[2017.05.22-04.58.33:030][680]LogModuleManager: Shutting down and abandoning module FunctionalTesting (144)
[2017.05.22-04.58.33:030][680]LogModuleManager: Shutting down and abandoning module CollisionAnalyzer (142)
[2017.05.22-04.58.33:030][680]LogModuleManager: Shutting down and abandoning module UMG (140)
[2017.05.22-04.58.33:030][680]LogModuleManager: Shutting down and abandoning module UMGEditor (139)
[2017.05.22-04.58.33:030][680]LogModuleManager: Shutting down and abandoning module Sequencer (138)
[2017.05.22-04.58.33:030][680]LogModuleManager: Shutting down and abandoning module AssetTools (136)
[2017.05.22-04.58.33:031][680]LogModuleManager: Shutting down and abandoning module MessageLog (135)
[2017.05.22-04.58.33:031][680]LogModuleManager: Shutting down and abandoning module WorkspaceMenuStructure (134)
[2017.05.22-04.58.33:031][680]LogModuleManager: Shutting down and abandoning module SlateReflector (128)
[2017.05.22-04.58.33:031][680]LogModuleManager: Shutting down and abandoning module Slate (126)
[2017.05.22-04.58.33:031][680]LogModuleManager: Shutting down and abandoning module EditorStyle (124)
[2017.05.22-04.58.33:039][680]LogModuleManager: Shutting down and abandoning module Messaging (122)
[2017.05.22-04.58.33:039][680]LogModuleManager: Shutting down and abandoning module SourceCodeAccess (120)
[2017.05.22-04.58.33:039][680]LogModuleManager: Shutting down and abandoning module HeadMountedDisplay (118)
[2017.05.22-04.58.33:039][680]LogModuleManager: Shutting down and abandoning module XAudio2 (116)
[2017.05.22-04.58.33:039][680]LogModuleManager: Shutting down and abandoning module Networking (114)
[2017.05.22-04.58.33:039][680]LogModuleManager: Shutting down and abandoning module Core (110)
[2017.05.22-04.58.33:039][680]LogModuleManager: Shutting down and abandoning module KismetCompiler (108)
[2017.05.22-04.58.33:039][680]LogModuleManager: Shutting down and abandoning module PhysXFormats (106)
[2017.05.22-04.58.33:039][680]LogModuleManager: Shutting down and abandoning module MeshUtilities (104)
[2017.05.22-04.58.33:039][680]LogModuleManager: Shutting down and abandoning module SimplygonSwarm (103)
[2017.05.22-04.58.33:039][680]LogModuleManager: Shutting down and abandoning module SimplygonMeshReduction (101)
[2017.05.22-04.58.33:039][680]LogModuleManager: Shutting down and abandoning module QuadricMeshReduction (99)
[2017.05.22-04.58.33:039][680]LogModuleManager: Shutting down and abandoning module PropertyEditor (97)
[2017.05.22-04.58.33:039][680]LogModuleManager: Shutting down and abandoning module AssetRegistry (94)
[2017.05.22-04.58.33:039][680]LogModuleManager: Shutting down and abandoning module DerivedDataCache (92)
[2017.05.22-04.58.33:508][680]LogDerivedDataCache: Shutdown
[2017.05.22-04.58.33:508][680]LogModuleManager: Shutting down and abandoning module TargetPlatform (90)
[2017.05.22-04.58.33:508][680]LogModuleManager: Shutting down and abandoning module VulkanShaderFormat (89)
[2017.05.22-04.58.33:508][680]LogModuleManager: Shutting down and abandoning module ShaderFormatOpenGL (87)
[2017.05.22-04.58.33:508][680]LogModuleManager: Shutting down and abandoning module ShaderFormatD3D (85)
[2017.05.22-04.58.33:508][680]LogModuleManager: Shutting down and abandoning module MetalShaderFormat (83)
[2017.05.22-04.58.33:508][680]LogModuleManager: Shutting down and abandoning module TextureFormatUncompressed (81)
[2017.05.22-04.58.33:508][680]LogModuleManager: Shutting down and abandoning module TextureFormatPVR (79)
[2017.05.22-04.58.33:508][680]LogModuleManager: Shutting down and abandoning module TextureFormatDXT (77)
[2017.05.22-04.58.33:508][680]LogModuleManager: Shutting down and abandoning module TextureFormatIntelISPCTexComp (75)
[2017.05.22-04.58.33:509][680]LogModuleManager: Shutting down and abandoning module TextureFormatASTC (73)
[2017.05.22-04.58.33:509][680]LogModuleManager: Shutting down and abandoning module ImageWrapper (72)
[2017.05.22-04.58.33:509][680]LogModuleManager: Shutting down and abandoning module TextureFormatAndroid (69)
[2017.05.22-04.58.33:509][680]LogModuleManager: Shutting down and abandoning module AudioFormatOpus (67)
[2017.05.22-04.58.33:509][680]LogModuleManager: Shutting down and abandoning module AudioFormatOgg (65)
[2017.05.22-04.58.33:509][680]LogModuleManager: Shutting down and abandoning module AudioFormatADPCM (63)
[2017.05.22-04.58.33:509][680]LogModuleManager: Shutting down and abandoning module WindowsTargetPlatform (61)
[2017.05.22-04.58.33:509][680]LogModuleManager: Shutting down and abandoning module WindowsServerTargetPlatform (59)
[2017.05.22-04.58.33:509][680]LogModuleManager: Shutting down and abandoning module WindowsNoEditorTargetPlatform (57)
[2017.05.22-04.58.33:509][680]LogModuleManager: Shutting down and abandoning module WindowsClientTargetPlatform (55)
[2017.05.22-04.58.33:509][680]LogModuleManager: Shutting down and abandoning module InputCore (52)
[2017.05.22-04.58.33:509][680]LogModuleManager: Shutting down and abandoning module Settings (50)
[2017.05.22-04.58.33:509][680]LogModuleManager: Shutting down and abandoning module OculusRift (48)
[2017.05.22-04.58.33:509][680]LogModuleManager: Shutting down and abandoning module GearVR (46)
[2017.05.22-04.58.33:509][680]LogModuleManager: Shutting down and abandoning module ExampleDeviceProfileSelector (44)
[2017.05.22-04.58.33:509][680]LogModuleManager: Shutting down and abandoning module OnlineBlueprintSupport (42)
[2017.05.22-04.58.33:509][680]LogModuleManager: Shutting down and abandoning module OnlineSubsystem (38)
[2017.05.22-04.58.33:509][680]LogOnline:Display: Unloading online subsystem: NULL
[2017.05.22-04.58.33:509][680]LogModuleManager: Shutting down and abandoning module XMPP (37)
[2017.05.22-04.58.33:509][680]LogModuleManager: Shutting down and abandoning module HTTP (35)
[2017.05.22-04.58.33:530][680]LogModuleManager: Shutting down and abandoning module SSL (34)
[2017.05.22-04.58.33:535][680]LogModuleManager: Shutting down and abandoning module AudioEditor (30)
[2017.05.22-04.58.33:535][680]LogModuleManager: Shutting down and abandoning module TextureCompressor (28)
[2017.05.22-04.58.33:535][680]LogModuleManager: Shutting down and abandoning module ShaderCore (26)
[2017.05.22-04.58.33:535][680]LogModuleManager: Shutting down and abandoning module Landscape (24)
[2017.05.22-04.58.33:535][680]LogModuleManager: Shutting down and abandoning module SlateRHIRenderer (22)
[2017.05.22-04.58.33:536][680]LogModuleManager: Shutting down and abandoning module OpenGLDrv (20)
[2017.05.22-04.58.33:536][680]LogModuleManager: Shutting down and abandoning module D3D11RHI (18)
[2017.05.22-04.58.33:536][680]LogModuleManager: Shutting down and abandoning module AnimGraphRuntime (16)
[2017.05.22-04.58.33:536][680]LogModuleManager: Shutting down and abandoning module Renderer (14)
[2017.05.22-04.58.33:536][680]LogModuleManager: Shutting down and abandoning module Engine (12)
[2017.05.22-04.58.33:536][680]LogModuleManager: Shutting down and abandoning module CoreUObject (10)
[2017.05.22-04.58.33:536][680]LogModuleManager: Shutting down and abandoning module NetworkFile (8)
[2017.05.22-04.58.33:536][680]LogModuleManager: Shutting down and abandoning module StreamingFile (6)
[2017.05.22-04.58.33:536][680]LogModuleManager: Shutting down and abandoning module SandboxFile (4)
[2017.05.22-04.58.33:536][680]LogModuleManager: Shutting down and abandoning module PakFile (2)
[2017.05.22-04.58.33:539][680]LogExit: Exiting.
[2017.05.22-04.58.33:545][680]Log file closed, 05/22/17 14:28:33
