Log file open, 05/22/17 14:40:22
LogInit:Display: Running engine for game: ZombieCity
LogPlatformFile: Not using cached read wrapper
LogInit:Display: RandInit(459467558) SRandInit(459467558).
LogTaskGraph: Started task graph with 5 named threads and 6 total threads with 1 sets of task threads.
LogStats: Stats thread started at 0.208867
LogInit: Using libcurl 7.47.1
LogInit:  - built for x86_64-pc-win32
LogInit:  - supports SSL with OpenSSL/1.0.2g
LogInit:  - supports HTTP deflate (compression) using libz 1.2.8
LogInit:  - other features:
LogInit:      CURL_VERSION_SSL
LogInit:      CURL_VERSION_LIBZ
LogInit:      CURL_VERSION_IPV6
LogInit:      CURL_VERSION_ASYNCHDNS
LogInit:      CURL_VERSION_LARGEFILE
LogInit:      CURL_VERSION_IDN
LogInit:  CurlRequestOptions (configurable via config and command line):
LogInit:  - bVerifyPeer = false  - Libcurl will NOT verify peer certificate
LogInit:  - bUseHttpProxy = false  - Libcurl will NOT use HTTP proxy
LogInit:  - bDontReuseConnections = false  - Libcurl will reuse connections
LogInit:  - CertBundlePath = nullptr  - Libcurl will use whatever was configured at build time.
LogInit: Build: ++UE4+Release-4.15-CL-3348071
LogInit: Engine Version: 4.15.1-3348071+++UE4+Release-4.15
LogInit: Compatible Engine Version: 4.15.0-3299760+++UE4+Release-4.15
LogInit: Net CL: 3299760
LogDevObjectVersion: Number of dev versions registered: 14
LogDevObjectVersion:   Dev-Blueprints (B0D832E4-1F89-4F0D-ACCF-7EB736FD4AA2): 8
LogDevObjectVersion:   Dev-Build (E1C64328-A22C-4D53-A36C-8E866417BD8C): 0
LogDevObjectVersion:   Dev-Core (375EC13C-06E4-48FB-B500-84F0262A717E): 2
LogDevObjectVersion:   Dev-Editor (E4B068ED-F494-42E9-A231-DA0B2E46BB41): 14
LogDevObjectVersion:   Dev-Framework (CFFC743F-43B0-4480-9391-14DF171D2073): 22
LogDevObjectVersion:   Dev-Mobile (B02B49B5-BB20-44E9-A304-32B752E40360): 0
LogDevObjectVersion:   Dev-Networking (A4E4105C-59A1-49B5-A7C5-40C4547EDFEE): 0
LogDevObjectVersion:   Dev-Online (39C831C9-5AE6-47DC-9A44-9C173E1C8E7C): 0
LogDevObjectVersion:   Dev-Physics (78F01B33-EBEA-4F98-B9B4-84EACCB95AA2): 0
LogDevObjectVersion:   Dev-Platform (6631380F-2D4D-43E0-8009-CF276956A95A): 0
LogDevObjectVersion:   Dev-Rendering (12F88B9F-8875-4AFC-A67C-D90C383ABD29): 12
LogDevObjectVersion:   Dev-Sequencer (7B5AE74C-D270-4C10-A958-57980B212A5A): 3
LogDevObjectVersion:   Dev-VR (D7296918-1DD6-4BDD-9DE2-64A83CC13884): 0
LogDevObjectVersion:   Dev-LoadTimes (C2A15278-BFE7-4AFE-6C17-90FF531DF755): 1
LogInit: Compiled (64-bit): Mar 15 2017 16:52:47
LogInit: Compiled with Visual C++: 19.00.23026.00
LogInit: Build Configuration: Development
LogInit: Branch Name: ++UE4+Release-4.15
LogInit: Command line:  /Temp/Autosaves/Game/ZombieCity/Maps/UEDPCUIMap -game -PIEVIACONSOLE -ResX=1280 -ResY=720  -Multiprocess -messaging -SessionName="Play in Standalone Game" -windowed 
LogInit: Base directory: C:/Program Files (x86)/Epic Games/4.15/Engine/Binaries/Win64/
LogInit: Installed Engine Build: 1
LogInit: Presizing for max 8388607 objects, including 0 objects not considered by GC, pre-allocating 0 bytes for permanent pool.
LogInit: Object subsystem initialized
[2017.05.22-05.10.23:434][  0]LogInit: Selected Device Profile: [Windows]
[2017.05.22-05.10.23:434][  0]LogInit: Applying CVar settings loaded from the selected device profile: [Windows]
[2017.05.22-05.10.23:438][  0]LogInit: Computer: LIZHANG
[2017.05.22-05.10.23:438][  0]LogInit: User: wanly102
[2017.05.22-05.10.23:438][  0]LogInit: CPU Page size=65536, Cores=2
[2017.05.22-05.10.23:438][  0]LogInit: High frequency timer resolution =2.533198 MHz
[2017.05.22-05.10.23:438][  0]LogMemory: Memory total: Physical=7.9GB (8GB approx)
[2017.05.22-05.10.23:438][  0]LogMemory: Platform Memory Stats for Windows
[2017.05.22-05.10.23:439][  0]LogMemory: Process Physical Memory: 263.77 MB used, 263.77 MB peak
[2017.05.22-05.10.23:439][  0]LogMemory: Process Virtual Memory: 262.23 MB used, 262.23 MB peak
[2017.05.22-05.10.23:439][  0]LogMemory: Physical Memory: 4298.80 MB used,  3774.16 MB free, 8072.96 MB total
[2017.05.22-05.10.23:439][  0]LogMemory: Virtual Memory: 642.59 MB used,  3774.16 MB free, 134217728.00 MB total
[2017.05.22-05.10.23:632][  0]LogTextLocalizationManager:Warning: Loaded localization resources contain conflicting entries for (Namespace:UObjectToolTips, Key:AnimNode_AssetPlayerBase:InternalTimeAccumulator):
Localization Resource: (C:/Program Files (x86)/Epic Games/4.15/Engine/Content/Localization/EditorTutorials/zh-CN/EditorTutorials.locres) Source String Hash: (502993589) Localized String: (用于引用此节点中的资源的累积时间)
Localization Resource: (C:/Program Files (x86)/Epic Games/4.15/Engine/Content/Localization/Engine/zh-CN/Engine.locres) Source String Hash: (502993589) Localized String: (引用该节点中资源所用的累计时间)
[2017.05.22-05.10.23:632][  0]LogTextLocalizationManager:Warning: Loaded localization resources contain conflicting entries for (Namespace:UObjectToolTips, Key:AnimNode_AssetPlayerBase:bIgnoreForRelevancyTest):
Localization Resource: (C:/Program Files (x86)/Epic Games/4.15/Engine/Content/Localization/EditorTutorials/zh-CN/EditorTutorials.locres) Source String Hash: (319969718) Localized String: (若为真，在状态中寻找最高权重动画的“相关动画”节点将忽视 此节点)
Localization Resource: (C:/Program Files (x86)/Epic Games/4.15/Engine/Content/Localization/Engine/zh-CN/Engine.locres) Source String Hash: (319969718) Localized String: (如果为真，那么将会忽略查找最高权重动画的"相关动画"节点。
这个节点)
[2017.05.22-05.10.23:632][  0]LogTextLocalizationManager:Warning: Loaded localization resources contain conflicting entries for (Namespace:UObjectToolTips, Key:AnimNode_AssetPlayerBase:BlendWeight):
Localization Resource: (C:/Program Files (x86)/Epic Games/4.15/Engine/Content/Localization/EditorTutorials/zh-CN/EditorTutorials.locres) Source String Hash: (-1232800293) Localized String: (此节点最后交会的混合权重)
Localization Resource: (C:/Program Files (x86)/Epic Games/4.15/Engine/Content/Localization/Engine/zh-CN/Engine.locres) Source String Hash: (-1232800293) Localized String: (该节点上一次遇到的混合权重)
[2017.05.22-05.10.23:818][  0]LogD3D11RHI: D3D11 adapters:
[2017.05.22-05.10.23:832][  0]LogD3D11RHI:    0. 'AMD Radeon R7 M265' (Feature Level 11_0)
[2017.05.22-05.10.23:832][  0]LogD3D11RHI:       2035/0/4036 MB DedicatedVideo/DedicatedSystem/SharedSystem, Outputs:1, VendorId:0x1002
[2017.05.22-05.10.23:839][  0]LogD3D11RHI:    1. 'Intel(R) HD Graphics Family' (Feature Level 11_0)
[2017.05.22-05.10.23:839][  0]LogD3D11RHI:       112/0/2048 MB DedicatedVideo/DedicatedSystem/SharedSystem, Outputs:0, VendorId:0x8086
[2017.05.22-05.10.23:841][  0]LogD3D11RHI:    2. 'Microsoft Basic Render Driver' (Feature Level 11_0)
[2017.05.22-05.10.23:841][  0]LogD3D11RHI:       0/0/4036 MB DedicatedVideo/DedicatedSystem/SharedSystem, Outputs:0, VendorId:0x1414
[2017.05.22-05.10.23:841][  0]LogD3D11RHI: Chosen D3D11 Adapter: 0
[2017.05.22-05.10.23:848][  0]LogD3D11RHI: Creating new Direct3DDevice
[2017.05.22-05.10.23:848][  0]LogD3D11RHI:     GPU DeviceId: 0x6900 (for the marketing name, search the web for "GPU Device Id")
[2017.05.22-05.10.23:848][  0]LogWindows: EnumDisplayDevices:
[2017.05.22-05.10.23:849][  0]LogWindows:    0. 'Intel(R) HD Graphics Family' (P:1 D:1)
[2017.05.22-05.10.23:849][  0]LogWindows:    1. 'Intel(R) HD Graphics Family' (P:0 D:0)
[2017.05.22-05.10.23:850][  0]LogWindows:    2. 'Intel(R) HD Graphics Family' (P:0 D:0)
[2017.05.22-05.10.23:850][  0]LogWindows: DebugString: PrimaryIsNotTheChoosenAdapter PrimaryIsNotTheChoosenAdapter PrimaryIsNotTheChoosenAdapter FoundDriverCount:0 
[2017.05.22-05.10.23:850][  0]LogD3D11RHI:     Adapter Name: AMD Radeon R7 M265
[2017.05.22-05.10.23:850][  0]LogD3D11RHI:   Driver Version: Unknown (internal:Unknown, unified:Unknown)
[2017.05.22-05.10.23:850][  0]LogD3D11RHI:      Driver Date: Unknown
[2017.05.22-05.10.23:850][  0]LogRHI: Texture pool is 1361 MB (70% of 1945 MB)
[2017.05.22-05.10.23:922][  0]LogD3D11RHI: Async texture creation enabled
[2017.05.22-05.10.23:937][  0]LogD3D11RHI: GPU Timing Frequency: 27.000000 (Debug: 2 1)
[2017.05.22-05.10.23:938][  0]LogShaderCompilers: Guid format shader working directory is -14 characters bigger than the processId version (../../../../../../Users/jicheng/Desktop/Zombie-City/ZombieCity/Intermediate/Shaders/WorkingDirectory/7700/).
[2017.05.22-05.10.23:939][  0]LogShaderCompilers: Cleaned the shader compiler working directory 'C:/Users/jicheng/AppData/Local/Temp/UnrealShaderWorkingDir/B7B33B9B422E5BDED33234AEA22EE20F/'.
[2017.05.22-05.10.23:939][  0]LogShaderCompilers:Display: Using Local Shader Compiler.
[2017.05.22-05.10.25:308][  0]LogTemp:Display: Loaded TP WindowsClientTargetPlatform
[2017.05.22-05.10.25:380][  0]LogTemp:Display: Loaded TP WindowsNoEditorTargetPlatform
[2017.05.22-05.10.25:460][  0]LogTemp:Display: Loaded TP WindowsServerTargetPlatform
[2017.05.22-05.10.25:521][  0]LogTemp:Display: Loaded TP WindowsTargetPlatform
[2017.05.22-05.10.25:521][  0]LogTargetPlatformManager:Display: Building Assets For Windows
[2017.05.22-05.10.26:114][  0]LogDerivedDataCache:Display: Max Cache Size: 512 MB
[2017.05.22-05.10.26:172][  0]LogDerivedDataCache: Loaded boot cache 0.06s 50MB C:/Users/jicheng/AppData/Local/UnrealEngine/4.15/DerivedDataCache/Boot.ddc.
[2017.05.22-05.10.26:172][  0]LogDerivedDataCache:Display: Loaded Boot cache: C:/Users/jicheng/AppData/Local/UnrealEngine/4.15/DerivedDataCache/Boot.ddc
[2017.05.22-05.10.26:172][  0]LogDerivedDataCache: FDerivedDataBackendGraph:  Pak pak cache file ../../../../../../Users/jicheng/Desktop/Zombie-City/ZombieCity/DerivedDataCache/DDC.ddp not found, will not use a pak cache.
[2017.05.22-05.10.26:172][  0]LogDerivedDataCache: Unable to find inner node Pak for hierarchical cache Hierarchy.
[2017.05.22-05.10.26:172][  0]LogDerivedDataCache: FDerivedDataBackendGraph:  CompressedPak pak cache file ../../../../../../Users/jicheng/Desktop/Zombie-City/ZombieCity/DerivedDataCache/Compressed.ddp not found, will not use a pak cache.
[2017.05.22-05.10.26:172][  0]LogDerivedDataCache: Unable to find inner node CompressedPak for hierarchical cache Hierarchy.
[2017.05.22-05.10.26:194][  0]LogDerivedDataCache:Display: Pak cache opened for reading ../../../Engine/DerivedDataCache/Compressed.ddp.
[2017.05.22-05.10.26:207][  0]LogDerivedDataCache: Using Local data cache path C:/Users/jicheng/AppData/Local/UnrealEngine/Common/DerivedDataCache: Writable
[2017.05.22-05.10.26:219][  0]LogSlate: Using Freetype 2.6.0
[2017.05.22-05.10.26:219][  0]LogSlate: SlateFontCache - WITH_FREETYPE: 1, WITH_HARFBUZZ: 1
[2017.05.22-05.10.26:219][  0]LogSlate: SlateFontCache - WITH_FREETYPE: 1, WITH_HARFBUZZ: 1
[2017.05.22-05.10.26:642][  0]LogAssetRegistry: FAssetRegistry took 0.0001 seconds to start up
[2017.05.22-05.10.26:656][  0]LogPackageLocalizationCache: Processed 3 localized package path(s) for 4 prioritized culture(s) in 0.013967 seconds
[2017.05.22-05.10.26:675][  0]LogInit: Selected Device Profile: [Windows]
[2017.05.22-05.10.26:677][  0]LogContentStreaming: Texture pool size is 1000.00 MB
[2017.05.22-05.10.26:938][  0]LogMeshUtilities: Using QuadricMeshReduction for automatic static mesh reduction
[2017.05.22-05.10.26:995][  0]LogSimplygon: Simplygon DLL not present - disabling.
[2017.05.22-05.10.27:060][  0]LogMeshUtilities: Using SimplygonSwarm for distributed automatic mesh merging
[2017.05.22-05.10.27:060][  0]LogMeshUtilities: No automatic skeletal mesh reduction module available
[2017.05.22-05.10.27:060][  0]LogMeshUtilities: No automatic mesh merging module available
[2017.05.22-05.10.27:691][  0]LogNetVersion: GetLocalNetworkVersion: CL: 3299760, ProjectName: zombiecity, ProjectVersion: , EngineNetworkVersion: 2, GameNetworkVersion: 0, NetworkChecksum: 270151773
[2017.05.22-05.10.27:780][  0]LogInit: WinSock: version 1.1 (2.2), MaxSocks=32767, MaxUdp=65467
[2017.05.22-05.10.28:857][  0]LogMoviePlayer: Initializing movie player
[2017.05.22-05.10.28:955][  0]LogWindowsTextInputMethodSystem:Display: IME system now activated using TSF (搜狗拼音输入法).
[2017.05.22-05.10.28:955][  0]LogWindowsTextInputMethodSystem:Display: IME system now activated using TSF (搜狗拼音输入法).
[2017.05.22-05.10.29:321][  0]LogTcpMessaging: Initializing TcpMessaging bridge
[2017.05.22-05.10.29:371][  0]LogUdpMessaging: Initializing bridge on interface 0.0.0.0:0 to multicast group 230.0.0.1:6666.
[2017.05.22-05.10.29:743][  0]SourceControl: 信息 源码控制已禁用
[2017.05.22-05.10.29:743][  0]SourceControl: 信息 源码控制已禁用
[2017.05.22-05.10.29:809][  0]SourceControl: 信息 源码控制已禁用
[2017.05.22-05.10.30:713][  0]LogUObjectArray: 34408 objects as part of root set at end of initial load.
[2017.05.22-05.10.30:713][  0]LogUObjectAllocator: 7639328 out of 0 bytes used by permanent object pool.
[2017.05.22-05.10.30:713][  0]LogUObjectArray: CloseDisregardForGC: 0/0 objects in disregard for GC pool
[2017.05.22-05.10.30:843][  0]LogEngine: Initializing Engine...
[2017.05.22-05.10.30:844][  0]LogHMD: Failed to initialize OpenVR with code 110
[2017.05.22-05.10.30:966][  0]LogInit: XAudio2 using 'Speakers / Headphones (Realtek High Definition Audio)' : 2 channels at 48 kHz using 32 bits per sample (channel mask 0x3)
[2017.05.22-05.10.30:991][  0]LogInit: FAudioDevice initialized.
[2017.05.22-05.10.31:009][  0]LogInit: Texture streaming: Enabled
[2017.05.22-05.10.31:022][  0]LogMaterial: Uniform references updated for custom material expression Custom.
[2017.05.22-05.10.31:467][  0]LogInit:Display: Game Engine Initialized.
[2017.05.22-05.10.31:712][  0]LogInit:Display: Starting Game.
[2017.05.22-05.10.31:712][  0]LogNet: Browse: /Temp/Autosaves/Game/ZombieCity/Maps/UEDPCUIMap?Name=Player
[2017.05.22-05.10.31:712][  0]LogLoad: LoadMap: /Temp/Autosaves/Game/ZombieCity/Maps/UEDPCUIMap?Name=Player
[2017.05.22-05.10.31:745][  0]LogMemory: Platform Memory Stats for Windows
[2017.05.22-05.10.31:745][  0]LogMemory: Process Physical Memory: 605.09 MB used, 630.95 MB peak
[2017.05.22-05.10.31:745][  0]LogMemory: Process Virtual Memory: 678.86 MB used, 678.87 MB peak
[2017.05.22-05.10.31:745][  0]LogMemory: Physical Memory: 4607.23 MB used,  3465.73 MB free, 8072.96 MB total
[2017.05.22-05.10.31:745][  0]LogMemory: Virtual Memory: 1375.96 MB used,  3465.73 MB free, 134217728.00 MB total
[2017.05.22-05.10.31:745][  0]LogMemory: 
[2017.05.22-05.10.31:745][  0]Allocator Stats for TBB: (not implemented)
[2017.05.22-05.10.31:877][  0]LogBlueprint:Error: [Compiler ZombieCityPawn] 错误 该蓝图（自身）并不是一个PawnSensingComponent，因此' 目标 '必须具有一个连接。
[2017.05.22-05.10.31:887][  0]LogBlueprint:Warning: [Compiler ZombieCityPawn] 警告 [0011.85] Compile of ZombieCityPawn failed. 1 Fatal Issue(s) 0 Warning(s) [in 15 ms] (/Game/ZombieCity/Blueprints/ZombieCityPawn.ZombieCityPawn)
[2017.05.22-05.10.31:887][  0]LogBlueprint:Warning: [Compiler ZombieCityPawn] 警告 [0011.85] Compile of ZombieCityPawn failed. 1 Fatal Issue(s) 1 Warning(s) [in 0 ms] (/Game/ZombieCity/Blueprints/ZombieCityPawn.ZombieCityPawn)
[2017.05.22-05.10.31:887][  0]LogBlueprint:Warning: [Compiler ZombieCityPawn] 警告 [0011.85] Compile of ZombieCityPawn failed. 1 Fatal Issue(s) 2 Warning(s) [in 0 ms] (/Game/ZombieCity/Blueprints/ZombieCityPawn.ZombieCityPawn)
[2017.05.22-05.10.31:908][  0]LogBlueprint:Error: [Compiler ZombieCityPawn] 错误 该蓝图（自身）并不是一个PawnSensingComponent，因此' 目标 '必须具有一个连接。
[2017.05.22-05.10.31:915][  0]LogBlueprint:Warning: [Compiler ZombieCityPawn] 警告 [0011.88] Compile of ZombieCityPawn failed. 1 Fatal Issue(s) 0 Warning(s) [in 13 ms] (/Game/ZombieCity/Blueprints/ZombieCityPawn.ZombieCityPawn)
[2017.05.22-05.10.31:915][  0]LogBlueprint:Warning: [Compiler ZombieCityPawn] 警告 [0011.88] Compile of ZombieCityPawn failed. 1 Fatal Issue(s) 1 Warning(s) [in 0 ms] (/Game/ZombieCity/Blueprints/ZombieCityPawn.ZombieCityPawn)
[2017.05.22-05.10.31:916][  0]LogBlueprint:Warning: [Compiler ZombieCityPawn] 警告 [0011.88] Compile of ZombieCityPawn failed. 1 Fatal Issue(s) 2 Warning(s) [in 0 ms] (/Game/ZombieCity/Blueprints/ZombieCityPawn.ZombieCityPawn)
[2017.05.22-05.10.32:304][  0]LogAIModule: Creating AISystem for world UIMap
[2017.05.22-05.10.32:304][  0]LogLoad: Game class is 'ZombieCityGameMode_C'
[2017.05.22-05.10.32:306][  0]LogWorld: Bringing World /Temp/Autosaves/Game/ZombieCity/Maps/UEDPCUIMap.UIMap up for play (max tick rate 0) at 2017.05.22-14.40.32
[2017.05.22-05.10.32:306][  0]LogWorld: Bringing up level for play took: 0.001253
[2017.05.22-05.10.32:398][  0]LogLoad: Took 0.685955 seconds to LoadMap(/Temp/Autosaves/Game/ZombieCity/Maps/UEDPCUIMap)
[2017.05.22-05.10.32:853][  0]LogRenderer: Reallocating scene render targets to support 1280x720 NumSamples 1 (Frame:2).
[2017.05.22-05.10.32:853][  0]LogLoad: (Engine Initialization) Total time: 12.82 seconds
[2017.05.22-05.10.32:853][  0]LogLoad: (Engine Initialization) Total Blueprint compile time: 0.18 seconds
[2017.05.22-05.10.32:853][  0]LogExternalProfiler: Found external profiler: VSPerf
[2017.05.22-05.10.32:853][  0]LogExternalProfiler: Using external profiler: VSPerf
[2017.05.22-05.10.32:871][  0]LogOcInput: OculusInput pre-init called
[2017.05.22-05.10.39:560][327]LogPackageName: SearchForPackageOnDisk took   0.150s to resolve MainMap.umap.
[2017.05.22-05.10.39:692][327]LogPackageName: SearchForPackageOnDisk took   0.131s to resolve MainMap.umap.
[2017.05.22-05.10.39:692][327]LogNet: Browse: /Game/ZombieCity/Maps/MainMap
[2017.05.22-05.10.39:692][327]LogLoad: LoadMap: /Game/ZombieCity/Maps/MainMap
[2017.05.22-05.10.39:758][327]LogMemory: Platform Memory Stats for Windows
[2017.05.22-05.10.39:758][327]LogMemory: Process Physical Memory: 685.00 MB used, 699.73 MB peak
[2017.05.22-05.10.39:758][327]LogMemory: Process Virtual Memory: 904.52 MB used, 916.41 MB peak
[2017.05.22-05.10.39:758][327]LogMemory: Physical Memory: 4666.48 MB used,  3406.48 MB free, 8072.96 MB total
[2017.05.22-05.10.39:758][327]LogMemory: Virtual Memory: 1628.82 MB used,  3406.48 MB free, 134217728.00 MB total
[2017.05.22-05.10.39:758][327]LogMemory: 
[2017.05.22-05.10.39:758][327]Allocator Stats for TBB: (not implemented)
[2017.05.22-05.10.39:926][327]LogBlueprint:Error: [Compiler ZombieCityPawn] 错误 该蓝图（自身）并不是一个PawnSensingComponent，因此' 目标 '必须具有一个连接。
[2017.05.22-05.10.39:938][327]LogBlueprint:Warning: [Compiler ZombieCityPawn] 警告 [0019.90] Compile of ZombieCityPawn failed. 1 Fatal Issue(s) 0 Warning(s) [in 20 ms] (/Game/ZombieCity/Blueprints/ZombieCityPawn.ZombieCityPawn)
[2017.05.22-05.10.39:940][327]LogBlueprint:Warning: [Compiler ZombieCityPawn] 警告 [0019.90] Compile of ZombieCityPawn failed. 1 Fatal Issue(s) 1 Warning(s) [in 0 ms] (/Game/ZombieCity/Blueprints/ZombieCityPawn.ZombieCityPawn)
[2017.05.22-05.10.39:940][327]LogBlueprint:Warning: [Compiler ZombieCityPawn] 警告 [0019.90] Compile of ZombieCityPawn failed. 1 Fatal Issue(s) 2 Warning(s) [in 0 ms] (/Game/ZombieCity/Blueprints/ZombieCityPawn.ZombieCityPawn)
[2017.05.22-05.10.40:154][327]LogBlueprint:Error: [Compiler ZombieCityPawn] 错误 该蓝图（自身）并不是一个PawnSensingComponent，因此' 目标 '必须具有一个连接。
[2017.05.22-05.10.40:167][327]LogBlueprint:Warning: [Compiler ZombieCityPawn] 警告 [0020.13] Compile of ZombieCityPawn failed. 1 Fatal Issue(s) 0 Warning(s) [in 21 ms] (/Game/ZombieCity/Blueprints/ZombieCityPawn.ZombieCityPawn)
[2017.05.22-05.10.40:167][327]LogBlueprint:Warning: [Compiler ZombieCityPawn] 警告 [0020.13] Compile of ZombieCityPawn failed. 1 Fatal Issue(s) 1 Warning(s) [in 0 ms] (/Game/ZombieCity/Blueprints/ZombieCityPawn.ZombieCityPawn)
[2017.05.22-05.10.40:168][327]LogBlueprint:Warning: [Compiler ZombieCityPawn] 警告 [0020.13] Compile of ZombieCityPawn failed. 1 Fatal Issue(s) 2 Warning(s) [in 1 ms] (/Game/ZombieCity/Blueprints/ZombieCityPawn.ZombieCityPawn)
[2017.05.22-05.10.40:686][327]LogAIModule: Creating AISystem for world MainMap
[2017.05.22-05.10.40:686][327]LogLoad: Game class is 'ZombieCityGameMode_C'
[2017.05.22-05.10.40:706][327]LogWorld: Bringing World /Game/ZombieCity/Maps/MainMap.MainMap up for play (max tick rate 0) at 2017.05.22-14.40.40
[2017.05.22-05.10.40:708][327]LogNavigation:Warning: UNavigationSystem::SimpleMoveToActor called for NavSys:None Controller:None controlling Pawn:NULL with goal actor None (if any of these is None then there's your problem
[2017.05.22-05.10.40:708][327]LogNavigation:Warning: UNavigationSystem::SimpleMoveToActor called for NavSys:None Controller:None controlling Pawn:NULL with goal actor None (if any of these is None then there's your problem
[2017.05.22-05.10.40:709][327]LogNavigation:Warning: UNavigationSystem::SimpleMoveToActor called for NavSys:NavigationSystem_0 Controller:AIController_4 controlling Pawn:Zombie003_99 with goal actor None (if any of these is None then there's your problem
[2017.05.22-05.10.40:709][327]LogNavigation:Warning: UNavigationSystem::SimpleMoveToActor called for NavSys:NavigationSystem_0 Controller:AIController_4 controlling Pawn:Zombie003_99 with goal actor None (if any of these is None then there's your problem
[2017.05.22-05.10.40:710][327]LogNavigation:Warning: UNavigationSystem::SimpleMoveToActor called for NavSys:NavigationSystem_0 Controller:AIController_4 controlling Pawn:Zombie003_99 with goal actor None (if any of these is None then there's your problem
[2017.05.22-05.10.40:710][327]LogWorld: Bringing up level for play took: 0.022003
[2017.05.22-05.10.40:713][327]LogLoad: Took 1.021784 seconds to LoadMap(/Game/ZombieCity/Maps/MainMap)
[2017.05.22-05.10.40:716][327]LogBlueprintUserMessages: [NewBlueprint_2] 10
[2017.05.22-05.10.40:716][327]LogBlueprintUserMessages: [NewBlueprint2_682] 10
[2017.05.22-05.10.40:716][327]LogBlueprintUserMessages: [NewBlueprint3_975] 10
[2017.05.22-05.10.40:716][327]LogBlueprintUserMessages: [NewBlueprint_Child2_346] 10
[2017.05.22-05.10.40:724][328]LogBlueprintUserMessages: [NewBlueprint_2] 10
[2017.05.22-05.10.40:724][328]LogBlueprintUserMessages: [NewBlueprint2_682] 10
[2017.05.22-05.10.40:724][328]LogBlueprintUserMessages: [NewBlueprint3_975] 10
[2017.05.22-05.10.40:724][328]LogBlueprintUserMessages: [NewBlueprint_Child2_346] 10
[2017.05.22-05.10.41:594][329]LogBlueprintUserMessages: [NewBlueprint_2] 10
[2017.05.22-05.10.41:594][329]LogBlueprintUserMessages: [NewBlueprint2_682] 10
[2017.05.22-05.10.41:594][329]LogBlueprintUserMessages: [NewBlueprint3_975] 10
[2017.05.22-05.10.41:594][329]LogBlueprintUserMessages: [NewBlueprint_Child2_346] 10
[2017.05.22-05.10.41:619][330]LogBlueprintUserMessages: [NewBlueprint_2] 10
[2017.05.22-05.10.41:619][330]LogBlueprintUserMessages: [NewBlueprint2_682] 10
[2017.05.22-05.10.41:619][330]LogBlueprintUserMessages: [NewBlueprint3_975] 10
[2017.05.22-05.10.41:619][330]LogBlueprintUserMessages: [NewBlueprint_Child2_346] 10
[2017.05.22-05.10.41:644][331]LogBlueprintUserMessages: [NewBlueprint_2] 10
[2017.05.22-05.10.41:644][331]LogBlueprintUserMessages: [NewBlueprint2_682] 10
[2017.05.22-05.10.41:644][331]LogBlueprintUserMessages: [NewBlueprint3_975] 10
[2017.05.22-05.10.41:644][331]LogBlueprintUserMessages: [NewBlueprint_Child2_346] 10
[2017.05.22-05.10.41:667][332]LogBlueprintUserMessages: [NewBlueprint_2] 10
[2017.05.22-05.10.41:667][332]LogBlueprintUserMessages: [NewBlueprint2_682] 10
[2017.05.22-05.10.41:667][332]LogBlueprintUserMessages: [NewBlueprint3_975] 10
[2017.05.22-05.10.41:667][332]LogBlueprintUserMessages: [NewBlueprint_Child2_346] 10
[2017.05.22-05.10.41:694][333]LogBlueprintUserMessages: [NewBlueprint_2] 10
[2017.05.22-05.10.41:694][333]LogBlueprintUserMessages: [NewBlueprint2_682] 10
[2017.05.22-05.10.41:694][333]LogBlueprintUserMessages: [NewBlueprint3_975] 10
[2017.05.22-05.10.41:694][333]LogBlueprintUserMessages: [NewBlueprint_Child2_346] 10
[2017.05.22-05.10.41:719][334]LogBlueprintUserMessages: [NewBlueprint_2] 10
[2017.05.22-05.10.41:719][334]LogBlueprintUserMessages: [NewBlueprint2_682] 10
[2017.05.22-05.10.41:719][334]LogBlueprintUserMessages: [NewBlueprint3_975] 10
[2017.05.22-05.10.41:720][334]LogBlueprintUserMessages: [NewBlueprint_Child2_346] 10
[2017.05.22-05.10.41:743][335]LogBlueprintUserMessages: [NewBlueprint_2] 10
[2017.05.22-05.10.41:744][335]LogBlueprintUserMessages: [NewBlueprint2_682] 10
[2017.05.22-05.10.41:744][335]LogBlueprintUserMessages: [NewBlueprint3_975] 10
[2017.05.22-05.10.41:744][335]LogBlueprintUserMessages: [NewBlueprint_Child2_346] 10
[2017.05.22-05.10.41:768][336]LogBlueprintUserMessages: [NewBlueprint_2] 10
[2017.05.22-05.10.41:768][336]LogBlueprintUserMessages: [NewBlueprint2_682] 10
[2017.05.22-05.10.41:768][336]LogBlueprintUserMessages: [NewBlueprint3_975] 10
[2017.05.22-05.10.41:768][336]LogBlueprintUserMessages: [NewBlueprint_Child2_346] 10
[2017.05.22-05.10.41:793][337]LogBlueprintUserMessages: [NewBlueprint_2] 10
[2017.05.22-05.10.41:793][337]LogBlueprintUserMessages: [NewBlueprint2_682] 10
[2017.05.22-05.10.41:793][337]LogBlueprintUserMessages: [NewBlueprint3_975] 10
[2017.05.22-05.10.41:793][337]LogBlueprintUserMessages: [NewBlueprint_Child2_346] 10
[2017.05.22-05.10.41:825][338]LogBlueprintUserMessages: [NewBlueprint_2] 10
[2017.05.22-05.10.41:825][338]LogBlueprintUserMessages: [NewBlueprint2_682] 10
[2017.05.22-05.10.41:825][338]LogBlueprintUserMessages: [NewBlueprint3_975] 10
[2017.05.22-05.10.41:825][338]LogBlueprintUserMessages: [NewBlueprint_Child2_346] 10
[2017.05.22-05.10.41:849][339]LogBlueprintUserMessages: [NewBlueprint_2] 10
[2017.05.22-05.10.41:849][339]LogBlueprintUserMessages: [NewBlueprint2_682] 10
[2017.05.22-05.10.41:849][339]LogBlueprintUserMessages: [NewBlueprint3_975] 10
[2017.05.22-05.10.41:849][339]LogBlueprintUserMessages: [NewBlueprint_Child2_346] 10
[2017.05.22-05.10.41:877][340]LogBlueprintUserMessages: [NewBlueprint_2] 10
[2017.05.22-05.10.41:877][340]LogBlueprintUserMessages: [NewBlueprint2_682] 10
[2017.05.22-05.10.41:877][340]LogBlueprintUserMessages: [NewBlueprint3_975] 10
[2017.05.22-05.10.41:877][340]LogBlueprintUserMessages: [NewBlueprint_Child2_346] 10
[2017.05.22-05.10.41:900][341]LogBlueprintUserMessages: [NewBlueprint_2] 10
[2017.05.22-05.10.41:900][341]LogBlueprintUserMessages: [NewBlueprint2_682] 10
[2017.05.22-05.10.41:900][341]LogBlueprintUserMessages: [NewBlueprint3_975] 10
[2017.05.22-05.10.41:900][341]LogBlueprintUserMessages: [NewBlueprint_Child2_346] 10
[2017.05.22-05.10.41:927][342]LogBlueprintUserMessages: [NewBlueprint_2] 10
[2017.05.22-05.10.41:927][342]LogBlueprintUserMessages: [NewBlueprint2_682] 10
[2017.05.22-05.10.41:927][342]LogBlueprintUserMessages: [NewBlueprint3_975] 10
[2017.05.22-05.10.41:927][342]LogBlueprintUserMessages: [NewBlueprint_Child2_346] 10
[2017.05.22-05.10.41:951][343]LogBlueprintUserMessages: [NewBlueprint_2] 10
[2017.05.22-05.10.41:951][343]LogBlueprintUserMessages: [NewBlueprint2_682] 10
[2017.05.22-05.10.41:951][343]LogBlueprintUserMessages: [NewBlueprint3_975] 10
[2017.05.22-05.10.41:951][343]LogBlueprintUserMessages: [NewBlueprint_Child2_346] 10
[2017.05.22-05.10.41:976][344]LogBlueprintUserMessages: [NewBlueprint_2] 10
[2017.05.22-05.10.41:976][344]LogBlueprintUserMessages: [NewBlueprint2_682] 10
[2017.05.22-05.10.41:976][344]LogBlueprintUserMessages: [NewBlueprint3_975] 10
[2017.05.22-05.10.41:977][344]LogBlueprintUserMessages: [NewBlueprint_Child2_346] 10
[2017.05.22-05.10.42:001][345]LogBlueprintUserMessages: [NewBlueprint_2] 10
[2017.05.22-05.10.42:001][345]LogBlueprintUserMessages: [NewBlueprint2_682] 10
[2017.05.22-05.10.42:001][345]LogBlueprintUserMessages: [NewBlueprint3_975] 10
[2017.05.22-05.10.42:001][345]LogBlueprintUserMessages: [NewBlueprint_Child2_346] 10
[2017.05.22-05.10.42:027][346]LogBlueprintUserMessages: [NewBlueprint_2] 10
[2017.05.22-05.10.42:027][346]LogBlueprintUserMessages: [NewBlueprint2_682] 10
[2017.05.22-05.10.42:027][346]LogBlueprintUserMessages: [NewBlueprint3_975] 10
[2017.05.22-05.10.42:027][346]LogBlueprintUserMessages: [NewBlueprint_Child2_346] 10
[2017.05.22-05.10.42:052][347]LogBlueprintUserMessages: [NewBlueprint_2] 10
[2017.05.22-05.10.42:052][347]LogBlueprintUserMessages: [NewBlueprint2_682] 10
[2017.05.22-05.10.42:052][347]LogBlueprintUserMessages: [NewBlueprint3_975] 10
[2017.05.22-05.10.42:052][347]LogBlueprintUserMessages: [NewBlueprint_Child2_346] 10
[2017.05.22-05.10.42:077][348]LogBlueprintUserMessages: [NewBlueprint_2] 10
[2017.05.22-05.10.42:078][348]LogBlueprintUserMessages: [NewBlueprint2_682] 10
[2017.05.22-05.10.42:078][348]LogBlueprintUserMessages: [NewBlueprint3_975] 10
[2017.05.22-05.10.42:078][348]LogBlueprintUserMessages: [NewBlueprint_Child2_346] 10
[2017.05.22-05.10.42:102][349]LogBlueprintUserMessages: [NewBlueprint_2] 10
[2017.05.22-05.10.42:102][349]LogBlueprintUserMessages: [NewBlueprint2_682] 10
[2017.05.22-05.10.42:102][349]LogBlueprintUserMessages: [NewBlueprint3_975] 10
[2017.05.22-05.10.42:102][349]LogBlueprintUserMessages: [NewBlueprint_Child2_346] 10
[2017.05.22-05.10.42:134][350]LogBlueprintUserMessages: [NewBlueprint_2] 10
[2017.05.22-05.10.42:135][350]LogBlueprintUserMessages: [NewBlueprint2_682] 10
[2017.05.22-05.10.42:135][350]LogBlueprintUserMessages: [NewBlueprint3_975] 10
[2017.05.22-05.10.42:135][350]LogBlueprintUserMessages: [NewBlueprint_Child2_346] 10
[2017.05.22-05.10.42:160][351]LogBlueprintUserMessages: [NewBlueprint_2] 10
[2017.05.22-05.10.42:160][351]LogBlueprintUserMessages: [NewBlueprint2_682] 10
[2017.05.22-05.10.42:160][351]LogBlueprintUserMessages: [NewBlueprint3_975] 10
[2017.05.22-05.10.42:160][351]LogBlueprintUserMessages: [NewBlueprint_Child2_346] 10
[2017.05.22-05.10.42:185][352]LogBlueprintUserMessages: [NewBlueprint_2] 10
[2017.05.22-05.10.42:185][352]LogBlueprintUserMessages: [NewBlueprint2_682] 10
[2017.05.22-05.10.42:185][352]LogBlueprintUserMessages: [NewBlueprint3_975] 10
[2017.05.22-05.10.42:185][352]LogBlueprintUserMessages: [NewBlueprint_Child2_346] 10
[2017.05.22-05.10.42:211][353]LogBlueprintUserMessages: [NewBlueprint_2] 10
[2017.05.22-05.10.42:211][353]LogBlueprintUserMessages: [NewBlueprint2_682] 10
[2017.05.22-05.10.42:211][353]LogBlueprintUserMessages: [NewBlueprint3_975] 10
[2017.05.22-05.10.42:211][353]LogBlueprintUserMessages: [NewBlueprint_Child2_346] 10
[2017.05.22-05.10.42:235][354]LogBlueprintUserMessages: [NewBlueprint_2] 10
[2017.05.22-05.10.42:235][354]LogBlueprintUserMessages: [NewBlueprint2_682] 10
[2017.05.22-05.10.42:235][354]LogBlueprintUserMessages: [NewBlueprint3_975] 10
[2017.05.22-05.10.42:235][354]LogBlueprintUserMessages: [NewBlueprint_Child2_346] 10
[2017.05.22-05.10.42:261][355]LogBlueprintUserMessages: [NewBlueprint_2] 10
[2017.05.22-05.10.42:261][355]LogBlueprintUserMessages: [NewBlueprint2_682] 10
[2017.05.22-05.10.42:261][355]LogBlueprintUserMessages: [NewBlueprint3_975] 10
[2017.05.22-05.10.42:261][355]LogBlueprintUserMessages: [NewBlueprint_Child2_346] 10
[2017.05.22-05.10.42:286][356]LogBlueprintUserMessages: [NewBlueprint_2] 10
[2017.05.22-05.10.42:286][356]LogBlueprintUserMessages: [NewBlueprint2_682] 10
[2017.05.22-05.10.42:286][356]LogBlueprintUserMessages: [NewBlueprint3_975] 10
[2017.05.22-05.10.42:286][356]LogBlueprintUserMessages: [NewBlueprint_Child2_346] 10
[2017.05.22-05.10.42:311][357]LogBlueprintUserMessages: [NewBlueprint_2] 10
[2017.05.22-05.10.42:311][357]LogBlueprintUserMessages: [NewBlueprint2_682] 10
[2017.05.22-05.10.42:311][357]LogBlueprintUserMessages: [NewBlueprint3_975] 10
[2017.05.22-05.10.42:311][357]LogBlueprintUserMessages: [NewBlueprint_Child2_346] 10
[2017.05.22-05.10.42:335][358]LogBlueprintUserMessages: [NewBlueprint_2] 10
[2017.05.22-05.10.42:335][358]LogBlueprintUserMessages: [NewBlueprint2_682] 10
[2017.05.22-05.10.42:335][358]LogBlueprintUserMessages: [NewBlueprint3_975] 10
[2017.05.22-05.10.42:335][358]LogBlueprintUserMessages: [NewBlueprint_Child2_346] 10
[2017.05.22-05.10.42:360][359]LogBlueprintUserMessages: [NewBlueprint_2] 10
[2017.05.22-05.10.42:360][359]LogBlueprintUserMessages: [NewBlueprint2_682] 10
[2017.05.22-05.10.42:360][359]LogBlueprintUserMessages: [NewBlueprint3_975] 10
[2017.05.22-05.10.42:360][359]LogBlueprintUserMessages: [NewBlueprint_Child2_346] 10
[2017.05.22-05.10.42:385][360]LogBlueprintUserMessages: [NewBlueprint_2] 10
[2017.05.22-05.10.42:385][360]LogBlueprintUserMessages: [NewBlueprint2_682] 10
[2017.05.22-05.10.42:385][360]LogBlueprintUserMessages: [NewBlueprint3_975] 10
[2017.05.22-05.10.42:385][360]LogBlueprintUserMessages: [NewBlueprint_Child2_346] 10
[2017.05.22-05.10.42:412][361]LogBlueprintUserMessages: [NewBlueprint_2] 10
[2017.05.22-05.10.42:412][361]LogBlueprintUserMessages: [NewBlueprint2_682] 10
[2017.05.22-05.10.42:412][361]LogBlueprintUserMessages: [NewBlueprint3_975] 10
[2017.05.22-05.10.42:412][361]LogBlueprintUserMessages: [NewBlueprint_Child2_346] 10
[2017.05.22-05.10.42:437][362]LogBlueprintUserMessages: [NewBlueprint_2] 10
[2017.05.22-05.10.42:437][362]LogBlueprintUserMessages: [NewBlueprint2_682] 10
[2017.05.22-05.10.42:437][362]LogBlueprintUserMessages: [NewBlueprint3_975] 10
[2017.05.22-05.10.42:437][362]LogBlueprintUserMessages: [NewBlueprint_Child2_346] 10
[2017.05.22-05.10.42:461][363]LogBlueprintUserMessages: [NewBlueprint_2] 10
[2017.05.22-05.10.42:461][363]LogBlueprintUserMessages: [NewBlueprint2_682] 10
[2017.05.22-05.10.42:461][363]LogBlueprintUserMessages: [NewBlueprint3_975] 10
[2017.05.22-05.10.42:461][363]LogBlueprintUserMessages: [NewBlueprint_Child2_346] 10
[2017.05.22-05.10.42:494][364]LogBlueprintUserMessages: [NewBlueprint_2] 10
[2017.05.22-05.10.42:494][364]LogBlueprintUserMessages: [NewBlueprint2_682] 10
[2017.05.22-05.10.42:494][364]LogBlueprintUserMessages: [NewBlueprint3_975] 10
[2017.05.22-05.10.42:494][364]LogBlueprintUserMessages: [NewBlueprint_Child2_346] 10
[2017.05.22-05.10.42:518][365]LogBlueprintUserMessages: [NewBlueprint_2] 10
[2017.05.22-05.10.42:518][365]LogBlueprintUserMessages: [NewBlueprint2_682] 10
[2017.05.22-05.10.42:518][365]LogBlueprintUserMessages: [NewBlueprint3_975] 10
[2017.05.22-05.10.42:518][365]LogBlueprintUserMessages: [NewBlueprint_Child2_346] 10
[2017.05.22-05.10.42:545][366]LogBlueprintUserMessages: [NewBlueprint_2] 10
[2017.05.22-05.10.42:545][366]LogBlueprintUserMessages: [NewBlueprint2_682] 10
[2017.05.22-05.10.42:545][366]LogBlueprintUserMessages: [NewBlueprint3_975] 10
[2017.05.22-05.10.42:545][366]LogBlueprintUserMessages: [NewBlueprint_Child2_346] 10
[2017.05.22-05.10.42:570][367]LogBlueprintUserMessages: [NewBlueprint_2] 10
[2017.05.22-05.10.42:570][367]LogBlueprintUserMessages: [NewBlueprint2_682] 10
[2017.05.22-05.10.42:570][367]LogBlueprintUserMessages: [NewBlueprint3_975] 10
[2017.05.22-05.10.42:570][367]LogBlueprintUserMessages: [NewBlueprint_Child2_346] 10
[2017.05.22-05.10.42:595][368]LogBlueprintUserMessages: [NewBlueprint_2] 10
[2017.05.22-05.10.42:595][368]LogBlueprintUserMessages: [NewBlueprint2_682] 10
[2017.05.22-05.10.42:595][368]LogBlueprintUserMessages: [NewBlueprint3_975] 10
[2017.05.22-05.10.42:595][368]LogBlueprintUserMessages: [NewBlueprint_Child2_346] 10
[2017.05.22-05.10.42:620][369]LogBlueprintUserMessages: [NewBlueprint_2] 10
[2017.05.22-05.10.42:620][369]LogBlueprintUserMessages: [NewBlueprint2_682] 10
[2017.05.22-05.10.42:620][369]LogBlueprintUserMessages: [NewBlueprint3_975] 10
[2017.05.22-05.10.42:620][369]LogBlueprintUserMessages: [NewBlueprint_Child2_346] 10
[2017.05.22-05.10.42:645][370]LogBlueprintUserMessages: [NewBlueprint_2] 10
[2017.05.22-05.10.42:646][370]LogBlueprintUserMessages: [NewBlueprint2_682] 10
[2017.05.22-05.10.42:646][370]LogBlueprintUserMessages: [NewBlueprint3_975] 10
[2017.05.22-05.10.42:646][370]LogBlueprintUserMessages: [NewBlueprint_Child2_346] 10
[2017.05.22-05.10.42:672][371]LogBlueprintUserMessages: [NewBlueprint_2] 10
[2017.05.22-05.10.42:672][371]LogBlueprintUserMessages: [NewBlueprint2_682] 10
[2017.05.22-05.10.42:672][371]LogBlueprintUserMessages: [NewBlueprint3_975] 10
[2017.05.22-05.10.42:672][371]LogBlueprintUserMessages: [NewBlueprint_Child2_346] 10
[2017.05.22-05.10.42:694][372]LogBlueprintUserMessages: [NewBlueprint_2] 10
[2017.05.22-05.10.42:694][372]LogBlueprintUserMessages: [NewBlueprint2_682] 10
[2017.05.22-05.10.42:694][372]LogBlueprintUserMessages: [NewBlueprint3_975] 10
[2017.05.22-05.10.42:694][372]LogBlueprintUserMessages: [NewBlueprint_Child2_346] 10
[2017.05.22-05.10.42:719][373]LogBlueprintUserMessages: [NewBlueprint_2] 10
[2017.05.22-05.10.42:719][373]LogBlueprintUserMessages: [NewBlueprint2_682] 10
[2017.05.22-05.10.42:719][373]LogBlueprintUserMessages: [NewBlueprint3_975] 10
[2017.05.22-05.10.42:719][373]LogBlueprintUserMessages: [NewBlueprint_Child2_346] 10
[2017.05.22-05.10.42:745][374]LogBlueprintUserMessages: [NewBlueprint_2] 10
[2017.05.22-05.10.42:745][374]LogBlueprintUserMessages: [NewBlueprint2_682] 10
[2017.05.22-05.10.42:745][374]LogBlueprintUserMessages: [NewBlueprint3_975] 10
[2017.05.22-05.10.42:745][374]LogBlueprintUserMessages: [NewBlueprint_Child2_346] 10
[2017.05.22-05.10.42:770][375]LogBlueprintUserMessages: [NewBlueprint_2] 10
[2017.05.22-05.10.42:770][375]LogBlueprintUserMessages: [NewBlueprint2_682] 10
[2017.05.22-05.10.42:770][375]LogBlueprintUserMessages: [NewBlueprint3_975] 10
[2017.05.22-05.10.42:770][375]LogBlueprintUserMessages: [NewBlueprint_Child2_346] 10
[2017.05.22-05.10.42:802][376]LogBlueprintUserMessages: [NewBlueprint_2] 10
[2017.05.22-05.10.42:802][376]LogBlueprintUserMessages: [NewBlueprint2_682] 10
[2017.05.22-05.10.42:802][376]LogBlueprintUserMessages: [NewBlueprint3_975] 10
[2017.05.22-05.10.42:802][376]LogBlueprintUserMessages: [NewBlueprint_Child2_346] 10
[2017.05.22-05.10.42:827][377]LogBlueprintUserMessages: [NewBlueprint_2] 10
[2017.05.22-05.10.42:827][377]LogBlueprintUserMessages: [NewBlueprint2_682] 10
[2017.05.22-05.10.42:827][377]LogBlueprintUserMessages: [NewBlueprint3_975] 10
[2017.05.22-05.10.42:827][377]LogBlueprintUserMessages: [NewBlueprint_Child2_346] 10
[2017.05.22-05.10.42:852][378]LogBlueprintUserMessages: [NewBlueprint_2] 10
[2017.05.22-05.10.42:852][378]LogBlueprintUserMessages: [NewBlueprint2_682] 10
[2017.05.22-05.10.42:852][378]LogBlueprintUserMessages: [NewBlueprint3_975] 10
[2017.05.22-05.10.42:852][378]LogBlueprintUserMessages: [NewBlueprint_Child2_346] 10
[2017.05.22-05.10.42:878][379]LogBlueprintUserMessages: [NewBlueprint_2] 10
[2017.05.22-05.10.42:878][379]LogBlueprintUserMessages: [NewBlueprint2_682] 10
[2017.05.22-05.10.42:878][379]LogBlueprintUserMessages: [NewBlueprint3_975] 10
[2017.05.22-05.10.42:878][379]LogBlueprintUserMessages: [NewBlueprint_Child2_346] 10
[2017.05.22-05.10.42:906][380]LogBlueprintUserMessages: [NewBlueprint_2] 10
[2017.05.22-05.10.42:906][380]LogBlueprintUserMessages: [NewBlueprint2_682] 10
[2017.05.22-05.10.42:906][380]LogBlueprintUserMessages: [NewBlueprint3_975] 10
[2017.05.22-05.10.42:906][380]LogBlueprintUserMessages: [NewBlueprint_Child2_346] 10
[2017.05.22-05.10.42:939][381]LogBlueprintUserMessages: [NewBlueprint_2] 10
[2017.05.22-05.10.42:939][381]LogBlueprintUserMessages: [NewBlueprint2_682] 10
[2017.05.22-05.10.42:939][381]LogBlueprintUserMessages: [NewBlueprint3_975] 10
[2017.05.22-05.10.42:939][381]LogBlueprintUserMessages: [NewBlueprint_Child2_346] 10
[2017.05.22-05.10.42:959][382]LogBlueprintUserMessages: [NewBlueprint_2] 10
[2017.05.22-05.10.42:959][382]LogBlueprintUserMessages: [NewBlueprint2_682] 10
[2017.05.22-05.10.42:959][382]LogBlueprintUserMessages: [NewBlueprint3_975] 10
[2017.05.22-05.10.42:959][382]LogBlueprintUserMessages: [NewBlueprint_Child2_346] 10
[2017.05.22-05.10.42:983][383]LogBlueprintUserMessages: [NewBlueprint_2] 10
[2017.05.22-05.10.42:983][383]LogBlueprintUserMessages: [NewBlueprint2_682] 10
[2017.05.22-05.10.42:983][383]LogBlueprintUserMessages: [NewBlueprint3_975] 10
[2017.05.22-05.10.42:983][383]LogBlueprintUserMessages: [NewBlueprint_Child2_346] 10
[2017.05.22-05.10.43:009][384]LogBlueprintUserMessages: [NewBlueprint_2] 10
[2017.05.22-05.10.43:010][384]LogBlueprintUserMessages: [NewBlueprint2_682] 10
[2017.05.22-05.10.43:010][384]LogBlueprintUserMessages: [NewBlueprint3_975] 10
[2017.05.22-05.10.43:010][384]LogBlueprintUserMessages: [NewBlueprint_Child2_346] 10
[2017.05.22-05.10.43:033][385]LogBlueprintUserMessages: [NewBlueprint_2] 10
[2017.05.22-05.10.43:033][385]LogBlueprintUserMessages: [NewBlueprint2_682] 10
[2017.05.22-05.10.43:033][385]LogBlueprintUserMessages: [NewBlueprint3_975] 10
[2017.05.22-05.10.43:033][385]LogBlueprintUserMessages: [NewBlueprint_Child2_346] 10
[2017.05.22-05.10.43:060][386]LogBlueprintUserMessages: [NewBlueprint_2] 10
[2017.05.22-05.10.43:060][386]LogBlueprintUserMessages: [NewBlueprint2_682] 10
[2017.05.22-05.10.43:060][386]LogBlueprintUserMessages: [NewBlueprint3_975] 10
[2017.05.22-05.10.43:060][386]LogBlueprintUserMessages: [NewBlueprint_Child2_346] 10
[2017.05.22-05.10.43:084][387]LogBlueprintUserMessages: [NewBlueprint_2] 10
[2017.05.22-05.10.43:085][387]LogBlueprintUserMessages: [NewBlueprint2_682] 10
[2017.05.22-05.10.43:085][387]LogBlueprintUserMessages: [NewBlueprint3_975] 10
[2017.05.22-05.10.43:085][387]LogBlueprintUserMessages: [NewBlueprint_Child2_346] 10
[2017.05.22-05.10.43:109][388]LogBlueprintUserMessages: [NewBlueprint_2] 10
[2017.05.22-05.10.43:109][388]LogBlueprintUserMessages: [NewBlueprint2_682] 10
[2017.05.22-05.10.43:109][388]LogBlueprintUserMessages: [NewBlueprint3_975] 10
[2017.05.22-05.10.43:109][388]LogBlueprintUserMessages: [NewBlueprint_Child2_346] 10
[2017.05.22-05.10.43:141][389]LogBlueprintUserMessages: [NewBlueprint_2] 10
[2017.05.22-05.10.43:141][389]LogBlueprintUserMessages: [NewBlueprint2_682] 10
[2017.05.22-05.10.43:141][389]LogBlueprintUserMessages: [NewBlueprint3_975] 10
[2017.05.22-05.10.43:141][389]LogBlueprintUserMessages: [NewBlueprint_Child2_346] 10
[2017.05.22-05.10.43:165][390]LogBlueprintUserMessages: [NewBlueprint_2] 10
[2017.05.22-05.10.43:165][390]LogBlueprintUserMessages: [NewBlueprint2_682] 10
[2017.05.22-05.10.43:165][390]LogBlueprintUserMessages: [NewBlueprint3_975] 10
[2017.05.22-05.10.43:165][390]LogBlueprintUserMessages: [NewBlueprint_Child2_346] 10
[2017.05.22-05.10.43:192][391]LogBlueprintUserMessages: [NewBlueprint_2] 10
[2017.05.22-05.10.43:192][391]LogBlueprintUserMessages: [NewBlueprint2_682] 10
[2017.05.22-05.10.43:193][391]LogBlueprintUserMessages: [NewBlueprint3_975] 10
[2017.05.22-05.10.43:193][391]LogBlueprintUserMessages: [NewBlueprint_Child2_346] 10
[2017.05.22-05.10.43:217][392]LogBlueprintUserMessages: [NewBlueprint_2] 10
[2017.05.22-05.10.43:217][392]LogBlueprintUserMessages: [NewBlueprint2_682] 10
[2017.05.22-05.10.43:217][392]LogBlueprintUserMessages: [NewBlueprint3_975] 10
[2017.05.22-05.10.43:217][392]LogBlueprintUserMessages: [NewBlueprint_Child2_346] 10
[2017.05.22-05.10.43:239][393]LogBlueprintUserMessages: [NewBlueprint_2] 10
[2017.05.22-05.10.43:239][393]LogBlueprintUserMessages: [NewBlueprint2_682] 10
[2017.05.22-05.10.43:239][393]LogBlueprintUserMessages: [NewBlueprint3_975] 10
[2017.05.22-05.10.43:239][393]LogBlueprintUserMessages: [NewBlueprint_Child2_346] 10
[2017.05.22-05.10.43:264][394]LogBlueprintUserMessages: [NewBlueprint_2] 10
[2017.05.22-05.10.43:264][394]LogBlueprintUserMessages: [NewBlueprint2_682] 10
[2017.05.22-05.10.43:264][394]LogBlueprintUserMessages: [NewBlueprint3_975] 10
[2017.05.22-05.10.43:264][394]LogBlueprintUserMessages: [NewBlueprint_Child2_346] 10
[2017.05.22-05.10.43:291][395]LogBlueprintUserMessages: [NewBlueprint_2] 10
[2017.05.22-05.10.43:291][395]LogBlueprintUserMessages: [NewBlueprint2_682] 10
[2017.05.22-05.10.43:291][395]LogBlueprintUserMessages: [NewBlueprint3_975] 10
[2017.05.22-05.10.43:291][395]LogBlueprintUserMessages: [NewBlueprint_Child2_346] 10
[2017.05.22-05.10.43:316][396]LogBlueprintUserMessages: [NewBlueprint_2] 10
[2017.05.22-05.10.43:316][396]LogBlueprintUserMessages: [NewBlueprint2_682] 10
[2017.05.22-05.10.43:316][396]LogBlueprintUserMessages: [NewBlueprint3_975] 10
[2017.05.22-05.10.43:316][396]LogBlueprintUserMessages: [NewBlueprint_Child2_346] 10
[2017.05.22-05.10.43:341][397]LogBlueprintUserMessages: [NewBlueprint_2] 10
[2017.05.22-05.10.43:341][397]LogBlueprintUserMessages: [NewBlueprint2_682] 10
[2017.05.22-05.10.43:341][397]LogBlueprintUserMessages: [NewBlueprint3_975] 10
[2017.05.22-05.10.43:341][397]LogBlueprintUserMessages: [NewBlueprint_Child2_346] 10
[2017.05.22-05.10.43:366][398]LogBlueprintUserMessages: [NewBlueprint_2] 10
[2017.05.22-05.10.43:366][398]LogBlueprintUserMessages: [NewBlueprint2_682] 10
[2017.05.22-05.10.43:366][398]LogBlueprintUserMessages: [NewBlueprint3_975] 10
[2017.05.22-05.10.43:366][398]LogBlueprintUserMessages: [NewBlueprint_Child2_346] 10
[2017.05.22-05.10.43:391][399]LogBlueprintUserMessages: [NewBlueprint_2] 10
[2017.05.22-05.10.43:391][399]LogBlueprintUserMessages: [NewBlueprint2_682] 10
[2017.05.22-05.10.43:391][399]LogBlueprintUserMessages: [NewBlueprint3_975] 10
[2017.05.22-05.10.43:391][399]LogBlueprintUserMessages: [NewBlueprint_Child2_346] 10
[2017.05.22-05.10.43:416][400]LogBlueprintUserMessages: [NewBlueprint_2] 10
[2017.05.22-05.10.43:416][400]LogBlueprintUserMessages: [NewBlueprint2_682] 10
[2017.05.22-05.10.43:416][400]LogBlueprintUserMessages: [NewBlueprint3_975] 10
[2017.05.22-05.10.43:416][400]LogBlueprintUserMessages: [NewBlueprint_Child2_346] 10
[2017.05.22-05.10.43:452][401]LogBlueprintUserMessages: [NewBlueprint_2] 10
[2017.05.22-05.10.43:452][401]LogBlueprintUserMessages: [NewBlueprint2_682] 10
[2017.05.22-05.10.43:452][401]LogBlueprintUserMessages: [NewBlueprint3_975] 10
[2017.05.22-05.10.43:452][401]LogBlueprintUserMessages: [NewBlueprint_Child2_346] 10
[2017.05.22-05.10.43:474][402]LogBlueprintUserMessages: [NewBlueprint_2] 10
[2017.05.22-05.10.43:474][402]LogBlueprintUserMessages: [NewBlueprint2_682] 10
[2017.05.22-05.10.43:474][402]LogBlueprintUserMessages: [NewBlueprint3_975] 10
[2017.05.22-05.10.43:474][402]LogBlueprintUserMessages: [NewBlueprint_Child2_346] 10
[2017.05.22-05.10.43:498][403]LogBlueprintUserMessages: [NewBlueprint_2] 10
[2017.05.22-05.10.43:498][403]LogBlueprintUserMessages: [NewBlueprint2_682] 10
[2017.05.22-05.10.43:498][403]LogBlueprintUserMessages: [NewBlueprint3_975] 10
[2017.05.22-05.10.43:498][403]LogBlueprintUserMessages: [NewBlueprint_Child2_346] 10
[2017.05.22-05.10.43:530][404]LogBlueprintUserMessages: [NewBlueprint_2] 10
[2017.05.22-05.10.43:530][404]LogBlueprintUserMessages: [NewBlueprint2_682] 10
[2017.05.22-05.10.43:530][404]LogBlueprintUserMessages: [NewBlueprint3_975] 10
[2017.05.22-05.10.43:530][404]LogBlueprintUserMessages: [NewBlueprint_Child2_346] 10
[2017.05.22-05.10.43:555][405]LogBlueprintUserMessages: [NewBlueprint_2] 10
[2017.05.22-05.10.43:555][405]LogBlueprintUserMessages: [NewBlueprint2_682] 10
[2017.05.22-05.10.43:555][405]LogBlueprintUserMessages: [NewBlueprint3_975] 10
[2017.05.22-05.10.43:555][405]LogBlueprintUserMessages: [NewBlueprint_Child2_346] 10
[2017.05.22-05.10.43:581][406]LogBlueprintUserMessages: [NewBlueprint_2] 10
[2017.05.22-05.10.43:581][406]LogBlueprintUserMessages: [NewBlueprint2_682] 10
[2017.05.22-05.10.43:581][406]LogBlueprintUserMessages: [NewBlueprint3_975] 10
[2017.05.22-05.10.43:581][406]LogBlueprintUserMessages: [NewBlueprint_Child2_346] 10
[2017.05.22-05.10.43:605][407]LogBlueprintUserMessages: [NewBlueprint_2] 10
[2017.05.22-05.10.43:605][407]LogBlueprintUserMessages: [NewBlueprint2_682] 10
[2017.05.22-05.10.43:606][407]LogBlueprintUserMessages: [NewBlueprint3_975] 10
[2017.05.22-05.10.43:606][407]LogBlueprintUserMessages: [NewBlueprint_Child2_346] 10
[2017.05.22-05.10.43:630][408]LogBlueprintUserMessages: [NewBlueprint_2] 10
[2017.05.22-05.10.43:630][408]LogBlueprintUserMessages: [NewBlueprint2_682] 10
[2017.05.22-05.10.43:630][408]LogBlueprintUserMessages: [NewBlueprint3_975] 10
[2017.05.22-05.10.43:630][408]LogBlueprintUserMessages: [NewBlueprint_Child2_346] 10
[2017.05.22-05.10.43:655][409]LogBlueprintUserMessages: [NewBlueprint_2] 10
[2017.05.22-05.10.43:655][409]LogBlueprintUserMessages: [NewBlueprint2_682] 10
[2017.05.22-05.10.43:655][409]LogBlueprintUserMessages: [NewBlueprint3_975] 10
[2017.05.22-05.10.43:655][409]LogBlueprintUserMessages: [NewBlueprint_Child2_346] 10
[2017.05.22-05.10.43:681][410]LogBlueprintUserMessages: [NewBlueprint_2] 10
[2017.05.22-05.10.43:681][410]LogBlueprintUserMessages: [NewBlueprint2_682] 10
[2017.05.22-05.10.43:681][410]LogBlueprintUserMessages: [NewBlueprint3_975] 10
[2017.05.22-05.10.43:681][410]LogBlueprintUserMessages: [NewBlueprint_Child2_346] 10
[2017.05.22-05.10.43:707][411]LogBlueprintUserMessages: [NewBlueprint_2] 10
[2017.05.22-05.10.43:707][411]LogBlueprintUserMessages: [NewBlueprint2_682] 10
[2017.05.22-05.10.43:707][411]LogBlueprintUserMessages: [NewBlueprint3_975] 10
[2017.05.22-05.10.43:707][411]LogBlueprintUserMessages: [NewBlueprint_Child2_346] 10
[2017.05.22-05.10.43:730][412]LogBlueprintUserMessages: [NewBlueprint_2] 10
[2017.05.22-05.10.43:730][412]LogBlueprintUserMessages: [NewBlueprint2_682] 10
[2017.05.22-05.10.43:730][412]LogBlueprintUserMessages: [NewBlueprint3_975] 10
[2017.05.22-05.10.43:731][412]LogBlueprintUserMessages: [NewBlueprint_Child2_346] 10
[2017.05.22-05.10.43:756][413]LogBlueprintUserMessages: [NewBlueprint_2] 10
[2017.05.22-05.10.43:756][413]LogBlueprintUserMessages: [NewBlueprint2_682] 10
[2017.05.22-05.10.43:756][413]LogBlueprintUserMessages: [NewBlueprint3_975] 10
[2017.05.22-05.10.43:756][413]LogBlueprintUserMessages: [NewBlueprint_Child2_346] 10
[2017.05.22-05.10.43:788][414]LogBlueprintUserMessages: [NewBlueprint_2] 10
[2017.05.22-05.10.43:788][414]LogBlueprintUserMessages: [NewBlueprint2_682] 10
[2017.05.22-05.10.43:788][414]LogBlueprintUserMessages: [NewBlueprint3_975] 10
[2017.05.22-05.10.43:788][414]LogBlueprintUserMessages: [NewBlueprint_Child2_346] 10
[2017.05.22-05.10.43:813][415]LogBlueprintUserMessages: [NewBlueprint_2] 10
[2017.05.22-05.10.43:813][415]LogBlueprintUserMessages: [NewBlueprint2_682] 10
[2017.05.22-05.10.43:813][415]LogBlueprintUserMessages: [NewBlueprint3_975] 10
[2017.05.22-05.10.43:813][415]LogBlueprintUserMessages: [NewBlueprint_Child2_346] 10
[2017.05.22-05.10.43:838][416]LogBlueprintUserMessages: [NewBlueprint_2] 10
[2017.05.22-05.10.43:838][416]LogBlueprintUserMessages: [NewBlueprint2_682] 10
[2017.05.22-05.10.43:838][416]LogBlueprintUserMessages: [NewBlueprint3_975] 10
[2017.05.22-05.10.43:838][416]LogBlueprintUserMessages: [NewBlueprint_Child2_346] 10
[2017.05.22-05.10.43:863][417]LogBlueprintUserMessages: [NewBlueprint_2] 10
[2017.05.22-05.10.43:863][417]LogBlueprintUserMessages: [NewBlueprint2_682] 10
[2017.05.22-05.10.43:863][417]LogBlueprintUserMessages: [NewBlueprint3_975] 10
[2017.05.22-05.10.43:863][417]LogBlueprintUserMessages: [NewBlueprint_Child2_346] 10
[2017.05.22-05.10.43:888][418]LogBlueprintUserMessages: [NewBlueprint_2] 10
[2017.05.22-05.10.43:888][418]LogBlueprintUserMessages: [NewBlueprint2_682] 10
[2017.05.22-05.10.43:888][418]LogBlueprintUserMessages: [NewBlueprint3_975] 10
[2017.05.22-05.10.43:888][418]LogBlueprintUserMessages: [NewBlueprint_Child2_346] 10
[2017.05.22-05.10.43:913][419]LogBlueprintUserMessages: [NewBlueprint_2] 10
[2017.05.22-05.10.43:913][419]LogBlueprintUserMessages: [NewBlueprint2_682] 10
[2017.05.22-05.10.43:913][419]LogBlueprintUserMessages: [NewBlueprint3_975] 10
[2017.05.22-05.10.43:913][419]LogBlueprintUserMessages: [NewBlueprint_Child2_346] 10
[2017.05.22-05.10.43:938][420]LogBlueprintUserMessages: [NewBlueprint_2] 10
[2017.05.22-05.10.43:938][420]LogBlueprintUserMessages: [NewBlueprint2_682] 10
[2017.05.22-05.10.43:938][420]LogBlueprintUserMessages: [NewBlueprint3_975] 10
[2017.05.22-05.10.43:938][420]LogBlueprintUserMessages: [NewBlueprint_Child2_346] 10
[2017.05.22-05.10.43:963][421]LogBlueprintUserMessages: [NewBlueprint_2] 10
[2017.05.22-05.10.43:963][421]LogBlueprintUserMessages: [NewBlueprint2_682] 10
[2017.05.22-05.10.43:963][421]LogBlueprintUserMessages: [NewBlueprint3_975] 10
[2017.05.22-05.10.43:963][421]LogBlueprintUserMessages: [NewBlueprint_Child2_346] 10
[2017.05.22-05.10.43:987][422]LogBlueprintUserMessages: [NewBlueprint_2] 10
[2017.05.22-05.10.43:987][422]LogBlueprintUserMessages: [NewBlueprint2_682] 10
[2017.05.22-05.10.43:987][422]LogBlueprintUserMessages: [NewBlueprint3_975] 10
[2017.05.22-05.10.43:987][422]LogBlueprintUserMessages: [NewBlueprint_Child2_346] 10
[2017.05.22-05.10.44:012][423]LogBlueprintUserMessages: [NewBlueprint_2] 10
[2017.05.22-05.10.44:012][423]LogBlueprintUserMessages: [NewBlueprint2_682] 10
[2017.05.22-05.10.44:012][423]LogBlueprintUserMessages: [NewBlueprint3_975] 10
[2017.05.22-05.10.44:012][423]LogBlueprintUserMessages: [NewBlueprint_Child2_346] 10
[2017.05.22-05.10.44:036][424]LogBlueprintUserMessages: [NewBlueprint_2] 10
[2017.05.22-05.10.44:036][424]LogBlueprintUserMessages: [NewBlueprint2_682] 10
[2017.05.22-05.10.44:036][424]LogBlueprintUserMessages: [NewBlueprint3_975] 10
[2017.05.22-05.10.44:036][424]LogBlueprintUserMessages: [NewBlueprint_Child2_346] 10
[2017.05.22-05.10.44:061][425]LogBlueprintUserMessages: [NewBlueprint_2] 10
[2017.05.22-05.10.44:061][425]LogBlueprintUserMessages: [NewBlueprint2_682] 10
[2017.05.22-05.10.44:061][425]LogBlueprintUserMessages: [NewBlueprint3_975] 10
[2017.05.22-05.10.44:061][425]LogBlueprintUserMessages: [NewBlueprint_Child2_346] 10
[2017.05.22-05.10.44:086][426]LogBlueprintUserMessages: [NewBlueprint_2] 10
[2017.05.22-05.10.44:086][426]LogBlueprintUserMessages: [NewBlueprint2_682] 10
[2017.05.22-05.10.44:086][426]LogBlueprintUserMessages: [NewBlueprint3_975] 10
[2017.05.22-05.10.44:086][426]LogBlueprintUserMessages: [NewBlueprint_Child2_346] 10
[2017.05.22-05.10.44:117][427]LogBlueprintUserMessages: [NewBlueprint_2] 10
[2017.05.22-05.10.44:117][427]LogBlueprintUserMessages: [NewBlueprint2_682] 10
[2017.05.22-05.10.44:117][427]LogBlueprintUserMessages: [NewBlueprint3_975] 10
[2017.05.22-05.10.44:117][427]LogBlueprintUserMessages: [NewBlueprint_Child2_346] 10
[2017.05.22-05.10.44:142][428]LogBlueprintUserMessages: [NewBlueprint_2] 10
[2017.05.22-05.10.44:142][428]LogBlueprintUserMessages: [NewBlueprint2_682] 10
[2017.05.22-05.10.44:142][428]LogBlueprintUserMessages: [NewBlueprint3_975] 10
[2017.05.22-05.10.44:142][428]LogBlueprintUserMessages: [NewBlueprint_Child2_346] 10
[2017.05.22-05.10.44:167][429]LogBlueprintUserMessages: [NewBlueprint_2] 10
[2017.05.22-05.10.44:167][429]LogBlueprintUserMessages: [NewBlueprint2_682] 10
[2017.05.22-05.10.44:167][429]LogBlueprintUserMessages: [NewBlueprint3_975] 10
[2017.05.22-05.10.44:167][429]LogBlueprintUserMessages: [NewBlueprint_Child2_346] 10
[2017.05.22-05.10.44:191][430]LogBlueprintUserMessages: [NewBlueprint_2] 10
[2017.05.22-05.10.44:191][430]LogBlueprintUserMessages: [NewBlueprint2_682] 10
[2017.05.22-05.10.44:191][430]LogBlueprintUserMessages: [NewBlueprint3_975] 10
[2017.05.22-05.10.44:191][430]LogBlueprintUserMessages: [NewBlueprint_Child2_346] 10
[2017.05.22-05.10.44:216][431]LogBlueprintUserMessages: [NewBlueprint_2] 10
[2017.05.22-05.10.44:216][431]LogBlueprintUserMessages: [NewBlueprint2_682] 10
[2017.05.22-05.10.44:216][431]LogBlueprintUserMessages: [NewBlueprint3_975] 10
[2017.05.22-05.10.44:216][431]LogBlueprintUserMessages: [NewBlueprint_Child2_346] 10
[2017.05.22-05.10.44:240][432]LogBlueprintUserMessages: [NewBlueprint_2] 10
[2017.05.22-05.10.44:240][432]LogBlueprintUserMessages: [NewBlueprint2_682] 10
[2017.05.22-05.10.44:240][432]LogBlueprintUserMessages: [NewBlueprint3_975] 10
[2017.05.22-05.10.44:240][432]LogBlueprintUserMessages: [NewBlueprint_Child2_346] 10
[2017.05.22-05.10.44:265][433]LogBlueprintUserMessages: [NewBlueprint_2] 10
[2017.05.22-05.10.44:265][433]LogBlueprintUserMessages: [NewBlueprint2_682] 10
[2017.05.22-05.10.44:265][433]LogBlueprintUserMessages: [NewBlueprint3_975] 10
[2017.05.22-05.10.44:265][433]LogBlueprintUserMessages: [NewBlueprint_Child2_346] 10
[2017.05.22-05.10.44:290][434]LogBlueprintUserMessages: [NewBlueprint_2] 10
[2017.05.22-05.10.44:290][434]LogBlueprintUserMessages: [NewBlueprint2_682] 10
[2017.05.22-05.10.44:290][434]LogBlueprintUserMessages: [NewBlueprint3_975] 10
[2017.05.22-05.10.44:290][434]LogBlueprintUserMessages: [NewBlueprint_Child2_346] 10
[2017.05.22-05.10.44:315][435]LogBlueprintUserMessages: [NewBlueprint_2] 10
[2017.05.22-05.10.44:315][435]LogBlueprintUserMessages: [NewBlueprint2_682] 10
[2017.05.22-05.10.44:315][435]LogBlueprintUserMessages: [NewBlueprint3_975] 10
[2017.05.22-05.10.44:315][435]LogBlueprintUserMessages: [NewBlueprint_Child2_346] 10
[2017.05.22-05.10.44:339][436]LogBlueprintUserMessages: [NewBlueprint_2] 10
[2017.05.22-05.10.44:339][436]LogBlueprintUserMessages: [NewBlueprint2_682] 10
[2017.05.22-05.10.44:339][436]LogBlueprintUserMessages: [NewBlueprint3_975] 10
[2017.05.22-05.10.44:339][436]LogBlueprintUserMessages: [NewBlueprint_Child2_346] 10
[2017.05.22-05.10.44:364][437]LogBlueprintUserMessages: [NewBlueprint_2] 10
[2017.05.22-05.10.44:364][437]LogBlueprintUserMessages: [NewBlueprint2_682] 10
[2017.05.22-05.10.44:364][437]LogBlueprintUserMessages: [NewBlueprint3_975] 10
[2017.05.22-05.10.44:364][437]LogBlueprintUserMessages: [NewBlueprint_Child2_346] 10
[2017.05.22-05.10.44:388][438]LogBlueprintUserMessages: [NewBlueprint_2] 10
[2017.05.22-05.10.44:389][438]LogBlueprintUserMessages: [NewBlueprint2_682] 10
[2017.05.22-05.10.44:389][438]LogBlueprintUserMessages: [NewBlueprint3_975] 10
[2017.05.22-05.10.44:389][438]LogBlueprintUserMessages: [NewBlueprint_Child2_346] 10
[2017.05.22-05.10.44:413][439]LogBlueprintUserMessages: [NewBlueprint_2] 10
[2017.05.22-05.10.44:413][439]LogBlueprintUserMessages: [NewBlueprint2_682] 10
[2017.05.22-05.10.44:413][439]LogBlueprintUserMessages: [NewBlueprint3_975] 10
[2017.05.22-05.10.44:413][439]LogBlueprintUserMessages: [NewBlueprint_Child2_346] 10
[2017.05.22-05.10.44:445][440]LogBlueprintUserMessages: [NewBlueprint_2] 10
[2017.05.22-05.10.44:445][440]LogBlueprintUserMessages: [NewBlueprint2_682] 10
[2017.05.22-05.10.44:445][440]LogBlueprintUserMessages: [NewBlueprint3_975] 10
[2017.05.22-05.10.44:445][440]LogBlueprintUserMessages: [NewBlueprint_Child2_346] 10
[2017.05.22-05.10.44:469][441]LogBlueprintUserMessages: [NewBlueprint_2] 10
[2017.05.22-05.10.44:469][441]LogBlueprintUserMessages: [NewBlueprint2_682] 10
[2017.05.22-05.10.44:469][441]LogBlueprintUserMessages: [NewBlueprint3_975] 10
[2017.05.22-05.10.44:469][441]LogBlueprintUserMessages: [NewBlueprint_Child2_346] 10
[2017.05.22-05.10.44:494][442]LogBlueprintUserMessages: [NewBlueprint_2] 10
[2017.05.22-05.10.44:494][442]LogBlueprintUserMessages: [NewBlueprint2_682] 10
[2017.05.22-05.10.44:494][442]LogBlueprintUserMessages: [NewBlueprint3_975] 10
[2017.05.22-05.10.44:494][442]LogBlueprintUserMessages: [NewBlueprint_Child2_346] 10
[2017.05.22-05.10.44:519][443]LogBlueprintUserMessages: [NewBlueprint_2] 10
[2017.05.22-05.10.44:519][443]LogBlueprintUserMessages: [NewBlueprint2_682] 10
[2017.05.22-05.10.44:519][443]LogBlueprintUserMessages: [NewBlueprint3_975] 10
[2017.05.22-05.10.44:519][443]LogBlueprintUserMessages: [NewBlueprint_Child2_346] 10
[2017.05.22-05.10.44:543][444]LogBlueprintUserMessages: [NewBlueprint_2] 10
[2017.05.22-05.10.44:543][444]LogBlueprintUserMessages: [NewBlueprint2_682] 10
[2017.05.22-05.10.44:543][444]LogBlueprintUserMessages: [NewBlueprint3_975] 10
[2017.05.22-05.10.44:543][444]LogBlueprintUserMessages: [NewBlueprint_Child2_346] 10
[2017.05.22-05.10.44:568][445]LogBlueprintUserMessages: [NewBlueprint_2] 10
[2017.05.22-05.10.44:568][445]LogBlueprintUserMessages: [NewBlueprint2_682] 10
[2017.05.22-05.10.44:568][445]LogBlueprintUserMessages: [NewBlueprint3_975] 10
[2017.05.22-05.10.44:568][445]LogBlueprintUserMessages: [NewBlueprint_Child2_346] 10
[2017.05.22-05.10.44:593][446]LogBlueprintUserMessages: [NewBlueprint_2] 10
[2017.05.22-05.10.44:593][446]LogBlueprintUserMessages: [NewBlueprint2_682] 10
[2017.05.22-05.10.44:593][446]LogBlueprintUserMessages: [NewBlueprint3_975] 10
[2017.05.22-05.10.44:593][446]LogBlueprintUserMessages: [NewBlueprint_Child2_346] 10
[2017.05.22-05.10.44:617][447]LogBlueprintUserMessages: [NewBlueprint_2] 10
[2017.05.22-05.10.44:617][447]LogBlueprintUserMessages: [NewBlueprint2_682] 10
[2017.05.22-05.10.44:617][447]LogBlueprintUserMessages: [NewBlueprint3_975] 10
[2017.05.22-05.10.44:617][447]LogBlueprintUserMessages: [NewBlueprint_Child2_346] 10
[2017.05.22-05.10.44:642][448]LogBlueprintUserMessages: [NewBlueprint_2] 10
[2017.05.22-05.10.44:642][448]LogBlueprintUserMessages: [NewBlueprint2_682] 10
[2017.05.22-05.10.44:642][448]LogBlueprintUserMessages: [NewBlueprint3_975] 10
[2017.05.22-05.10.44:642][448]LogBlueprintUserMessages: [NewBlueprint_Child2_346] 10
[2017.05.22-05.10.44:666][449]LogBlueprintUserMessages: [NewBlueprint_2] 10
[2017.05.22-05.10.44:666][449]LogBlueprintUserMessages: [NewBlueprint2_682] 10
[2017.05.22-05.10.44:666][449]LogBlueprintUserMessages: [NewBlueprint3_975] 10
[2017.05.22-05.10.44:666][449]LogBlueprintUserMessages: [NewBlueprint_Child2_346] 10
[2017.05.22-05.10.44:691][450]LogBlueprintUserMessages: [NewBlueprint_2] 10
[2017.05.22-05.10.44:691][450]LogBlueprintUserMessages: [NewBlueprint2_682] 10
[2017.05.22-05.10.44:691][450]LogBlueprintUserMessages: [NewBlueprint3_975] 10
[2017.05.22-05.10.44:691][450]LogBlueprintUserMessages: [NewBlueprint_Child2_346] 10
[2017.05.22-05.10.44:716][451]LogBlueprintUserMessages: [NewBlueprint_2] 10
[2017.05.22-05.10.44:716][451]LogBlueprintUserMessages: [NewBlueprint2_682] 10
[2017.05.22-05.10.44:716][451]LogBlueprintUserMessages: [NewBlueprint3_975] 10
[2017.05.22-05.10.44:716][451]LogBlueprintUserMessages: [NewBlueprint_Child2_346] 10
[2017.05.22-05.10.44:741][452]LogBlueprintUserMessages: [NewBlueprint_2] 10
[2017.05.22-05.10.44:741][452]LogBlueprintUserMessages: [NewBlueprint2_682] 10
[2017.05.22-05.10.44:741][452]LogBlueprintUserMessages: [NewBlueprint3_975] 10
[2017.05.22-05.10.44:741][452]LogBlueprintUserMessages: [NewBlueprint_Child2_346] 10
[2017.05.22-05.10.44:767][453]LogBlueprintUserMessages: [NewBlueprint_2] 10
[2017.05.22-05.10.44:767][453]LogBlueprintUserMessages: [NewBlueprint2_682] 10
[2017.05.22-05.10.44:767][453]LogBlueprintUserMessages: [NewBlueprint3_975] 10
[2017.05.22-05.10.44:767][453]LogBlueprintUserMessages: [NewBlueprint_Child2_346] 10
[2017.05.22-05.10.44:797][454]LogBlueprintUserMessages: [NewBlueprint_2] 10
[2017.05.22-05.10.44:797][454]LogBlueprintUserMessages: [NewBlueprint2_682] 10
[2017.05.22-05.10.44:797][454]LogBlueprintUserMessages: [NewBlueprint3_975] 10
[2017.05.22-05.10.44:797][454]LogBlueprintUserMessages: [NewBlueprint_Child2_346] 10
[2017.05.22-05.10.44:822][455]LogBlueprintUserMessages: [NewBlueprint_2] 10
[2017.05.22-05.10.44:822][455]LogBlueprintUserMessages: [NewBlueprint2_682] 10
[2017.05.22-05.10.44:822][455]LogBlueprintUserMessages: [NewBlueprint3_975] 10
[2017.05.22-05.10.44:822][455]LogBlueprintUserMessages: [NewBlueprint_Child2_346] 10
[2017.05.22-05.10.44:847][456]LogBlueprintUserMessages: [NewBlueprint_2] 10
[2017.05.22-05.10.44:847][456]LogBlueprintUserMessages: [NewBlueprint2_682] 10
[2017.05.22-05.10.44:847][456]LogBlueprintUserMessages: [NewBlueprint3_975] 10
[2017.05.22-05.10.44:847][456]LogBlueprintUserMessages: [NewBlueprint_Child2_346] 10
[2017.05.22-05.10.44:872][457]LogBlueprintUserMessages: [NewBlueprint_2] 10
[2017.05.22-05.10.44:872][457]LogBlueprintUserMessages: [NewBlueprint2_682] 10
[2017.05.22-05.10.44:872][457]LogBlueprintUserMessages: [NewBlueprint3_975] 10
[2017.05.22-05.10.44:872][457]LogBlueprintUserMessages: [NewBlueprint_Child2_346] 10
[2017.05.22-05.10.44:896][458]LogBlueprintUserMessages: [NewBlueprint_2] 10
[2017.05.22-05.10.44:896][458]LogBlueprintUserMessages: [NewBlueprint2_682] 10
[2017.05.22-05.10.44:896][458]LogBlueprintUserMessages: [NewBlueprint3_975] 10
[2017.05.22-05.10.44:896][458]LogBlueprintUserMessages: [NewBlueprint_Child2_346] 10
[2017.05.22-05.10.44:920][459]LogBlueprintUserMessages: [NewBlueprint_2] 10
[2017.05.22-05.10.44:921][459]LogBlueprintUserMessages: [NewBlueprint2_682] 10
[2017.05.22-05.10.44:921][459]LogBlueprintUserMessages: [NewBlueprint3_975] 10
[2017.05.22-05.10.44:921][459]LogBlueprintUserMessages: [NewBlueprint_Child2_346] 10
[2017.05.22-05.10.44:945][460]LogBlueprintUserMessages: [NewBlueprint_2] 10
[2017.05.22-05.10.44:945][460]LogBlueprintUserMessages: [NewBlueprint2_682] 10
[2017.05.22-05.10.44:945][460]LogBlueprintUserMessages: [NewBlueprint3_975] 10
[2017.05.22-05.10.44:945][460]LogBlueprintUserMessages: [NewBlueprint_Child2_346] 10
[2017.05.22-05.10.44:970][461]LogBlueprintUserMessages: [NewBlueprint_2] 10
[2017.05.22-05.10.44:970][461]LogBlueprintUserMessages: [NewBlueprint2_682] 10
[2017.05.22-05.10.44:970][461]LogBlueprintUserMessages: [NewBlueprint3_975] 10
[2017.05.22-05.10.44:970][461]LogBlueprintUserMessages: [NewBlueprint_Child2_346] 10
[2017.05.22-05.10.44:995][462]LogBlueprintUserMessages: [NewBlueprint_2] 10
[2017.05.22-05.10.44:995][462]LogBlueprintUserMessages: [NewBlueprint2_682] 10
[2017.05.22-05.10.44:995][462]LogBlueprintUserMessages: [NewBlueprint3_975] 10
[2017.05.22-05.10.44:995][462]LogBlueprintUserMessages: [NewBlueprint_Child2_346] 10
[2017.05.22-05.10.45:020][463]LogBlueprintUserMessages: [NewBlueprint_2] 10
[2017.05.22-05.10.45:020][463]LogBlueprintUserMessages: [NewBlueprint2_682] 10
[2017.05.22-05.10.45:020][463]LogBlueprintUserMessages: [NewBlueprint3_975] 10
[2017.05.22-05.10.45:020][463]LogBlueprintUserMessages: [NewBlueprint_Child2_346] 10
[2017.05.22-05.10.45:044][464]LogBlueprintUserMessages: [NewBlueprint_2] 10
[2017.05.22-05.10.45:044][464]LogBlueprintUserMessages: [NewBlueprint2_682] 10
[2017.05.22-05.10.45:044][464]LogBlueprintUserMessages: [NewBlueprint3_975] 10
[2017.05.22-05.10.45:044][464]LogBlueprintUserMessages: [NewBlueprint_Child2_346] 10
[2017.05.22-05.10.45:068][465]LogBlueprintUserMessages: [NewBlueprint_2] 10
[2017.05.22-05.10.45:068][465]LogBlueprintUserMessages: [NewBlueprint2_682] 10
[2017.05.22-05.10.45:068][465]LogBlueprintUserMessages: [NewBlueprint3_975] 10
[2017.05.22-05.10.45:068][465]LogBlueprintUserMessages: [NewBlueprint_Child2_346] 10
[2017.05.22-05.10.45:094][466]LogBlueprintUserMessages: [NewBlueprint_2] 10
[2017.05.22-05.10.45:094][466]LogBlueprintUserMessages: [NewBlueprint2_682] 10
[2017.05.22-05.10.45:094][466]LogBlueprintUserMessages: [NewBlueprint3_975] 10
[2017.05.22-05.10.45:094][466]LogBlueprintUserMessages: [NewBlueprint_Child2_346] 10
[2017.05.22-05.10.45:125][467]LogBlueprintUserMessages: [NewBlueprint_2] 10
[2017.05.22-05.10.45:125][467]LogBlueprintUserMessages: [NewBlueprint2_682] 10
[2017.05.22-05.10.45:125][467]LogBlueprintUserMessages: [NewBlueprint3_975] 10
[2017.05.22-05.10.45:125][467]LogBlueprintUserMessages: [NewBlueprint_Child2_346] 10
[2017.05.22-05.10.45:149][468]LogBlueprintUserMessages: [NewBlueprint_2] 10
[2017.05.22-05.10.45:150][468]LogBlueprintUserMessages: [NewBlueprint2_682] 10
[2017.05.22-05.10.45:150][468]LogBlueprintUserMessages: [NewBlueprint3_975] 10
[2017.05.22-05.10.45:150][468]LogBlueprintUserMessages: [NewBlueprint_Child2_346] 10
[2017.05.22-05.10.45:174][469]LogBlueprintUserMessages: [NewBlueprint_2] 10
[2017.05.22-05.10.45:174][469]LogBlueprintUserMessages: [NewBlueprint2_682] 10
[2017.05.22-05.10.45:174][469]LogBlueprintUserMessages: [NewBlueprint3_975] 10
[2017.05.22-05.10.45:174][469]LogBlueprintUserMessages: [NewBlueprint_Child2_346] 10
[2017.05.22-05.10.45:199][470]LogBlueprintUserMessages: [NewBlueprint_2] 10
[2017.05.22-05.10.45:199][470]LogBlueprintUserMessages: [NewBlueprint2_682] 10
[2017.05.22-05.10.45:199][470]LogBlueprintUserMessages: [NewBlueprint3_975] 10
[2017.05.22-05.10.45:199][470]LogBlueprintUserMessages: [NewBlueprint_Child2_346] 10
[2017.05.22-05.10.45:223][471]LogBlueprintUserMessages: [NewBlueprint_2] 10
[2017.05.22-05.10.45:223][471]LogBlueprintUserMessages: [NewBlueprint2_682] 10
[2017.05.22-05.10.45:223][471]LogBlueprintUserMessages: [NewBlueprint3_975] 10
[2017.05.22-05.10.45:223][471]LogBlueprintUserMessages: [NewBlueprint_Child2_346] 10
[2017.05.22-05.10.45:248][472]LogBlueprintUserMessages: [NewBlueprint_2] 10
[2017.05.22-05.10.45:248][472]LogBlueprintUserMessages: [NewBlueprint2_682] 10
[2017.05.22-05.10.45:248][472]LogBlueprintUserMessages: [NewBlueprint3_975] 10
[2017.05.22-05.10.45:248][472]LogBlueprintUserMessages: [NewBlueprint_Child2_346] 10
[2017.05.22-05.10.45:272][473]LogBlueprintUserMessages: [NewBlueprint_2] 10
[2017.05.22-05.10.45:272][473]LogBlueprintUserMessages: [NewBlueprint2_682] 10
[2017.05.22-05.10.45:272][473]LogBlueprintUserMessages: [NewBlueprint3_975] 10
[2017.05.22-05.10.45:272][473]LogBlueprintUserMessages: [NewBlueprint_Child2_346] 10
[2017.05.22-05.10.45:297][474]LogBlueprintUserMessages: [NewBlueprint_2] 10
[2017.05.22-05.10.45:297][474]LogBlueprintUserMessages: [NewBlueprint2_682] 10
[2017.05.22-05.10.45:297][474]LogBlueprintUserMessages: [NewBlueprint3_975] 10
[2017.05.22-05.10.45:297][474]LogBlueprintUserMessages: [NewBlueprint_Child2_346] 10
[2017.05.22-05.10.45:321][475]LogBlueprintUserMessages: [NewBlueprint_2] 10
[2017.05.22-05.10.45:321][475]LogBlueprintUserMessages: [NewBlueprint2_682] 10
[2017.05.22-05.10.45:321][475]LogBlueprintUserMessages: [NewBlueprint3_975] 10
[2017.05.22-05.10.45:321][475]LogBlueprintUserMessages: [NewBlueprint_Child2_346] 10
[2017.05.22-05.10.45:346][476]LogBlueprintUserMessages: [NewBlueprint_2] 10
[2017.05.22-05.10.45:346][476]LogBlueprintUserMessages: [NewBlueprint2_682] 10
[2017.05.22-05.10.45:346][476]LogBlueprintUserMessages: [NewBlueprint3_975] 10
[2017.05.22-05.10.45:346][476]LogBlueprintUserMessages: [NewBlueprint_Child2_346] 10
[2017.05.22-05.10.45:370][477]LogBlueprintUserMessages: [NewBlueprint_2] 10
[2017.05.22-05.10.45:371][477]LogBlueprintUserMessages: [NewBlueprint2_682] 10
[2017.05.22-05.10.45:371][477]LogBlueprintUserMessages: [NewBlueprint3_975] 10
[2017.05.22-05.10.45:371][477]LogBlueprintUserMessages: [NewBlueprint_Child2_346] 10
[2017.05.22-05.10.45:395][478]LogBlueprintUserMessages: [NewBlueprint_2] 10
[2017.05.22-05.10.45:395][478]LogBlueprintUserMessages: [NewBlueprint2_682] 10
[2017.05.22-05.10.45:395][478]LogBlueprintUserMessages: [NewBlueprint3_975] 10
[2017.05.22-05.10.45:395][478]LogBlueprintUserMessages: [NewBlueprint_Child2_346] 10
[2017.05.22-05.10.45:420][479]LogBlueprintUserMessages: [NewBlueprint_2] 10
[2017.05.22-05.10.45:420][479]LogBlueprintUserMessages: [NewBlueprint2_682] 10
[2017.05.22-05.10.45:420][479]LogBlueprintUserMessages: [NewBlueprint3_975] 10
[2017.05.22-05.10.45:420][479]LogBlueprintUserMessages: [NewBlueprint_Child2_346] 10
[2017.05.22-05.10.45:452][480]LogBlueprintUserMessages: [NewBlueprint_2] 10
[2017.05.22-05.10.45:452][480]LogBlueprintUserMessages: [NewBlueprint2_682] 10
[2017.05.22-05.10.45:452][480]LogBlueprintUserMessages: [NewBlueprint3_975] 10
[2017.05.22-05.10.45:452][480]LogBlueprintUserMessages: [NewBlueprint_Child2_346] 10
[2017.05.22-05.10.45:477][481]LogBlueprintUserMessages: [NewBlueprint_2] 10
[2017.05.22-05.10.45:477][481]LogBlueprintUserMessages: [NewBlueprint2_682] 10
[2017.05.22-05.10.45:477][481]LogBlueprintUserMessages: [NewBlueprint3_975] 10
[2017.05.22-05.10.45:477][481]LogBlueprintUserMessages: [NewBlueprint_Child2_346] 10
[2017.05.22-05.10.45:501][482]LogBlueprintUserMessages: [NewBlueprint_2] 10
[2017.05.22-05.10.45:501][482]LogBlueprintUserMessages: [NewBlueprint2_682] 10
[2017.05.22-05.10.45:501][482]LogBlueprintUserMessages: [NewBlueprint3_975] 10
[2017.05.22-05.10.45:501][482]LogBlueprintUserMessages: [NewBlueprint_Child2_346] 10
[2017.05.22-05.10.45:526][483]LogBlueprintUserMessages: [NewBlueprint_2] 10
[2017.05.22-05.10.45:526][483]LogBlueprintUserMessages: [NewBlueprint2_682] 10
[2017.05.22-05.10.45:526][483]LogBlueprintUserMessages: [NewBlueprint3_975] 10
[2017.05.22-05.10.45:526][483]LogBlueprintUserMessages: [NewBlueprint_Child2_346] 10
[2017.05.22-05.10.45:550][484]LogBlueprintUserMessages: [NewBlueprint_2] 10
[2017.05.22-05.10.45:550][484]LogBlueprintUserMessages: [NewBlueprint2_682] 10
[2017.05.22-05.10.45:551][484]LogBlueprintUserMessages: [NewBlueprint3_975] 10
[2017.05.22-05.10.45:551][484]LogBlueprintUserMessages: [NewBlueprint_Child2_346] 10
[2017.05.22-05.10.45:575][485]LogBlueprintUserMessages: [NewBlueprint_2] 10
[2017.05.22-05.10.45:575][485]LogBlueprintUserMessages: [NewBlueprint2_682] 10
[2017.05.22-05.10.45:575][485]LogBlueprintUserMessages: [NewBlueprint3_975] 10
[2017.05.22-05.10.45:575][485]LogBlueprintUserMessages: [NewBlueprint_Child2_346] 10
[2017.05.22-05.10.45:600][486]LogBlueprintUserMessages: [NewBlueprint_2] 10
[2017.05.22-05.10.45:600][486]LogBlueprintUserMessages: [NewBlueprint2_682] 10
[2017.05.22-05.10.45:600][486]LogBlueprintUserMessages: [NewBlueprint3_975] 10
[2017.05.22-05.10.45:600][486]LogBlueprintUserMessages: [NewBlueprint_Child2_346] 10
[2017.05.22-05.10.45:624][487]LogBlueprintUserMessages: [NewBlueprint_2] 10
[2017.05.22-05.10.45:624][487]LogBlueprintUserMessages: [NewBlueprint2_682] 10
[2017.05.22-05.10.45:624][487]LogBlueprintUserMessages: [NewBlueprint3_975] 10
[2017.05.22-05.10.45:624][487]LogBlueprintUserMessages: [NewBlueprint_Child2_346] 10
[2017.05.22-05.10.45:649][488]LogBlueprintUserMessages: [NewBlueprint_2] 10
[2017.05.22-05.10.45:649][488]LogBlueprintUserMessages: [NewBlueprint2_682] 10
[2017.05.22-05.10.45:649][488]LogBlueprintUserMessages: [NewBlueprint3_975] 10
[2017.05.22-05.10.45:649][488]LogBlueprintUserMessages: [NewBlueprint_Child2_346] 10
[2017.05.22-05.10.45:673][489]LogBlueprintUserMessages: [NewBlueprint_2] 10
[2017.05.22-05.10.45:673][489]LogBlueprintUserMessages: [NewBlueprint2_682] 10
[2017.05.22-05.10.45:673][489]LogBlueprintUserMessages: [NewBlueprint3_975] 10
[2017.05.22-05.10.45:673][489]LogBlueprintUserMessages: [NewBlueprint_Child2_346] 10
[2017.05.22-05.10.45:698][490]LogBlueprintUserMessages: [NewBlueprint_2] 10
[2017.05.22-05.10.45:698][490]LogBlueprintUserMessages: [NewBlueprint2_682] 10
[2017.05.22-05.10.45:698][490]LogBlueprintUserMessages: [NewBlueprint3_975] 10
[2017.05.22-05.10.45:698][490]LogBlueprintUserMessages: [NewBlueprint_Child2_346] 10
[2017.05.22-05.10.45:722][491]LogBlueprintUserMessages: [NewBlueprint_2] 10
[2017.05.22-05.10.45:722][491]LogBlueprintUserMessages: [NewBlueprint2_682] 10
[2017.05.22-05.10.45:722][491]LogBlueprintUserMessages: [NewBlueprint3_975] 10
[2017.05.22-05.10.45:722][491]LogBlueprintUserMessages: [NewBlueprint_Child2_346] 10
[2017.05.22-05.10.45:747][492]LogBlueprintUserMessages: [NewBlueprint_2] 10
[2017.05.22-05.10.45:747][492]LogBlueprintUserMessages: [NewBlueprint2_682] 10
[2017.05.22-05.10.45:747][492]LogBlueprintUserMessages: [NewBlueprint3_975] 10
[2017.05.22-05.10.45:747][492]LogBlueprintUserMessages: [NewBlueprint_Child2_346] 10
[2017.05.22-05.10.45:779][493]LogBlueprintUserMessages: [NewBlueprint_2] 10
[2017.05.22-05.10.45:779][493]LogBlueprintUserMessages: [NewBlueprint2_682] 10
[2017.05.22-05.10.45:779][493]LogBlueprintUserMessages: [NewBlueprint3_975] 10
[2017.05.22-05.10.45:779][493]LogBlueprintUserMessages: [NewBlueprint_Child2_346] 10
[2017.05.22-05.10.45:804][494]LogBlueprintUserMessages: [NewBlueprint_2] 10
[2017.05.22-05.10.45:804][494]LogBlueprintUserMessages: [NewBlueprint2_682] 10
[2017.05.22-05.10.45:804][494]LogBlueprintUserMessages: [NewBlueprint3_975] 10
[2017.05.22-05.10.45:804][494]LogBlueprintUserMessages: [NewBlueprint_Child2_346] 10
[2017.05.22-05.10.45:828][495]LogBlueprintUserMessages: [NewBlueprint_2] 10
[2017.05.22-05.10.45:828][495]LogBlueprintUserMessages: [NewBlueprint2_682] 10
[2017.05.22-05.10.45:828][495]LogBlueprintUserMessages: [NewBlueprint3_975] 10
[2017.05.22-05.10.45:828][495]LogBlueprintUserMessages: [NewBlueprint_Child2_346] 10
[2017.05.22-05.10.45:853][496]LogBlueprintUserMessages: [NewBlueprint_2] 10
[2017.05.22-05.10.45:853][496]LogBlueprintUserMessages: [NewBlueprint2_682] 10
[2017.05.22-05.10.45:853][496]LogBlueprintUserMessages: [NewBlueprint3_975] 10
[2017.05.22-05.10.45:853][496]LogBlueprintUserMessages: [NewBlueprint_Child2_346] 10
[2017.05.22-05.10.45:877][497]LogBlueprintUserMessages: [NewBlueprint_2] 10
[2017.05.22-05.10.45:877][497]LogBlueprintUserMessages: [NewBlueprint2_682] 10
[2017.05.22-05.10.45:877][497]LogBlueprintUserMessages: [NewBlueprint3_975] 10
[2017.05.22-05.10.45:877][497]LogBlueprintUserMessages: [NewBlueprint_Child2_346] 10
[2017.05.22-05.10.45:902][498]LogBlueprintUserMessages: [NewBlueprint_2] 10
[2017.05.22-05.10.45:902][498]LogBlueprintUserMessages: [NewBlueprint2_682] 10
[2017.05.22-05.10.45:902][498]LogBlueprintUserMessages: [NewBlueprint3_975] 10
[2017.05.22-05.10.45:902][498]LogBlueprintUserMessages: [NewBlueprint_Child2_346] 10
[2017.05.22-05.10.45:927][499]LogBlueprintUserMessages: [NewBlueprint_2] 10
[2017.05.22-05.10.45:927][499]LogBlueprintUserMessages: [NewBlueprint2_682] 10
[2017.05.22-05.10.45:927][499]LogBlueprintUserMessages: [NewBlueprint3_975] 10
[2017.05.22-05.10.45:927][499]LogBlueprintUserMessages: [NewBlueprint_Child2_346] 10
[2017.05.22-05.10.45:952][500]LogBlueprintUserMessages: [NewBlueprint_2] 10
[2017.05.22-05.10.45:952][500]LogBlueprintUserMessages: [NewBlueprint2_682] 10
[2017.05.22-05.10.45:952][500]LogBlueprintUserMessages: [NewBlueprint3_975] 10
[2017.05.22-05.10.45:952][500]LogBlueprintUserMessages: [NewBlueprint_Child2_346] 10
[2017.05.22-05.10.45:977][501]LogBlueprintUserMessages: [NewBlueprint_2] 10
[2017.05.22-05.10.45:977][501]LogBlueprintUserMessages: [NewBlueprint2_682] 10
[2017.05.22-05.10.45:977][501]LogBlueprintUserMessages: [NewBlueprint3_975] 10
[2017.05.22-05.10.45:977][501]LogBlueprintUserMessages: [NewBlueprint_Child2_346] 10
[2017.05.22-05.10.46:001][502]LogBlueprintUserMessages: [NewBlueprint_2] 10
[2017.05.22-05.10.46:001][502]LogBlueprintUserMessages: [NewBlueprint2_682] 10
[2017.05.22-05.10.46:001][502]LogBlueprintUserMessages: [NewBlueprint3_975] 10
[2017.05.22-05.10.46:001][502]LogBlueprintUserMessages: [NewBlueprint_Child2_346] 10
[2017.05.22-05.10.46:025][503]LogBlueprintUserMessages: [NewBlueprint_2] 10
[2017.05.22-05.10.46:025][503]LogBlueprintUserMessages: [NewBlueprint2_682] 10
[2017.05.22-05.10.46:025][503]LogBlueprintUserMessages: [NewBlueprint3_975] 10
[2017.05.22-05.10.46:025][503]LogBlueprintUserMessages: [NewBlueprint_Child2_346] 10
[2017.05.22-05.10.46:050][504]LogBlueprintUserMessages: [NewBlueprint_2] 10
[2017.05.22-05.10.46:050][504]LogBlueprintUserMessages: [NewBlueprint2_682] 10
[2017.05.22-05.10.46:050][504]LogBlueprintUserMessages: [NewBlueprint3_975] 10
[2017.05.22-05.10.46:050][504]LogBlueprintUserMessages: [NewBlueprint_Child2_346] 10
[2017.05.22-05.10.46:075][505]LogBlueprintUserMessages: [NewBlueprint_2] 10
[2017.05.22-05.10.46:075][505]LogBlueprintUserMessages: [NewBlueprint2_682] 10
[2017.05.22-05.10.46:075][505]LogBlueprintUserMessages: [NewBlueprint3_975] 10
[2017.05.22-05.10.46:075][505]LogBlueprintUserMessages: [NewBlueprint_Child2_346] 10
[2017.05.22-05.10.46:099][506]LogBlueprintUserMessages: [NewBlueprint_2] 10
[2017.05.22-05.10.46:099][506]LogBlueprintUserMessages: [NewBlueprint2_682] 10
[2017.05.22-05.10.46:099][506]LogBlueprintUserMessages: [NewBlueprint3_975] 10
[2017.05.22-05.10.46:099][506]LogBlueprintUserMessages: [NewBlueprint_Child2_346] 10
[2017.05.22-05.10.46:131][507]LogBlueprintUserMessages: [NewBlueprint_2] 10
[2017.05.22-05.10.46:131][507]LogBlueprintUserMessages: [NewBlueprint2_682] 10
[2017.05.22-05.10.46:131][507]LogBlueprintUserMessages: [NewBlueprint3_975] 10
[2017.05.22-05.10.46:131][507]LogBlueprintUserMessages: [NewBlueprint_Child2_346] 10
[2017.05.22-05.10.46:156][508]LogBlueprintUserMessages: [NewBlueprint_2] 10
[2017.05.22-05.10.46:156][508]LogBlueprintUserMessages: [NewBlueprint2_682] 10
[2017.05.22-05.10.46:156][508]LogBlueprintUserMessages: [NewBlueprint3_975] 10
[2017.05.22-05.10.46:156][508]LogBlueprintUserMessages: [NewBlueprint_Child2_346] 10
[2017.05.22-05.10.46:180][509]LogBlueprintUserMessages: [NewBlueprint_2] 10
[2017.05.22-05.10.46:180][509]LogBlueprintUserMessages: [NewBlueprint2_682] 10
[2017.05.22-05.10.46:180][509]LogBlueprintUserMessages: [NewBlueprint3_975] 10
[2017.05.22-05.10.46:180][509]LogBlueprintUserMessages: [NewBlueprint_Child2_346] 10
[2017.05.22-05.10.46:205][510]LogBlueprintUserMessages: [NewBlueprint_2] 10
[2017.05.22-05.10.46:205][510]LogBlueprintUserMessages: [NewBlueprint2_682] 10
[2017.05.22-05.10.46:205][510]LogBlueprintUserMessages: [NewBlueprint3_975] 10
[2017.05.22-05.10.46:205][510]LogBlueprintUserMessages: [NewBlueprint_Child2_346] 10
[2017.05.22-05.10.46:229][511]LogBlueprintUserMessages: [NewBlueprint_2] 10
[2017.05.22-05.10.46:230][511]LogBlueprintUserMessages: [NewBlueprint2_682] 10
[2017.05.22-05.10.46:230][511]LogBlueprintUserMessages: [NewBlueprint3_975] 10
[2017.05.22-05.10.46:230][511]LogBlueprintUserMessages: [NewBlueprint_Child2_346] 10
[2017.05.22-05.10.46:254][512]LogBlueprintUserMessages: [NewBlueprint_2] 10
[2017.05.22-05.10.46:254][512]LogBlueprintUserMessages: [NewBlueprint2_682] 10
[2017.05.22-05.10.46:254][512]LogBlueprintUserMessages: [NewBlueprint3_975] 10
[2017.05.22-05.10.46:254][512]LogBlueprintUserMessages: [NewBlueprint_Child2_346] 10
[2017.05.22-05.10.46:278][513]LogBlueprintUserMessages: [NewBlueprint_2] 10
[2017.05.22-05.10.46:279][513]LogBlueprintUserMessages: [NewBlueprint2_682] 10
[2017.05.22-05.10.46:279][513]LogBlueprintUserMessages: [NewBlueprint3_975] 10
[2017.05.22-05.10.46:279][513]LogBlueprintUserMessages: [NewBlueprint_Child2_346] 10
[2017.05.22-05.10.46:303][514]LogBlueprintUserMessages: [NewBlueprint_2] 10
[2017.05.22-05.10.46:303][514]LogBlueprintUserMessages: [NewBlueprint2_682] 10
[2017.05.22-05.10.46:303][514]LogBlueprintUserMessages: [NewBlueprint3_975] 10
[2017.05.22-05.10.46:303][514]LogBlueprintUserMessages: [NewBlueprint_Child2_346] 10
[2017.05.22-05.10.46:327][515]LogBlueprintUserMessages: [NewBlueprint_2] 10
[2017.05.22-05.10.46:327][515]LogBlueprintUserMessages: [NewBlueprint2_682] 10
[2017.05.22-05.10.46:327][515]LogBlueprintUserMessages: [NewBlueprint3_975] 10
[2017.05.22-05.10.46:327][515]LogBlueprintUserMessages: [NewBlueprint_Child2_346] 10
[2017.05.22-05.10.46:352][516]LogBlueprintUserMessages: [NewBlueprint_2] 10
[2017.05.22-05.10.46:352][516]LogBlueprintUserMessages: [NewBlueprint2_682] 10
[2017.05.22-05.10.46:352][516]LogBlueprintUserMessages: [NewBlueprint3_975] 10
[2017.05.22-05.10.46:352][516]LogBlueprintUserMessages: [NewBlueprint_Child2_346] 10
[2017.05.22-05.10.46:540][517]LogWindowsTextInputMethodSystem:Display: IME system now activated using TSF (搜狗拼音输入法).
[2017.05.22-05.10.46:540][517]LogWindowsTextInputMethodSystem:Display: IME system now activated using TSF (搜狗拼音输入法).
[2017.05.22-05.10.46:547][517]LogWindowsTextInputMethodSystem:Display: IME system now activated using TSF (搜狗拼音输入法).
[2017.05.22-05.10.46:547][517]LogWindowsTextInputMethodSystem:Display: IME system now activated using TSF (搜狗拼音输入法).
[2017.05.22-05.10.46:571][517]LogEngine: All Windows Closed
[2017.05.22-05.10.46:571][517]LogWindows: FPlatformMisc::RequestExit(0)
[2017.05.22-05.10.46:572][518]LogMoviePlayer: Shutting down movie player
[2017.05.22-05.10.46:861][518]LogExit: Preparing to exit.
[2017.05.22-05.10.47:609][518]LogExit: Game engine shut down
[2017.05.22-05.10.47:841][518]LogObj: Freed 0b from 0 cluster array pools.
[2017.05.22-05.10.47:842][518]LogExit: Object subsystem successfully closed.
[2017.05.22-05.10.47:866][518]LogD3D11RHI: Shutdown
[2017.05.22-05.10.47:866][518]LogD3D11RHI: CleanupD3DDevice
[2017.05.22-05.10.48:840][518]LogD3D11RHI: ~FD3D11DynamicRHI
[2017.05.22-05.10.48:857][518]LogModuleManager: Shutting down and abandoning module SequenceRecorderSections (264)
[2017.05.22-05.10.48:857][518]LogModuleManager: Shutting down and abandoning module SequenceRecorder (262)
[2017.05.22-05.10.48:857][518]LogModuleManager: Shutting down and abandoning module AutomationController (260)
[2017.05.22-05.10.48:857][518]LogModuleManager: Shutting down and abandoning module AutomationWorker (258)
[2017.05.22-05.10.48:857][518]LogModuleManager: Shutting down and abandoning module AIModule (256)
[2017.05.22-05.10.48:857][518]LogModuleManager: Shutting down and abandoning module GameplayDebugger (255)
[2017.05.22-05.10.48:857][518]LogModuleManager: Shutting down and abandoning module AITestSuite (253)
[2017.05.22-05.10.48:857][518]LogModuleManager: Shutting down and abandoning module WmfMediaFactory (250)
[2017.05.22-05.10.48:857][518]LogModuleManager: Shutting down and abandoning module MfMediaFactory (248)
[2017.05.22-05.10.48:857][518]LogModuleManager: Shutting down and abandoning module AvfMediaFactory (246)
[2017.05.22-05.10.48:857][518]LogModuleManager: Shutting down and abandoning module AndroidMediaFactory (244)
[2017.05.22-05.10.48:857][518]LogModuleManager: Shutting down and abandoning module Media (243)
[2017.05.22-05.10.48:857][518]LogModuleManager: Shutting down and abandoning module CharacterAI (240)
[2017.05.22-05.10.48:857][518]LogModuleManager: Shutting down and abandoning module SessionServices (238)
[2017.05.22-05.10.48:857][518]LogModuleManager: Shutting down and abandoning module MovieSceneCapture (236)
[2017.05.22-05.10.48:857][518]LogModuleManager: Shutting down and abandoning module GeometryCache (234)
[2017.05.22-05.10.48:857][518]LogModuleManager: Shutting down and abandoning module GeometryCacheEd (233)
[2017.05.22-05.10.48:857][518]LogModuleManager: Shutting down and abandoning module Niagara (230)
[2017.05.22-05.10.48:857][518]LogModuleManager: Shutting down and abandoning module StreamingPauseRendering (228)
[2017.05.22-05.10.48:857][518]LogModuleManager: Shutting down and abandoning module PortalServices (226)
[2017.05.22-05.10.48:857][518]LogModuleManager: Shutting down and abandoning module PortalRpc (224)
[2017.05.22-05.10.48:857][518]LogModuleManager: Shutting down and abandoning module MessagingRpc (222)
[2017.05.22-05.10.48:857][518]LogModuleManager: Shutting down and abandoning module ProfilerService (220)
[2017.05.22-05.10.49:081][518]LogModuleManager: Shutting down and abandoning module TaskGraph (218)
[2017.05.22-05.10.49:081][518]LogModuleManager: Shutting down and abandoning module SteamVRController (216)
[2017.05.22-05.10.49:081][518]LogModuleManager: Shutting down and abandoning module SteamVR (214)
[2017.05.22-05.10.49:081][518]LogModuleManager: Shutting down and abandoning module ProceduralMeshComponent (212)
[2017.05.22-05.10.49:081][518]LogModuleManager: Shutting down and abandoning module OculusLibrary (210)
[2017.05.22-05.10.49:081][518]LogModuleManager: Shutting down and abandoning module OculusInput (208)
[2017.05.22-05.10.49:081][518]LogModuleManager: Shutting down and abandoning module MobilePatchingUtils (206)
[2017.05.22-05.10.49:081][518]LogModuleManager: Shutting down and abandoning module CustomMeshComponent (204)
[2017.05.22-05.10.49:081][518]LogModuleManager: Shutting down and abandoning module CableComponent (202)
[2017.05.22-05.10.49:081][518]LogModuleManager: Shutting down and abandoning module ArchVisCharacter (200)
[2017.05.22-05.10.49:081][518]LogModuleManager: Shutting down and abandoning module HTML5Networking (196)
[2017.05.22-05.10.49:081][518]LogModuleManager: Shutting down and abandoning module VisualStudioSourceCodeAccess (194)
[2017.05.22-05.10.49:081][518]LogModuleManager: Shutting down and abandoning module DesktopPlatform (193)
[2017.05.22-05.10.49:081][518]LogModuleManager: Shutting down and abandoning module HotReload (191)
[2017.05.22-05.10.49:082][518]LogModuleManager: Shutting down and abandoning module DirectoryWatcher (190)
[2017.05.22-05.10.49:082][518]LogModuleManager: Shutting down and abandoning module UObjectPlugin (186)
[2017.05.22-05.10.49:082][518]LogModuleManager: Shutting down and abandoning module SubversionSourceControl (184)
[2017.05.22-05.10.49:082][518]LogModuleManager: Shutting down and abandoning module PerforceSourceControl (182)
[2017.05.22-05.10.49:082][518]LogModuleManager: Shutting down and abandoning module SourceControl (181)
[2017.05.22-05.10.49:082][518]LogModuleManager: Shutting down and abandoning module PhysXVehiclesEditor (178)
[2017.05.22-05.10.49:082][518]LogModuleManager: Shutting down and abandoning module PhysXVehicles (176)
[2017.05.22-05.10.49:082][518]LogModuleManager: Shutting down and abandoning module LocationServicesBPLibrary (174)
[2017.05.22-05.10.49:082][518]LogModuleManager: Shutting down and abandoning module UdpMessaging (172)
[2017.05.22-05.10.49:183][518]LogModuleManager: Shutting down and abandoning module TcpMessaging (170)
[2017.05.22-05.10.49:284][518]LogModuleManager: Shutting down and abandoning module GameplayTagsEditor (168)
[2017.05.22-05.10.49:284][518]LogModuleManager: Shutting down and abandoning module FacialAnimation (166)
[2017.05.22-05.10.49:284][518]LogModuleManager: Shutting down and abandoning module LightPropagationVolumeRuntime (164)
[2017.05.22-05.10.49:284][518]LogModuleManager: Shutting down and abandoning module Paper2D (162)
[2017.05.22-05.10.49:284][518]LogModuleManager: Shutting down and abandoning module WindowsMoviePlayer (160)
[2017.05.22-05.10.49:284][518]LogModuleManager: Shutting down and abandoning module WmfMedia (158)
[2017.05.22-05.10.49:284][518]LogModuleManager: Shutting down and abandoning module MfMedia (156)
[2017.05.22-05.10.49:284][518]LogModuleManager: Shutting down and abandoning module MediaAssets (154)
[2017.05.22-05.10.49:284][518]LogModuleManager: Shutting down and abandoning module GameLiveStreaming (152)
[2017.05.22-05.10.49:284][518]LogModuleManager: Shutting down and abandoning module VREditor (150)
[2017.05.22-05.10.49:284][518]LogModuleManager: Shutting down and abandoning module GameplayTasksEditor (148)
[2017.05.22-05.10.49:284][518]LogModuleManager: Shutting down and abandoning module BehaviorTreeEditor (146)
[2017.05.22-05.10.49:284][518]LogModuleManager: Shutting down and abandoning module FunctionalTesting (144)
[2017.05.22-05.10.49:284][518]LogModuleManager: Shutting down and abandoning module CollisionAnalyzer (142)
[2017.05.22-05.10.49:284][518]LogModuleManager: Shutting down and abandoning module UMG (140)
[2017.05.22-05.10.49:284][518]LogModuleManager: Shutting down and abandoning module UMGEditor (139)
[2017.05.22-05.10.49:284][518]LogModuleManager: Shutting down and abandoning module Sequencer (138)
[2017.05.22-05.10.49:284][518]LogModuleManager: Shutting down and abandoning module AssetTools (136)
[2017.05.22-05.10.49:284][518]LogModuleManager: Shutting down and abandoning module MessageLog (135)
[2017.05.22-05.10.49:284][518]LogModuleManager: Shutting down and abandoning module WorkspaceMenuStructure (134)
[2017.05.22-05.10.49:284][518]LogModuleManager: Shutting down and abandoning module SlateReflector (128)
[2017.05.22-05.10.49:284][518]LogModuleManager: Shutting down and abandoning module Slate (126)
[2017.05.22-05.10.49:284][518]LogModuleManager: Shutting down and abandoning module EditorStyle (124)
[2017.05.22-05.10.49:288][518]LogModuleManager: Shutting down and abandoning module Messaging (122)
[2017.05.22-05.10.49:288][518]LogModuleManager: Shutting down and abandoning module SourceCodeAccess (120)
[2017.05.22-05.10.49:288][518]LogModuleManager: Shutting down and abandoning module HeadMountedDisplay (118)
[2017.05.22-05.10.49:288][518]LogModuleManager: Shutting down and abandoning module XAudio2 (116)
[2017.05.22-05.10.49:288][518]LogModuleManager: Shutting down and abandoning module Networking (114)
[2017.05.22-05.10.49:288][518]LogModuleManager: Shutting down and abandoning module Core (110)
[2017.05.22-05.10.49:288][518]LogModuleManager: Shutting down and abandoning module KismetCompiler (108)
[2017.05.22-05.10.49:288][518]LogModuleManager: Shutting down and abandoning module PhysXFormats (106)
[2017.05.22-05.10.49:288][518]LogModuleManager: Shutting down and abandoning module MeshUtilities (104)
[2017.05.22-05.10.49:288][518]LogModuleManager: Shutting down and abandoning module SimplygonSwarm (103)
[2017.05.22-05.10.49:288][518]LogModuleManager: Shutting down and abandoning module SimplygonMeshReduction (101)
[2017.05.22-05.10.49:288][518]LogModuleManager: Shutting down and abandoning module QuadricMeshReduction (99)
[2017.05.22-05.10.49:288][518]LogModuleManager: Shutting down and abandoning module PropertyEditor (97)
[2017.05.22-05.10.49:288][518]LogModuleManager: Shutting down and abandoning module AssetRegistry (94)
[2017.05.22-05.10.49:288][518]LogModuleManager: Shutting down and abandoning module DerivedDataCache (92)
[2017.05.22-05.10.49:716][518]LogDerivedDataCache: Shutdown
[2017.05.22-05.10.49:716][518]LogModuleManager: Shutting down and abandoning module TargetPlatform (90)
[2017.05.22-05.10.49:716][518]LogModuleManager: Shutting down and abandoning module VulkanShaderFormat (89)
[2017.05.22-05.10.49:716][518]LogModuleManager: Shutting down and abandoning module ShaderFormatOpenGL (87)
[2017.05.22-05.10.49:716][518]LogModuleManager: Shutting down and abandoning module ShaderFormatD3D (85)
[2017.05.22-05.10.49:716][518]LogModuleManager: Shutting down and abandoning module MetalShaderFormat (83)
[2017.05.22-05.10.49:716][518]LogModuleManager: Shutting down and abandoning module TextureFormatUncompressed (81)
[2017.05.22-05.10.49:716][518]LogModuleManager: Shutting down and abandoning module TextureFormatPVR (79)
[2017.05.22-05.10.49:716][518]LogModuleManager: Shutting down and abandoning module TextureFormatDXT (77)
[2017.05.22-05.10.49:716][518]LogModuleManager: Shutting down and abandoning module TextureFormatIntelISPCTexComp (75)
[2017.05.22-05.10.49:716][518]LogModuleManager: Shutting down and abandoning module TextureFormatASTC (73)
[2017.05.22-05.10.49:716][518]LogModuleManager: Shutting down and abandoning module ImageWrapper (72)
[2017.05.22-05.10.49:716][518]LogModuleManager: Shutting down and abandoning module TextureFormatAndroid (69)
[2017.05.22-05.10.49:716][518]LogModuleManager: Shutting down and abandoning module AudioFormatOpus (67)
[2017.05.22-05.10.49:716][518]LogModuleManager: Shutting down and abandoning module AudioFormatOgg (65)
[2017.05.22-05.10.49:716][518]LogModuleManager: Shutting down and abandoning module AudioFormatADPCM (63)
[2017.05.22-05.10.49:716][518]LogModuleManager: Shutting down and abandoning module WindowsTargetPlatform (61)
[2017.05.22-05.10.49:717][518]LogModuleManager: Shutting down and abandoning module WindowsServerTargetPlatform (59)
[2017.05.22-05.10.49:717][518]LogModuleManager: Shutting down and abandoning module WindowsNoEditorTargetPlatform (57)
[2017.05.22-05.10.49:717][518]LogModuleManager: Shutting down and abandoning module WindowsClientTargetPlatform (55)
[2017.05.22-05.10.49:717][518]LogModuleManager: Shutting down and abandoning module InputCore (52)
[2017.05.22-05.10.49:717][518]LogModuleManager: Shutting down and abandoning module Settings (50)
[2017.05.22-05.10.49:717][518]LogModuleManager: Shutting down and abandoning module OculusRift (48)
[2017.05.22-05.10.49:717][518]LogModuleManager: Shutting down and abandoning module GearVR (46)
[2017.05.22-05.10.49:717][518]LogModuleManager: Shutting down and abandoning module ExampleDeviceProfileSelector (44)
[2017.05.22-05.10.49:717][518]LogModuleManager: Shutting down and abandoning module OnlineBlueprintSupport (42)
[2017.05.22-05.10.49:717][518]LogModuleManager: Shutting down and abandoning module OnlineSubsystem (38)
[2017.05.22-05.10.49:717][518]LogOnline:Display: Unloading online subsystem: NULL
[2017.05.22-05.10.49:717][518]LogModuleManager: Shutting down and abandoning module XMPP (37)
[2017.05.22-05.10.49:717][518]LogModuleManager: Shutting down and abandoning module HTTP (35)
[2017.05.22-05.10.49:740][518]LogModuleManager: Shutting down and abandoning module SSL (34)
[2017.05.22-05.10.49:742][518]LogModuleManager: Shutting down and abandoning module AudioEditor (30)
[2017.05.22-05.10.49:742][518]LogModuleManager: Shutting down and abandoning module TextureCompressor (28)
[2017.05.22-05.10.49:743][518]LogModuleManager: Shutting down and abandoning module ShaderCore (26)
[2017.05.22-05.10.49:743][518]LogModuleManager: Shutting down and abandoning module Landscape (24)
[2017.05.22-05.10.49:743][518]LogModuleManager: Shutting down and abandoning module SlateRHIRenderer (22)
[2017.05.22-05.10.49:743][518]LogModuleManager: Shutting down and abandoning module OpenGLDrv (20)
[2017.05.22-05.10.49:743][518]LogModuleManager: Shutting down and abandoning module D3D11RHI (18)
[2017.05.22-05.10.49:743][518]LogModuleManager: Shutting down and abandoning module AnimGraphRuntime (16)
[2017.05.22-05.10.49:743][518]LogModuleManager: Shutting down and abandoning module Renderer (14)
[2017.05.22-05.10.49:743][518]LogModuleManager: Shutting down and abandoning module Engine (12)
[2017.05.22-05.10.49:743][518]LogModuleManager: Shutting down and abandoning module CoreUObject (10)
[2017.05.22-05.10.49:743][518]LogModuleManager: Shutting down and abandoning module NetworkFile (8)
[2017.05.22-05.10.49:743][518]LogModuleManager: Shutting down and abandoning module StreamingFile (6)
[2017.05.22-05.10.49:743][518]LogModuleManager: Shutting down and abandoning module SandboxFile (4)
[2017.05.22-05.10.49:743][518]LogModuleManager: Shutting down and abandoning module PakFile (2)
[2017.05.22-05.10.49:745][518]LogExit: Exiting.
[2017.05.22-05.10.49:748][518]Log file closed, 05/22/17 14:40:49
