Log file open, 05/22/17 13:52:04
LogInit:Display: Running engine for game: ZombieCity
LogPlatformFile: Not using cached read wrapper
LogInit:Display: RandInit(1709508263) SRandInit(1709508263).
LogTaskGraph: Started task graph with 5 named threads and 6 total threads with 1 sets of task threads.
LogStats: Stats thread started at 0.104140
LogInit: Using libcurl 7.47.1
LogInit:  - built for x86_64-pc-win32
LogInit:  - supports SSL with OpenSSL/1.0.2g
LogInit:  - supports HTTP deflate (compression) using libz 1.2.8
LogInit:  - other features:
LogInit:      CURL_VERSION_SSL
LogInit:      CURL_VERSION_LIBZ
LogInit:      CURL_VERSION_IPV6
LogInit:      CURL_VERSION_ASYNCHDNS
LogInit:      CURL_VERSION_LARGEFILE
LogInit:      CURL_VERSION_IDN
LogInit:  CurlRequestOptions (configurable via config and command line):
LogInit:  - bVerifyPeer = false  - Libcurl will NOT verify peer certificate
LogInit:  - bUseHttpProxy = false  - Libcurl will NOT use HTTP proxy
LogInit:  - bDontReuseConnections = false  - Libcurl will reuse connections
LogInit:  - CertBundlePath = nullptr  - Libcurl will use whatever was configured at build time.
LogInit: Build: ++UE4+Release-4.15-CL-3348071
LogInit: Engine Version: 4.15.1-3348071+++UE4+Release-4.15
LogInit: Compatible Engine Version: 4.15.0-3299760+++UE4+Release-4.15
LogInit: Net CL: 3299760
LogDevObjectVersion: Number of dev versions registered: 14
LogDevObjectVersion:   Dev-Blueprints (B0D832E4-1F89-4F0D-ACCF-7EB736FD4AA2): 8
LogDevObjectVersion:   Dev-Build (E1C64328-A22C-4D53-A36C-8E866417BD8C): 0
LogDevObjectVersion:   Dev-Core (375EC13C-06E4-48FB-B500-84F0262A717E): 2
LogDevObjectVersion:   Dev-Editor (E4B068ED-F494-42E9-A231-DA0B2E46BB41): 14
LogDevObjectVersion:   Dev-Framework (CFFC743F-43B0-4480-9391-14DF171D2073): 22
LogDevObjectVersion:   Dev-Mobile (B02B49B5-BB20-44E9-A304-32B752E40360): 0
LogDevObjectVersion:   Dev-Networking (A4E4105C-59A1-49B5-A7C5-40C4547EDFEE): 0
LogDevObjectVersion:   Dev-Online (39C831C9-5AE6-47DC-9A44-9C173E1C8E7C): 0
LogDevObjectVersion:   Dev-Physics (78F01B33-EBEA-4F98-B9B4-84EACCB95AA2): 0
LogDevObjectVersion:   Dev-Platform (6631380F-2D4D-43E0-8009-CF276956A95A): 0
LogDevObjectVersion:   Dev-Rendering (12F88B9F-8875-4AFC-A67C-D90C383ABD29): 12
LogDevObjectVersion:   Dev-Sequencer (7B5AE74C-D270-4C10-A958-57980B212A5A): 3
LogDevObjectVersion:   Dev-VR (D7296918-1DD6-4BDD-9DE2-64A83CC13884): 0
LogDevObjectVersion:   Dev-LoadTimes (C2A15278-BFE7-4AFE-6C17-90FF531DF755): 1
LogInit: Compiled (64-bit): Mar 15 2017 16:52:47
LogInit: Compiled with Visual C++: 19.00.23026.00
LogInit: Build Configuration: Development
LogInit: Branch Name: ++UE4+Release-4.15
LogInit: Command line: 
LogInit: Base directory: C:/Program Files (x86)/Epic Games/4.15/Engine/Binaries/Win64/
LogInit: Installed Engine Build: 1
LogInit: Presizing for max 8388607 objects, including 0 objects not considered by GC, pre-allocating 0 bytes for permanent pool.
LogInit: Object subsystem initialized
[2017.05.22-04.22.06:018][  0]LogInit: Selected Device Profile: [Windows]
[2017.05.22-04.22.06:018][  0]LogInit: Applying CVar settings loaded from the selected device profile: [Windows]
[2017.05.22-04.22.06:031][  0]LogInit: Computer: LIZHANG
[2017.05.22-04.22.06:031][  0]LogInit: User: wanly102
[2017.05.22-04.22.06:031][  0]LogInit: CPU Page size=65536, Cores=2
[2017.05.22-04.22.06:031][  0]LogInit: High frequency timer resolution =2.533198 MHz
[2017.05.22-04.22.06:032][  0]LogMemory: Memory total: Physical=7.9GB (8GB approx)
[2017.05.22-04.22.06:032][  0]LogMemory: Platform Memory Stats for Windows
[2017.05.22-04.22.06:032][  0]LogMemory: Process Physical Memory: 262.13 MB used, 262.13 MB peak
[2017.05.22-04.22.06:032][  0]LogMemory: Process Virtual Memory: 262.16 MB used, 262.16 MB peak
[2017.05.22-04.22.06:032][  0]LogMemory: Physical Memory: 4947.13 MB used,  3125.83 MB free, 8072.96 MB total
[2017.05.22-04.22.06:032][  0]LogMemory: Virtual Memory: 642.59 MB used,  3125.83 MB free, 134217728.00 MB total
[2017.05.22-04.22.06:183][  0]LogTextLocalizationManager:Warning: Loaded localization resources contain conflicting entries for (Namespace:UObjectToolTips, Key:AnimNode_AssetPlayerBase:InternalTimeAccumulator):
Localization Resource: (C:/Program Files (x86)/Epic Games/4.15/Engine/Content/Localization/EditorTutorials/zh-CN/EditorTutorials.locres) Source String Hash: (502993589) Localized String: (用于引用此节点中的资源的累积时间)
Localization Resource: (C:/Program Files (x86)/Epic Games/4.15/Engine/Content/Localization/Engine/zh-CN/Engine.locres) Source String Hash: (502993589) Localized String: (引用该节点中资源所用的累计时间)
[2017.05.22-04.22.06:183][  0]LogTextLocalizationManager:Warning: Loaded localization resources contain conflicting entries for (Namespace:UObjectToolTips, Key:AnimNode_AssetPlayerBase:bIgnoreForRelevancyTest):
Localization Resource: (C:/Program Files (x86)/Epic Games/4.15/Engine/Content/Localization/EditorTutorials/zh-CN/EditorTutorials.locres) Source String Hash: (319969718) Localized String: (若为真，在状态中寻找最高权重动画的“相关动画”节点将忽视 此节点)
Localization Resource: (C:/Program Files (x86)/Epic Games/4.15/Engine/Content/Localization/Engine/zh-CN/Engine.locres) Source String Hash: (319969718) Localized String: (如果为真，那么将会忽略查找最高权重动画的"相关动画"节点。
这个节点)
[2017.05.22-04.22.06:183][  0]LogTextLocalizationManager:Warning: Loaded localization resources contain conflicting entries for (Namespace:UObjectToolTips, Key:AnimNode_AssetPlayerBase:BlendWeight):
Localization Resource: (C:/Program Files (x86)/Epic Games/4.15/Engine/Content/Localization/EditorTutorials/zh-CN/EditorTutorials.locres) Source String Hash: (-1232800293) Localized String: (此节点最后交会的混合权重)
Localization Resource: (C:/Program Files (x86)/Epic Games/4.15/Engine/Content/Localization/Engine/zh-CN/Engine.locres) Source String Hash: (-1232800293) Localized String: (该节点上一次遇到的混合权重)
[2017.05.22-04.22.06:607][  0]LogD3D11RHI: D3D11 adapters:
[2017.05.22-04.22.06:623][  0]LogD3D11RHI:    0. 'AMD Radeon R7 M265' (Feature Level 11_0)
[2017.05.22-04.22.06:623][  0]LogD3D11RHI:       2035/0/4036 MB DedicatedVideo/DedicatedSystem/SharedSystem, Outputs:1, VendorId:0x1002
[2017.05.22-04.22.06:630][  0]LogD3D11RHI:    1. 'Intel(R) HD Graphics Family' (Feature Level 11_0)
[2017.05.22-04.22.06:630][  0]LogD3D11RHI:       112/0/2048 MB DedicatedVideo/DedicatedSystem/SharedSystem, Outputs:0, VendorId:0x8086
[2017.05.22-04.22.06:632][  0]LogD3D11RHI:    2. 'Microsoft Basic Render Driver' (Feature Level 11_0)
[2017.05.22-04.22.06:632][  0]LogD3D11RHI:       0/0/4036 MB DedicatedVideo/DedicatedSystem/SharedSystem, Outputs:0, VendorId:0x1414
[2017.05.22-04.22.06:632][  0]LogD3D11RHI: Chosen D3D11 Adapter: 0
[2017.05.22-04.22.06:638][  0]LogD3D11RHI: Creating new Direct3DDevice
[2017.05.22-04.22.06:638][  0]LogD3D11RHI:     GPU DeviceId: 0x6900 (for the marketing name, search the web for "GPU Device Id")
[2017.05.22-04.22.06:638][  0]LogWindows: EnumDisplayDevices:
[2017.05.22-04.22.06:639][  0]LogWindows:    0. 'Intel(R) HD Graphics Family' (P:1 D:1)
[2017.05.22-04.22.06:639][  0]LogWindows:    1. 'Intel(R) HD Graphics Family' (P:0 D:0)
[2017.05.22-04.22.06:639][  0]LogWindows:    2. 'Intel(R) HD Graphics Family' (P:0 D:0)
[2017.05.22-04.22.06:640][  0]LogWindows: DebugString: PrimaryIsNotTheChoosenAdapter PrimaryIsNotTheChoosenAdapter PrimaryIsNotTheChoosenAdapter FoundDriverCount:0 
[2017.05.22-04.22.06:640][  0]LogD3D11RHI:     Adapter Name: AMD Radeon R7 M265
[2017.05.22-04.22.06:640][  0]LogD3D11RHI:   Driver Version: Unknown (internal:Unknown, unified:Unknown)
[2017.05.22-04.22.06:640][  0]LogD3D11RHI:      Driver Date: Unknown
[2017.05.22-04.22.06:640][  0]LogRHI: Texture pool is 1361 MB (70% of 1945 MB)
[2017.05.22-04.22.06:725][  0]LogD3D11RHI: Async texture creation enabled
[2017.05.22-04.22.06:740][  0]LogD3D11RHI: GPU Timing Frequency: 27.000000 (Debug: 2 1)
[2017.05.22-04.22.06:741][  0]LogShaderCompilers: Guid format shader working directory is -15 characters bigger than the processId version (../../../../../../Users/jicheng/Desktop/Zombie-City/ZombieCity/Intermediate/Shaders/WorkingDirectory/11860/).
[2017.05.22-04.22.06:742][  0]LogShaderCompilers: Cleaned the shader compiler working directory 'C:/Users/jicheng/AppData/Local/Temp/UnrealShaderWorkingDir/6FD865D5460F3106F12C05978D6BEA87/'.
[2017.05.22-04.22.06:742][  0]LogShaderCompilers:Display: Using Local Shader Compiler.
[2017.05.22-04.22.08:163][  0]LogTemp:Display: Loaded TP AllDesktopTargetPlatform
[2017.05.22-04.22.08:235][  0]LogTemp:Display: Loaded TP MacClientTargetPlatform
[2017.05.22-04.22.08:326][  0]LogTemp:Display: Loaded TP MacNoEditorTargetPlatform
[2017.05.22-04.22.08:409][  0]LogTemp:Display: Loaded TP MacServerTargetPlatform
[2017.05.22-04.22.08:486][  0]LogTemp:Display: Loaded TP MacTargetPlatform
[2017.05.22-04.22.08:562][  0]LogTemp:Display: Loaded TP WindowsClientTargetPlatform
[2017.05.22-04.22.08:638][  0]LogTemp:Display: Loaded TP WindowsNoEditorTargetPlatform
[2017.05.22-04.22.08:709][  0]LogTemp:Display: Loaded TP WindowsServerTargetPlatform
[2017.05.22-04.22.08:770][  0]LogTemp:Display: Loaded TP WindowsTargetPlatform
[2017.05.22-04.22.08:844][  0]LogTemp:Display: Loaded TP AndroidTargetPlatform
[2017.05.22-04.22.08:914][  0]LogTemp:Display: Loaded TP Android_ASTCTargetPlatform
[2017.05.22-04.22.08:984][  0]LogTemp:Display: Loaded TP Android_ATCTargetPlatform
[2017.05.22-04.22.09:053][  0]LogTemp:Display: Loaded TP Android_DXTTargetPlatform
[2017.05.22-04.22.09:123][  0]LogTemp:Display: Loaded TP Android_ETC1TargetPlatform
[2017.05.22-04.22.09:194][  0]LogTemp:Display: Loaded TP Android_ETC2TargetPlatform
[2017.05.22-04.22.09:357][  0]LogTemp:Display: Loaded TP Android_MultiTargetPlatform
[2017.05.22-04.22.09:357][  0]LogTemp:Display: Loaded TP Android_PVRTCTargetPlatform
[2017.05.22-04.22.09:412][  0]LogTemp:Display: Loaded TP HTML5TargetPlatform
[2017.05.22-04.22.09:533][  0]LogTemp:Display: Loaded TP IOSTargetPlatform
[2017.05.22-04.22.09:579][  0]LogTemp:Display: Loaded TP TVOSTargetPlatform
[2017.05.22-04.22.09:647][  0]LogTemp:Display: Loaded TP LinuxClientTargetPlatform
[2017.05.22-04.22.09:719][  0]LogTemp:Display: Loaded TP LinuxNoEditorTargetPlatform
[2017.05.22-04.22.09:789][  0]LogTemp:Display: Loaded TP LinuxServerTargetPlatform
[2017.05.22-04.22.09:858][  0]LogTemp:Display: Loaded TP LinuxTargetPlatform
[2017.05.22-04.22.09:858][  0]LogTargetPlatformManager:Display: Building Assets For Windows
[2017.05.22-04.22.10:485][  0]LogDerivedDataCache:Display: Max Cache Size: 512 MB
[2017.05.22-04.22.10:544][  0]LogDerivedDataCache: Loaded boot cache 0.06s 50MB C:/Users/jicheng/AppData/Local/UnrealEngine/4.15/DerivedDataCache/Boot.ddc.
[2017.05.22-04.22.10:544][  0]LogDerivedDataCache:Display: Loaded Boot cache: C:/Users/jicheng/AppData/Local/UnrealEngine/4.15/DerivedDataCache/Boot.ddc
[2017.05.22-04.22.10:544][  0]LogDerivedDataCache: FDerivedDataBackendGraph:  Pak pak cache file ../../../../../../Users/jicheng/Desktop/Zombie-City/ZombieCity/DerivedDataCache/DDC.ddp not found, will not use a pak cache.
[2017.05.22-04.22.10:544][  0]LogDerivedDataCache: Unable to find inner node Pak for hierarchical cache Hierarchy.
[2017.05.22-04.22.10:545][  0]LogDerivedDataCache: FDerivedDataBackendGraph:  CompressedPak pak cache file ../../../../../../Users/jicheng/Desktop/Zombie-City/ZombieCity/DerivedDataCache/Compressed.ddp not found, will not use a pak cache.
[2017.05.22-04.22.10:545][  0]LogDerivedDataCache: Unable to find inner node CompressedPak for hierarchical cache Hierarchy.
[2017.05.22-04.22.10:566][  0]LogDerivedDataCache:Display: Pak cache opened for reading ../../../Engine/DerivedDataCache/Compressed.ddp.
[2017.05.22-04.22.10:579][  0]LogDerivedDataCache: Using Local data cache path C:/Users/jicheng/AppData/Local/UnrealEngine/Common/DerivedDataCache: Writable
[2017.05.22-04.22.10:590][  0]LogSlate: Using Freetype 2.6.0
[2017.05.22-04.22.10:591][  0]LogSlate: SlateFontCache - WITH_FREETYPE: 1, WITH_HARFBUZZ: 1
[2017.05.22-04.22.10:591][  0]LogSlate: SlateFontCache - WITH_FREETYPE: 1, WITH_HARFBUZZ: 1
[2017.05.22-04.22.11:033][  0]LogInit: Selected Device Profile: [Windows]
[2017.05.22-04.22.11:036][  0]LogContentStreaming: Texture pool size is 0.00 MB
[2017.05.22-04.22.11:343][  0]LogMeshUtilities: Using QuadricMeshReduction for automatic static mesh reduction
[2017.05.22-04.22.11:405][  0]LogSimplygon: Simplygon DLL not present - disabling.
[2017.05.22-04.22.11:474][  0]LogMeshUtilities: Using SimplygonSwarm for distributed automatic mesh merging
[2017.05.22-04.22.11:474][  0]LogMeshUtilities: No automatic skeletal mesh reduction module available
[2017.05.22-04.22.11:474][  0]LogMeshUtilities: No automatic mesh merging module available
[2017.05.22-04.22.12:230][  0]LogNetVersion: GetLocalNetworkVersion: CL: 3299760, ProjectName: zombiecity, ProjectVersion: , EngineNetworkVersion: 2, GameNetworkVersion: 0, NetworkChecksum: 270151773
[2017.05.22-04.22.12:285][  0]LogAssetRegistry: FAssetRegistry took 0.0216 seconds to start up
[2017.05.22-04.22.12:503][  0]LogPackageLocalizationCache: Processed 3 localized package path(s) for 4 prioritized culture(s) in 0.162300 seconds
[2017.05.22-04.22.12:510][  0]LogUObjectArray: 32493 objects as part of root set at end of initial load.
[2017.05.22-04.22.12:510][  0]LogUObjectAllocator: 7077024 out of 0 bytes used by permanent object pool.
[2017.05.22-04.22.12:510][  0]LogUObjectArray: CloseDisregardForGC: 0/0 objects in disregard for GC pool
[2017.05.22-04.22.12:600][  0]LogInit: WinSock: version 1.1 (2.2), MaxSocks=32767, MaxUdp=65467
[2017.05.22-04.22.14:865][  0]LogTcpMessaging: Initializing TcpMessaging bridge
[2017.05.22-04.22.14:918][  0]LogUdpMessaging: Initializing bridge on interface 0.0.0.0:0 to multicast group 230.0.0.1:6666.
[2017.05.22-04.22.15:650][  0]LogMaterial: Uniform references updated for custom material expression Custom.
[2017.05.22-04.22.16:202][  0]SourceControl: 信息 源码控制已禁用
[2017.05.22-04.22.16:203][  0]SourceControl: 信息 源码控制已禁用
[2017.05.22-04.22.16:275][  0]SourceControl: 信息 源码控制已禁用
[2017.05.22-04.22.16:377][  0]SourceControl: 信息 源码控制已禁用
[2017.05.22-04.22.16:827][  0]LogLinker:Warning: 无法寻找到文件'/Game/ThirdPersonBP/ThirdPersonOverview'
[2017.05.22-04.22.16:827][  0]LogLinker:Warning: 无法寻找到文件'/Game/ThirdPersonBP/ThirdPersonOverview'
[2017.05.22-04.22.16:827][  0]LogUObjectGlobals:Warning: 寻找对象'Class /Game/ThirdPersonBP/ThirdPersonOverview.ThirdPersonOverview_C'失败
[2017.05.22-04.22.20:768][  0]LogEngine: Initializing Engine...
[2017.05.22-04.22.20:773][  0]LogHMD: Failed to initialize OpenVR with code 110
[2017.05.22-04.22.21:356][  0]LogAIModule: Creating AISystem for world Untitled
[2017.05.22-04.22.21:364][  0]LogInit: XAudio2 using 'Speakers / Headphones (Realtek High Definition Audio)' : 2 channels at 48 kHz using 32 bits per sample (channel mask 0x3)
[2017.05.22-04.22.21:400][  0]LogInit: FAudioDevice initialized.
[2017.05.22-04.22.21:449][  0]LogDerivedDataCache: Saved boot cache 0.05s 50MB C:/Users/jicheng/AppData/Local/UnrealEngine/4.15/DerivedDataCache/Boot.ddc.
[2017.05.22-04.22.21:459][  0]LogInit: Texture streaming: Enabled
[2017.05.22-04.22.21:653][  0]LogEngineSessionManager: EngineSessionManager initialized
[2017.05.22-04.22.21:653][  0]LogEngineSessionManager: EngineSessionManager sent abnormal shutdown report. Type=Crashed, SessionId={EBCBD14D-4283-8AE0-24C3-D4B35E9B16A7}
[2017.05.22-04.22.21:828][  0]LogInit: Transaction tracking system initialized
[2017.05.22-04.22.22:592][  0]BlueprintLog: New page: 编辑器加载
[2017.05.22-04.22.24:527][  0]LocalizationService: 信息 本地化服务已被禁用
[2017.05.22-04.22.25:920][  0]LogConsoleResponse:Display: 
[2017.05.22-04.22.26:155][  0]LogCook:Display: Max memory allowance for cook 16384mb min free memory 0mb
[2017.05.22-04.22.26:155][  0]LogCook:Display: Mobile HDR setting 1
[2017.05.22-04.22.26:619][  0]LogFileCache: Scanning file cache for directory 'C:/Users/jicheng/Desktop/Zombie-City/ZombieCity/Content/' took 0.02s
[2017.05.22-04.22.27:894][  0]SourceControl: 信息 源码控制已禁用
[2017.05.22-04.22.27:983][  0]LogWindowsTextInputMethodSystem:Display: IME system now activated using TSF (搜狗拼音输入法).
[2017.05.22-04.22.27:983][  0]LogWindowsTextInputMethodSystem:Display: IME system now activated using TSF (搜狗拼音输入法).
[2017.05.22-04.22.27:993][  0]LogSlate: Took 0.000640 seconds to synchronously load lazily loaded font '../../../Engine/Content/Slate/Fonts/Roboto-Regular.ttf' (155K)
[2017.05.22-04.22.28:172][  0]LogSlate: Took 0.179411 seconds to synchronously load lazily loaded font '../../../Engine/Content/Slate/Fonts/DroidSansFallback.ttf' (3848K)
[2017.05.22-04.22.58:418][  0]LogWindowsTextInputMethodSystem:Display: IME system now activated using TSF (搜狗拼音输入法).
[2017.05.22-04.22.58:419][  0]LogWindowsTextInputMethodSystem:Display: IME system now activated using TSF (搜狗拼音输入法).
[2017.05.22-04.22.58:424][  0]LogWindowsTextInputMethodSystem:Display: IME system now activated using TSF (搜狗拼音输入法).
[2017.05.22-04.22.58:424][  0]LogWindowsTextInputMethodSystem:Display: IME system now activated using TSF (搜狗拼音输入法).
[2017.05.22-04.23.01:530][  0]LogWindowsTextInputMethodSystem:Display: IME system now activated using TSF (搜狗拼音输入法).
[2017.05.22-04.23.01:530][  0]LogWindowsTextInputMethodSystem:Display: IME system now activated using TSF (搜狗拼音输入法).
[2017.05.22-04.23.01:535][  0]LogWindowsTextInputMethodSystem:Display: IME system now activated using TSF (搜狗拼音输入法).
[2017.05.22-04.23.01:535][  0]LogWindowsTextInputMethodSystem:Display: IME system now activated using TSF (搜狗拼音输入法).
[2017.05.22-04.23.01:604][  0]Cmd: MAP LOAD FILE="../../../../../../Users/jicheng/Desktop/Zombie-City/ZombieCity/Content/ZombieCity/Maps/UIMap.umap" TEMPLATE=0 SHOWPROGRESS=1 FEATURELEVEL=3
[2017.05.22-04.23.01:606][  0]LightingResults: New page: 光照构建
[2017.05.22-04.23.01:759][  0]MapCheck: New page: 地图检测
[2017.05.22-04.23.01:759][  0]LightingResults: New page: 光照构建
[2017.05.22-04.23.03:264][  0]LogAIModule: Creating AISystem for world UIMap
[2017.05.22-04.23.03:311][  0]LogEditorServer: Finished looking for orphan Actors (0.000 secs)
[2017.05.22-04.23.03:312][  0]Cmd: MAP CHECKDEP NOCLEARLOG
[2017.05.22-04.23.03:374][  0]MapCheck: 信息 地图检测完成：0个错误，0 个警告，用时62.046毫秒完成。
[2017.05.22-04.23.03:374][  0]LogFileHelpers: Loading map 'UIMap' took 1.770
[2017.05.22-04.23.03:607][  0]LogStats:Warning: MetaData mismatch. Did you assign a stat to two groups? New //STATGROUP_Threads//SplashScreenThread///Thread_4a34_0///####STATCAT_Advanced#### old //STATGROUP_Threads//SplashScreenThread///Thread_16b0_0///####STATCAT_Advanced####
[2017.05.22-04.23.03:607][  0]LogCollectionManager: Loaded 1 collections in 0.003893 seconds
[2017.05.22-04.23.03:827][  0]LogFileCache: Scanning file cache for directory 'C:/Users/jicheng/Desktop/Zombie-City/ZombieCity/Saved/Collections/' took 0.01s
[2017.05.22-04.23.03:827][  0]LogFileCache: Scanning file cache for directory 'C:/Users/jicheng/Desktop/Zombie-City/ZombieCity/Content/Developers/wanly102/Collections/' took 0.01s
[2017.05.22-04.23.03:827][  0]LogFileCache: Scanning file cache for directory 'C:/Users/jicheng/Desktop/Zombie-City/ZombieCity/Content/Collections/' took 0.01s
[2017.05.22-04.23.03:828][  0]LogCollectionManager: Rebuilt the GUID cache for 1 collections in 0.000008 seconds
[2017.05.22-04.23.03:828][  0]LogCollectionManager: Rebuilt the hierarchy cache for 1 collections in 0.000001 seconds
[2017.05.22-04.23.03:854][  0]LogContentBrowser: Native class hierarchy populated in 0.0256 seconds. Added 2245 classes and 453 folders.
[2017.05.22-04.23.03:871][  0]LogStats: UGameplayTagsManager::ConstructGameplayTagTree: Construct from data asset -  0.000 s
[2017.05.22-04.23.03:871][  0]LogStats: UGameplayTagsManager::ConstructGameplayTagTree: GameplayTagTreeChangedEvent.Broadcast -  0.000 s
[2017.05.22-04.23.04:156][  0]LogContentBrowser: Native class hierarchy updated for 'WidgetCarousel' in 0.0006 seconds. Added 0 classes and 0 folders.
[2017.05.22-04.23.04:423][  0]LogContentBrowser: Native class hierarchy updated for 'AddContentDialog' in 0.0008 seconds. Added 0 classes and 0 folders.
[2017.05.22-04.23.04:492][  0]LogContentBrowser: Native class hierarchy updated for 'SceneOutliner' in 0.0006 seconds. Added 1 classes and 2 folders.
[2017.05.22-04.23.04:620][  0]LogCrashTracker: Crashtracker disabled due to settings.
[2017.05.22-04.23.04:630][  0]LogUObjectGlobals:Warning: 寻找对象'Class 无.'失败
[2017.05.22-04.23.04:725][  0]LogContentBrowser: Native class hierarchy updated for 'HierarchicalLODOutliner' in 0.0006 seconds. Added 1 classes and 2 folders.
[2017.05.22-04.23.04:725][  0]LogLoad: (Engine Initialization) Total time: 62.08 seconds
[2017.05.22-04.23.04:725][  0]LogLoad: (Engine Initialization) Total Blueprint compile time: 0.22 seconds
[2017.05.22-04.23.04:725][  0]LogExternalProfiler: Found external profiler: VSPerf
[2017.05.22-04.23.04:725][  0]LogExternalProfiler: Using external profiler: VSPerf
[2017.05.22-04.23.04:745][  0]LogOcInput: OculusInput pre-init called
[2017.05.22-04.23.04:782][  0]LogContentStreaming: Texture pool size now 400 MB
[2017.05.22-04.23.04:784][  0]LogSlate: Took 0.000284 seconds to synchronously load lazily loaded font '../../../Engine/Content/Slate/Fonts/Roboto-Bold.ttf' (160K)
[2017.05.22-04.23.04:792][  0]LogSlate: Took 0.002382 seconds to synchronously load lazily loaded font '../../../Engine/Content/Editor/Slate/Fonts/FontAwesome.ttf' (139K)
[2017.05.22-04.23.04:924][  0]LogSlate: Took 0.002569 seconds to synchronously load lazily loaded font '../../../Engine/Content/Slate/Fonts/Roboto-Light.ttf' (159K)
[2017.05.22-04.23.04:989][  0]LogRenderer: Reallocating scene render targets to support 836x440 NumSamples 1 (Frame:2).
[2017.05.22-04.23.05:366][  1]LogAssetRegistry: Asset discovery search completed in 53.1022 seconds
[2017.05.22-04.23.05:366][  1]LogCollectionManager: Rebuilt the object cache for 1 collections in 0.000008 seconds (found 0 objects)
[2017.05.22-04.23.05:366][  1]LogCollectionManager: Fixed up redirectors for 1 collections in 0.000022 seconds (updated 0 objects)
[2017.05.22-04.23.05:783][  7]LogSlate: Took 0.000269 seconds to synchronously load lazily loaded font '../../../Engine/Content/Slate/Fonts/Roboto-Light.ttf' (159K)
[2017.05.22-04.23.07:886][131]LogSlate: Took 0.000198 seconds to synchronously load lazily loaded font '../../../Engine/Content/Slate/Fonts/Roboto-Light.ttf' (159K)
[2017.05.22-04.23.08:479][131]LogContentBrowser: Native class hierarchy updated for 'BlueprintGraph' in 0.0010 seconds. Added 112 classes and 0 folders.
[2017.05.22-04.23.10:765][131]LogFileCache: Retrieving MD5 hashes for directory 'C:/Users/jicheng/Desktop/Zombie-City/ZombieCity/Content/' took 6.01s
[2017.05.22-04.23.10:787][131]LogSlate: Took 0.002393 seconds to synchronously load lazily loaded font '../../../Engine/Content/Editor/Slate/Fonts/Roboto-BoldCondensed.ttf' (158K)
[2017.05.22-04.23.11:008][132]LogSlate: Took 0.034740 seconds to synchronously load lazily loaded font '../../../Engine/Content/Editor/Slate/Fonts/Roboto-Italic.ttf' (157K)
[2017.05.22-04.39.58:148][219]LogFileHelpers: Editor autosave (incl. sublevels) for '/Game/ZombieCity/Maps/UIMap' took 0.062
[2017.05.22-04.39.58:154][219]OBJ SavePackage: Generating thumbnails for [1] asset(s) in package [/Game/ZombieCity/Blueprints/ZombieCityPawn] ([1] browsable assets)...
[2017.05.22-04.39.58:181][219]OBJ SavePackage:     Rendered thumbnail for [Blueprint /Game/ZombieCity/Blueprints/ZombieCityPawn.ZombieCityPawn]
[2017.05.22-04.39.58:181][219]OBJ SavePackage: Finished generating thumbnails for package [/Game/ZombieCity/Blueprints/ZombieCityPawn]
[2017.05.22-04.39.58:299][219]LogSavePackage: Save=75.21ms
[2017.05.22-04.39.58:299][219]LogSavePackage: Moving '../../../../../../Users/jicheng/Desktop/Zombie-City/ZombieCity/Saved/ZombieCityPawn_Auto1620FF6A34BC9A3222B6DB295D43E8BC1.tmp' to '../../../../../../Users/jicheng/Desktop/Zombie-City/ZombieCity/Saved/Autosaves/Game/ZombieCity/Blueprints/ZombieCityPawn_Auto1.uasset'
[2017.05.22-04.39.58:306][219]LogSavePackage:Display: Finished SavePackage ../../../../../../Users/jicheng/Desktop/Zombie-City/ZombieCity/Saved/Autosaves/Game/ZombieCity/Blueprints/ZombieCityPawn_Auto1.uasset
[2017.05.22-04.39.58:306][219]LogFileHelpers: Auto-saving content packages took 0.157
[2017.05.22-04.40.42:383][850]BlueprintLog: New page: 编译ZombieCityPawn
[2017.05.22-04.40.45:942][900]LogSavePackage: Save=66.43ms
[2017.05.22-04.40.45:942][900]LogSavePackage: Moving '../../../../../../Users/jicheng/Desktop/Zombie-City/ZombieCity/Saved/ZombieCityPawn1907198347F9D4FF6568BEB95EF03C80.tmp' to '../../../../../../Users/jicheng/Desktop/Zombie-City/ZombieCity/Content/ZombieCity/Blueprints/ZombieCityPawn.uasset'
[2017.05.22-04.40.45:957][900]LogSavePackage:Display: Finished SavePackage ../../../../../../Users/jicheng/Desktop/Zombie-City/ZombieCity/Content/ZombieCity/Blueprints/ZombieCityPawn.uasset
[2017.05.22-04.49.58:590][771]LogFileHelpers: Editor autosave (incl. sublevels) for '/Game/ZombieCity/Maps/UIMap' took 0.053
[2017.05.22-04.49.58:596][771]OBJ SavePackage: Generating thumbnails for [1] asset(s) in package [/Game/ZombieCity/Blueprints/NewBlueprint] ([1] browsable assets)...
[2017.05.22-04.49.58:625][771]OBJ SavePackage:     Rendered thumbnail for [Blueprint /Game/ZombieCity/Blueprints/NewBlueprint.NewBlueprint]
[2017.05.22-04.49.58:625][771]OBJ SavePackage: Finished generating thumbnails for package [/Game/ZombieCity/Blueprints/NewBlueprint]
[2017.05.22-04.49.58:728][771]LogSavePackage: Save=61.25ms
[2017.05.22-04.49.58:728][771]LogSavePackage: Moving '../../../../../../Users/jicheng/Desktop/Zombie-City/ZombieCity/Saved/NewBlueprint_Auto20D43058743149FE89D95C194AFF5512F.tmp' to '../../../../../../Users/jicheng/Desktop/Zombie-City/ZombieCity/Saved/Autosaves/Game/ZombieCity/Blueprints/NewBlueprint_Auto2.uasset'
[2017.05.22-04.49.58:736][771]LogSavePackage:Display: Finished SavePackage ../../../../../../Users/jicheng/Desktop/Zombie-City/ZombieCity/Saved/Autosaves/Game/ZombieCity/Blueprints/NewBlueprint_Auto2.uasset
[2017.05.22-04.49.58:736][771]LogFileHelpers: Auto-saving content packages took 0.144
[2017.05.22-04.50.06:453][224]BlueprintLog: New page: 编译NewBlueprint
[2017.05.22-04.50.06:738][224]BlueprintEditorCompileResults: 信息 'Pawn'已经是一个'Pawn'，所以您不需要 类型转换为 Pawn 。
[2017.05.22-04.54.19:624][373]BlueprintLog: New page: 编译ZombieCityPawn
[2017.05.22-04.54.19:660][373]LogBlueprint:Error: [Compiler ZombieCityPawn] 错误 无法找到名称为"AI_new_die"的函数于'NewBlueprint_C'内。
请确保已经为 AI New Die 编译了'NewBlueprint_C'
[2017.05.22-04.54.20:337][373]BlueprintEditorCompileResults:Error: 错误 无法找到名称为"AI_new_die"的函数于'NewBlueprint_C'内。
请确保已经为 AI New Die 编译了'NewBlueprint_C'
[2017.05.22-04.54.20:338][373]LogBlueprint:Warning: [Compiler ZombieCityPawn] 警告 [1937.69] Compile of ZombieCityPawn failed. 1 Fatal Issue(s) 0 Warning(s) [in 713 ms] (/Game/ZombieCity/Blueprints/ZombieCityPawn.ZombieCityPawn)
[2017.05.22-04.54.40:174][391]LogTemp: Repeting last play command: 独立窗口运行
[2017.05.22-04.54.43:288][391]Cmd: OBJ SAVEPACKAGE PACKAGE="/Game/ZombieCity/Blueprints/NewBlueprint" FILE="../../../../../../Users/jicheng/Desktop/Zombie-City/ZombieCity/Content/ZombieCity/Blueprints/NewBlueprint.uasset" SILENT=true
[2017.05.22-04.54.43:521][391]LogSavePackage: Save=192.76ms
[2017.05.22-04.54.43:521][391]LogSavePackage: Moving '../../../../../../Users/jicheng/Desktop/Zombie-City/ZombieCity/Saved/NewBlueprint845B395440F2710BF189AEA5F2D3753A.tmp' to '../../../../../../Users/jicheng/Desktop/Zombie-City/ZombieCity/Content/ZombieCity/Blueprints/NewBlueprint.uasset'
[2017.05.22-04.54.43:574][391]LogSavePackage:Display: Finished SavePackage ../../../../../../Users/jicheng/Desktop/Zombie-City/ZombieCity/Content/ZombieCity/Blueprints/NewBlueprint.uasset
[2017.05.22-04.54.44:065][391]LogSavePackage: Save=258.93ms
[2017.05.22-04.54.44:065][391]LogSavePackage: Moving '../../../../../../Users/jicheng/Desktop/Zombie-City/ZombieCity/Saved/ZombieCityPawn4755B10E4C810818CB3A5BA1E2A79B6E.tmp' to '../../../../../../Users/jicheng/Desktop/Zombie-City/ZombieCity/Content/ZombieCity/Blueprints/ZombieCityPawn.uasset'
[2017.05.22-04.54.44:116][391]LogSavePackage:Display: Finished SavePackage ../../../../../../Users/jicheng/Desktop/Zombie-City/ZombieCity/Content/ZombieCity/Blueprints/ZombieCityPawn.uasset
[2017.05.22-04.54.44:582][391]LogSavePackage: Save=184.13ms
[2017.05.22-04.54.44:582][391]LogSavePackage: Moving '../../../../../../Users/jicheng/Desktop/Zombie-City/ZombieCity/Saved/UEDPCUIMap051F54FA4DC564A199AF1FBEAE869042.tmp' to '../../../../../../Users/jicheng/Desktop/Zombie-City/ZombieCity/Saved/Autosaves/Game/ZombieCity/Maps/UEDPCUIMap.umap'
[2017.05.22-04.54.44:603][391]LogSavePackage:Display: Finished SavePackage ../../../../../../Users/jicheng/Desktop/Zombie-City/ZombieCity/Saved/Autosaves/Game/ZombieCity/Maps/UEDPCUIMap.umap
[2017.05.22-04.54.44:619][391]Cmd: OBJ SAVEPACKAGE PACKAGE="/Game/ZombieCity/Maps/UIMap_BuiltData" FILE="../../../../../../Users/jicheng/Desktop/Zombie-City/ZombieCity/Content/ZombieCity/Maps/UIMap_BuiltData.uasset" SILENT=true
[2017.05.22-04.54.44:740][391]LogSavePackage: Save=10.89ms
[2017.05.22-04.54.44:740][391]LogSavePackage: Moving '../../../../../../Users/jicheng/Desktop/Zombie-City/ZombieCity/Saved/UIMap_BuiltData5B7D645A42C9B7AB57B20B9EC24D5453.tmp' to '../../../../../../Users/jicheng/Desktop/Zombie-City/ZombieCity/Content/ZombieCity/Maps/UIMap_BuiltData.uasset'
[2017.05.22-04.54.44:771][391]LogSavePackage:Display: Finished SavePackage ../../../../../../Users/jicheng/Desktop/Zombie-City/ZombieCity/Content/ZombieCity/Maps/UIMap_BuiltData.uasset
[2017.05.22-04.54.44:777][391]LogEditorTransaction: Undo Spawn Play From Here Start
[2017.05.22-04.57.31:330][271]BlueprintLog: New page: 编译ZombieCityPawn
[2017.05.22-04.57.34:146][274]LogTemp: Repeting last play command: 独立窗口运行
[2017.05.22-04.57.37:401][274]LogSavePackage: Save=72.98ms
[2017.05.22-04.57.37:401][274]LogSavePackage: Moving '../../../../../../Users/jicheng/Desktop/Zombie-City/ZombieCity/Saved/ZombieCityPawnF681CF2C4E4C0CE3EF1401A89CEBC719.tmp' to '../../../../../../Users/jicheng/Desktop/Zombie-City/ZombieCity/Content/ZombieCity/Blueprints/ZombieCityPawn.uasset'
[2017.05.22-04.57.37:416][274]LogSavePackage:Display: Finished SavePackage ../../../../../../Users/jicheng/Desktop/Zombie-City/ZombieCity/Content/ZombieCity/Blueprints/ZombieCityPawn.uasset
[2017.05.22-04.57.37:641][274]LogSavePackage: Save=118.76ms
[2017.05.22-04.57.37:641][274]LogSavePackage: Moving '../../../../../../Users/jicheng/Desktop/Zombie-City/ZombieCity/Saved/UEDPCUIMapCE3F8AA24AFE1D8A38979FAFD21E9EA3.tmp' to '../../../../../../Users/jicheng/Desktop/Zombie-City/ZombieCity/Saved/Autosaves/Game/ZombieCity/Maps/UEDPCUIMap.umap'
[2017.05.22-04.57.37:647][274]LogSavePackage:Display: Finished SavePackage ../../../../../../Users/jicheng/Desktop/Zombie-City/ZombieCity/Saved/Autosaves/Game/ZombieCity/Maps/UEDPCUIMap.umap
[2017.05.22-04.57.37:659][274]Cmd: OBJ SAVEPACKAGE PACKAGE="/Game/ZombieCity/Maps/UIMap_BuiltData" FILE="../../../../../../Users/jicheng/Desktop/Zombie-City/ZombieCity/Content/ZombieCity/Maps/UIMap_BuiltData.uasset" SILENT=true
[2017.05.22-04.57.37:702][274]LogSavePackage: Save=4.14ms
[2017.05.22-04.57.37:702][274]LogSavePackage: Moving '../../../../../../Users/jicheng/Desktop/Zombie-City/ZombieCity/Saved/UIMap_BuiltDataDF45F0194D55E7101FC4A99900333829.tmp' to '../../../../../../Users/jicheng/Desktop/Zombie-City/ZombieCity/Content/ZombieCity/Maps/UIMap_BuiltData.uasset'
[2017.05.22-04.57.37:707][274]LogSavePackage:Display: Finished SavePackage ../../../../../../Users/jicheng/Desktop/Zombie-City/ZombieCity/Content/ZombieCity/Maps/UIMap_BuiltData.uasset
[2017.05.22-04.57.37:714][274]LogEditorTransaction: Undo Spawn Play From Here Start
[2017.05.22-05.02.27:194][ 53]LogFileHelpers: Editor autosave (incl. sublevels) for '/Game/ZombieCity/Maps/UIMap' took 0.137
[2017.05.22-05.02.27:208][ 53]OBJ SavePackage: Generating thumbnails for [1] asset(s) in package [/Game/ZombieCity/Blueprints/ZombieCityPawn] ([1] browsable assets)...
[2017.05.22-05.02.27:276][ 53]OBJ SavePackage:     Rendered thumbnail for [Blueprint /Game/ZombieCity/Blueprints/ZombieCityPawn.ZombieCityPawn]
[2017.05.22-05.02.27:277][ 53]OBJ SavePackage: Finished generating thumbnails for package [/Game/ZombieCity/Blueprints/ZombieCityPawn]
[2017.05.22-05.02.27:662][ 53]LogSavePackage: Save=246.28ms
[2017.05.22-05.02.27:662][ 53]LogSavePackage: Moving '../../../../../../Users/jicheng/Desktop/Zombie-City/ZombieCity/Saved/ZombieCityPawn_Auto3826DEEC6471619500EAC28B0DF5BD0BE.tmp' to '../../../../../../Users/jicheng/Desktop/Zombie-City/ZombieCity/Saved/Autosaves/Game/ZombieCity/Blueprints/ZombieCityPawn_Auto3.uasset'
[2017.05.22-05.02.27:685][ 53]LogSavePackage:Display: Finished SavePackage ../../../../../../Users/jicheng/Desktop/Zombie-City/ZombieCity/Saved/Autosaves/Game/ZombieCity/Blueprints/ZombieCityPawn_Auto3.uasset
[2017.05.22-05.02.27:699][ 53]OBJ SavePackage: Generating thumbnails for [1] asset(s) in package [/Game/ZombieCity/Blueprints/NewBlueprint] ([1] browsable assets)...
[2017.05.22-05.02.27:800][ 53]OBJ SavePackage:     Rendered thumbnail for [Blueprint /Game/ZombieCity/Blueprints/NewBlueprint.NewBlueprint]
[2017.05.22-05.02.27:800][ 53]OBJ SavePackage: Finished generating thumbnails for package [/Game/ZombieCity/Blueprints/NewBlueprint]
[2017.05.22-05.02.28:183][ 53]LogSlate: Took 0.000570 seconds to synchronously load lazily loaded font '../../../Engine/Content/Slate/Fonts/Roboto-Regular.ttf' (155K)
[2017.05.22-05.02.28:265][ 53]LogSavePackage: Save=317.30ms
[2017.05.22-05.02.28:266][ 53]LogSavePackage: Moving '../../../../../../Users/jicheng/Desktop/Zombie-City/ZombieCity/Saved/NewBlueprint_Auto3B43DA7A54C7AF3AA97BE7999E1D266EC.tmp' to '../../../../../../Users/jicheng/Desktop/Zombie-City/ZombieCity/Saved/Autosaves/Game/ZombieCity/Blueprints/NewBlueprint_Auto3.uasset'
[2017.05.22-05.02.28:301][ 53]LogSavePackage:Display: Finished SavePackage ../../../../../../Users/jicheng/Desktop/Zombie-City/ZombieCity/Saved/Autosaves/Game/ZombieCity/Blueprints/NewBlueprint_Auto3.uasset
[2017.05.22-05.02.28:302][ 53]LogFileHelpers: Auto-saving content packages took 1.106
[2017.05.22-05.02.47:764][181]BlueprintLog: New page: 编译NewBlueprint
[2017.05.22-05.02.47:963][181]BlueprintEditorCompileResults: 信息 'Pawn'已经是一个'Pawn'，所以您不需要 类型转换为 Pawn 。
[2017.05.22-05.02.50:501][299]LogTemp: Repeting last play command: 独立窗口运行
[2017.05.22-05.02.52:180][299]Cmd: OBJ SAVEPACKAGE PACKAGE="/Game/ZombieCity/Blueprints/NewBlueprint" FILE="../../../../../../Users/jicheng/Desktop/Zombie-City/ZombieCity/Content/ZombieCity/Blueprints/NewBlueprint.uasset" SILENT=true
[2017.05.22-05.02.52:474][299]LogSavePackage: Save=230.63ms
[2017.05.22-05.02.52:474][299]LogSavePackage: Moving '../../../../../../Users/jicheng/Desktop/Zombie-City/ZombieCity/Saved/NewBlueprint17B8A632405A62EA4958AC90FECE84FB.tmp' to '../../../../../../Users/jicheng/Desktop/Zombie-City/ZombieCity/Content/ZombieCity/Blueprints/NewBlueprint.uasset'
[2017.05.22-05.02.52:530][299]LogSavePackage:Display: Finished SavePackage ../../../../../../Users/jicheng/Desktop/Zombie-City/ZombieCity/Content/ZombieCity/Blueprints/NewBlueprint.uasset
[2017.05.22-05.02.53:005][299]LogSavePackage: Save=273.73ms
[2017.05.22-05.02.53:005][299]LogSavePackage: Moving '../../../../../../Users/jicheng/Desktop/Zombie-City/ZombieCity/Saved/ZombieCityPawnC488D828472B513DAB8C509F4F83BB28.tmp' to '../../../../../../Users/jicheng/Desktop/Zombie-City/ZombieCity/Content/ZombieCity/Blueprints/ZombieCityPawn.uasset'
[2017.05.22-05.02.53:060][299]LogSavePackage:Display: Finished SavePackage ../../../../../../Users/jicheng/Desktop/Zombie-City/ZombieCity/Content/ZombieCity/Blueprints/ZombieCityPawn.uasset
[2017.05.22-05.02.53:599][299]LogSavePackage: Save=211.27ms
[2017.05.22-05.02.53:599][299]LogSavePackage: Moving '../../../../../../Users/jicheng/Desktop/Zombie-City/ZombieCity/Saved/UEDPCUIMap10AAFE264C230BE1957C7AA5806BA34C.tmp' to '../../../../../../Users/jicheng/Desktop/Zombie-City/ZombieCity/Saved/Autosaves/Game/ZombieCity/Maps/UEDPCUIMap.umap'
[2017.05.22-05.02.53:615][299]LogSavePackage:Display: Finished SavePackage ../../../../../../Users/jicheng/Desktop/Zombie-City/ZombieCity/Saved/Autosaves/Game/ZombieCity/Maps/UEDPCUIMap.umap
[2017.05.22-05.02.53:640][299]Cmd: OBJ SAVEPACKAGE PACKAGE="/Game/ZombieCity/Maps/UIMap_BuiltData" FILE="../../../../../../Users/jicheng/Desktop/Zombie-City/ZombieCity/Content/ZombieCity/Maps/UIMap_BuiltData.uasset" SILENT=true
[2017.05.22-05.02.53:790][299]LogSavePackage: Save=12.66ms
[2017.05.22-05.02.53:790][299]LogSavePackage: Moving '../../../../../../Users/jicheng/Desktop/Zombie-City/ZombieCity/Saved/UIMap_BuiltData51FC05D847B194FC232923A0DBCA7B5C.tmp' to '../../../../../../Users/jicheng/Desktop/Zombie-City/ZombieCity/Content/ZombieCity/Maps/UIMap_BuiltData.uasset'
[2017.05.22-05.02.53:826][299]LogSavePackage:Display: Finished SavePackage ../../../../../../Users/jicheng/Desktop/Zombie-City/ZombieCity/Content/ZombieCity/Maps/UIMap_BuiltData.uasset
[2017.05.22-05.02.53:834][299]LogEditorTransaction: Undo Spawn Play From Here Start
[2017.05.22-05.05.04:193][203]BlueprintLog: New page: 编译NewBlueprint
[2017.05.22-05.05.04:912][203]BlueprintEditorCompileResults: 信息 'Pawn'已经是一个'Pawn'，所以您不需要 类型转换为 Pawn 。
[2017.05.22-05.05.15:182][303]LogTemp: Repeting last play command: 独立窗口运行
[2017.05.22-05.05.17:304][303]Cmd: OBJ SAVEPACKAGE PACKAGE="/Game/ZombieCity/Blueprints/NewBlueprint" FILE="../../../../../../Users/jicheng/Desktop/Zombie-City/ZombieCity/Content/ZombieCity/Blueprints/NewBlueprint.uasset" SILENT=true
[2017.05.22-05.05.17:581][303]LogSavePackage: Save=207.57ms
[2017.05.22-05.05.17:581][303]LogSavePackage: Moving '../../../../../../Users/jicheng/Desktop/Zombie-City/ZombieCity/Saved/NewBlueprint07663F8441813268BE065A83350BE5AE.tmp' to '../../../../../../Users/jicheng/Desktop/Zombie-City/ZombieCity/Content/ZombieCity/Blueprints/NewBlueprint.uasset'
[2017.05.22-05.05.17:639][303]LogSavePackage:Display: Finished SavePackage ../../../../../../Users/jicheng/Desktop/Zombie-City/ZombieCity/Content/ZombieCity/Blueprints/NewBlueprint.uasset
[2017.05.22-05.05.18:452][303]LogSavePackage: Save=464.73ms
[2017.05.22-05.05.18:452][303]LogSavePackage: Moving '../../../../../../Users/jicheng/Desktop/Zombie-City/ZombieCity/Saved/UEDPCUIMap40593BA2428C2754D655F0B5853C599C.tmp' to '../../../../../../Users/jicheng/Desktop/Zombie-City/ZombieCity/Saved/Autosaves/Game/ZombieCity/Maps/UEDPCUIMap.umap'
[2017.05.22-05.05.18:469][303]LogSavePackage:Display: Finished SavePackage ../../../../../../Users/jicheng/Desktop/Zombie-City/ZombieCity/Saved/Autosaves/Game/ZombieCity/Maps/UEDPCUIMap.umap
[2017.05.22-05.05.18:493][303]Cmd: OBJ SAVEPACKAGE PACKAGE="/Game/ZombieCity/Maps/UIMap_BuiltData" FILE="../../../../../../Users/jicheng/Desktop/Zombie-City/ZombieCity/Content/ZombieCity/Maps/UIMap_BuiltData.uasset" SILENT=true
[2017.05.22-05.05.18:572][303]LogSavePackage: Save=6.63ms
[2017.05.22-05.05.18:572][303]LogSavePackage: Moving '../../../../../../Users/jicheng/Desktop/Zombie-City/ZombieCity/Saved/UIMap_BuiltData1E681D724C4BB12A8F93C09A1B5D5E32.tmp' to '../../../../../../Users/jicheng/Desktop/Zombie-City/ZombieCity/Content/ZombieCity/Maps/UIMap_BuiltData.uasset'
[2017.05.22-05.05.18:583][303]LogSavePackage:Display: Finished SavePackage ../../../../../../Users/jicheng/Desktop/Zombie-City/ZombieCity/Content/ZombieCity/Maps/UIMap_BuiltData.uasset
[2017.05.22-05.05.18:590][303]LogEditorTransaction: Undo Spawn Play From Here Start
[2017.05.22-05.06.44:837][825]BlueprintLog: New page: 编译NewBlueprint
[2017.05.22-05.06.45:132][825]BlueprintEditorCompileResults: 信息 'Pawn'已经是一个'Pawn'，所以您不需要 类型转换为 Pawn 。
[2017.05.22-05.08.36:232][516]LogBlueprint:Warning: [Compiler ] 警告 Pasted node  CustomEvent   conflicted with  OnSeePawn (PawnSensing)  and was replaced as a Custom Event!
[2017.05.22-05.08.36:273][516]BlueprintEditorCompileResults:Warning: 警告 Pasted node  CustomEvent   conflicted with  OnSeePawn (PawnSensing)  and was replaced as a Custom Event!
[2017.05.22-05.10.16:863][397]LogTemp: Repeting last play command: 独立窗口运行
[2017.05.22-05.10.18:813][397]LogSavePackage: Save=272.11ms
[2017.05.22-05.10.18:813][397]LogSavePackage: Moving '../../../../../../Users/jicheng/Desktop/Zombie-City/ZombieCity/Saved/ZombieCityPawn15C5CC4F4C99BC2432D051A9A287ED3F.tmp' to '../../../../../../Users/jicheng/Desktop/Zombie-City/ZombieCity/Content/ZombieCity/Blueprints/ZombieCityPawn.uasset'
[2017.05.22-05.10.18:871][397]LogSavePackage:Display: Finished SavePackage ../../../../../../Users/jicheng/Desktop/Zombie-City/ZombieCity/Content/ZombieCity/Blueprints/ZombieCityPawn.uasset
[2017.05.22-05.10.19:716][397]LogSavePackage: Save=490.42ms
[2017.05.22-05.10.19:716][397]LogSavePackage: Moving '../../../../../../Users/jicheng/Desktop/Zombie-City/ZombieCity/Saved/UEDPCUIMap3CECA3E543C91419E15B2EA47E111C17.tmp' to '../../../../../../Users/jicheng/Desktop/Zombie-City/ZombieCity/Saved/Autosaves/Game/ZombieCity/Maps/UEDPCUIMap.umap'
[2017.05.22-05.10.19:743][397]LogSavePackage:Display: Finished SavePackage ../../../../../../Users/jicheng/Desktop/Zombie-City/ZombieCity/Saved/Autosaves/Game/ZombieCity/Maps/UEDPCUIMap.umap
[2017.05.22-05.10.19:781][397]Cmd: OBJ SAVEPACKAGE PACKAGE="/Game/ZombieCity/Maps/UIMap_BuiltData" FILE="../../../../../../Users/jicheng/Desktop/Zombie-City/ZombieCity/Content/ZombieCity/Maps/UIMap_BuiltData.uasset" SILENT=true
[2017.05.22-05.10.19:917][397]LogSavePackage: Save=11.43ms
[2017.05.22-05.10.19:917][397]LogSavePackage: Moving '../../../../../../Users/jicheng/Desktop/Zombie-City/ZombieCity/Saved/UIMap_BuiltDataFFF06E0248F02DA086906DA03D2E47B6.tmp' to '../../../../../../Users/jicheng/Desktop/Zombie-City/ZombieCity/Content/ZombieCity/Maps/UIMap_BuiltData.uasset'
[2017.05.22-05.10.19:930][397]LogSavePackage:Display: Finished SavePackage ../../../../../../Users/jicheng/Desktop/Zombie-City/ZombieCity/Content/ZombieCity/Maps/UIMap_BuiltData.uasset
[2017.05.22-05.10.19:941][397]LogEditorTransaction: Undo Spawn Play From Here Start
[2017.05.22-05.10.53:727][952]LogEditorTransaction: Undo 创建引脚连接
[2017.05.22-05.10.54:064][972]LogEditorTransaction: Undo 创建引脚连接
[2017.05.22-05.10.54:547][  1]LogEditorTransaction: Undo 移动节点
[2017.05.22-05.10.55:009][  2]LogEditorTransaction: Undo 移动节点
[2017.05.22-05.10.56:314][ 60]LogEditorTransaction: Undo 创建引脚连接
[2017.05.22-05.10.57:165][100]LogEditorTransaction: Undo 创建引脚连接
[2017.05.22-05.10.57:728][122]LogEditorTransaction: Undo 创建引脚连接
[2017.05.22-05.10.58:228][152]LogEditorTransaction: Undo 断开引脚连接
[2017.05.22-05.10.58:819][176]LogEditorTransaction: Undo 创建引脚连接
[2017.05.22-05.10.59:383][199]LogEditorTransaction: Undo 断开引脚连接
[2017.05.22-05.10.59:949][222]LogEditorTransaction: Undo 移动节点
[2017.05.22-05.11.00:408][238]LogEditorTransaction: Undo 移动节点
[2017.05.22-05.11.01:024][264]LogEditorTransaction: Undo 移动节点
[2017.05.22-05.11.01:607][288]LogEditorTransaction: Undo 创建引脚连接
[2017.05.22-05.11.02:641][350]LogEditorTransaction: Undo 移动节点
[2017.05.22-05.11.03:630][398]LogEditorTransaction: Undo 重命名节点
[2017.05.22-05.11.04:263][424]LogEditorTransaction: Undo 添加节点
[2017.05.22-05.12.59:759][219]LogCrashTracker: 


[2017.05.22-05.12.59:761][219]LogCrashTracker: 


[2017.05.22-05.12.59:761][219]LogWindows:Error: === Critical error: ===
[2017.05.22-05.12.59:762][219]LogWindows:Error: 
[2017.05.22-05.12.59:762][219]LogWindows:Error: Fatal error!
[2017.05.22-05.12.59:762][219]LogWindows:Error: 
[2017.05.22-05.12.59:762][219]LogWindows:Error: Unhandled Exception: EXCEPTION_ACCESS_VIOLATION reading address 0x00000000
[2017.05.22-05.12.59:763][219]LogWindows:Error: 
[2017.05.22-05.12.59:763][219]LogWindows:Error: UE4Editor-GraphEditor.dll!TSet<TPair<TSharedPtr<FGraphActionNode,0>,FSparseItemInfo>,TDefaultMapKeyFuncs<TSharedPtr<FGraphActionNode,0>,FSparseItemInfo,0>,FDefaultSetAllocator>::FindId() [d:\build\++ue4+release-4.15+compile\sync\engine\source\runtime\core\public\containers\set.h:625]
[2017.05.22-05.12.59:763][219]LogWindows:Error: UE4Editor-GraphEditor.dll!STreeView<TSharedPtr<FGraphActionNode,0> >::Private_IsItemExpanded() [d:\build\++ue4+release-4.15+compile\sync\engine\source\runtime\slate\public\widgets\views\streeview.h:318]
[2017.05.22-05.12.59:763][219]LogWindows:Error: UE4Editor-GraphEditor.dll!STableRow<TSharedPtr<FGraphActionNode,0> >::IsItemExpanded() [d:\build\++ue4+release-4.15+compile\sync\engine\source\runtime\slate\public\widgets\views\stablerow.h:712]
[2017.05.22-05.12.59:764][219]LogWindows:Error: UE4Editor-Slate.dll!SExpanderArrow::GetExpanderImage() [d:\build\++ue4+release-4.15+compile\sync\engine\source\runtime\slate\private\widgets\views\sexpanderarrow.cpp:72]
[2017.05.22-05.12.59:764][219]LogWindows:Error: UE4Editor-Slate.dll!TBaseSPMethodDelegateInstance<1,SExpanderArrow,0,FSlateBrush const * __ptr64 __cdecl(void)>::Execute() [d:\build\++ue4+release-4.15+compile\sync\engine\source\runtime\core\public\delegates\delegateinstancesimpl.h:327]
[2017.05.22-05.12.59:764][219]LogWindows:Error: UE4Editor-Slate.dll!TAttribute<FSlateBrush const * __ptr64>::Get() [d:\build\++ue4+release-4.15+compile\sync\engine\source\runtime\core\public\misc\attribute.h:137]
[2017.05.22-05.12.59:764][219]LogWindows:Error: UE4Editor-Slate.dll!SImage::ComputeDesiredSize() [d:\build\++ue4+release-4.15+compile\sync\engine\source\runtime\slate\private\widgets\images\simage.cpp:62]
[2017.05.22-05.12.59:764][219]LogWindows:Error: UE4Editor-SlateCore.dll!SWidget::CacheDesiredSize() [d:\build\++ue4+release-4.15+compile\sync\engine\source\runtime\slatecore\private\widgets\swidget.cpp:485]
[2017.05.22-05.12.59:764][219]LogWindows:Error: UE4Editor-SlateCore.dll!SWidget::SlatePrepass() [d:\build\++ue4+release-4.15+compile\sync\engine\source\runtime\slatecore\private\widgets\swidget.cpp:473]
[2017.05.22-05.12.59:764][219]LogWindows:Error: UE4Editor-SlateCore.dll!SWidget::SlatePrepass() [d:\build\++ue4+release-4.15+compile\sync\engine\source\runtime\slatecore\private\widgets\swidget.cpp:473]
[2017.05.22-05.12.59:764][219]LogWindows:Error: UE4Editor-SlateCore.dll!SWidget::SlatePrepass() [d:\build\++ue4+release-4.15+compile\sync\engine\source\runtime\slatecore\private\widgets\swidget.cpp:473]
[2017.05.22-05.12.59:764][219]LogWindows:Error: UE4Editor-SlateCore.dll!SWidget::SlatePrepass() [d:\build\++ue4+release-4.15+compile\sync\engine\source\runtime\slatecore\private\widgets\swidget.cpp:473]
[2017.05.22-05.12.59:764][219]LogWindows:Error: UE4Editor-GraphEditor.dll!SListView<TSharedPtr<FGraphActionNode,0> >::ScrollBy() [d:\build\++ue4+release-4.15+compile\sync\engine\source\runtime\slate\public\widgets\views\slistview.h:1375]
[2017.05.22-05.12.59:764][219]LogWindows:Error: UE4Editor-Slate.dll!STableViewBase::OnMouseWheel() [d:\build\++ue4+release-4.15+compile\sync\engine\source\runtime\slate\private\widgets\views\stableviewbase.cpp:490]
[2017.05.22-05.12.59:764][219]LogWindows:Error: UE4Editor-Slate.dll!<lambda_538672efc6ffa8a6b10e500d95923540>::operator()() [d:\build\++ue4+release-4.15+compile\sync\engine\source\runtime\slate\private\framework\application\slateapplication.cpp:5618]
[2017.05.22-05.12.59:764][219]LogWindows:Error: UE4Editor-Slate.dll!FEventRouter::Route<FReply,FEventRouter::FBubblePolicy,FPointerEvent,<lambda_538672efc6ffa8a6b10e500d95923540> >() [d:\build\++ue4+release-4.15+compile\sync\engine\source\runtime\slate\private\framework\application\slateapplication.cpp:238]
[2017.05.22-05.12.59:764][219]LogWindows:Error: UE4Editor-Slate.dll!FSlateApplication::RouteMouseWheelOrGestureEvent() [d:\build\++ue4+release-4.15+compile\sync\engine\source\runtime\slate\private\framework\application\slateapplication.cpp:5606]
[2017.05.22-05.12.59:764][219]LogWindows:Error: UE4Editor-Slate.dll!FSlateApplication::ProcessMouseWheelOrGestureEvent() [d:\build\++ue4+release-4.15+compile\sync\engine\source\runtime\slate\private\framework\application\slateapplication.cpp:5588]
[2017.05.22-05.12.59:764][219]LogWindows:Error: UE4Editor-Slate.dll!FSlateApplication::OnMouseWheel() [d:\build\++ue4+release-4.15+compile\sync\engine\source\runtime\slate\private\framework\application\slateapplication.cpp:5565]
[2017.05.22-05.12.59:764][219]LogWindows:Error: UE4Editor-Core.dll!FWindowsApplication::ProcessDeferredMessage() [d:\build\++ue4+release-4.15+compile\sync\engine\source\runtime\core\private\windows\windowsapplication.cpp:1754]
[2017.05.22-05.12.59:764][219]LogWindows:Error: UE4Editor-Core.dll!FWindowsApplication::ProcessDeferredEvents() [d:\build\++ue4+release-4.15+compile\sync\engine\source\runtime\core\private\windows\windowsapplication.cpp:2145]
[2017.05.22-05.12.59:764][219]LogWindows:Error: UE4Editor-Slate.dll!FSlateApplication::TickPlatform() [d:\build\++ue4+release-4.15+compile\sync\engine\source\runtime\slate\private\framework\application\slateapplication.cpp:1542]
[2017.05.22-05.12.59:765][219]LogWindows:Error: UE4Editor-Slate.dll!FSlateApplication::Tick() [d:\build\++ue4+release-4.15+compile\sync\engine\source\runtime\slate\private\framework\application\slateapplication.cpp:1512]
[2017.05.22-05.12.59:765][219]LogWindows:Error: UE4Editor.exe!FEngineLoop::Tick() [d:\build\++ue4+release-4.15+compile\sync\engine\source\runtime\launch\private\launchengineloop.cpp:3086]
[2017.05.22-05.12.59:765][219]LogWindows:Error: UE4Editor.exe!GuardedMain() [d:\build\++ue4+release-4.15+compile\sync\engine\source\runtime\launch\private\launch.cpp:166]
[2017.05.22-05.12.59:765][219]LogWindows:Error: UE4Editor.exe!GuardedMainWrapper() [d:\build\++ue4+release-4.15+compile\sync\engine\source\runtime\launch\private\windows\launchwindows.cpp:134]
[2017.05.22-05.12.59:765][219]LogWindows:Error: UE4Editor.exe!WinMain() [d:\build\++ue4+release-4.15+compile\sync\engine\source\runtime\launch\private\windows\launchwindows.cpp:210]
[2017.05.22-05.12.59:765][219]LogWindows:Error: UE4Editor.exe!__scrt_common_main_seh() [f:\dd\vctools\crt\vcstartup\src\startup\exe_common.inl:264]
[2017.05.22-05.12.59:765][219]LogWindows:Error: KERNEL32.DLL!0x00000000648B8364
[2017.05.22-05.12.59:765][219]LogWindows:Error: ntdll.dll!0x0000000064DC70D1
[2017.05.22-05.12.59:765][219]LogWindows:Error: ntdll.dll!0x0000000064DC70D1
[2017.05.22-05.12.59:765][219]LogWindows:Error: 
[2017.05.22-05.12.59:856][219]LogExit: Executing StaticShutdownAfterError
[2017.05.22-05.13.00:622][219]LogWindows: FPlatformMisc::RequestExit(1)
[2017.05.22-05.13.00:624][219]Log file closed, 05/22/17 14:43:00
