Log file open, 05/22/17 15:06:29
LogInit:Display: Running engine for game: ZombieCity
LogPlatformFile: Not using cached read wrapper
LogInit:Display: RandInit(130500790) SRandInit(130500790).
LogTaskGraph: Started task graph with 5 named threads and 6 total threads with 1 sets of task threads.
LogStats: Stats thread started at 0.168200
LogInit: Using libcurl 7.47.1
LogInit:  - built for x86_64-pc-win32
LogInit:  - supports SSL with OpenSSL/1.0.2g
LogInit:  - supports HTTP deflate (compression) using libz 1.2.8
LogInit:  - other features:
LogInit:      CURL_VERSION_SSL
LogInit:      CURL_VERSION_LIBZ
LogInit:      CURL_VERSION_IPV6
LogInit:      CURL_VERSION_ASYNCHDNS
LogInit:      CURL_VERSION_LARGEFILE
LogInit:      CURL_VERSION_IDN
LogInit:  CurlRequestOptions (configurable via config and command line):
LogInit:  - bVerifyPeer = false  - Libcurl will NOT verify peer certificate
LogInit:  - bUseHttpProxy = false  - Libcurl will NOT use HTTP proxy
LogInit:  - bDontReuseConnections = false  - Libcurl will reuse connections
LogInit:  - CertBundlePath = nullptr  - Libcurl will use whatever was configured at build time.
LogInit: Build: ++UE4+Release-4.15-CL-3348071
LogInit: Engine Version: 4.15.1-3348071+++UE4+Release-4.15
LogInit: Compatible Engine Version: 4.15.0-3299760+++UE4+Release-4.15
LogInit: Net CL: 3299760
LogDevObjectVersion: Number of dev versions registered: 14
LogDevObjectVersion:   Dev-Blueprints (B0D832E4-1F89-4F0D-ACCF-7EB736FD4AA2): 8
LogDevObjectVersion:   Dev-Build (E1C64328-A22C-4D53-A36C-8E866417BD8C): 0
LogDevObjectVersion:   Dev-Core (375EC13C-06E4-48FB-B500-84F0262A717E): 2
LogDevObjectVersion:   Dev-Editor (E4B068ED-F494-42E9-A231-DA0B2E46BB41): 14
LogDevObjectVersion:   Dev-Framework (CFFC743F-43B0-4480-9391-14DF171D2073): 22
LogDevObjectVersion:   Dev-Mobile (B02B49B5-BB20-44E9-A304-32B752E40360): 0
LogDevObjectVersion:   Dev-Networking (A4E4105C-59A1-49B5-A7C5-40C4547EDFEE): 0
LogDevObjectVersion:   Dev-Online (39C831C9-5AE6-47DC-9A44-9C173E1C8E7C): 0
LogDevObjectVersion:   Dev-Physics (78F01B33-EBEA-4F98-B9B4-84EACCB95AA2): 0
LogDevObjectVersion:   Dev-Platform (6631380F-2D4D-43E0-8009-CF276956A95A): 0
LogDevObjectVersion:   Dev-Rendering (12F88B9F-8875-4AFC-A67C-D90C383ABD29): 12
LogDevObjectVersion:   Dev-Sequencer (7B5AE74C-D270-4C10-A958-57980B212A5A): 3
LogDevObjectVersion:   Dev-VR (D7296918-1DD6-4BDD-9DE2-64A83CC13884): 0
LogDevObjectVersion:   Dev-LoadTimes (C2A15278-BFE7-4AFE-6C17-90FF531DF755): 1
LogInit: Compiled (64-bit): Mar 15 2017 16:52:47
LogInit: Compiled with Visual C++: 19.00.23026.00
LogInit: Build Configuration: Development
LogInit: Branch Name: ++UE4+Release-4.15
LogInit: Command line: 
LogInit: Base directory: C:/Program Files (x86)/Epic Games/4.15/Engine/Binaries/Win64/
LogInit: Installed Engine Build: 1
LogInit: Presizing for max 8388607 objects, including 0 objects not considered by GC, pre-allocating 0 bytes for permanent pool.
LogInit: Object subsystem initialized
[2017.05.22-05.36.30:381][  0]LogInit: Selected Device Profile: [Windows]
[2017.05.22-05.36.30:381][  0]LogInit: Applying CVar settings loaded from the selected device profile: [Windows]
[2017.05.22-05.36.30:401][  0]LogInit: Computer: LIZHANG
[2017.05.22-05.36.30:401][  0]LogInit: User: wanly102
[2017.05.22-05.36.30:401][  0]LogInit: CPU Page size=65536, Cores=2
[2017.05.22-05.36.30:401][  0]LogInit: High frequency timer resolution =2.533198 MHz
[2017.05.22-05.36.30:401][  0]LogMemory: Memory total: Physical=7.9GB (8GB approx)
[2017.05.22-05.36.30:401][  0]LogMemory: Platform Memory Stats for Windows
[2017.05.22-05.36.30:401][  0]LogMemory: Process Physical Memory: 262.11 MB used, 262.11 MB peak
[2017.05.22-05.36.30:401][  0]LogMemory: Process Virtual Memory: 262.18 MB used, 262.18 MB peak
[2017.05.22-05.36.30:401][  0]LogMemory: Physical Memory: 6669.16 MB used,  1403.80 MB free, 8072.96 MB total
[2017.05.22-05.36.30:401][  0]LogMemory: Virtual Memory: 642.59 MB used,  1403.80 MB free, 134217728.00 MB total
[2017.05.22-05.36.30:639][  0]LogTextLocalizationManager:Warning: Loaded localization resources contain conflicting entries for (Namespace:UObjectToolTips, Key:AnimNode_AssetPlayerBase:InternalTimeAccumulator):
Localization Resource: (C:/Program Files (x86)/Epic Games/4.15/Engine/Content/Localization/EditorTutorials/zh-CN/EditorTutorials.locres) Source String Hash: (502993589) Localized String: (用于引用此节点中的资源的累积时间)
Localization Resource: (C:/Program Files (x86)/Epic Games/4.15/Engine/Content/Localization/Engine/zh-CN/Engine.locres) Source String Hash: (502993589) Localized String: (引用该节点中资源所用的累计时间)
[2017.05.22-05.36.30:639][  0]LogTextLocalizationManager:Warning: Loaded localization resources contain conflicting entries for (Namespace:UObjectToolTips, Key:AnimNode_AssetPlayerBase:bIgnoreForRelevancyTest):
Localization Resource: (C:/Program Files (x86)/Epic Games/4.15/Engine/Content/Localization/EditorTutorials/zh-CN/EditorTutorials.locres) Source String Hash: (319969718) Localized String: (若为真，在状态中寻找最高权重动画的“相关动画”节点将忽视 此节点)
Localization Resource: (C:/Program Files (x86)/Epic Games/4.15/Engine/Content/Localization/Engine/zh-CN/Engine.locres) Source String Hash: (319969718) Localized String: (如果为真，那么将会忽略查找最高权重动画的"相关动画"节点。
这个节点)
[2017.05.22-05.36.30:639][  0]LogTextLocalizationManager:Warning: Loaded localization resources contain conflicting entries for (Namespace:UObjectToolTips, Key:AnimNode_AssetPlayerBase:BlendWeight):
Localization Resource: (C:/Program Files (x86)/Epic Games/4.15/Engine/Content/Localization/EditorTutorials/zh-CN/EditorTutorials.locres) Source String Hash: (-1232800293) Localized String: (此节点最后交会的混合权重)
Localization Resource: (C:/Program Files (x86)/Epic Games/4.15/Engine/Content/Localization/Engine/zh-CN/Engine.locres) Source String Hash: (-1232800293) Localized String: (该节点上一次遇到的混合权重)
[2017.05.22-05.36.31:300][  0]LogD3D11RHI: D3D11 adapters:
[2017.05.22-05.36.31:315][  0]LogD3D11RHI:    0. 'AMD Radeon R7 M265' (Feature Level 11_0)
[2017.05.22-05.36.31:315][  0]LogD3D11RHI:       2035/0/4036 MB DedicatedVideo/DedicatedSystem/SharedSystem, Outputs:1, VendorId:0x1002
[2017.05.22-05.36.31:323][  0]LogD3D11RHI:    1. 'Intel(R) HD Graphics Family' (Feature Level 11_0)
[2017.05.22-05.36.31:323][  0]LogD3D11RHI:       112/0/2048 MB DedicatedVideo/DedicatedSystem/SharedSystem, Outputs:0, VendorId:0x8086
[2017.05.22-05.36.31:325][  0]LogD3D11RHI:    2. 'Microsoft Basic Render Driver' (Feature Level 11_0)
[2017.05.22-05.36.31:325][  0]LogD3D11RHI:       0/0/4036 MB DedicatedVideo/DedicatedSystem/SharedSystem, Outputs:0, VendorId:0x1414
[2017.05.22-05.36.31:325][  0]LogD3D11RHI: Chosen D3D11 Adapter: 0
[2017.05.22-05.36.31:333][  0]LogD3D11RHI: Creating new Direct3DDevice
[2017.05.22-05.36.31:333][  0]LogD3D11RHI:     GPU DeviceId: 0x6900 (for the marketing name, search the web for "GPU Device Id")
[2017.05.22-05.36.31:333][  0]LogWindows: EnumDisplayDevices:
[2017.05.22-05.36.31:333][  0]LogWindows:    0. 'Intel(R) HD Graphics Family' (P:1 D:1)
[2017.05.22-05.36.31:334][  0]LogWindows:    1. 'Intel(R) HD Graphics Family' (P:0 D:0)
[2017.05.22-05.36.31:334][  0]LogWindows:    2. 'Intel(R) HD Graphics Family' (P:0 D:0)
[2017.05.22-05.36.31:335][  0]LogWindows: DebugString: PrimaryIsNotTheChoosenAdapter PrimaryIsNotTheChoosenAdapter PrimaryIsNotTheChoosenAdapter FoundDriverCount:0 
[2017.05.22-05.36.31:335][  0]LogD3D11RHI:     Adapter Name: AMD Radeon R7 M265
[2017.05.22-05.36.31:335][  0]LogD3D11RHI:   Driver Version: Unknown (internal:Unknown, unified:Unknown)
[2017.05.22-05.36.31:335][  0]LogD3D11RHI:      Driver Date: Unknown
[2017.05.22-05.36.31:335][  0]LogRHI: Texture pool is 1361 MB (70% of 1945 MB)
[2017.05.22-05.36.31:399][  0]LogD3D11RHI: Async texture creation enabled
[2017.05.22-05.36.31:413][  0]LogD3D11RHI: GPU Timing Frequency: 27.000000 (Debug: 2 1)
[2017.05.22-05.36.31:415][  0]LogShaderCompilers: Guid format shader working directory is -15 characters bigger than the processId version (../../../../../../Users/jicheng/Desktop/Zombie-City/ZombieCity/Intermediate/Shaders/WorkingDirectory/14260/).
[2017.05.22-05.36.31:415][  0]LogShaderCompilers: Cleaned the shader compiler working directory 'C:/Users/jicheng/AppData/Local/Temp/UnrealShaderWorkingDir/5249048A40F9511596EDDEAC55D9288B/'.
[2017.05.22-05.36.31:415][  0]LogShaderCompilers:Display: Using Local Shader Compiler.
[2017.05.22-05.36.33:289][  0]LogTemp:Display: Loaded TP AllDesktopTargetPlatform
[2017.05.22-05.36.33:365][  0]LogTemp:Display: Loaded TP MacClientTargetPlatform
[2017.05.22-05.36.33:445][  0]LogTemp:Display: Loaded TP MacNoEditorTargetPlatform
[2017.05.22-05.36.33:527][  0]LogTemp:Display: Loaded TP MacServerTargetPlatform
[2017.05.22-05.36.33:611][  0]LogTemp:Display: Loaded TP MacTargetPlatform
[2017.05.22-05.36.33:689][  0]LogTemp:Display: Loaded TP WindowsClientTargetPlatform
[2017.05.22-05.36.33:772][  0]LogTemp:Display: Loaded TP WindowsNoEditorTargetPlatform
[2017.05.22-05.36.33:862][  0]LogTemp:Display: Loaded TP WindowsServerTargetPlatform
[2017.05.22-05.36.33:923][  0]LogTemp:Display: Loaded TP WindowsTargetPlatform
[2017.05.22-05.36.34:012][  0]LogTemp:Display: Loaded TP AndroidTargetPlatform
[2017.05.22-05.36.34:101][  0]LogTemp:Display: Loaded TP Android_ASTCTargetPlatform
[2017.05.22-05.36.34:183][  0]LogTemp:Display: Loaded TP Android_ATCTargetPlatform
[2017.05.22-05.36.34:263][  0]LogTemp:Display: Loaded TP Android_DXTTargetPlatform
[2017.05.22-05.36.34:333][  0]LogTemp:Display: Loaded TP Android_ETC1TargetPlatform
[2017.05.22-05.36.34:408][  0]LogTemp:Display: Loaded TP Android_ETC2TargetPlatform
[2017.05.22-05.36.34:565][  0]LogTemp:Display: Loaded TP Android_MultiTargetPlatform
[2017.05.22-05.36.34:565][  0]LogTemp:Display: Loaded TP Android_PVRTCTargetPlatform
[2017.05.22-05.36.34:626][  0]LogTemp:Display: Loaded TP HTML5TargetPlatform
[2017.05.22-05.36.34:770][  0]LogTemp:Display: Loaded TP IOSTargetPlatform
[2017.05.22-05.36.34:820][  0]LogTemp:Display: Loaded TP TVOSTargetPlatform
[2017.05.22-05.36.34:891][  0]LogTemp:Display: Loaded TP LinuxClientTargetPlatform
[2017.05.22-05.36.34:963][  0]LogTemp:Display: Loaded TP LinuxNoEditorTargetPlatform
[2017.05.22-05.36.35:046][  0]LogTemp:Display: Loaded TP LinuxServerTargetPlatform
[2017.05.22-05.36.35:124][  0]LogTemp:Display: Loaded TP LinuxTargetPlatform
[2017.05.22-05.36.35:124][  0]LogTargetPlatformManager:Display: Building Assets For Windows
[2017.05.22-05.36.35:908][  0]LogDerivedDataCache:Display: Max Cache Size: 512 MB
[2017.05.22-05.36.38:131][  0]LogDerivedDataCache: Loaded boot cache 2.22s 50MB C:/Users/jicheng/AppData/Local/UnrealEngine/4.15/DerivedDataCache/Boot.ddc.
[2017.05.22-05.36.38:131][  0]LogDerivedDataCache:Display: Loaded Boot cache: C:/Users/jicheng/AppData/Local/UnrealEngine/4.15/DerivedDataCache/Boot.ddc
[2017.05.22-05.36.38:131][  0]LogDerivedDataCache: FDerivedDataBackendGraph:  Pak pak cache file ../../../../../../Users/jicheng/Desktop/Zombie-City/ZombieCity/DerivedDataCache/DDC.ddp not found, will not use a pak cache.
[2017.05.22-05.36.38:131][  0]LogDerivedDataCache: Unable to find inner node Pak for hierarchical cache Hierarchy.
[2017.05.22-05.36.38:131][  0]LogDerivedDataCache: FDerivedDataBackendGraph:  CompressedPak pak cache file ../../../../../../Users/jicheng/Desktop/Zombie-City/ZombieCity/DerivedDataCache/Compressed.ddp not found, will not use a pak cache.
[2017.05.22-05.36.38:131][  0]LogDerivedDataCache: Unable to find inner node CompressedPak for hierarchical cache Hierarchy.
[2017.05.22-05.36.38:163][  0]LogDerivedDataCache:Display: Pak cache opened for reading ../../../Engine/DerivedDataCache/Compressed.ddp.
[2017.05.22-05.36.38:178][  0]LogDerivedDataCache: Using Local data cache path C:/Users/jicheng/AppData/Local/UnrealEngine/Common/DerivedDataCache: Writable
[2017.05.22-05.36.38:217][  0]LogSlate: Using Freetype 2.6.0
[2017.05.22-05.36.38:219][  0]LogSlate: SlateFontCache - WITH_FREETYPE: 1, WITH_HARFBUZZ: 1
[2017.05.22-05.36.38:219][  0]LogSlate: SlateFontCache - WITH_FREETYPE: 1, WITH_HARFBUZZ: 1
[2017.05.22-05.36.41:731][  0]LogInit: Selected Device Profile: [Windows]
[2017.05.22-05.36.41:746][  0]LogContentStreaming: Texture pool size is 0.00 MB
[2017.05.22-05.36.43:328][  0]LogMeshUtilities: Using QuadricMeshReduction for automatic static mesh reduction
[2017.05.22-05.36.43:406][  0]LogSimplygon: Simplygon DLL not present - disabling.
[2017.05.22-05.36.44:056][  0]LogMeshUtilities: Using SimplygonSwarm for distributed automatic mesh merging
[2017.05.22-05.36.44:056][  0]LogMeshUtilities: No automatic skeletal mesh reduction module available
[2017.05.22-05.36.44:057][  0]LogMeshUtilities: No automatic mesh merging module available
[2017.05.22-05.36.50:755][  0]LogNetVersion: GetLocalNetworkVersion: CL: 3299760, ProjectName: zombiecity, ProjectVersion: , EngineNetworkVersion: 2, GameNetworkVersion: 0, NetworkChecksum: 270151773
[2017.05.22-05.36.50:914][  0]LogAssetRegistry: FAssetRegistry took 0.0362 seconds to start up
[2017.05.22-05.36.51:179][  0]LogPackageLocalizationCache: Processed 3 localized package path(s) for 4 prioritized culture(s) in 0.202870 seconds
[2017.05.22-05.36.51:191][  0]LogUObjectArray: 32493 objects as part of root set at end of initial load.
[2017.05.22-05.36.51:191][  0]LogUObjectAllocator: 7077024 out of 0 bytes used by permanent object pool.
[2017.05.22-05.36.51:191][  0]LogUObjectArray: CloseDisregardForGC: 0/0 objects in disregard for GC pool
[2017.05.22-05.36.51:326][  0]LogInit: WinSock: version 1.1 (2.2), MaxSocks=32767, MaxUdp=65467
[2017.05.22-05.36.57:525][  0]LogTcpMessaging: Initializing TcpMessaging bridge
[2017.05.22-05.36.57:588][  0]LogUdpMessaging: Initializing bridge on interface 0.0.0.0:0 to multicast group 230.0.0.1:6666.
[2017.05.22-05.36.58:558][  0]LogMaterial: Uniform references updated for custom material expression Custom.
[2017.05.22-05.36.59:355][  0]SourceControl: 信息 源码控制已禁用
[2017.05.22-05.36.59:359][  0]SourceControl: 信息 源码控制已禁用
[2017.05.22-05.36.59:488][  0]SourceControl: 信息 源码控制已禁用
[2017.05.22-05.36.59:586][  0]SourceControl: 信息 源码控制已禁用
[2017.05.22-05.37.00:300][  0]LogLinker:Warning: 无法寻找到文件'/Game/ThirdPersonBP/ThirdPersonOverview'
[2017.05.22-05.37.00:300][  0]LogLinker:Warning: 无法寻找到文件'/Game/ThirdPersonBP/ThirdPersonOverview'
[2017.05.22-05.37.00:300][  0]LogUObjectGlobals:Warning: 寻找对象'Class /Game/ThirdPersonBP/ThirdPersonOverview.ThirdPersonOverview_C'失败
[2017.05.22-05.37.02:630][  0]LogEngine: Initializing Engine...
[2017.05.22-05.37.02:632][  0]LogHMD: Failed to initialize OpenVR with code 110
[2017.05.22-05.37.03:072][  0]LogAIModule: Creating AISystem for world Untitled
[2017.05.22-05.37.03:092][  0]LogInit: XAudio2 using 'Speakers / Headphones (Realtek High Definition Audio)' : 2 channels at 48 kHz using 32 bits per sample (channel mask 0x3)
[2017.05.22-05.37.03:280][  0]LogInit: FAudioDevice initialized.
[2017.05.22-05.37.03:359][  0]LogDerivedDataCache: Saved boot cache 0.06s 50MB C:/Users/jicheng/AppData/Local/UnrealEngine/4.15/DerivedDataCache/Boot.ddc.
[2017.05.22-05.37.03:369][  0]LogInit: Texture streaming: Enabled
[2017.05.22-05.37.03:583][  0]LogEngineSessionManager: EngineSessionManager initialized
[2017.05.22-05.37.03:583][  0]LogEngineSessionManager: EngineSessionManager sent abnormal shutdown report. Type=Crashed, SessionId={EF1A75B2-433F-AA3A-F6A1-C5A08FAA8C31}
[2017.05.22-05.37.03:789][  0]LogInit: Transaction tracking system initialized
[2017.05.22-05.37.04:651][  0]BlueprintLog: New page: 编辑器加载
[2017.05.22-05.37.06:842][  0]LocalizationService: 信息 本地化服务已被禁用
[2017.05.22-05.37.10:916][  0]LogConsoleResponse:Display: 
[2017.05.22-05.37.11:466][  0]LogCook:Display: Max memory allowance for cook 16384mb min free memory 0mb
[2017.05.22-05.37.11:466][  0]LogCook:Display: Mobile HDR setting 1
[2017.05.22-05.37.12:029][  0]LogFileCache: Scanning file cache for directory 'C:/Users/jicheng/Desktop/Zombie-City/ZombieCity/Content/' took 0.06s
[2017.05.22-05.37.13:681][  0]SourceControl: 信息 源码控制已禁用
[2017.05.22-05.37.13:684][  0]Cmd: MAP LOAD FILE="../../../../../../Users/jicheng/Desktop/Zombie-City/ZombieCity/Content/ZombieCity/Maps/UIMap.umap" TEMPLATE=0 SHOWPROGRESS=1 FEATURELEVEL=3
[2017.05.22-05.37.13:702][  0]LightingResults: New page: 光照构建
[2017.05.22-05.37.13:932][  0]MapCheck: New page: 地图检测
[2017.05.22-05.37.13:932][  0]LightingResults: New page: 光照构建
[2017.05.22-05.37.16:997][  0]LogAIModule: Creating AISystem for world UIMap
[2017.05.22-05.37.17:227][  0]LogEditorServer: Finished looking for orphan Actors (0.000 secs)
[2017.05.22-05.37.17:229][  0]Cmd: MAP CHECKDEP NOCLEARLOG
[2017.05.22-05.37.17:446][  0]MapCheck: 信息 地图检测完成：0个错误，0 个警告，用时217.402毫秒完成。
[2017.05.22-05.37.17:447][  0]LogFileHelpers: Loading map 'UIMap' took 3.763
[2017.05.22-05.37.17:938][  0]LogWindowsTextInputMethodSystem:Display: IME system now activated using TSF (搜狗拼音输入法).
[2017.05.22-05.37.17:938][  0]LogWindowsTextInputMethodSystem:Display: IME system now activated using TSF (搜狗拼音输入法).
[2017.05.22-05.37.18:700][  0]LogCollectionManager: Loaded 1 collections in 0.015785 seconds
[2017.05.22-05.37.19:129][  0]LogFileCache: Scanning file cache for directory 'C:/Users/jicheng/Desktop/Zombie-City/ZombieCity/Saved/Collections/' took 0.01s
[2017.05.22-05.37.19:129][  0]LogFileCache: Scanning file cache for directory 'C:/Users/jicheng/Desktop/Zombie-City/ZombieCity/Content/Developers/wanly102/Collections/' took 0.01s
[2017.05.22-05.37.19:129][  0]LogFileCache: Scanning file cache for directory 'C:/Users/jicheng/Desktop/Zombie-City/ZombieCity/Content/Collections/' took 0.01s
[2017.05.22-05.37.19:129][  0]LogCollectionManager: Rebuilt the GUID cache for 1 collections in 0.000015 seconds
[2017.05.22-05.37.19:132][  0]LogCollectionManager: Rebuilt the hierarchy cache for 1 collections in 0.000002 seconds
[2017.05.22-05.37.19:180][  0]LogContentBrowser: Native class hierarchy populated in 0.0437 seconds. Added 2245 classes and 453 folders.
[2017.05.22-05.37.19:205][  0]LogStats: UGameplayTagsManager::ConstructGameplayTagTree: Construct from data asset -  0.000 s
[2017.05.22-05.37.19:206][  0]LogStats: UGameplayTagsManager::ConstructGameplayTagTree: GameplayTagTreeChangedEvent.Broadcast -  0.000 s
[2017.05.22-05.37.19:609][  0]LogContentBrowser: Native class hierarchy updated for 'WidgetCarousel' in 0.0029 seconds. Added 0 classes and 0 folders.
[2017.05.22-05.37.20:168][  0]LogContentBrowser: Native class hierarchy updated for 'AddContentDialog' in 0.0020 seconds. Added 0 classes and 0 folders.
[2017.05.22-05.37.20:437][  0]LogContentBrowser: Native class hierarchy updated for 'SceneOutliner' in 0.0018 seconds. Added 1 classes and 2 folders.
[2017.05.22-05.37.20:975][  0]LogCrashTracker: Crashtracker disabled due to settings.
[2017.05.22-05.37.21:022][  0]LogUObjectGlobals:Warning: 寻找对象'Class 无.'失败
[2017.05.22-05.37.21:341][  0]LogContentBrowser: Native class hierarchy updated for 'HierarchicalLODOutliner' in 0.0025 seconds. Added 1 classes and 2 folders.
[2017.05.22-05.37.21:342][  0]LogLoad: (Engine Initialization) Total time: 55.67 seconds
[2017.05.22-05.37.21:342][  0]LogLoad: (Engine Initialization) Total Blueprint compile time: 1.41 seconds
[2017.05.22-05.37.21:342][  0]LogExternalProfiler: Found external profiler: VSPerf
[2017.05.22-05.37.21:342][  0]LogExternalProfiler: Using external profiler: VSPerf
[2017.05.22-05.37.21:365][  0]LogOcInput: OculusInput pre-init called
[2017.05.22-05.37.21:469][  0]LogContentStreaming: Texture pool size now 400 MB
[2017.05.22-05.37.21:476][  0]LogSlate: Took 0.003597 seconds to synchronously load lazily loaded font '../../../Engine/Content/Slate/Fonts/Roboto-Regular.ttf' (155K)
[2017.05.22-05.37.21:546][  0]LogSlate: Took 0.061040 seconds to synchronously load lazily loaded font '../../../Engine/Content/Slate/Fonts/DroidSansFallback.ttf' (3848K)
[2017.05.22-05.37.21:559][  0]LogSlate: Took 0.003394 seconds to synchronously load lazily loaded font '../../../Engine/Content/Slate/Fonts/Roboto-Bold.ttf' (160K)
[2017.05.22-05.37.21:586][  0]LogSlate: Took 0.003521 seconds to synchronously load lazily loaded font '../../../Engine/Content/Editor/Slate/Fonts/FontAwesome.ttf' (139K)
[2017.05.22-05.37.21:849][  0]LogSlate: Took 0.002491 seconds to synchronously load lazily loaded font '../../../Engine/Content/Slate/Fonts/Roboto-Light.ttf' (159K)
[2017.05.22-05.37.21:943][  0]LogRenderer: Reallocating scene render targets to support 836x440 NumSamples 1 (Frame:2).
[2017.05.22-05.37.23:064][  1]LogFileCache: Retrieving MD5 hashes for directory 'C:/Users/jicheng/Desktop/Zombie-City/ZombieCity/Content/' took 1.69s
[2017.05.22-05.37.23:611][  2]LogSlate: Took 0.000374 seconds to synchronously load lazily loaded font '../../../Engine/Content/Slate/Fonts/Roboto-Light.ttf' (159K)
[2017.05.22-05.37.23:672][  3]LogAssetRegistry: Asset discovery search completed in 32.7927 seconds
[2017.05.22-05.37.23:673][  3]LogCollectionManager: Rebuilt the object cache for 1 collections in 0.000012 seconds (found 0 objects)
[2017.05.22-05.37.23:673][  3]LogCollectionManager: Fixed up redirectors for 1 collections in 0.000070 seconds (updated 0 objects)
[2017.05.22-05.37.53:927][711]LogSlate: Took 0.000368 seconds to synchronously load lazily loaded font '../../../Engine/Content/Slate/Fonts/Roboto-Light.ttf' (159K)
[2017.05.22-05.37.54:509][711]LogSlate: Took 0.000261 seconds to synchronously load lazily loaded font '../../../Engine/Content/Slate/Fonts/Roboto-Regular.ttf' (155K)
[2017.05.22-05.37.54:707][711]LogContentBrowser: Native class hierarchy updated for 'BlueprintGraph' in 0.0014 seconds. Added 112 classes and 0 folders.
[2017.05.22-05.37.55:599][711]LogSlate: Took 0.002453 seconds to synchronously load lazily loaded font '../../../Engine/Content/Editor/Slate/Fonts/Roboto-BoldCondensed.ttf' (158K)
[2017.05.22-05.37.55:927][712]LogSlate: Took 0.009385 seconds to synchronously load lazily loaded font '../../../Engine/Content/Editor/Slate/Fonts/Roboto-Italic.ttf' (157K)
[2017.05.22-05.39.37:149][606]LogTemp: Repeting last play command: 独立窗口运行
[2017.05.22-05.39.44:002][606]Cmd: OBJ SAVEPACKAGE PACKAGE="/Game/ZombieCity/Blueprints/Zombie003" FILE="../../../../../../Users/jicheng/Desktop/Zombie-City/ZombieCity/Content/ZombieCity/Blueprints/Zombie003.uasset" SILENT=true
[2017.05.22-05.39.44:279][606]LogSavePackage: Save=182.48ms
[2017.05.22-05.39.44:279][606]LogSavePackage: Moving '../../../../../../Users/jicheng/Desktop/Zombie-City/ZombieCity/Saved/Zombie003ED9558544620A8AAFACFF08ECBEA6621.tmp' to '../../../../../../Users/jicheng/Desktop/Zombie-City/ZombieCity/Content/ZombieCity/Blueprints/Zombie003.uasset'
[2017.05.22-05.39.44:333][606]LogSavePackage:Display: Finished SavePackage ../../../../../../Users/jicheng/Desktop/Zombie-City/ZombieCity/Content/ZombieCity/Blueprints/Zombie003.uasset
[2017.05.22-05.39.45:106][606]LogSavePackage: Save=417.01ms
[2017.05.22-05.39.45:106][606]LogSavePackage: Moving '../../../../../../Users/jicheng/Desktop/Zombie-City/ZombieCity/Saved/UEDPCUIMap5C5701154EB4D59C6717EC9A3539FD98.tmp' to '../../../../../../Users/jicheng/Desktop/Zombie-City/ZombieCity/Saved/Autosaves/Game/ZombieCity/Maps/UEDPCUIMap.umap'
[2017.05.22-05.39.45:150][606]LogSavePackage:Display: Finished SavePackage ../../../../../../Users/jicheng/Desktop/Zombie-City/ZombieCity/Saved/Autosaves/Game/ZombieCity/Maps/UEDPCUIMap.umap
[2017.05.22-05.39.45:191][606]Cmd: OBJ SAVEPACKAGE PACKAGE="/Game/ZombieCity/Maps/UIMap_BuiltData" FILE="../../../../../../Users/jicheng/Desktop/Zombie-City/ZombieCity/Content/ZombieCity/Maps/UIMap_BuiltData.uasset" SILENT=true
[2017.05.22-05.39.45:418][606]LogSavePackage: Save=20.48ms
[2017.05.22-05.39.45:418][606]LogSavePackage: Moving '../../../../../../Users/jicheng/Desktop/Zombie-City/ZombieCity/Saved/UIMap_BuiltData470462B94C6D2BCA7C48A1BFF40672F9.tmp' to '../../../../../../Users/jicheng/Desktop/Zombie-City/ZombieCity/Content/ZombieCity/Maps/UIMap_BuiltData.uasset'
[2017.05.22-05.39.45:441][606]LogSavePackage:Display: Finished SavePackage ../../../../../../Users/jicheng/Desktop/Zombie-City/ZombieCity/Content/ZombieCity/Maps/UIMap_BuiltData.uasset
[2017.05.22-05.39.45:458][606]LogEditorTransaction: Undo Spawn Play From Here Start
[2017.05.22-05.48.47:289][867]BlueprintLog: New page: 编译Zoobie001
[2017.05.22-05.48.48:826][867]BlueprintEditorCompileResults: 信息 'Pawn'已经是一个'Pawn'，所以您不需要 类型转换为 Pawn 。
[2017.05.22-05.48.53:786][917]Cmd: OBJ SAVEPACKAGE PACKAGE="/Game/ZombieCity/Blueprints/Zoobie001" FILE="../../../../../../Users/jicheng/Desktop/Zombie-City/ZombieCity/Content/ZombieCity/Blueprints/Zoobie001.uasset" SILENT=true
[2017.05.22-05.48.54:093][917]LogSavePackage: Save=191.97ms
[2017.05.22-05.48.54:093][917]LogSavePackage: Moving '../../../../../../Users/jicheng/Desktop/Zombie-City/ZombieCity/Saved/Zoobie0017508EC8245CF5DD13E9800A4DAE04665.tmp' to '../../../../../../Users/jicheng/Desktop/Zombie-City/ZombieCity/Content/ZombieCity/Blueprints/Zoobie001.uasset'
[2017.05.22-05.48.54:148][917]LogSavePackage:Display: Finished SavePackage ../../../../../../Users/jicheng/Desktop/Zombie-City/ZombieCity/Content/ZombieCity/Blueprints/Zoobie001.uasset
[2017.05.22-05.49.18:903][881]LogFileHelpers: Editor autosave (incl. sublevels) for '/Game/ZombieCity/Maps/UIMap' took 0.062
[2017.05.22-05.49.18:914][881]OBJ SavePackage: Generating thumbnails for [1] asset(s) in package [/Game/ZombieCity/Blueprints/ZombieCityPawn] ([1] browsable assets)...
[2017.05.22-05.49.18:969][881]OBJ SavePackage:     Rendered thumbnail for [Blueprint /Game/ZombieCity/Blueprints/ZombieCityPawn.ZombieCityPawn]
[2017.05.22-05.49.18:969][881]OBJ SavePackage: Finished generating thumbnails for package [/Game/ZombieCity/Blueprints/ZombieCityPawn]
[2017.05.22-05.49.19:502][881]LogSavePackage: Save=368.62ms
[2017.05.22-05.49.19:502][881]LogSavePackage: Moving '../../../../../../Users/jicheng/Desktop/Zombie-City/ZombieCity/Saved/ZombieCityPawn_Auto10DA3EC9043B667825F468CA8396C1E6B.tmp' to '../../../../../../Users/jicheng/Desktop/Zombie-City/ZombieCity/Saved/Autosaves/Game/ZombieCity/Blueprints/ZombieCityPawn_Auto1.uasset'
[2017.05.22-05.49.19:524][881]LogSavePackage:Display: Finished SavePackage ../../../../../../Users/jicheng/Desktop/Zombie-City/ZombieCity/Saved/Autosaves/Game/ZombieCity/Blueprints/ZombieCityPawn_Auto1.uasset
[2017.05.22-05.49.19:541][881]OBJ SavePackage: Generating thumbnails for [1] asset(s) in package [/Game/ZombieCity/Blueprints/Zoobie001] ([1] browsable assets)...
[2017.05.22-05.49.19:633][881]OBJ SavePackage:     Rendered thumbnail for [Blueprint /Game/ZombieCity/Blueprints/Zoobie001.Zoobie001]
[2017.05.22-05.49.19:634][881]OBJ SavePackage: Finished generating thumbnails for package [/Game/ZombieCity/Blueprints/Zoobie001]
[2017.05.22-05.49.20:020][881]LogSavePackage: Save=232.75ms
[2017.05.22-05.49.20:020][881]LogSavePackage: Moving '../../../../../../Users/jicheng/Desktop/Zombie-City/ZombieCity/Saved/Zoobie001_Auto164B555BA4A5098FD4405E39C6ED4A434.tmp' to '../../../../../../Users/jicheng/Desktop/Zombie-City/ZombieCity/Saved/Autosaves/Game/ZombieCity/Blueprints/Zoobie001_Auto1.uasset'
[2017.05.22-05.49.20:051][881]LogSavePackage:Display: Finished SavePackage ../../../../../../Users/jicheng/Desktop/Zombie-City/ZombieCity/Saved/Autosaves/Game/ZombieCity/Blueprints/Zoobie001_Auto1.uasset
[2017.05.22-05.49.20:051][881]LogFileHelpers: Auto-saving content packages took 1.146
[2017.05.22-05.49.31:416][544]BlueprintLog: New page: 编译Zoobie001
[2017.05.22-05.49.31:579][544]BlueprintEditorCompileResults: 信息 'Pawn'已经是一个'Pawn'，所以您不需要 类型转换为 Pawn 。
[2017.05.22-05.49.32:643][581]Cmd: OBJ SAVEPACKAGE PACKAGE="/Game/ZombieCity/Blueprints/Zoobie001" FILE="../../../../../../Users/jicheng/Desktop/Zombie-City/ZombieCity/Content/ZombieCity/Blueprints/Zoobie001.uasset" SILENT=true
[2017.05.22-05.49.32:728][581]LogSavePackage: Save=45.11ms
[2017.05.22-05.49.32:728][581]LogSavePackage: Moving '../../../../../../Users/jicheng/Desktop/Zombie-City/ZombieCity/Saved/Zoobie001B7FAC811427E3EAF7CAA1EA7B17649BD.tmp' to '../../../../../../Users/jicheng/Desktop/Zombie-City/ZombieCity/Content/ZombieCity/Blueprints/Zoobie001.uasset'
[2017.05.22-05.49.32:741][581]LogSavePackage:Display: Finished SavePackage ../../../../../../Users/jicheng/Desktop/Zombie-City/ZombieCity/Content/ZombieCity/Blueprints/Zoobie001.uasset
[2017.05.22-05.49.36:977][800]LogActorComponent: UnregisterComponent: (/Engine/Transient.EditorFloorComp) Not registered. Aborting.
[2017.05.22-05.49.38:128][857]LogActorComponent: UnregisterComponent: (/Engine/Transient.EditorFloorComp) Not registered. Aborting.
[2017.05.22-05.49.43:952][ 42]LogSavePackage: Save=72.86ms
[2017.05.22-05.49.43:952][ 42]LogSavePackage: Moving '../../../../../../Users/jicheng/Desktop/Zombie-City/ZombieCity/Saved/ZombieCityPawn9F70A4514BED67DCC60554A5B0546263.tmp' to '../../../../../../Users/jicheng/Desktop/Zombie-City/ZombieCity/Content/ZombieCity/Blueprints/ZombieCityPawn.uasset'
[2017.05.22-05.49.43:966][ 42]LogSavePackage:Display: Finished SavePackage ../../../../../../Users/jicheng/Desktop/Zombie-City/ZombieCity/Content/ZombieCity/Blueprints/ZombieCityPawn.uasset
[2017.05.22-05.49.44:413][ 43]Cmd: QUIT_EDITOR
[2017.05.22-05.49.44:555][ 43]LogWindowsTextInputMethodSystem:Display: IME system now activated using TSF (搜狗拼音输入法).
[2017.05.22-05.49.44:556][ 43]LogWindowsTextInputMethodSystem:Display: IME system now activated using TSF (搜狗拼音输入法).
[2017.05.22-05.49.44:586][ 43]LogExit: Preparing to exit.
[2017.05.22-05.49.45:308][ 43]LogDirectoryWatcher: A directory notification failed for 'C:/Users/jicheng/Desktop/Zombie-City/ZombieCity/Content/', and we were unable to create a new request.
[2017.05.22-05.49.45:445][ 43]LogExit: Editor shut down
[2017.05.22-05.49.45:445][ 43]LogExit: Transaction tracking system shut down
[2017.05.22-05.49.45:836][ 43]LogObj: Freed 0b from 0 cluster array pools.
[2017.05.22-05.49.45:836][ 43]LogExit: Object subsystem successfully closed.
[2017.05.22-05.49.46:074][ 43]LogD3D11RHI: Shutdown
[2017.05.22-05.49.46:075][ 43]LogD3D11RHI: CleanupD3DDevice
[2017.05.22-05.49.47:915][ 43]LogD3D11RHI: ~FD3D11DynamicRHI
[2017.05.22-05.49.47:931][ 43]LogModuleManager: Shutting down and abandoning module BlueprintGraph (502)
[2017.05.22-05.49.47:931][ 43]LogModuleManager: Shutting down and abandoning module BlueprintProfiler (500)
[2017.05.22-05.49.47:931][ 43]LogModuleManager: Shutting down and abandoning module HierarchicalLODOutliner (498)
[2017.05.22-05.49.47:931][ 43]LogModuleManager: Shutting down and abandoning module CrashTracker (496)
[2017.05.22-05.49.47:931][ 43]LogModuleManager: Shutting down and abandoning module SceneOutliner (494)
[2017.05.22-05.49.47:931][ 43]LogModuleManager: Shutting down and abandoning module AddContentDialog (492)
[2017.05.22-05.49.47:931][ 43]LogDirectoryWatcher: A directory notification for 'C:/Program Files (x86)/Epic Games/4.15/FeaturePacks/' was aborted.
[2017.05.22-05.49.47:933][ 43]LogModuleManager: Shutting down and abandoning module WidgetCarousel (491)
[2017.05.22-05.49.47:933][ 43]LogModuleManager: Shutting down and abandoning module EditorWidgets (488)
[2017.05.22-05.49.47:933][ 43]LogModuleManager: Shutting down and abandoning module CollectionManager (486)
[2017.05.22-05.49.47:933][ 43]LogDirectoryWatcher: A directory notification for 'C:/Users/jicheng/Desktop/Zombie-City/ZombieCity/Content/Collections/' was aborted.
[2017.05.22-05.49.47:933][ 43]LogDirectoryWatcher: A directory notification for 'C:/Users/jicheng/Desktop/Zombie-City/ZombieCity/Content/Developers/wanly102/Collections/' was aborted.
[2017.05.22-05.49.47:933][ 43]LogDirectoryWatcher: A directory notification for 'C:/Users/jicheng/Desktop/Zombie-City/ZombieCity/Saved/Collections/' was aborted.
[2017.05.22-05.49.47:933][ 43]LogModuleManager: Shutting down and abandoning module StatsViewer (484)
[2017.05.22-05.49.47:934][ 43]LogModuleManager: Shutting down and abandoning module FoliageEdit (482)
[2017.05.22-05.49.47:934][ 43]LogModuleManager: Shutting down and abandoning module LandscapeEditor (480)
[2017.05.22-05.49.47:934][ 43]LogModuleManager: Shutting down and abandoning module SceneDepthPickerMode (478)
[2017.05.22-05.49.47:934][ 43]LogModuleManager: Shutting down and abandoning module ActorPickerMode (476)
[2017.05.22-05.49.47:934][ 43]LogModuleManager: Shutting down and abandoning module GeometryMode (474)
[2017.05.22-05.49.47:934][ 43]LogModuleManager: Shutting down and abandoning module TextureAlignMode (472)
[2017.05.22-05.49.47:934][ 43]LogModuleManager: Shutting down and abandoning module BspMode (470)
[2017.05.22-05.49.47:934][ 43]LogModuleManager: Shutting down and abandoning module HardwareSurvey (468)
[2017.05.22-05.49.47:934][ 43]LogModuleManager: Shutting down and abandoning module SequenceRecorderSections (466)
[2017.05.22-05.49.47:934][ 43]LogModuleManager: Shutting down and abandoning module AutomationWorker (464)
[2017.05.22-05.49.47:934][ 43]LogModuleManager: Shutting down and abandoning module MatineeToLevelSequence (462)
[2017.05.22-05.49.47:934][ 43]LogModuleManager: Shutting down and abandoning module LevelSequenceEditor (460)
[2017.05.22-05.49.47:934][ 43]LogModuleManager: Shutting down and abandoning module PlacementMode (459)
[2017.05.22-05.49.47:934][ 43]LogModuleManager: Shutting down and abandoning module WmfMediaFactory (456)
[2017.05.22-05.49.47:934][ 43]LogModuleManager: Shutting down and abandoning module WmfMediaEditor (454)
[2017.05.22-05.49.47:934][ 43]LogModuleManager: Shutting down and abandoning module MfMediaFactory (452)
[2017.05.22-05.49.47:934][ 43]LogModuleManager: Shutting down and abandoning module MfMediaEditor (450)
[2017.05.22-05.49.47:934][ 43]LogModuleManager: Shutting down and abandoning module AvfMediaFactory (448)
[2017.05.22-05.49.47:934][ 43]LogModuleManager: Shutting down and abandoning module AvfMediaEditor (446)
[2017.05.22-05.49.47:934][ 43]LogModuleManager: Shutting down and abandoning module AndroidMediaFactory (444)
[2017.05.22-05.49.47:934][ 43]LogModuleManager: Shutting down and abandoning module Media (443)
[2017.05.22-05.49.47:934][ 43]LogModuleManager: Shutting down and abandoning module AndroidMediaEditor (440)
[2017.05.22-05.49.47:934][ 43]LogModuleManager: Shutting down and abandoning module CharacterAI (438)
[2017.05.22-05.49.47:934][ 43]LogModuleManager: Shutting down and abandoning module AudioCapture (436)
[2017.05.22-05.49.47:934][ 43]LogModuleManager: Shutting down and abandoning module SequenceRecorder (435)
[2017.05.22-05.49.47:934][ 43]LogModuleManager: Shutting down and abandoning module SmartSnapping (432)
[2017.05.22-05.49.47:934][ 43]LogModuleManager: Shutting down and abandoning module SessionServices (430)
[2017.05.22-05.49.47:934][ 43]LogModuleManager: Shutting down and abandoning module ViewportSnapping (428)
[2017.05.22-05.49.47:934][ 43]LogModuleManager: Shutting down and abandoning module ViewportInteraction (426)
[2017.05.22-05.49.47:934][ 43]LogModuleManager: Shutting down and abandoning module LogVisualizer (424)
[2017.05.22-05.49.47:934][ 43]LogModuleManager: Shutting down and abandoning module IntroTutorials (422)
[2017.05.22-05.49.47:934][ 43]LogModuleManager: Shutting down and abandoning module GameProjectGeneration (421)
[2017.05.22-05.49.47:934][ 43]LogModuleManager: Shutting down and abandoning module EditorLiveStreaming (418)
[2017.05.22-05.49.47:934][ 43]LogModuleManager: Shutting down and abandoning module IOSPlatformEditor (416)
[2017.05.22-05.49.47:934][ 43]LogModuleManager: Shutting down and abandoning module HTML5PlatformEditor (414)
[2017.05.22-05.49.47:934][ 43]LogModuleManager: Shutting down and abandoning module AndroidPlatformEditor (412)
[2017.05.22-05.49.47:934][ 43]LogModuleManager: Shutting down and abandoning module AndroidDeviceDetection (411)
[2017.05.22-05.49.48:638][ 43]LogModuleManager: Shutting down and abandoning module IOSRuntimeSettings (408)
[2017.05.22-05.49.48:638][ 43]LogModuleManager: Shutting down and abandoning module AndroidRuntimeSettings (406)
[2017.05.22-05.49.48:638][ 43]LogModuleManager: Shutting down and abandoning module InputBindingEditor (404)
[2017.05.22-05.49.48:638][ 43]LogModuleManager: Shutting down and abandoning module NiagaraEditor (402)
[2017.05.22-05.49.48:638][ 43]LogModuleManager: Shutting down and abandoning module MergeActors (400)
[2017.05.22-05.49.48:638][ 43]LogModuleManager: Shutting down and abandoning module SizeMap (398)
[2017.05.22-05.49.48:638][ 43]LogModuleManager: Shutting down and abandoning module TreeMap (396)
[2017.05.22-05.49.48:638][ 43]LogModuleManager: Shutting down and abandoning module ReferenceViewer (394)
[2017.05.22-05.49.48:638][ 43]LogModuleManager: Shutting down and abandoning module LocalizationDashboard (392)
[2017.05.22-05.49.48:639][ 43]LogModuleManager: Shutting down and abandoning module LocalizationService (391)
[2017.05.22-05.49.48:639][ 43]LogModuleManager: Shutting down and abandoning module HardwareTargeting (388)
[2017.05.22-05.49.48:639][ 43]LogModuleManager: Shutting down and abandoning module DeviceProfileEditor (386)
[2017.05.22-05.49.48:639][ 43]LogModuleManager: Shutting down and abandoning module UndoHistory (384)
[2017.05.22-05.49.48:639][ 43]LogModuleManager: Shutting down and abandoning module UserFeedback (382)
[2017.05.22-05.49.48:639][ 43]LogModuleManager: Shutting down and abandoning module XmlParser (380)
[2017.05.22-05.49.48:639][ 43]LogModuleManager: Shutting down and abandoning module Blutility (378)
[2017.05.22-05.49.48:639][ 43]LogModuleManager: Shutting down and abandoning module ProjectSettingsViewer (376)
[2017.05.22-05.49.48:639][ 43]LogModuleManager: Shutting down and abandoning module ProjectTargetPlatformEditor (375)
[2017.05.22-05.49.48:639][ 43]LogModuleManager: Shutting down and abandoning module EditorSettingsViewer (372)
[2017.05.22-05.49.48:640][ 43]LogModuleManager: Shutting down and abandoning module SettingsEditor (370)
[2017.05.22-05.49.48:640][ 43]LogModuleManager: Shutting down and abandoning module ProjectLauncher (368)
[2017.05.22-05.49.48:640][ 43]LogModuleManager: Shutting down and abandoning module SessionFrontend (366)
[2017.05.22-05.49.48:640][ 43]LogModuleManager: Shutting down and abandoning module ProfilerClient (364)
[2017.05.22-05.49.48:640][ 43]LogModuleManager: Shutting down and abandoning module DeviceManager (362)
[2017.05.22-05.49.48:640][ 43]LogModuleManager: Shutting down and abandoning module TargetDeviceServices (361)
[2017.05.22-05.49.48:695][ 43]LogModuleManager: Shutting down and abandoning module AutomationController (358)
[2017.05.22-05.49.48:695][ 43]LogModuleManager: Shutting down and abandoning module AutomationWindow (356)
[2017.05.22-05.49.48:695][ 43]LogModuleManager: Shutting down and abandoning module Layers (354)
[2017.05.22-05.49.48:695][ 43]LogModuleManager: Shutting down and abandoning module ComponentVisualizers (352)
[2017.05.22-05.49.48:695][ 43]LogModuleManager: Shutting down and abandoning module DetailCustomizations (350)
[2017.05.22-05.49.48:695][ 43]LogModuleManager: Shutting down and abandoning module PackagesDialog (348)
[2017.05.22-05.49.48:696][ 43]LogModuleManager: Shutting down and abandoning module Persona (346)
[2017.05.22-05.49.48:696][ 43]LogModuleManager: Shutting down and abandoning module AnimGraph (345)
[2017.05.22-05.49.48:696][ 43]LogModuleManager: Shutting down and abandoning module Kismet (342)
[2017.05.22-05.49.48:720][ 43]LogModuleManager: Shutting down and abandoning module GraphEditor (340)
[2017.05.22-05.49.48:720][ 43]LogModuleManager: Shutting down and abandoning module ClassViewer (338)
[2017.05.22-05.49.48:720][ 43]LogModuleManager: Shutting down and abandoning module Toolbox (336)
[2017.05.22-05.49.48:720][ 43]LogModuleManager: Shutting down and abandoning module ModuleUI (334)
[2017.05.22-05.49.48:720][ 43]LogModuleManager: Shutting down and abandoning module MovieSceneTools (332)
[2017.05.22-05.49.48:720][ 43]LogModuleManager: Shutting down and abandoning module OutputLog (330)
[2017.05.22-05.49.48:720][ 43]LogModuleManager: Shutting down and abandoning module GammaUI (328)
[2017.05.22-05.49.48:721][ 43]LogModuleManager: Shutting down and abandoning module Documentation (326)
[2017.05.22-05.49.48:721][ 43]LogModuleManager: Shutting down and abandoning module Niagara (324)
[2017.05.22-05.49.48:721][ 43]LogModuleManager: Shutting down and abandoning module StreamingPauseRendering (322)
[2017.05.22-05.49.48:721][ 43]LogModuleManager: Shutting down and abandoning module AnalyticsET (320)
[2017.05.22-05.49.48:721][ 43]LogModuleManager: Shutting down and abandoning module PortalServices (318)
[2017.05.22-05.49.48:721][ 43]LogModuleManager: Shutting down and abandoning module PortalRpc (316)
[2017.05.22-05.49.48:721][ 43]LogModuleManager: Shutting down and abandoning module MessagingRpc (314)
[2017.05.22-05.49.48:721][ 43]LogModuleManager: Shutting down and abandoning module AIModule (312)
[2017.05.22-05.49.48:721][ 43]LogModuleManager: Shutting down and abandoning module GameplayDebugger (311)
[2017.05.22-05.49.48:721][ 43]LogModuleManager: Shutting down and abandoning module AITestSuite (309)
[2017.05.22-05.49.48:721][ 43]LogModuleManager: Shutting down and abandoning module ProfilerService (306)
[2017.05.22-05.49.48:822][ 43]LogModuleManager: Shutting down and abandoning module TaskGraph (304)
[2017.05.22-05.49.48:822][ 43]LogModuleManager: Shutting down and abandoning module SteamVRController (302)
[2017.05.22-05.49.48:822][ 43]LogModuleManager: Shutting down and abandoning module SteamVR (300)
[2017.05.22-05.49.48:822][ 43]LogModuleManager: Shutting down and abandoning module ProceduralMeshComponentEditor (298)
[2017.05.22-05.49.48:822][ 43]LogModuleManager: Shutting down and abandoning module ProceduralMeshComponent (296)
[2017.05.22-05.49.48:822][ 43]LogModuleManager: Shutting down and abandoning module OculusLibrary (294)
[2017.05.22-05.49.48:822][ 43]LogModuleManager: Shutting down and abandoning module OculusInput (292)
[2017.05.22-05.49.48:822][ 43]LogModuleManager: Shutting down and abandoning module MobilePatchingUtils (290)
[2017.05.22-05.49.48:822][ 43]LogModuleManager: Shutting down and abandoning module CustomMeshComponent (288)
[2017.05.22-05.49.48:822][ 43]LogModuleManager: Shutting down and abandoning module CableComponent (286)
[2017.05.22-05.49.48:822][ 43]LogModuleManager: Shutting down and abandoning module ArchVisCharacter (284)
[2017.05.22-05.49.48:822][ 43]LogModuleManager: Shutting down and abandoning module MediaPlayerEditor (280)
[2017.05.22-05.49.48:823][ 43]LogModuleManager: Shutting down and abandoning module HTML5Networking (278)
[2017.05.22-05.49.48:823][ 43]LogModuleManager: Shutting down and abandoning module AlembicImporter (276)
[2017.05.22-05.49.48:823][ 43]LogModuleManager: Shutting down and abandoning module AlembicLibrary (275)
[2017.05.22-05.49.48:823][ 43]LogModuleManager: Shutting down and abandoning module GeometryCache (274)
[2017.05.22-05.49.48:823][ 43]LogModuleManager: Shutting down and abandoning module GeometryCacheEd (273)
[2017.05.22-05.49.48:823][ 43]LogModuleManager: Shutting down and abandoning module SuperSearchEditor (268)
[2017.05.22-05.49.48:823][ 43]LogModuleManager: Shutting down and abandoning module SuperSearch (267)
[2017.05.22-05.49.48:823][ 43]LogModuleManager: Shutting down and abandoning module SpeedTreeImporter (264)
[2017.05.22-05.49.48:823][ 43]LogModuleManager: Shutting down and abandoning module PluginBrowser (262)
[2017.05.22-05.49.48:823][ 43]LogModuleManager: Shutting down and abandoning module MobileLauncherProfileWizard (260)
[2017.05.22-05.49.48:823][ 43]LogModuleManager: Shutting down and abandoning module EpicSurvey (258)
[2017.05.22-05.49.48:823][ 43]LogModuleManager: Shutting down and abandoning module VisualStudioSourceCodeAccess (256)
[2017.05.22-05.49.48:823][ 43]LogModuleManager: Shutting down and abandoning module DesktopPlatform (255)
[2017.05.22-05.49.48:823][ 43]LogModuleManager: Shutting down and abandoning module UObjectPlugin (252)
[2017.05.22-05.49.48:823][ 43]LogModuleManager: Shutting down and abandoning module SubversionSourceControl (250)
[2017.05.22-05.49.48:823][ 43]LogModuleManager: Shutting down and abandoning module PerforceSourceControl (248)
[2017.05.22-05.49.48:823][ 43]LogModuleManager: Shutting down and abandoning module GitSourceControl (246)
[2017.05.22-05.49.48:823][ 43]LogModuleManager: Shutting down and abandoning module SourceControl (245)
[2017.05.22-05.49.48:824][ 43]LogModuleManager: Shutting down and abandoning module LightPropagationVolumeEditor (242)
[2017.05.22-05.49.48:824][ 43]LogModuleManager: Shutting down and abandoning module PaperTiledImporter (240)
[2017.05.22-05.49.48:824][ 43]LogModuleManager: Shutting down and abandoning module PaperSpriteSheetImporter (238)
[2017.05.22-05.49.48:824][ 43]LogModuleManager: Shutting down and abandoning module Paper2DEditor (236)
[2017.05.22-05.49.48:824][ 43]LogModuleManager: Shutting down and abandoning module MeshPaint (235)
[2017.05.22-05.49.48:824][ 43]LogModuleManager: Shutting down and abandoning module LevelEditor (233)
[2017.05.22-05.49.48:826][ 43]LogModuleManager: Shutting down and abandoning module PixelInspectorModule (232)
[2017.05.22-05.49.48:826][ 43]LogModuleManager: Shutting down and abandoning module MainFrame (230)
[2017.05.22-05.49.48:826][ 43]LogModuleManager: Shutting down and abandoning module HotReload (229)
[2017.05.22-05.49.48:828][ 43]LogModuleManager: Shutting down and abandoning module ContentBrowser (225)
[2017.05.22-05.49.48:831][ 43]LogModuleManager: Shutting down and abandoning module PhysXVehiclesEditor (222)
[2017.05.22-05.49.48:831][ 43]LogModuleManager: Shutting down and abandoning module PhysXVehicles (220)
[2017.05.22-05.49.48:831][ 43]LogModuleManager: Shutting down and abandoning module LocationServicesBPLibrary (218)
[2017.05.22-05.49.48:831][ 43]LogModuleManager: Shutting down and abandoning module UdpMessaging (216)
[2017.05.22-05.49.48:933][ 43]LogModuleManager: Shutting down and abandoning module TcpMessaging (214)
[2017.05.22-05.49.49:034][ 43]LogModuleManager: Shutting down and abandoning module GameplayTagsEditor (212)
[2017.05.22-05.49.49:034][ 43]LogModuleManager: Shutting down and abandoning module FacialAnimationEditor (210)
[2017.05.22-05.49.49:034][ 43]LogModuleManager: Shutting down and abandoning module FacialAnimation (208)
[2017.05.22-05.49.49:034][ 43]LogModuleManager: Shutting down and abandoning module LightPropagationVolumeRuntime (206)
[2017.05.22-05.49.49:034][ 43]LogModuleManager: Shutting down and abandoning module Paper2D (204)
[2017.05.22-05.49.49:034][ 43]LogModuleManager: Shutting down and abandoning module WindowsMoviePlayer (202)
[2017.05.22-05.49.49:034][ 43]LogModuleManager: Shutting down and abandoning module WmfMedia (200)
[2017.05.22-05.49.49:035][ 43]LogModuleManager: Shutting down and abandoning module MfMedia (198)
[2017.05.22-05.49.49:035][ 43]LogModuleManager: Shutting down and abandoning module MediaAssets (196)
[2017.05.22-05.49.49:035][ 43]LogModuleManager: Shutting down and abandoning module GameLiveStreaming (194)
[2017.05.22-05.49.49:035][ 43]LogModuleManager: Shutting down and abandoning module VREditor (192)
[2017.05.22-05.49.49:035][ 43]LogModuleManager: Shutting down and abandoning module GameplayTasksEditor (190)
[2017.05.22-05.49.49:035][ 43]LogModuleManager: Shutting down and abandoning module BehaviorTreeEditor (188)
[2017.05.22-05.49.49:035][ 43]LogModuleManager: Shutting down and abandoning module FunctionalTesting (186)
[2017.05.22-05.49.49:035][ 43]LogModuleManager: Shutting down and abandoning module CollisionAnalyzer (184)
[2017.05.22-05.49.49:035][ 43]LogModuleManager: Shutting down and abandoning module UMG (182)
[2017.05.22-05.49.49:035][ 43]LogModuleManager: Shutting down and abandoning module UMGEditor (181)
[2017.05.22-05.49.49:035][ 43]LogModuleManager: Shutting down and abandoning module Sequencer (180)
[2017.05.22-05.49.49:036][ 43]LogModuleManager: Shutting down and abandoning module AssetTools (178)
[2017.05.22-05.49.49:036][ 43]LogModuleManager: Shutting down and abandoning module MessageLog (177)
[2017.05.22-05.49.49:036][ 43]LogModuleManager: Shutting down and abandoning module WorkspaceMenuStructure (176)
[2017.05.22-05.49.49:036][ 43]LogModuleManager: Shutting down and abandoning module SlateReflector (170)
[2017.05.22-05.49.49:036][ 43]LogModuleManager: Shutting down and abandoning module Slate (168)
[2017.05.22-05.49.49:036][ 43]LogModuleManager: Shutting down and abandoning module EditorStyle (166)
[2017.05.22-05.49.49:045][ 43]LogModuleManager: Shutting down and abandoning module SourceCodeAccess (164)
[2017.05.22-05.49.49:045][ 43]LogModuleManager: Shutting down and abandoning module HeadMountedDisplay (162)
[2017.05.22-05.49.49:045][ 43]LogModuleManager: Shutting down and abandoning module XAudio2 (160)
[2017.05.22-05.49.49:045][ 43]LogModuleManager: Shutting down and abandoning module Networking (158)
[2017.05.22-05.49.49:045][ 43]LogModuleManager: Shutting down and abandoning module Core (154)
[2017.05.22-05.49.49:045][ 43]LogModuleManager: Shutting down and abandoning module AssetRegistry (152)
[2017.05.22-05.49.49:180][ 43]LogDirectoryWatcher: A directory notification for '../../../Engine/Content/' was aborted.
[2017.05.22-05.49.49:180][ 43]LogDirectoryWatcher: A directory notification for '../../../../../../Users/jicheng/Desktop/Zombie-City/ZombieCity/Content/' was aborted.
[2017.05.22-05.49.49:180][ 43]LogDirectoryWatcher: A directory notification for '../../../Engine/Plugins/2D/Paper2D/Content/' was aborted.
[2017.05.22-05.49.49:180][ 43]LogModuleManager: Shutting down and abandoning module DirectoryWatcher (151)
[2017.05.22-05.49.49:181][ 43]LogModuleManager: Shutting down and abandoning module KismetCompiler (148)
[2017.05.22-05.49.49:181][ 43]LogModuleManager: Shutting down and abandoning module PhysXFormats (146)
[2017.05.22-05.49.49:181][ 43]LogModuleManager: Shutting down and abandoning module MeshUtilities (144)
[2017.05.22-05.49.49:181][ 43]LogModuleManager: Shutting down and abandoning module SimplygonSwarm (143)
[2017.05.22-05.49.49:181][ 43]LogModuleManager: Shutting down and abandoning module SimplygonMeshReduction (141)
[2017.05.22-05.49.49:181][ 43]LogModuleManager: Shutting down and abandoning module QuadricMeshReduction (139)
[2017.05.22-05.49.49:181][ 43]LogModuleManager: Shutting down and abandoning module PropertyEditor (137)
[2017.05.22-05.49.49:181][ 43]LogModuleManager: Shutting down and abandoning module DerivedDataCache (134)
[2017.05.22-05.49.49:223][ 43]LogDerivedDataCache: Shutdown
[2017.05.22-05.49.49:223][ 43]LogModuleManager: Shutting down and abandoning module TargetPlatform (132)
[2017.05.22-05.49.49:223][ 43]LogModuleManager: Shutting down and abandoning module VulkanShaderFormat (131)
[2017.05.22-05.49.49:224][ 43]LogModuleManager: Shutting down and abandoning module ShaderFormatOpenGL (129)
[2017.05.22-05.49.49:224][ 43]LogModuleManager: Shutting down and abandoning module ShaderFormatD3D (127)
[2017.05.22-05.49.49:224][ 43]LogModuleManager: Shutting down and abandoning module MetalShaderFormat (125)
[2017.05.22-05.49.49:224][ 43]LogModuleManager: Shutting down and abandoning module TextureFormatUncompressed (123)
[2017.05.22-05.49.49:224][ 43]LogModuleManager: Shutting down and abandoning module TextureFormatPVR (121)
[2017.05.22-05.49.49:224][ 43]LogModuleManager: Shutting down and abandoning module TextureFormatDXT (119)
[2017.05.22-05.49.49:224][ 43]LogModuleManager: Shutting down and abandoning module TextureFormatIntelISPCTexComp (117)
[2017.05.22-05.49.49:225][ 43]LogModuleManager: Shutting down and abandoning module TextureFormatASTC (115)
[2017.05.22-05.49.49:225][ 43]LogModuleManager: Shutting down and abandoning module ImageWrapper (114)
[2017.05.22-05.49.49:225][ 43]LogModuleManager: Shutting down and abandoning module TextureFormatAndroid (111)
[2017.05.22-05.49.49:225][ 43]LogModuleManager: Shutting down and abandoning module AudioFormatOpus (109)
[2017.05.22-05.49.49:225][ 43]LogModuleManager: Shutting down and abandoning module AudioFormatOgg (107)
[2017.05.22-05.49.49:225][ 43]LogModuleManager: Shutting down and abandoning module AudioFormatADPCM (105)
[2017.05.22-05.49.49:225][ 43]LogModuleManager: Shutting down and abandoning module LinuxTargetPlatform (103)
[2017.05.22-05.49.49:225][ 43]LogModuleManager: Shutting down and abandoning module LinuxServerTargetPlatform (101)
[2017.05.22-05.49.49:225][ 43]LogModuleManager: Shutting down and abandoning module LinuxNoEditorTargetPlatform (99)
[2017.05.22-05.49.49:226][ 43]LogModuleManager: Shutting down and abandoning module LinuxClientTargetPlatform (97)
[2017.05.22-05.49.49:226][ 43]LogModuleManager: Shutting down and abandoning module TVOSTargetPlatform (95)
[2017.05.22-05.49.49:226][ 43]LogModuleManager: Shutting down and abandoning module Messaging (93)
[2017.05.22-05.49.49:226][ 43]LogModuleManager: Shutting down and abandoning module IOSTargetPlatform (91)
[2017.05.22-05.49.49:226][ 43]LogModuleManager: Shutting down and abandoning module HTML5TargetPlatform (89)
[2017.05.22-05.49.49:226][ 43]LogModuleManager: Shutting down and abandoning module Android_PVRTCTargetPlatform (87)
[2017.05.22-05.49.49:226][ 43]LogModuleManager: Shutting down and abandoning module Android_MultiTargetPlatform (85)
[2017.05.22-05.49.49:226][ 43]LogModuleManager: Shutting down and abandoning module Android_ETC2TargetPlatform (83)
[2017.05.22-05.49.49:227][ 43]LogModuleManager: Shutting down and abandoning module Android_ETC1TargetPlatform (81)
[2017.05.22-05.49.49:227][ 43]LogModuleManager: Shutting down and abandoning module Android_DXTTargetPlatform (79)
[2017.05.22-05.49.49:227][ 43]LogModuleManager: Shutting down and abandoning module Android_ATCTargetPlatform (77)
[2017.05.22-05.49.49:227][ 43]LogModuleManager: Shutting down and abandoning module Android_ASTCTargetPlatform (75)
[2017.05.22-05.49.49:227][ 43]LogModuleManager: Shutting down and abandoning module AndroidTargetPlatform (73)
[2017.05.22-05.49.49:227][ 43]LogModuleManager: Shutting down and abandoning module WindowsTargetPlatform (71)
[2017.05.22-05.49.49:227][ 43]LogModuleManager: Shutting down and abandoning module WindowsServerTargetPlatform (69)
[2017.05.22-05.49.49:227][ 43]LogModuleManager: Shutting down and abandoning module WindowsNoEditorTargetPlatform (67)
[2017.05.22-05.49.49:227][ 43]LogModuleManager: Shutting down and abandoning module WindowsClientTargetPlatform (65)
[2017.05.22-05.49.49:228][ 43]LogModuleManager: Shutting down and abandoning module MacTargetPlatform (63)
[2017.05.22-05.49.49:228][ 43]LogModuleManager: Shutting down and abandoning module MacServerTargetPlatform (61)
[2017.05.22-05.49.49:228][ 43]LogModuleManager: Shutting down and abandoning module MacNoEditorTargetPlatform (59)
[2017.05.22-05.49.49:228][ 43]LogModuleManager: Shutting down and abandoning module MacClientTargetPlatform (57)
[2017.05.22-05.49.49:228][ 43]LogModuleManager: Shutting down and abandoning module AllDesktopTargetPlatform (55)
[2017.05.22-05.49.49:228][ 43]LogModuleManager: Shutting down and abandoning module InputCore (52)
[2017.05.22-05.49.49:228][ 43]LogModuleManager: Shutting down and abandoning module Settings (50)
[2017.05.22-05.49.49:228][ 43]LogModuleManager: Shutting down and abandoning module OculusRift (48)
[2017.05.22-05.49.49:228][ 43]LogModuleManager: Shutting down and abandoning module GearVR (46)
[2017.05.22-05.49.49:228][ 43]LogModuleManager: Shutting down and abandoning module ExampleDeviceProfileSelector (44)
[2017.05.22-05.49.49:228][ 43]LogModuleManager: Shutting down and abandoning module OnlineBlueprintSupport (42)
[2017.05.22-05.49.49:228][ 43]LogModuleManager: Shutting down and abandoning module OnlineSubsystem (38)
[2017.05.22-05.49.49:228][ 43]LogOnline:Display: Unloading online subsystem: NULL
[2017.05.22-05.49.49:228][ 43]LogModuleManager: Shutting down and abandoning module XMPP (37)
[2017.05.22-05.49.49:229][ 43]LogModuleManager: Shutting down and abandoning module HTTP (35)
[2017.05.22-05.49.49:229][ 43]LogHttp:Display: Http module shutting down, but needs to wait on 1 outstanding Http requests:
[2017.05.22-05.49.49:229][ 43]LogHttp:Display: 	verb=[POST] url=[https://datarouter.ol.epicgames.com/datarouter/api/v1/public/data?SessionID=%7BB2A64600-4025-84F3-3663-25B6D857E5A8%7D&AppID=UEEditor.Rocket.Release&AppVersion=4.15.1-3348071%2B%2B%2BUE4%2BRelease-4.15&UserID=e976023546dc5647c961e9bd97ebc7a3%7Ca68cc776c4554d8f9051a07f79addb08%7C02d49969-8a05-4c88-a0e3-b891fce403b2&AppEnvironment=datacollector-binary&UploadType=eteventstream] status=Processing
[2017.05.22-05.49.49:248][ 43]LogModuleManager: Shutting down and abandoning module SSL (34)
[2017.05.22-05.49.49:252][ 43]LogModuleManager: Shutting down and abandoning module AudioEditor (30)
[2017.05.22-05.49.49:252][ 43]LogModuleManager: Shutting down and abandoning module TextureCompressor (28)
[2017.05.22-05.49.49:253][ 43]LogModuleManager: Shutting down and abandoning module ShaderCore (26)
[2017.05.22-05.49.49:253][ 43]LogModuleManager: Shutting down and abandoning module Landscape (24)
[2017.05.22-05.49.49:253][ 43]LogModuleManager: Shutting down and abandoning module SlateRHIRenderer (22)
[2017.05.22-05.49.49:261][ 43]LogModuleManager: Shutting down and abandoning module OpenGLDrv (20)
[2017.05.22-05.49.49:261][ 43]LogModuleManager: Shutting down and abandoning module D3D11RHI (18)
[2017.05.22-05.49.49:261][ 43]LogModuleManager: Shutting down and abandoning module AnimGraphRuntime (16)
[2017.05.22-05.49.49:261][ 43]LogModuleManager: Shutting down and abandoning module Renderer (14)
[2017.05.22-05.49.49:261][ 43]LogModuleManager: Shutting down and abandoning module Engine (12)
[2017.05.22-05.49.49:261][ 43]LogModuleManager: Shutting down and abandoning module CoreUObject (10)
[2017.05.22-05.49.49:261][ 43]LogModuleManager: Shutting down and abandoning module NetworkFile (8)
[2017.05.22-05.49.49:261][ 43]LogModuleManager: Shutting down and abandoning module StreamingFile (6)
[2017.05.22-05.49.49:261][ 43]LogModuleManager: Shutting down and abandoning module SandboxFile (4)
[2017.05.22-05.49.49:261][ 43]LogModuleManager: Shutting down and abandoning module PakFile (2)
[2017.05.22-05.49.49:265][ 43]LogExit: Exiting.
[2017.05.22-05.49.49:272][ 43]Log file closed, 05/22/17 15:19:49
