Log file open, 04/19/17 14:07:15
LogInit:Display: Running engine for game: ZombieCity
LogPlatformFile: Not using cached read wrapper
LogInit:Display: RandInit(-1742385424) SRandInit(-1742385424).
LogTaskGraph: Started task graph with 5 named threads and 6 total threads with 1 sets of task threads.
LogStats: Stats thread started at 0.146810
LogInit: Using libcurl 7.47.1
LogInit:  - built for x86_64-pc-win32
LogInit:  - supports SSL with OpenSSL/1.0.2g
LogInit:  - supports HTTP deflate (compression) using libz 1.2.8
LogInit:  - other features:
LogInit:      CURL_VERSION_SSL
LogInit:      CURL_VERSION_LIBZ
LogInit:      CURL_VERSION_IPV6
LogInit:      CURL_VERSION_ASYNCHDNS
LogInit:      CURL_VERSION_LARGEFILE
LogInit:      CURL_VERSION_IDN
LogInit:  CurlRequestOptions (configurable via config and command line):
LogInit:  - bVerifyPeer = false  - Libcurl will NOT verify peer certificate
LogInit:  - bUseHttpProxy = false  - Libcurl will NOT use HTTP proxy
LogInit:  - bDontReuseConnections = false  - Libcurl will reuse connections
LogInit:  - CertBundlePath = nullptr  - Libcurl will use whatever was configured at build time.
LogInit: Build: ++UE4+Release-4.15-CL-3348071
LogInit: Engine Version: 4.15.1-3348071+++UE4+Release-4.15
LogInit: Compatible Engine Version: 4.15.0-3299760+++UE4+Release-4.15
LogInit: Net CL: 3299760
LogDevObjectVersion: Number of dev versions registered: 14
LogDevObjectVersion:   Dev-Blueprints (B0D832E4-1F89-4F0D-ACCF-7EB736FD4AA2): 8
LogDevObjectVersion:   Dev-Build (E1C64328-A22C-4D53-A36C-8E866417BD8C): 0
LogDevObjectVersion:   Dev-Core (375EC13C-06E4-48FB-B500-84F0262A717E): 2
LogDevObjectVersion:   Dev-Editor (E4B068ED-F494-42E9-A231-DA0B2E46BB41): 14
LogDevObjectVersion:   Dev-Framework (CFFC743F-43B0-4480-9391-14DF171D2073): 22
LogDevObjectVersion:   Dev-Mobile (B02B49B5-BB20-44E9-A304-32B752E40360): 0
LogDevObjectVersion:   Dev-Networking (A4E4105C-59A1-49B5-A7C5-40C4547EDFEE): 0
LogDevObjectVersion:   Dev-Online (39C831C9-5AE6-47DC-9A44-9C173E1C8E7C): 0
LogDevObjectVersion:   Dev-Physics (78F01B33-EBEA-4F98-B9B4-84EACCB95AA2): 0
LogDevObjectVersion:   Dev-Platform (6631380F-2D4D-43E0-8009-CF276956A95A): 0
LogDevObjectVersion:   Dev-Rendering (12F88B9F-8875-4AFC-A67C-D90C383ABD29): 12
LogDevObjectVersion:   Dev-Sequencer (7B5AE74C-D270-4C10-A958-57980B212A5A): 3
LogDevObjectVersion:   Dev-VR (D7296918-1DD6-4BDD-9DE2-64A83CC13884): 0
LogDevObjectVersion:   Dev-LoadTimes (C2A15278-BFE7-4AFE-6C17-90FF531DF755): 1
LogInit: Compiled (64-bit): Mar 15 2017 16:52:47
LogInit: Compiled with Visual C++: 19.00.23026.00
LogInit: Build Configuration: Development
LogInit: Branch Name: ++UE4+Release-4.15
LogInit: Command line: -EpicPortal
LogInit: Base directory: C:/Program Files (x86)/Epic Games/4.15/Engine/Binaries/Win64/
LogInit: Installed Engine Build: 1
LogInit: Presizing for max 8388607 objects, including 0 objects not considered by GC, pre-allocating 0 bytes for permanent pool.
LogInit: Object subsystem initialized
[2017.04.19-04.37.18:430][  0]LogInit: Selected Device Profile: [Windows]
[2017.04.19-04.37.18:430][  0]LogInit: Applying CVar settings loaded from the selected device profile: [Windows]
[2017.04.19-04.37.18:497][  0]LogInit: Computer: LIZHANG
[2017.04.19-04.37.18:497][  0]LogInit: User: wanly102
[2017.04.19-04.37.18:497][  0]LogInit: CPU Page size=65536, Cores=2
[2017.04.19-04.37.18:497][  0]LogInit: High frequency timer resolution =2.533198 MHz
[2017.04.19-04.37.18:498][  0]LogMemory: Memory total: Physical=7.9GB (8GB approx)
[2017.04.19-04.37.18:498][  0]LogMemory: Platform Memory Stats for Windows
[2017.04.19-04.37.18:498][  0]LogMemory: Process Physical Memory: 261.85 MB used, 261.85 MB peak
[2017.04.19-04.37.18:498][  0]LogMemory: Process Virtual Memory: 262.30 MB used, 262.30 MB peak
[2017.04.19-04.37.18:498][  0]LogMemory: Physical Memory: 5591.81 MB used,  2481.15 MB free, 8072.96 MB total
[2017.04.19-04.37.18:498][  0]LogMemory: Virtual Memory: 642.59 MB used,  2481.15 MB free, 134217728.00 MB total
[2017.04.19-04.37.18:895][  0]LogTextLocalizationManager:Warning: Loaded localization resources contain conflicting entries for (Namespace:UObjectToolTips, Key:AnimNode_AssetPlayerBase:InternalTimeAccumulator):
Localization Resource: (C:/Program Files (x86)/Epic Games/4.15/Engine/Content/Localization/EditorTutorials/zh-CN/EditorTutorials.locres) Source String Hash: (502993589) Localized String: (用于引用此节点中的资源的累积时间)
Localization Resource: (C:/Program Files (x86)/Epic Games/4.15/Engine/Content/Localization/Engine/zh-CN/Engine.locres) Source String Hash: (502993589) Localized String: (引用该节点中资源所用的累计时间)
[2017.04.19-04.37.18:895][  0]LogTextLocalizationManager:Warning: Loaded localization resources contain conflicting entries for (Namespace:UObjectToolTips, Key:AnimNode_AssetPlayerBase:bIgnoreForRelevancyTest):
Localization Resource: (C:/Program Files (x86)/Epic Games/4.15/Engine/Content/Localization/EditorTutorials/zh-CN/EditorTutorials.locres) Source String Hash: (319969718) Localized String: (若为真，在状态中寻找最高权重动画的“相关动画”节点将忽视 此节点)
Localization Resource: (C:/Program Files (x86)/Epic Games/4.15/Engine/Content/Localization/Engine/zh-CN/Engine.locres) Source String Hash: (319969718) Localized String: (如果为真，那么将会忽略查找最高权重动画的"相关动画"节点。
这个节点)
[2017.04.19-04.37.18:895][  0]LogTextLocalizationManager:Warning: Loaded localization resources contain conflicting entries for (Namespace:UObjectToolTips, Key:AnimNode_AssetPlayerBase:BlendWeight):
Localization Resource: (C:/Program Files (x86)/Epic Games/4.15/Engine/Content/Localization/EditorTutorials/zh-CN/EditorTutorials.locres) Source String Hash: (-1232800293) Localized String: (此节点最后交会的混合权重)
Localization Resource: (C:/Program Files (x86)/Epic Games/4.15/Engine/Content/Localization/Engine/zh-CN/Engine.locres) Source String Hash: (-1232800293) Localized String: (该节点上一次遇到的混合权重)
[2017.04.19-04.37.20:314][  0]LogD3D11RHI: D3D11 adapters:
[2017.04.19-04.37.20:358][  0]LogD3D11RHI:    0. 'AMD Radeon R7 M265' (Feature Level 11_0)
[2017.04.19-04.37.20:358][  0]LogD3D11RHI:       2035/0/4036 MB DedicatedVideo/DedicatedSystem/SharedSystem, Outputs:1, VendorId:0x1002
[2017.04.19-04.37.20:372][  0]LogD3D11RHI:    1. 'Intel(R) HD Graphics Family' (Feature Level 11_0)
[2017.04.19-04.37.20:372][  0]LogD3D11RHI:       112/0/2048 MB DedicatedVideo/DedicatedSystem/SharedSystem, Outputs:0, VendorId:0x8086
[2017.04.19-04.37.20:375][  0]LogD3D11RHI:    2. 'Microsoft Basic Render Driver' (Feature Level 11_0)
[2017.04.19-04.37.20:375][  0]LogD3D11RHI:       0/0/4036 MB DedicatedVideo/DedicatedSystem/SharedSystem, Outputs:0, VendorId:0x1414
[2017.04.19-04.37.20:375][  0]LogD3D11RHI: Chosen D3D11 Adapter: 0
[2017.04.19-04.37.20:396][  0]LogD3D11RHI: Creating new Direct3DDevice
[2017.04.19-04.37.20:396][  0]LogD3D11RHI:     GPU DeviceId: 0x6900 (for the marketing name, search the web for "GPU Device Id")
[2017.04.19-04.37.20:396][  0]LogWindows: EnumDisplayDevices:
[2017.04.19-04.37.20:396][  0]LogWindows:    0. 'Intel(R) HD Graphics Family' (P:1 D:1)
[2017.04.19-04.37.20:398][  0]LogWindows:    1. 'Intel(R) HD Graphics Family' (P:0 D:0)
[2017.04.19-04.37.20:400][  0]LogWindows:    2. 'Intel(R) HD Graphics Family' (P:0 D:0)
[2017.04.19-04.37.20:401][  0]LogWindows: DebugString: PrimaryIsNotTheChoosenAdapter PrimaryIsNotTheChoosenAdapter PrimaryIsNotTheChoosenAdapter FoundDriverCount:0 
[2017.04.19-04.37.20:401][  0]LogD3D11RHI:     Adapter Name: AMD Radeon R7 M265
[2017.04.19-04.37.20:401][  0]LogD3D11RHI:   Driver Version: Unknown (internal:Unknown, unified:Unknown)
[2017.04.19-04.37.20:401][  0]LogD3D11RHI:      Driver Date: Unknown
[2017.04.19-04.37.20:401][  0]LogRHI: Texture pool is 1361 MB (70% of 1945 MB)
[2017.04.19-04.37.20:576][  0]LogD3D11RHI: Async texture creation enabled
[2017.04.19-04.37.20:598][  0]LogD3D11RHI: GPU Timing Frequency: 27.000000 (Debug: 2 1)
[2017.04.19-04.37.20:601][  0]LogShaderCompilers: Guid format shader working directory is -22 characters bigger than the processId version (../../../../../../Users/jicheng/Desktop/Zombie-City-master/ZombieCity/Intermediate/Shaders/WorkingDirectory/16468/).
[2017.04.19-04.37.20:601][  0]LogShaderCompilers: Cleaned the shader compiler working directory 'C:/Users/jicheng/AppData/Local/Temp/UnrealShaderWorkingDir/9D948CA6492187E93D80FDAD2189E079/'.
[2017.04.19-04.37.20:601][  0]LogShaderCompilers:Display: Using Local Shader Compiler.
[2017.04.19-04.37.25:919][  0]LogTemp:Display: Loaded TP AllDesktopTargetPlatform
[2017.04.19-04.37.26:106][  0]LogTemp:Display: Loaded TP MacClientTargetPlatform
[2017.04.19-04.37.26:438][  0]LogTemp:Display: Loaded TP MacNoEditorTargetPlatform
[2017.04.19-04.37.26:656][  0]LogTemp:Display: Loaded TP MacServerTargetPlatform
[2017.04.19-04.37.26:847][  0]LogTemp:Display: Loaded TP MacTargetPlatform
[2017.04.19-04.37.27:071][  0]LogTemp:Display: Loaded TP WindowsClientTargetPlatform
[2017.04.19-04.37.27:302][  0]LogTemp:Display: Loaded TP WindowsNoEditorTargetPlatform
[2017.04.19-04.37.27:517][  0]LogTemp:Display: Loaded TP WindowsServerTargetPlatform
[2017.04.19-04.37.27:931][  0]LogTemp:Display: Loaded TP WindowsTargetPlatform
[2017.04.19-04.37.28:137][  0]LogTemp:Display: Loaded TP AndroidTargetPlatform
[2017.04.19-04.37.28:338][  0]LogTemp:Display: Loaded TP Android_ASTCTargetPlatform
[2017.04.19-04.37.28:521][  0]LogTemp:Display: Loaded TP Android_ATCTargetPlatform
[2017.04.19-04.37.28:809][  0]LogTemp:Display: Loaded TP Android_DXTTargetPlatform
[2017.04.19-04.37.29:138][  0]LogTemp:Display: Loaded TP Android_ETC1TargetPlatform
[2017.04.19-04.37.29:585][  0]LogTemp:Display: Loaded TP Android_ETC2TargetPlatform
[2017.04.19-04.37.30:234][  0]LogTemp:Display: Loaded TP Android_MultiTargetPlatform
[2017.04.19-04.37.30:234][  0]LogTemp:Display: Loaded TP Android_PVRTCTargetPlatform
[2017.04.19-04.37.34:068][  0]LogTemp:Display: Loaded TP HTML5TargetPlatform
[2017.04.19-04.37.34:663][  0]LogTemp:Display: Loaded TP IOSTargetPlatform
[2017.04.19-04.37.35:045][  0]LogTemp:Display: Loaded TP TVOSTargetPlatform
[2017.04.19-04.37.35:448][  0]LogTemp:Display: Loaded TP LinuxClientTargetPlatform
[2017.04.19-04.37.35:782][  0]LogTemp:Display: Loaded TP LinuxNoEditorTargetPlatform
[2017.04.19-04.37.36:054][  0]LogTemp:Display: Loaded TP LinuxServerTargetPlatform
[2017.04.19-04.37.36:565][  0]LogTemp:Display: Loaded TP LinuxTargetPlatform
[2017.04.19-04.37.36:565][  0]LogTargetPlatformManager:Display: Building Assets For Windows
[2017.04.19-04.37.40:207][  0]LogDerivedDataCache:Display: Max Cache Size: 512 MB
[2017.04.19-04.37.41:517][  0]LogDerivedDataCache: Loaded boot cache 1.31s 50MB C:/Users/jicheng/AppData/Local/UnrealEngine/4.15/DerivedDataCache/Boot.ddc.
[2017.04.19-04.37.41:517][  0]LogDerivedDataCache:Display: Loaded Boot cache: C:/Users/jicheng/AppData/Local/UnrealEngine/4.15/DerivedDataCache/Boot.ddc
[2017.04.19-04.37.41:517][  0]LogDerivedDataCache: FDerivedDataBackendGraph:  Pak pak cache file ../../../../../../Users/jicheng/Desktop/Zombie-City-master/ZombieCity/DerivedDataCache/DDC.ddp not found, will not use a pak cache.
[2017.04.19-04.37.41:517][  0]LogDerivedDataCache: Unable to find inner node Pak for hierarchical cache Hierarchy.
[2017.04.19-04.37.41:517][  0]LogDerivedDataCache: FDerivedDataBackendGraph:  CompressedPak pak cache file ../../../../../../Users/jicheng/Desktop/Zombie-City-master/ZombieCity/DerivedDataCache/Compressed.ddp not found, will not use a pak cache.
[2017.04.19-04.37.41:517][  0]LogDerivedDataCache: Unable to find inner node CompressedPak for hierarchical cache Hierarchy.
[2017.04.19-04.37.41:623][  0]LogDerivedDataCache:Display: Pak cache opened for reading ../../../Engine/DerivedDataCache/Compressed.ddp.
[2017.04.19-04.37.41:659][  0]LogDerivedDataCache: Using Local data cache path C:/Users/jicheng/AppData/Local/UnrealEngine/Common/DerivedDataCache: Writable
[2017.04.19-04.37.41:687][  0]LogSlate: Using Freetype 2.6.0
[2017.04.19-04.37.41:687][  0]LogSlate: SlateFontCache - WITH_FREETYPE: 1, WITH_HARFBUZZ: 1
[2017.04.19-04.37.41:687][  0]LogSlate: SlateFontCache - WITH_FREETYPE: 1, WITH_HARFBUZZ: 1
[2017.04.19-04.37.55:204][  0]LogInit: Selected Device Profile: [Windows]
[2017.04.19-04.37.55:211][  0]LogContentStreaming: Texture pool size is 0.00 MB
[2017.04.19-04.37.57:057][  0]LogMeshUtilities: Using QuadricMeshReduction for automatic static mesh reduction
[2017.04.19-04.37.57:177][  0]LogSimplygon: Simplygon DLL not present - disabling.
[2017.04.19-04.37.57:281][  0]LogMeshUtilities: Using SimplygonSwarm for distributed automatic mesh merging
[2017.04.19-04.37.57:281][  0]LogMeshUtilities: No automatic skeletal mesh reduction module available
[2017.04.19-04.37.57:282][  0]LogMeshUtilities: No automatic mesh merging module available
[2017.04.19-04.38.01:843][  0]LogNetVersion: GetLocalNetworkVersion: CL: 3299760, ProjectName: zombiecity, ProjectVersion: , EngineNetworkVersion: 2, GameNetworkVersion: 0, NetworkChecksum: 270151773
[2017.04.19-04.38.01:970][  0]LogAssetRegistry: FAssetRegistry took 0.0227 seconds to start up
[2017.04.19-04.38.02:024][  0]LogFileManager:Warning: MoveFile was unable to move '../../../../../../Users/jicheng/Desktop/Zombie-City-master/ZombieCity/Intermediate/AssetRegistryCache/cd161316.bin.tmp' to '../../../../../../Users/jicheng/Desktop/Zombie-City-master/ZombieCity/Intermediate/AssetRegistryCache/cd161316.bin', retrying in .5s...
[2017.04.19-04.38.02:545][  0]LogFileManager:Warning: MoveFile was unable to move '../../../../../../Users/jicheng/Desktop/Zombie-City-master/ZombieCity/Intermediate/AssetRegistryCache/cd161316.bin.tmp' to '../../../../../../Users/jicheng/Desktop/Zombie-City-master/ZombieCity/Intermediate/AssetRegistryCache/cd161316.bin', retrying in .5s...
[2017.04.19-04.38.03:046][  0]LogFileManager:Warning: MoveFile was unable to move '../../../../../../Users/jicheng/Desktop/Zombie-City-master/ZombieCity/Intermediate/AssetRegistryCache/cd161316.bin.tmp' to '../../../../../../Users/jicheng/Desktop/Zombie-City-master/ZombieCity/Intermediate/AssetRegistryCache/cd161316.bin', retrying in .5s...
[2017.04.19-04.38.03:547][  0]LogFileManager:Warning: MoveFile was unable to move '../../../../../../Users/jicheng/Desktop/Zombie-City-master/ZombieCity/Intermediate/AssetRegistryCache/cd161316.bin.tmp' to '../../../../../../Users/jicheng/Desktop/Zombie-City-master/ZombieCity/Intermediate/AssetRegistryCache/cd161316.bin', retrying in .5s...
[2017.04.19-04.38.04:116][  0]LogFileManager:Warning: MoveFile was unable to move '../../../../../../Users/jicheng/Desktop/Zombie-City-master/ZombieCity/Intermediate/AssetRegistryCache/cd161316.bin.tmp' to '../../../../../../Users/jicheng/Desktop/Zombie-City-master/ZombieCity/Intermediate/AssetRegistryCache/cd161316.bin', retrying in .5s...
[2017.04.19-04.38.04:618][  0]LogFileManager:Warning: MoveFile was unable to move '../../../../../../Users/jicheng/Desktop/Zombie-City-master/ZombieCity/Intermediate/AssetRegistryCache/cd161316.bin.tmp' to '../../../../../../Users/jicheng/Desktop/Zombie-City-master/ZombieCity/Intermediate/AssetRegistryCache/cd161316.bin', retrying in .5s...
[2017.04.19-04.38.05:124][  0]LogFileManager:Warning: MoveFile was unable to move '../../../../../../Users/jicheng/Desktop/Zombie-City-master/ZombieCity/Intermediate/AssetRegistryCache/cd161316.bin.tmp' to '../../../../../../Users/jicheng/Desktop/Zombie-City-master/ZombieCity/Intermediate/AssetRegistryCache/cd161316.bin', retrying in .5s...
[2017.04.19-04.38.05:625][  0]LogFileManager:Warning: MoveFile was unable to move '../../../../../../Users/jicheng/Desktop/Zombie-City-master/ZombieCity/Intermediate/AssetRegistryCache/cd161316.bin.tmp' to '../../../../../../Users/jicheng/Desktop/Zombie-City-master/ZombieCity/Intermediate/AssetRegistryCache/cd161316.bin', retrying in .5s...
[2017.04.19-04.38.06:127][  0]LogFileManager:Warning: MoveFile was unable to move '../../../../../../Users/jicheng/Desktop/Zombie-City-master/ZombieCity/Intermediate/AssetRegistryCache/cd161316.bin.tmp' to '../../../../../../Users/jicheng/Desktop/Zombie-City-master/ZombieCity/Intermediate/AssetRegistryCache/cd161316.bin', retrying in .5s...
[2017.04.19-04.38.06:634][  0]LogFileManager:Warning: MoveFile was unable to move '../../../../../../Users/jicheng/Desktop/Zombie-City-master/ZombieCity/Intermediate/AssetRegistryCache/cd161316.bin.tmp' to '../../../../../../Users/jicheng/Desktop/Zombie-City-master/ZombieCity/Intermediate/AssetRegistryCache/cd161316.bin', retrying in .5s...
[2017.04.19-04.38.07:136][  0]LogFileManager:Error: Error moving file '../../../../../../Users/jicheng/Desktop/Zombie-City-master/ZombieCity/Intermediate/AssetRegistryCache/cd161316.bin.tmp' to '../../../../../../Users/jicheng/Desktop/Zombie-City-master/ZombieCity/Intermediate/AssetRegistryCache/cd161316.bin'.
[2017.04.19-04.38.07:574][  0]LogPackageLocalizationCache: Processed 3 localized package path(s) for 4 prioritized culture(s) in 5.564717 seconds
[2017.04.19-04.38.07:594][  0]LogUObjectArray: 32493 objects as part of root set at end of initial load.
[2017.04.19-04.38.07:594][  0]LogUObjectAllocator: 7077024 out of 0 bytes used by permanent object pool.
[2017.04.19-04.38.07:594][  0]LogUObjectArray: CloseDisregardForGC: 0/0 objects in disregard for GC pool
[2017.04.19-04.38.08:104][  0]LogInit: WinSock: version 1.1 (2.2), MaxSocks=32767, MaxUdp=65467
[2017.04.19-04.38.42:913][  0]LogTcpMessaging: Initializing TcpMessaging bridge
[2017.04.19-04.38.43:157][  0]LogUdpMessaging: Initializing bridge on interface 0.0.0.0:0 to multicast group 230.0.0.1:6666.
[2017.04.19-04.38.47:518][  0]LogMaterial: Uniform references updated for custom material expression Custom.
[2017.04.19-04.38.49:479][  0]SourceControl: 信息 源码控制已禁用
[2017.04.19-04.38.49:573][  0]SourceControl: 信息 源码控制已禁用
[2017.04.19-04.38.49:846][  0]SourceControl: 信息 源码控制已禁用
[2017.04.19-04.38.50:207][  0]SourceControl: 信息 源码控制已禁用
[2017.04.19-04.38.52:306][  0]LogLinker:Warning: 无法寻找到文件'/Game/ThirdPersonBP/ThirdPersonOverview'
[2017.04.19-04.38.52:307][  0]LogLinker:Warning: 无法寻找到文件'/Game/ThirdPersonBP/ThirdPersonOverview'
[2017.04.19-04.38.52:330][  0]LogUObjectGlobals:Warning: 寻找对象'Class /Game/ThirdPersonBP/ThirdPersonOverview.ThirdPersonOverview_C'失败
[2017.04.19-04.38.59:599][  0]LogEngine: Initializing Engine...
[2017.04.19-04.38.59:627][  0]LogHMD: Failed to initialize OpenVR with code 110
[2017.04.19-04.39.01:164][  0]LogAIModule: Creating AISystem for world Untitled
[2017.04.19-04.39.02:656][  0]LogInit: XAudio2 using 'Speakers / Headphones (Realtek High Definition Audio)' : 2 channels at 48 kHz using 32 bits per sample (channel mask 0x3)
[2017.04.19-04.39.05:527][  0]LogInit: FAudioDevice initialized.
[2017.04.19-04.39.05:843][  0]LogDerivedDataCache:Error: Could not save memory cache C:/Users/jicheng/AppData/Local/UnrealEngine/4.15/DerivedDataCache/Boot.ddc.
[2017.04.19-04.39.07:119][  0]LogInit: Texture streaming: Enabled
[2017.04.19-04.39.10:098][  0]LogEngineSessionManager: EngineSessionManager initialized
[2017.04.19-04.39.10:098][  0]LogEngineSessionManager: EngineSessionManager sent abnormal shutdown report. Type=Crashed, SessionId={29E1968E-4F94-30F9-5F24-CBA361DF5186}
[2017.04.19-04.39.10:098][  0]LogEngineSessionManager: EngineSessionManager sent abnormal shutdown report. Type=Crashed, SessionId={60112EA3-4CAA-7ECA-1167-7A9CBDFADD8D}
[2017.04.19-04.39.10:921][  0]LogInit: Transaction tracking system initialized
[2017.04.19-04.39.14:155][  0]BlueprintLog: New page: 编辑器加载
[2017.04.19-04.39.20:455][  0]LocalizationService: 信息 本地化服务已被禁用
[2017.04.19-04.39.23:152][  0]LogAssetRegistry:Error: Failed to open file for write ../../../../../../Users/jicheng/Desktop/Zombie-City-master/ZombieCity/Intermediate/CachedAssetRegistry.bin
[2017.04.19-04.39.24:123][  0]LogConsoleResponse:Display: 
[2017.04.19-04.39.24:449][  0]LogCook:Display: Max memory allowance for cook 16384mb min free memory 0mb
[2017.04.19-04.39.24:451][  0]LogCook:Display: Mobile HDR setting 1
[2017.04.19-04.39.25:419][  0]LogFileCache: Scanning file cache for directory 'C:/Users/jicheng/Desktop/Zombie-City-master/ZombieCity/Content/' took 0.06s
[2017.04.19-04.39.31:445][  0]SourceControl: 信息 源码控制已禁用
[2017.04.19-04.39.31:973][  0]LogSlate: Took 0.004389 seconds to synchronously load lazily loaded font '../../../Engine/Content/Slate/Fonts/Roboto-Regular.ttf' (155K)
[2017.04.19-04.39.32:738][  0]LogSlate: Took 0.765480 seconds to synchronously load lazily loaded font '../../../Engine/Content/Slate/Fonts/DroidSansFallback.ttf' (3848K)
[2017.04.19-04.39.59:998][  0]LogWindowsTextInputMethodSystem:Display: IME system now activated using TSF (搜狗拼音输入法).
[2017.04.19-04.39.59:998][  0]LogWindowsTextInputMethodSystem:Display: IME system now activated using TSF (搜狗拼音输入法).
[2017.04.19-04.40.00:041][  0]LogWindowsTextInputMethodSystem:Display: IME system now activated using TSF (搜狗拼音输入法).
[2017.04.19-04.40.00:041][  0]LogWindowsTextInputMethodSystem:Display: IME system now activated using TSF (搜狗拼音输入法).
[2017.04.19-04.40.00:116][  0]Cmd: MAP LOAD FILE="../../../../../../Users/jicheng/Desktop/Zombie-City-master/ZombieCity/Content/ZombieCity/Maps/UIMap.umap" TEMPLATE=0 SHOWPROGRESS=1 FEATURELEVEL=3
[2017.04.19-04.40.00:120][  0]LightingResults: New page: 光照构建
[2017.04.19-04.40.00:303][  0]MapCheck: New page: 地图检测
[2017.04.19-04.40.00:303][  0]LightingResults: New page: 光照构建
[2017.04.19-04.40.01:086][  0]LogAIModule: Creating AISystem for world UIMap
[2017.04.19-04.40.01:297][  0]LogEditorServer: Finished looking for orphan Actors (0.000 secs)
[2017.04.19-04.40.01:301][  0]Cmd: MAP CHECKDEP NOCLEARLOG
[2017.04.19-04.40.01:411][  0]MapCheck: 信息 地图检测完成：0个错误，0 个警告，用时110.577毫秒完成。
[2017.04.19-04.40.01:411][  0]LogFileHelpers: Loading map 'UIMap' took 1.297
[2017.04.19-04.40.02:009][  0]LogStats:Warning: MetaData mismatch. Did you assign a stat to two groups? New //STATGROUP_Threads//SplashScreenThread///Thread_1570_0///####STATCAT_Advanced#### old //STATGROUP_Threads//SplashScreenThread///Thread_1230_0///####STATCAT_Advanced####
[2017.04.19-04.40.02:009][  0]LogCollectionManager: Loaded 1 collections in 0.004985 seconds
[2017.04.19-04.40.02:156][  0]LogFileCache: Scanning file cache for directory 'C:/Users/jicheng/Desktop/Zombie-City-master/ZombieCity/Saved/Collections/' took 0.01s
[2017.04.19-04.40.02:156][  0]LogFileCache: Scanning file cache for directory 'C:/Users/jicheng/Desktop/Zombie-City-master/ZombieCity/Content/Developers/wanly102/Collections/' took 0.01s
[2017.04.19-04.40.02:156][  0]LogFileCache: Scanning file cache for directory 'C:/Users/jicheng/Desktop/Zombie-City-master/ZombieCity/Content/Collections/' took 0.01s
[2017.04.19-04.40.02:156][  0]LogCollectionManager: Rebuilt the GUID cache for 1 collections in 0.000005 seconds
[2017.04.19-04.40.02:156][  0]LogCollectionManager: Rebuilt the hierarchy cache for 1 collections in 0.000001 seconds
[2017.04.19-04.40.02:171][  0]LogContentBrowser: Native class hierarchy populated in 0.0148 seconds. Added 2245 classes and 453 folders.
[2017.04.19-04.40.02:177][  0]LogStats: UGameplayTagsManager::ConstructGameplayTagTree: Construct from data asset -  0.000 s
[2017.04.19-04.40.02:177][  0]LogStats: UGameplayTagsManager::ConstructGameplayTagTree: GameplayTagTreeChangedEvent.Broadcast -  0.000 s
[2017.04.19-04.40.02:327][  0]LogContentBrowser: Native class hierarchy updated for 'WidgetCarousel' in 0.0009 seconds. Added 0 classes and 0 folders.
[2017.04.19-04.40.02:517][  0]LogContentBrowser: Native class hierarchy updated for 'AddContentDialog' in 0.0010 seconds. Added 0 classes and 0 folders.
[2017.04.19-04.40.02:634][  0]LogContentBrowser: Native class hierarchy updated for 'SceneOutliner' in 0.0009 seconds. Added 1 classes and 2 folders.
[2017.04.19-04.40.02:983][  0]LogCrashTracker: Crashtracker disabled due to settings.
[2017.04.19-04.40.03:006][  0]LogUObjectGlobals:Warning: 寻找对象'Class 无.'失败
[2017.04.19-04.40.03:214][  0]LogContentBrowser: Native class hierarchy updated for 'HierarchicalLODOutliner' in 0.0007 seconds. Added 1 classes and 2 folders.
[2017.04.19-04.40.03:214][  0]LogLoad: (Engine Initialization) Total time: 171.66 seconds
[2017.04.19-04.40.03:214][  0]LogLoad: (Engine Initialization) Total Blueprint compile time: 1.20 seconds
[2017.04.19-04.40.03:214][  0]LogExternalProfiler: Found external profiler: VSPerf
[2017.04.19-04.40.03:214][  0]LogExternalProfiler: Using external profiler: VSPerf
[2017.04.19-04.40.03:568][  0]LogOcInput: OculusInput pre-init called
[2017.04.19-04.40.03:675][  0]LogContentStreaming: Texture pool size now 400 MB
[2017.04.19-04.40.03:688][  0]LogSlate: Took 0.002415 seconds to synchronously load lazily loaded font '../../../Engine/Content/Slate/Fonts/Roboto-Bold.ttf' (160K)
[2017.04.19-04.40.03:802][  0]LogSlate: Took 0.000274 seconds to synchronously load lazily loaded font '../../../Engine/Content/Editor/Slate/Fonts/FontAwesome.ttf' (139K)
[2017.04.19-04.40.03:992][  0]LogSlate: Took 0.000363 seconds to synchronously load lazily loaded font '../../../Engine/Content/Slate/Fonts/Roboto-Light.ttf' (159K)
[2017.04.19-04.40.04:082][  0]LogRenderer: Reallocating scene render targets to support 852x424 NumSamples 1 (Frame:2).
[2017.04.19-04.40.05:054][  1]LogFileCache: Retrieving MD5 hashes for directory 'C:/Users/jicheng/Desktop/Zombie-City-master/ZombieCity/Content/' took 1.47s
[2017.04.19-04.40.05:416][  2]LogSlate: Took 0.000415 seconds to synchronously load lazily loaded font '../../../Engine/Content/Slate/Fonts/Roboto-Light.ttf' (159K)
[2017.04.19-04.40.06:386][  5]LogAssetRegistry: Asset discovery search completed in 124.4391 seconds
[2017.04.19-04.40.06:386][  5]LogCollectionManager: Rebuilt the object cache for 1 collections in 0.000013 seconds (found 0 objects)
[2017.04.19-04.40.06:386][  5]LogCollectionManager: Fixed up redirectors for 1 collections in 0.000040 seconds (updated 0 objects)
[2017.04.19-04.40.12:910][185]LogSlate: Took 0.000257 seconds to synchronously load lazily loaded font '../../../Engine/Content/Slate/Fonts/Roboto-Light.ttf' (159K)
[2017.04.19-04.40.13:303][185]LogAIModule: Creating AISystem for world MainMap
[2017.04.19-04.40.13:418][185]Cmd: MAP LOAD FILE="../../../../../../Users/jicheng/Desktop/Zombie-City-master/ZombieCity/Content/ZombieCity/Maps/MainMap.umap" TEMPLATE=0 SHOWPROGRESS=1 FEATURELEVEL=3
[2017.04.19-04.40.13:418][185]LightingResults: New page: 光照构建
[2017.04.19-04.40.13:420][185]LoadErrors: New page: 正在加载地图： MainMap.umap
[2017.04.19-04.40.13:421][185]MapCheck: New page: 地图检测
[2017.04.19-04.40.13:421][185]LightingResults: New page: 光照构建
[2017.04.19-04.40.13:750][185]LogEditorServer: Finished looking for orphan Actors (0.000 secs)
[2017.04.19-04.40.13:792][185]Cmd: MAP CHECKDEP NOCLEARLOG
[2017.04.19-04.40.13:845][185]MapCheck: 信息 地图检测完成：0个错误，0 个警告，用时52.606毫秒完成。
[2017.04.19-04.40.13:845][185]LogFileHelpers: Loading map 'MainMap' took 0.452
[2017.04.19-04.40.25:992][833]LogEditorViewport: Clicking on Actor (LMB): StaticMeshActor (Floor)
[2017.04.19-04.40.53:209][169]LogEditorViewport: Clicking on Actor (LMB): StaticMeshActor (Floor)
[2017.04.19-04.41.53:578][140]LogEditorViewport: Clicking on Actor (LMB): BP_Sky_Sphere_C (SkyShereBlueprint)
[2017.04.19-04.42.06:850][799]LogEditorViewport: Clicking on Actor (LMB): BP_Sky_Sphere_C (SkyShereBlueprint)
[2017.04.19-04.42.12:662][ 99]LogRenderer: Reallocating scene render targets to support 924x424 NumSamples 1 (Frame:6033).
[2017.04.19-04.42.12:768][100]LogRenderer: Reallocating scene render targets to support 988x424 NumSamples 1 (Frame:6035).
[2017.04.19-04.42.12:871][101]LogRenderer: Reallocating scene render targets to support 1044x424 NumSamples 1 (Frame:6037).
[2017.04.19-04.42.12:985][102]LogRenderer: Reallocating scene render targets to support 1056x424 NumSamples 1 (Frame:6039).
[2017.04.19-04.42.17:315][325]LogRenderer: Reallocating scene render targets to support 1056x428 NumSamples 1 (Frame:6242).
[2017.04.19-04.42.17:452][326]LogRenderer: Reallocating scene render targets to support 1056x448 NumSamples 1 (Frame:6244).
[2017.04.19-04.42.17:563][327]LogRenderer: Reallocating scene render targets to support 1056x516 NumSamples 1 (Frame:6246).
[2017.04.19-04.42.17:703][328]LogRenderer: Reallocating scene render targets to support 1056x548 NumSamples 1 (Frame:6248).
[2017.04.19-04.42.17:825][329]LogRenderer: Reallocating scene render targets to support 1056x576 NumSamples 1 (Frame:6250).
[2017.04.19-04.42.17:901][330]LogRenderer: Reallocating scene render targets to support 1056x616 NumSamples 1 (Frame:6252).
[2017.04.19-04.42.17:981][331]LogRenderer: Reallocating scene render targets to support 1056x624 NumSamples 1 (Frame:6254).
[2017.04.19-04.42.49:176][355]LogContentBrowser: Native class hierarchy updated for 'BlueprintGraph' in 0.0023 seconds. Added 112 classes and 0 folders.
[2017.04.19-04.42.51:560][355]LogSlate: Took 0.003490 seconds to synchronously load lazily loaded font '../../../Engine/Content/Editor/Slate/Fonts/Roboto-BoldCondensed.ttf' (158K)
[2017.04.19-04.44.34:603][930]LogEditorViewport: Clicking on Actor (LMB): StaticMeshActor (Floor)
[2017.04.19-04.44.39:843][252]LogEditorViewport: Clicking on Actor (LMB): StaticMeshActor (Floor)
[2017.04.19-04.44.40:620][294]LogEditorViewport: Clicking on Actor (LMB): StaticMeshActor (Floor)
[2017.04.19-04.44.49:337][953]LogSlate: Took 0.020607 seconds to synchronously load lazily loaded font '../../../Engine/Content/Editor/Slate/Fonts/Roboto-Italic.ttf' (157K)
[2017.04.19-04.47.03:390][ 37]LogEditorViewport: Clicking on Actor (LMB): StaticMeshActor (Floor)
[2017.04.19-04.47.04:257][ 84]LogEditorViewport: Clicking on Actor (LMB): StaticMeshActor (Floor)
[2017.04.19-04.47.06:133][194]LogEditorViewport: Clicking on Actor (LMB): StaticMeshActor (Floor)
[2017.04.19-04.47.08:460][326]LogEditorViewport: Clicking on Actor (LMB): TriggerVolume (TriggerVolume)
[2017.04.19-04.47.19:034][957]LogEditorViewport: Clicking on Actor (LMB): NewBlueprint_C (NewBlueprint)
[2017.04.19-04.47.23:294][124]LogEditorViewport: Clicking on Actor (LMB): NewBlueprint_C (NewBlueprint)
[2017.04.19-04.49.32:279][346]BlueprintLog: New page: 编译MainMap
[2017.04.19-04.49.39:861][842]LogTemp: Repeting last play command: 独立窗口运行
[2017.04.19-04.49.40:667][842]LogSavePackage: Save=385.66ms
[2017.04.19-04.49.40:667][842]LogSavePackage: Moving '../../../../../../Users/jicheng/Desktop/Zombie-City-master/ZombieCity/Saved/UEDPCMainMap692AED024396AAC0BEDD729BDBF72CD8.tmp' to '../../../../../../Users/jicheng/Desktop/Zombie-City-master/ZombieCity/Saved/Autosaves/Game/ZombieCity/Maps/UEDPCMainMap.umap'
[2017.04.19-04.49.40:683][842]LogSavePackage:Display: Finished SavePackage ../../../../../../Users/jicheng/Desktop/Zombie-City-master/ZombieCity/Saved/Autosaves/Game/ZombieCity/Maps/UEDPCMainMap.umap
[2017.04.19-04.49.41:533][842]LogSavePackage: Save=701.54ms
[2017.04.19-04.49.41:533][842]LogSavePackage: Moving '../../../../../../Users/jicheng/Desktop/Zombie-City-master/ZombieCity/Saved/MainMap_BuiltData49424E7E4D5A4DBAD7FE428341779592.tmp' to '../../../../../../Users/jicheng/Desktop/Zombie-City-master/ZombieCity/Content/ZombieCity/Maps/MainMap_BuiltData.uasset'
[2017.04.19-04.49.41:543][842]LogSavePackage:Display: Finished SavePackage ../../../../../../Users/jicheng/Desktop/Zombie-City-master/ZombieCity/Content/ZombieCity/Maps/MainMap_BuiltData.uasset
[2017.04.19-04.49.41:544][842]LogSlate: Took 0.000260 seconds to synchronously load lazily loaded font '../../../Engine/Content/Slate/Fonts/Roboto-Regular.ttf' (155K)
[2017.04.19-04.49.41:560][842]LogEditorTransaction: Undo Spawn Play From Here Start
[2017.04.19-04.50.13:695][218]LogSavePackage: Save=295.82ms
[2017.04.19-04.50.13:695][218]LogSavePackage: Moving '../../../../../../Users/jicheng/Desktop/Zombie-City-master/ZombieCity/Saved/MainMap_Auto1CB2532D34593850B418EBD9A352ED8FA.tmp' to '../../../../../../Users/jicheng/Desktop/Zombie-City-master/ZombieCity/Saved/Autosaves/Game/ZombieCity/Maps/MainMap_Auto1.umap'
[2017.04.19-04.50.13:710][218]LogSavePackage:Display: Finished SavePackage ../../../../../../Users/jicheng/Desktop/Zombie-City-master/ZombieCity/Saved/Autosaves/Game/ZombieCity/Maps/MainMap_Auto1.umap
[2017.04.19-04.50.13:722][218]LogFileHelpers: Editor autosave (incl. sublevels) for '/Game/ZombieCity/Maps/MainMap' took 0.434
[2017.04.19-04.50.13:722][218]LogFileHelpers: Editor autosave (incl. sublevels) for all levels took 0.434
[2017.04.19-04.51.22:471][961]LogEditorViewport: Clicking on Actor (LMB): NavMeshBoundsVolume (NavMeshBoundsVolume2)
[2017.04.19-04.51.42:262][795]LogEditorViewport: Clicking on Actor (LMB): StaticMeshActor (Floor)
[2017.04.19-04.51.44:447][879]LogTemp: Repeting last play command: 独立窗口运行
[2017.04.19-04.51.45:024][879]LogSavePackage: Save=239.92ms
[2017.04.19-04.51.45:025][879]LogSavePackage: Moving '../../../../../../Users/jicheng/Desktop/Zombie-City-master/ZombieCity/Saved/UEDPCMainMapA3AA8B724389848C54770698084DE5F2.tmp' to '../../../../../../Users/jicheng/Desktop/Zombie-City-master/ZombieCity/Saved/Autosaves/Game/ZombieCity/Maps/UEDPCMainMap.umap'
[2017.04.19-04.51.45:034][879]LogFileManager:Warning: DeleteFile was unable to delete '../../../../../../Users/jicheng/Desktop/Zombie-City-master/ZombieCity/Saved/Autosaves/Game/ZombieCity/Maps/UEDPCMainMap.umap', retrying in .5s...
[2017.04.19-04.51.45:536][879]LogFileManager:Warning: DeleteFile recovered during retry!
[2017.04.19-04.51.45:544][879]LogSavePackage:Display: Finished SavePackage ../../../../../../Users/jicheng/Desktop/Zombie-City-master/ZombieCity/Saved/Autosaves/Game/ZombieCity/Maps/UEDPCMainMap.umap
[2017.04.19-04.51.46:396][879]LogSavePackage: Save=771.93ms
[2017.04.19-04.51.46:396][879]LogSavePackage: Moving '../../../../../../Users/jicheng/Desktop/Zombie-City-master/ZombieCity/Saved/MainMap_BuiltData8197CBD44816B6F3B702AC89A4590D5E.tmp' to '../../../../../../Users/jicheng/Desktop/Zombie-City-master/ZombieCity/Content/ZombieCity/Maps/MainMap_BuiltData.uasset'
[2017.04.19-04.51.46:421][879]LogSavePackage:Display: Finished SavePackage ../../../../../../Users/jicheng/Desktop/Zombie-City-master/ZombieCity/Content/ZombieCity/Maps/MainMap_BuiltData.uasset
[2017.04.19-04.51.46:444][879]LogEditorTransaction: Undo Spawn Play From Here Start
[2017.04.19-04.52.34:323][385]MapCheck: New page: 地图检测
[2017.04.19-04.52.34:475][385]LightingResults: New page: 光照构建-  2017年4月19日 下午11:52:34
[2017.04.19-04.52.34:895][385]LogSwarmInterface: [OpenConnection] Registering TCP channel ...
[2017.04.19-04.52.35:227][385]LogSwarmInterface: [OpenConnection] Connecting to agent ...
[2017.04.19-04.52.35:291][385]LogSwarmInterface: [TryOpenConnection] Testing the Agent
[2017.04.19-04.52.37:456][385]LogSwarmInterface: [TryOpenConnection] Opening Connection to Agent
[2017.04.19-04.52.37:456][385]LogSwarmInterface: [TryOpenConnection] Local Process ID is 16468
[2017.04.19-04.52.43:608][385]LogStaticLightingSystem:Warning: No importance volume found, so the scene bounding box was used.  You can optimize your scene's quality and lighting build times by adding importance volumes.
[2017.04.19-04.52.43:609][385]LogStaticLightingSystem: Running Lightmass w/ ImmediateImport mode ENABLED
[2017.04.19-04.52.43:609][385]LogStaticLightingSystem: Running Lightmass w/ ImmediateProcess mode ENABLED
[2017.04.19-04.52.43:609][385]LogStaticLightingSystem: Running Lightmass w/ Sorting mode ENABLED
[2017.04.19-04.52.43:609][385]LogStaticLightingSystem: Running Lightmass w/ Mapping paddings ENABLED
[2017.04.19-04.52.43:609][385]LogStaticLightingSystem: Running Lightmass w/ Mapping debug paddings DISABLED
[2017.04.19-04.52.44:556][385]LogEditorBuildUtils: Build time 0:10
[2017.04.19-04.52.52:472][588]LogEditorViewport: Clicking on Actor (LMB): StaticMeshActor (Floor)
[2017.04.19-04.52.52:897][608]LogEditorViewport: Clicking on Actor (context menu): StaticMeshActor (Floor)
[2017.04.19-04.52.53:913][647]LogEditorViewport: Clicking on Actor (LMB): BP_Sky_Sphere_C (SkyShereBlueprint)
[2017.04.19-04.52.55:324][706]LogEditorViewport: Clicking on Actor (LMB): StaticMeshActor (Floor)
[2017.04.19-04.53.12:787][752]Job is a success!
[2017.04.19-04.53.14:416][753]LogTexture:Display: Building textures: SkyOcclusion0_1 (AutoDXT, 1024X512) - 92 MB total VRAM
[2017.04.19-04.53.14:416][753]LogTexture:Display: Building textures: HQ_Lightmap0_1 (AutoDXT, 1024X1024) - 92 MB total VRAM
[2017.04.19-04.53.14:416][753]LogTexture:Display: Building textures: LQ_Lightmap_0_1 (DXT1, 1024X1024) - 92 MB total VRAM
[2017.04.19-04.53.14:416][753]LogTexture:Display: Building textures: SkyOcclusion0_2 (AutoDXT, 128X64) - 92 MB total VRAM
[2017.04.19-04.53.14:416][753]LogTexture:Display: Building textures: HQ_Lightmap0_2 (AutoDXT, 128X128) - 92 MB total VRAM
[2017.04.19-04.53.14:416][753]LogTexture:Display: Building textures: LQ_Lightmap_0_2 (DXT1, 128X128) - 92 MB total VRAM
[2017.04.19-04.53.14:416][753]LogTexture:Display: Building textures: SkyOcclusion0_3 (AutoDXT, 64X32) - 92 MB total VRAM
[2017.04.19-04.53.14:416][753]LogTexture:Display: Building textures: HQ_Lightmap0_3 (AutoDXT, 64X64) - 92 MB total VRAM
[2017.04.19-04.53.14:416][753]LogTexture:Display: Building textures: LQ_Lightmap_0_3 (DXT1, 64X64) - 92 MB total VRAM
[2017.04.19-04.53.15:071][753]LogTexture:Display: Building textures: ShadowMapTexture2D_2 (G8, 1024X1024) - 92 MB total VRAM
[2017.04.19-04.53.15:072][753]LogTexture:Display: Building textures: ShadowMapTexture2D_3 (G8, 32X32) - 92 MB total VRAM
[2017.04.19-04.53.15:212][753]Lightmass on LIZHANG: 27.1 sec total, 4.91 sec importing, 3 ms setup, 3.68 sec photons, 17.9 sec processing, 0 ms extra exporting [8/8 mappings]. Threads: 1:11 min total, 42.6 sec processing.
[2017.04.19-04.53.15:284][753]LogStaticLightingSystem: Illumination: 40.7 sec (1.46 sec encoding lightmaps, 682 ms encoding shadowmaps)
[2017.04.19-04.53.15:284][753]LogStaticLightingSystem: Lightmap texture memory:  2.7 MB (2.7 MB streaming, 0.0 MB non-streaming), 6 textures
[2017.04.19-04.53.15:284][753]LogStaticLightingSystem: Shadowmap texture memory: 1.3 MB (1.3 MB streaming, 0.0 MB non-streaming), 2 textures
[2017.04.19-04.53.15:621][753]DumpUnbuiltLightIteractions
[2017.04.19-04.53.15:621][753]Lights with unbuilt interactions: 0
[2017.04.19-04.53.15:621][753]
[2017.04.19-04.53.15:621][753]Primitives with unbuilt interactions: 0
[2017.04.19-04.53.15:641][754]Cmd: MAP CHECK NOTIFYRESULTS
[2017.04.19-04.53.15:642][754]MapCheck: New page: MainMap - 2017年4月19日 下午11:53:15
[2017.04.19-04.53.16:150][754]MapCheck: 信息 地图检测完成：0个错误，0 个警告，用时508.769毫秒完成。
[2017.04.19-04.53.22:271][304]LogTemp: Repeting last play command: 独立窗口运行
[2017.04.19-04.53.22:743][304]LogSavePackage: Save=242.01ms
[2017.04.19-04.53.22:743][304]LogSavePackage: Moving '../../../../../../Users/jicheng/Desktop/Zombie-City-master/ZombieCity/Saved/UEDPCMainMap33DA145A401788236E8A88A0151E9B70.tmp' to '../../../../../../Users/jicheng/Desktop/Zombie-City-master/ZombieCity/Saved/Autosaves/Game/ZombieCity/Maps/UEDPCMainMap.umap'
[2017.04.19-04.53.22:762][304]LogSavePackage:Display: Finished SavePackage ../../../../../../Users/jicheng/Desktop/Zombie-City-master/ZombieCity/Saved/Autosaves/Game/ZombieCity/Maps/UEDPCMainMap.umap
[2017.04.19-04.53.23:263][304]LogSavePackage: Save=429.60ms
[2017.04.19-04.53.23:263][304]LogSavePackage: Moving '../../../../../../Users/jicheng/Desktop/Zombie-City-master/ZombieCity/Saved/MainMap_BuiltDataD2DF786145EB21B4F9CEC28DDABECB4F.tmp' to '../../../../../../Users/jicheng/Desktop/Zombie-City-master/ZombieCity/Content/ZombieCity/Maps/MainMap_BuiltData.uasset'
[2017.04.19-04.53.23:279][304]LogSavePackage:Display: Finished SavePackage ../../../../../../Users/jicheng/Desktop/Zombie-City-master/ZombieCity/Content/ZombieCity/Maps/MainMap_BuiltData.uasset
[2017.04.19-04.53.23:287][304]LogEditorTransaction: Undo Spawn Play From Here Start
[2017.04.19-04.54.35:730][653]LogEditorViewport: Clicking on Actor (LMB): StaticMeshActor (Wall6)
[2017.04.19-04.54.36:183][668]LogEditorViewport: Clicking on Actor (LMB): StaticMeshActor (Floor)
[2017.04.19-04.54.37:274][720]LogEditorViewport: Clicking on Actor (LMB): StaticMeshActor (Wall6)
[2017.04.19-04.54.49:315][354]Cmd: TRANSACTION UNDO
[2017.04.19-04.54.49:315][354]LogEditorTransaction: Undo 缩放Actor
[2017.04.19-04.55.54:240][851]LogEditorViewport: Clicking on Actor (context menu): StaticMeshActor (Floor)
[2017.04.19-04.56.00:888][154]LogEditorViewport: Clicking on Actor (LMB): StaticMeshActor (Floor)
[2017.04.19-04.56.01:937][207]LogEditorViewport: Clicking on Actor (LMB): StaticMeshActor (Floor)
[2017.04.19-04.56.10:122][729]LogEditorViewport: Clicking on Actor (LMB): StaticMeshActor (Floor)
[2017.04.19-04.56.10:938][770]Cmd: TRANSACTION UNDO
[2017.04.19-04.56.10:938][770]LogEditorTransaction: Undo 点击Actor
[2017.04.19-04.56.11:508][784]Cmd: TRANSACTION UNDO
[2017.04.19-04.56.11:508][784]LogEditorTransaction: Undo 点击Actor
[2017.04.19-04.56.12:591][832]Cmd: TRANSACTION UNDO
[2017.04.19-04.56.12:591][832]LogEditorTransaction: Undo 点击Actor
[2017.04.19-04.56.13:157][855]Cmd: TRANSACTION UNDO
[2017.04.19-04.56.13:157][855]LogEditorTransaction: Undo 点击Actor（关联菜单）
[2017.04.19-04.56.13:833][888]Cmd: TRANSACTION UNDO
[2017.04.19-04.56.13:833][888]LogEditorTransaction: Undo 点击Actor
[2017.04.19-04.56.14:393][910]Cmd: TRANSACTION UNDO
[2017.04.19-04.56.14:393][910]LogEditorTransaction: Undo 点击Actor
[2017.04.19-04.56.14:835][930]Cmd: TRANSACTION UNDO
[2017.04.19-04.56.14:835][930]LogEditorTransaction: Undo 点击Actor
[2017.04.19-04.56.15:131][944]Cmd: TRANSACTION UNDO
[2017.04.19-04.56.15:131][944]LogEditorTransaction: Undo 点击Actor
[2017.04.19-04.56.15:622][964]Cmd: TRANSACTION UNDO
[2017.04.19-04.56.15:622][964]LogEditorTransaction: Undo 创建引脚连接
[2017.04.19-04.56.15:903][976]Cmd: TRANSACTION UNDO
[2017.04.19-04.56.15:904][976]LogEditorTransaction: Undo 创建引脚连接
[2017.04.19-04.56.16:167][990]Cmd: TRANSACTION UNDO
[2017.04.19-04.56.16:167][990]LogEditorTransaction: Undo 创建引脚连接
[2017.04.19-04.56.16:864][ 25]Cmd: TRANSACTION UNDO
[2017.04.19-04.56.16:864][ 25]LogEditorTransaction: Undo 创建引脚连接
[2017.04.19-04.56.17:092][ 32]Cmd: TRANSACTION UNDO
[2017.04.19-04.56.17:092][ 32]LogEditorTransaction: Undo 创建引脚连接
[2017.04.19-04.56.17:295][ 43]Cmd: TRANSACTION UNDO
[2017.04.19-04.56.17:295][ 43]LogEditorTransaction: Undo 创建引脚连接
[2017.04.19-04.56.26:059][498]LogEditorViewport: Clicking on Actor (LMB): StaticMeshActor (Floor)
[2017.04.19-04.56.48:959][658]LogEditorViewport: Clicking on Actor (LMB): BP_Sky_Sphere_C (SkyShereBlueprint)
[2017.04.19-04.56.51:340][774]LogEditorViewport: Clicking on Actor (LMB): BP_Sky_Sphere_C (SkyShereBlueprint)
[2017.04.19-04.56.52:365][819]LogEditorViewport: Clicking on Actor (LMB): StaticMeshActor (Floor)
[2017.04.19-04.56.53:497][869]Cmd: TRANSACTION UNDO
[2017.04.19-04.56.53:497][869]LogEditorTransaction: Undo 点击Actor
[2017.04.19-04.56.53:734][879]Cmd: TRANSACTION UNDO
[2017.04.19-04.56.53:734][879]LogEditorTransaction: Undo 点击Actor
[2017.04.19-04.56.53:897][887]Cmd: TRANSACTION UNDO
[2017.04.19-04.56.53:897][887]LogEditorTransaction: Undo 点击Actor
[2017.04.19-04.56.54:121][891]Cmd: TRANSACTION UNDO
[2017.04.19-04.56.54:121][891]LogEditorTransaction: Undo 移动Actor
[2017.04.19-04.56.54:305][895]Cmd: TRANSACTION UNDO
[2017.04.19-04.56.54:305][895]LogEditorTransaction: Undo 缩放Actor
[2017.04.19-04.56.54:571][904]Cmd: TRANSACTION UNDO
[2017.04.19-04.56.54:571][904]LogEditorTransaction: Undo 缩放Actor
[2017.04.19-04.56.54:772][911]Cmd: TRANSACTION UNDO
[2017.04.19-04.56.54:772][911]LogEditorTransaction: Undo 缩放Actor
[2017.04.19-04.56.54:967][918]Cmd: TRANSACTION UNDO
[2017.04.19-04.56.54:967][918]LogEditorTransaction: Undo 点击Actor
[2017.04.19-04.56.56:939][990]LogEditorViewport: Clicking on Actor (LMB): BP_Sky_Sphere_C (SkyShereBlueprint)
[2017.04.19-04.56.58:960][ 75]LogEditorViewport: Clicking on Actor (LMB): TriggerVolume (TriggerVolume)
[2017.04.19-04.56.59:426][ 91]LogEditorViewport: Clicking on Actor (LMB): TriggerVolume (TriggerVolume)
[2017.04.19-04.57.31:378][729]BlueprintLog: New page: 编译MainMap
[2017.04.19-04.57.36:368][ 99]LogTemp: Repeting last play command: 独立窗口运行
[2017.04.19-04.57.37:002][ 99]LogSavePackage: Save=344.18ms
[2017.04.19-04.57.37:002][ 99]LogSavePackage: Moving '../../../../../../Users/jicheng/Desktop/Zombie-City-master/ZombieCity/Saved/UEDPCMainMap8450521E4E81960A8E9B9BAC59B7B78C.tmp' to '../../../../../../Users/jicheng/Desktop/Zombie-City-master/ZombieCity/Saved/Autosaves/Game/ZombieCity/Maps/UEDPCMainMap.umap'
[2017.04.19-04.57.37:010][ 99]LogSavePackage:Display: Finished SavePackage ../../../../../../Users/jicheng/Desktop/Zombie-City-master/ZombieCity/Saved/Autosaves/Game/ZombieCity/Maps/UEDPCMainMap.umap
[2017.04.19-04.57.37:490][ 99]LogSavePackage: Save=433.40ms
[2017.04.19-04.57.37:490][ 99]LogSavePackage: Moving '../../../../../../Users/jicheng/Desktop/Zombie-City-master/ZombieCity/Saved/MainMap_BuiltData0576C120456A42FE835DDC96BF07E310.tmp' to '../../../../../../Users/jicheng/Desktop/Zombie-City-master/ZombieCity/Content/ZombieCity/Maps/MainMap_BuiltData.uasset'
[2017.04.19-04.57.37:501][ 99]LogSavePackage:Display: Finished SavePackage ../../../../../../Users/jicheng/Desktop/Zombie-City-master/ZombieCity/Content/ZombieCity/Maps/MainMap_BuiltData.uasset
[2017.04.19-04.57.37:510][ 99]LogEditorTransaction: Undo Spawn Play From Here Start
[2017.04.19-05.00.14:746][427]LogRenderer: Reallocating scene render targets to support 1056x640 NumSamples 1 (Frame:20766).
[2017.04.19-05.01.34:902][438]LogSavePackage: Save=355.46ms
[2017.04.19-05.01.34:903][438]LogSavePackage: Moving '../../../../../../Users/jicheng/Desktop/Zombie-City-master/ZombieCity/Saved/MainMap_Auto29D68DF6843FCED4E6BA1E2B51B3482C4.tmp' to '../../../../../../Users/jicheng/Desktop/Zombie-City-master/ZombieCity/Saved/Autosaves/Game/ZombieCity/Maps/MainMap_Auto2.umap'
[2017.04.19-05.01.34:917][438]LogSavePackage:Display: Finished SavePackage ../../../../../../Users/jicheng/Desktop/Zombie-City-master/ZombieCity/Saved/Autosaves/Game/ZombieCity/Maps/MainMap_Auto2.umap
[2017.04.19-05.01.34:929][438]LogFileHelpers: Editor autosave (incl. sublevels) for '/Game/ZombieCity/Maps/MainMap' took 3.792
[2017.04.19-05.01.34:929][438]LogFileHelpers: Editor autosave (incl. sublevels) for all levels took 3.792
[2017.04.19-05.01.50:579][685]LogSavePackage: Save=275.57ms
[2017.04.19-05.01.50:579][685]LogSavePackage: Moving '../../../../../../Users/jicheng/Desktop/Zombie-City-master/ZombieCity/Saved/MainMap434D777F4A7EBB7F1D8276859B6B3ABD.tmp' to '../../../../../../Users/jicheng/Desktop/Zombie-City-master/ZombieCity/Content/ZombieCity/Maps/MainMap.umap'
[2017.04.19-05.01.50:601][685]LogSavePackage:Display: Finished SavePackage ../../../../../../Users/jicheng/Desktop/Zombie-City-master/ZombieCity/Content/ZombieCity/Maps/MainMap.umap
[2017.04.19-05.01.51:145][685]LogSavePackage: Save=426.78ms
[2017.04.19-05.01.51:145][685]LogSavePackage: Moving '../../../../../../Users/jicheng/Desktop/Zombie-City-master/ZombieCity/Saved/MainMap_BuiltData1B87B00843E474BBC9799486978FBAC2.tmp' to '../../../../../../Users/jicheng/Desktop/Zombie-City-master/ZombieCity/Content/ZombieCity/Maps/MainMap_BuiltData.uasset'
[2017.04.19-05.01.51:153][685]LogSavePackage:Display: Finished SavePackage ../../../../../../Users/jicheng/Desktop/Zombie-City-master/ZombieCity/Content/ZombieCity/Maps/MainMap_BuiltData.uasset
[2017.04.19-05.01.53:185][771]LogWindowsTextInputMethodSystem:Display: IME system now activated using TSF (搜狗拼音输入法).
[2017.04.19-05.01.53:187][771]LogWindowsTextInputMethodSystem:Display: IME system now activated using TSF (搜狗拼音输入法).
[2017.04.19-05.01.53:219][771]LogWindowsTextInputMethodSystem:Display: IME system now activated using TSF (搜狗拼音输入法).
[2017.04.19-05.01.53:222][771]LogWindowsTextInputMethodSystem:Display: IME system now activated using TSF (搜狗拼音输入法).
[2017.04.19-05.01.53:674][772]Cmd: QUIT_EDITOR
[2017.04.19-05.01.53:773][772]LogWindowsTextInputMethodSystem:Display: IME system now activated using TSF (搜狗拼音输入法).
[2017.04.19-05.01.53:775][772]LogWindowsTextInputMethodSystem:Display: IME system now activated using TSF (搜狗拼音输入法).
[2017.04.19-05.01.53:823][772]LogExit: Preparing to exit.
[2017.04.19-05.01.54:518][772]LogDirectoryWatcher: A directory notification for 'C:/Users/jicheng/Desktop/Zombie-City-master/ZombieCity/Content/' was aborted.
[2017.04.19-05.01.54:605][772]LogExit: Editor shut down
[2017.04.19-05.01.54:606][772]LogExit: Transaction tracking system shut down
[2017.04.19-05.01.54:777][772]LogObj: Freed 0b from 0 cluster array pools.
[2017.04.19-05.01.54:777][772]LogExit: Object subsystem successfully closed.
[2017.04.19-05.01.54:797][772]LogD3D11RHI: Shutdown
[2017.04.19-05.01.54:797][772]LogD3D11RHI: CleanupD3DDevice
[2017.04.19-05.01.55:344][772]LogD3D11RHI: ~FD3D11DynamicRHI
[2017.04.19-05.01.55:386][772]LogModuleManager: Shutting down and abandoning module BlueprintGraph (502)
[2017.04.19-05.01.55:387][772]LogModuleManager: Shutting down and abandoning module BlueprintProfiler (500)
[2017.04.19-05.01.55:387][772]LogModuleManager: Shutting down and abandoning module HierarchicalLODOutliner (498)
[2017.04.19-05.01.55:387][772]LogModuleManager: Shutting down and abandoning module CrashTracker (496)
[2017.04.19-05.01.55:387][772]LogModuleManager: Shutting down and abandoning module SceneOutliner (494)
[2017.04.19-05.01.55:387][772]LogModuleManager: Shutting down and abandoning module AddContentDialog (492)
[2017.04.19-05.01.55:387][772]LogDirectoryWatcher: A directory notification for 'C:/Program Files (x86)/Epic Games/4.15/FeaturePacks/' was aborted.
[2017.04.19-05.01.55:390][772]LogModuleManager: Shutting down and abandoning module WidgetCarousel (491)
[2017.04.19-05.01.55:390][772]LogModuleManager: Shutting down and abandoning module EditorWidgets (488)
[2017.04.19-05.01.55:390][772]LogModuleManager: Shutting down and abandoning module CollectionManager (486)
[2017.04.19-05.01.55:390][772]LogDirectoryWatcher: A directory notification for 'C:/Users/jicheng/Desktop/Zombie-City-master/ZombieCity/Content/Collections/' was aborted.
[2017.04.19-05.01.55:391][772]LogDirectoryWatcher: A directory notification for 'C:/Users/jicheng/Desktop/Zombie-City-master/ZombieCity/Content/Developers/wanly102/Collections/' was aborted.
[2017.04.19-05.01.55:391][772]LogDirectoryWatcher: A directory notification for 'C:/Users/jicheng/Desktop/Zombie-City-master/ZombieCity/Saved/Collections/' was aborted.
[2017.04.19-05.01.55:391][772]LogModuleManager: Shutting down and abandoning module StatsViewer (484)
[2017.04.19-05.01.55:391][772]LogModuleManager: Shutting down and abandoning module FoliageEdit (482)
[2017.04.19-05.01.55:391][772]LogModuleManager: Shutting down and abandoning module LandscapeEditor (480)
[2017.04.19-05.01.55:392][772]LogModuleManager: Shutting down and abandoning module SceneDepthPickerMode (478)
[2017.04.19-05.01.55:392][772]LogModuleManager: Shutting down and abandoning module ActorPickerMode (476)
[2017.04.19-05.01.55:392][772]LogModuleManager: Shutting down and abandoning module GeometryMode (474)
[2017.04.19-05.01.55:392][772]LogModuleManager: Shutting down and abandoning module TextureAlignMode (472)
[2017.04.19-05.01.55:392][772]LogModuleManager: Shutting down and abandoning module BspMode (470)
[2017.04.19-05.01.55:392][772]LogModuleManager: Shutting down and abandoning module HardwareSurvey (468)
[2017.04.19-05.01.55:392][772]LogModuleManager: Shutting down and abandoning module SequenceRecorderSections (466)
[2017.04.19-05.01.55:392][772]LogModuleManager: Shutting down and abandoning module AutomationWorker (464)
[2017.04.19-05.01.55:392][772]LogModuleManager: Shutting down and abandoning module MatineeToLevelSequence (462)
[2017.04.19-05.01.55:392][772]LogModuleManager: Shutting down and abandoning module LevelSequenceEditor (460)
[2017.04.19-05.01.55:392][772]LogModuleManager: Shutting down and abandoning module PlacementMode (459)
[2017.04.19-05.01.55:392][772]LogModuleManager: Shutting down and abandoning module WmfMediaFactory (456)
[2017.04.19-05.01.55:392][772]LogModuleManager: Shutting down and abandoning module WmfMediaEditor (454)
[2017.04.19-05.01.55:392][772]LogModuleManager: Shutting down and abandoning module MfMediaFactory (452)
[2017.04.19-05.01.55:392][772]LogModuleManager: Shutting down and abandoning module MfMediaEditor (450)
[2017.04.19-05.01.55:392][772]LogModuleManager: Shutting down and abandoning module AvfMediaFactory (448)
[2017.04.19-05.01.55:393][772]LogModuleManager: Shutting down and abandoning module AvfMediaEditor (446)
[2017.04.19-05.01.55:393][772]LogModuleManager: Shutting down and abandoning module AndroidMediaFactory (444)
[2017.04.19-05.01.55:393][772]LogModuleManager: Shutting down and abandoning module Media (443)
[2017.04.19-05.01.55:393][772]LogModuleManager: Shutting down and abandoning module AndroidMediaEditor (440)
[2017.04.19-05.01.55:393][772]LogModuleManager: Shutting down and abandoning module CharacterAI (438)
[2017.04.19-05.01.55:393][772]LogModuleManager: Shutting down and abandoning module AudioCapture (436)
[2017.04.19-05.01.55:393][772]LogModuleManager: Shutting down and abandoning module SequenceRecorder (435)
[2017.04.19-05.01.55:393][772]LogModuleManager: Shutting down and abandoning module SmartSnapping (432)
[2017.04.19-05.01.55:393][772]LogModuleManager: Shutting down and abandoning module SessionServices (430)
[2017.04.19-05.01.55:393][772]LogModuleManager: Shutting down and abandoning module ViewportSnapping (428)
[2017.04.19-05.01.55:393][772]LogModuleManager: Shutting down and abandoning module ViewportInteraction (426)
[2017.04.19-05.01.55:393][772]LogModuleManager: Shutting down and abandoning module LogVisualizer (424)
[2017.04.19-05.01.55:396][772]LogModuleManager: Shutting down and abandoning module IntroTutorials (422)
[2017.04.19-05.01.55:396][772]LogModuleManager: Shutting down and abandoning module GameProjectGeneration (421)
[2017.04.19-05.01.55:398][772]LogModuleManager: Shutting down and abandoning module EditorLiveStreaming (418)
[2017.04.19-05.01.55:398][772]LogModuleManager: Shutting down and abandoning module IOSPlatformEditor (416)
[2017.04.19-05.01.55:398][772]LogModuleManager: Shutting down and abandoning module HTML5PlatformEditor (414)
[2017.04.19-05.01.55:398][772]LogModuleManager: Shutting down and abandoning module AndroidPlatformEditor (412)
[2017.04.19-05.01.55:399][772]LogModuleManager: Shutting down and abandoning module AndroidDeviceDetection (411)
[2017.04.19-05.01.55:823][772]LogModuleManager: Shutting down and abandoning module IOSRuntimeSettings (408)
[2017.04.19-05.01.55:823][772]LogModuleManager: Shutting down and abandoning module AndroidRuntimeSettings (406)
[2017.04.19-05.01.55:823][772]LogModuleManager: Shutting down and abandoning module InputBindingEditor (404)
[2017.04.19-05.01.55:823][772]LogModuleManager: Shutting down and abandoning module NiagaraEditor (402)
[2017.04.19-05.01.55:823][772]LogModuleManager: Shutting down and abandoning module MergeActors (400)
[2017.04.19-05.01.55:823][772]LogModuleManager: Shutting down and abandoning module SizeMap (398)
[2017.04.19-05.01.55:823][772]LogModuleManager: Shutting down and abandoning module TreeMap (396)
[2017.04.19-05.01.55:823][772]LogModuleManager: Shutting down and abandoning module ReferenceViewer (394)
[2017.04.19-05.01.55:823][772]LogModuleManager: Shutting down and abandoning module LocalizationDashboard (392)
[2017.04.19-05.01.55:823][772]LogModuleManager: Shutting down and abandoning module LocalizationService (391)
[2017.04.19-05.01.55:823][772]LogModuleManager: Shutting down and abandoning module HardwareTargeting (388)
[2017.04.19-05.01.55:823][772]LogModuleManager: Shutting down and abandoning module DeviceProfileEditor (386)
[2017.04.19-05.01.55:823][772]LogModuleManager: Shutting down and abandoning module UndoHistory (384)
[2017.04.19-05.01.55:823][772]LogModuleManager: Shutting down and abandoning module UserFeedback (382)
[2017.04.19-05.01.55:823][772]LogModuleManager: Shutting down and abandoning module XmlParser (380)
[2017.04.19-05.01.55:823][772]LogModuleManager: Shutting down and abandoning module Blutility (378)
[2017.04.19-05.01.55:823][772]LogModuleManager: Shutting down and abandoning module ProjectSettingsViewer (376)
[2017.04.19-05.01.55:823][772]LogModuleManager: Shutting down and abandoning module ProjectTargetPlatformEditor (375)
[2017.04.19-05.01.55:823][772]LogModuleManager: Shutting down and abandoning module EditorSettingsViewer (372)
[2017.04.19-05.01.55:823][772]LogModuleManager: Shutting down and abandoning module SettingsEditor (370)
[2017.04.19-05.01.55:823][772]LogModuleManager: Shutting down and abandoning module ProjectLauncher (368)
[2017.04.19-05.01.55:823][772]LogModuleManager: Shutting down and abandoning module SessionFrontend (366)
[2017.04.19-05.01.55:823][772]LogModuleManager: Shutting down and abandoning module ProfilerClient (364)
[2017.04.19-05.01.55:823][772]LogModuleManager: Shutting down and abandoning module DeviceManager (362)
[2017.04.19-05.01.55:823][772]LogModuleManager: Shutting down and abandoning module TargetDeviceServices (361)
[2017.04.19-05.01.55:867][772]LogModuleManager: Shutting down and abandoning module AutomationController (358)
[2017.04.19-05.01.55:867][772]LogModuleManager: Shutting down and abandoning module AutomationWindow (356)
[2017.04.19-05.01.55:867][772]LogModuleManager: Shutting down and abandoning module Layers (354)
[2017.04.19-05.01.55:867][772]LogModuleManager: Shutting down and abandoning module ComponentVisualizers (352)
[2017.04.19-05.01.55:867][772]LogModuleManager: Shutting down and abandoning module DetailCustomizations (350)
[2017.04.19-05.01.55:867][772]LogModuleManager: Shutting down and abandoning module PackagesDialog (348)
[2017.04.19-05.01.55:867][772]LogModuleManager: Shutting down and abandoning module Persona (346)
[2017.04.19-05.01.55:867][772]LogModuleManager: Shutting down and abandoning module AnimGraph (345)
[2017.04.19-05.01.55:867][772]LogModuleManager: Shutting down and abandoning module Kismet (342)
[2017.04.19-05.01.55:875][772]LogModuleManager: Shutting down and abandoning module GraphEditor (340)
[2017.04.19-05.01.55:875][772]LogModuleManager: Shutting down and abandoning module ClassViewer (338)
[2017.04.19-05.01.55:875][772]LogModuleManager: Shutting down and abandoning module Toolbox (336)
[2017.04.19-05.01.55:875][772]LogModuleManager: Shutting down and abandoning module ModuleUI (334)
[2017.04.19-05.01.55:875][772]LogModuleManager: Shutting down and abandoning module MovieSceneTools (332)
[2017.04.19-05.01.55:875][772]LogModuleManager: Shutting down and abandoning module OutputLog (330)
[2017.04.19-05.01.55:876][772]LogModuleManager: Shutting down and abandoning module GammaUI (328)
[2017.04.19-05.01.55:876][772]LogModuleManager: Shutting down and abandoning module Documentation (326)
[2017.04.19-05.01.55:876][772]LogModuleManager: Shutting down and abandoning module Niagara (324)
[2017.04.19-05.01.55:876][772]LogModuleManager: Shutting down and abandoning module StreamingPauseRendering (322)
[2017.04.19-05.01.55:876][772]LogModuleManager: Shutting down and abandoning module AnalyticsET (320)
[2017.04.19-05.01.55:876][772]LogModuleManager: Shutting down and abandoning module PortalServices (318)
[2017.04.19-05.01.55:876][772]LogModuleManager: Shutting down and abandoning module PortalRpc (316)
[2017.04.19-05.01.55:876][772]LogModuleManager: Shutting down and abandoning module MessagingRpc (314)
[2017.04.19-05.01.55:876][772]LogModuleManager: Shutting down and abandoning module AIModule (312)
[2017.04.19-05.01.55:876][772]LogModuleManager: Shutting down and abandoning module GameplayDebugger (311)
[2017.04.19-05.01.55:876][772]LogModuleManager: Shutting down and abandoning module AITestSuite (309)
[2017.04.19-05.01.55:876][772]LogModuleManager: Shutting down and abandoning module ProfilerService (306)
[2017.04.19-05.01.55:982][772]LogModuleManager: Shutting down and abandoning module TaskGraph (304)
[2017.04.19-05.01.55:982][772]LogModuleManager: Shutting down and abandoning module SteamVRController (302)
[2017.04.19-05.01.55:982][772]LogModuleManager: Shutting down and abandoning module SteamVR (300)
[2017.04.19-05.01.55:982][772]LogModuleManager: Shutting down and abandoning module ProceduralMeshComponentEditor (298)
[2017.04.19-05.01.55:982][772]LogModuleManager: Shutting down and abandoning module ProceduralMeshComponent (296)
[2017.04.19-05.01.55:982][772]LogModuleManager: Shutting down and abandoning module OculusLibrary (294)
[2017.04.19-05.01.55:982][772]LogModuleManager: Shutting down and abandoning module OculusInput (292)
[2017.04.19-05.01.55:982][772]LogModuleManager: Shutting down and abandoning module MobilePatchingUtils (290)
[2017.04.19-05.01.55:982][772]LogModuleManager: Shutting down and abandoning module CustomMeshComponent (288)
[2017.04.19-05.01.55:982][772]LogModuleManager: Shutting down and abandoning module CableComponent (286)
[2017.04.19-05.01.55:982][772]LogModuleManager: Shutting down and abandoning module ArchVisCharacter (284)
[2017.04.19-05.01.55:982][772]LogModuleManager: Shutting down and abandoning module MediaPlayerEditor (280)
[2017.04.19-05.01.55:983][772]LogModuleManager: Shutting down and abandoning module HTML5Networking (278)
[2017.04.19-05.01.55:983][772]LogModuleManager: Shutting down and abandoning module AlembicImporter (276)
[2017.04.19-05.01.55:983][772]LogModuleManager: Shutting down and abandoning module AlembicLibrary (275)
[2017.04.19-05.01.55:983][772]LogModuleManager: Shutting down and abandoning module GeometryCache (274)
[2017.04.19-05.01.55:983][772]LogModuleManager: Shutting down and abandoning module GeometryCacheEd (273)
[2017.04.19-05.01.55:983][772]LogModuleManager: Shutting down and abandoning module SuperSearchEditor (268)
[2017.04.19-05.01.55:983][772]LogModuleManager: Shutting down and abandoning module SuperSearch (267)
[2017.04.19-05.01.55:983][772]LogModuleManager: Shutting down and abandoning module SpeedTreeImporter (264)
[2017.04.19-05.01.55:983][772]LogModuleManager: Shutting down and abandoning module PluginBrowser (262)
[2017.04.19-05.01.55:983][772]LogModuleManager: Shutting down and abandoning module MobileLauncherProfileWizard (260)
[2017.04.19-05.01.55:983][772]LogModuleManager: Shutting down and abandoning module EpicSurvey (258)
[2017.04.19-05.01.55:983][772]LogModuleManager: Shutting down and abandoning module VisualStudioSourceCodeAccess (256)
[2017.04.19-05.01.55:983][772]LogModuleManager: Shutting down and abandoning module DesktopPlatform (255)
[2017.04.19-05.01.55:983][772]LogModuleManager: Shutting down and abandoning module UObjectPlugin (252)
[2017.04.19-05.01.55:983][772]LogModuleManager: Shutting down and abandoning module SubversionSourceControl (250)
[2017.04.19-05.01.55:983][772]LogModuleManager: Shutting down and abandoning module PerforceSourceControl (248)
[2017.04.19-05.01.55:983][772]LogModuleManager: Shutting down and abandoning module GitSourceControl (246)
[2017.04.19-05.01.55:983][772]LogModuleManager: Shutting down and abandoning module SourceControl (245)
[2017.04.19-05.01.55:983][772]LogModuleManager: Shutting down and abandoning module LightPropagationVolumeEditor (242)
[2017.04.19-05.01.55:983][772]LogModuleManager: Shutting down and abandoning module PaperTiledImporter (240)
[2017.04.19-05.01.55:983][772]LogModuleManager: Shutting down and abandoning module PaperSpriteSheetImporter (238)
[2017.04.19-05.01.55:983][772]LogModuleManager: Shutting down and abandoning module Paper2DEditor (236)
[2017.04.19-05.01.55:983][772]LogModuleManager: Shutting down and abandoning module MeshPaint (235)
[2017.04.19-05.01.55:983][772]LogModuleManager: Shutting down and abandoning module LevelEditor (233)
[2017.04.19-05.01.55:984][772]LogModuleManager: Shutting down and abandoning module PixelInspectorModule (232)
[2017.04.19-05.01.55:984][772]LogModuleManager: Shutting down and abandoning module MainFrame (230)
[2017.04.19-05.01.55:984][772]LogModuleManager: Shutting down and abandoning module HotReload (229)
[2017.04.19-05.01.55:985][772]LogModuleManager: Shutting down and abandoning module ContentBrowser (225)
[2017.04.19-05.01.55:987][772]LogModuleManager: Shutting down and abandoning module PhysXVehiclesEditor (222)
[2017.04.19-05.01.55:987][772]LogModuleManager: Shutting down and abandoning module PhysXVehicles (220)
[2017.04.19-05.01.55:987][772]LogModuleManager: Shutting down and abandoning module LocationServicesBPLibrary (218)
[2017.04.19-05.01.55:987][772]LogModuleManager: Shutting down and abandoning module UdpMessaging (216)
[2017.04.19-05.01.56:088][772]LogModuleManager: Shutting down and abandoning module TcpMessaging (214)
[2017.04.19-05.01.56:189][772]LogModuleManager: Shutting down and abandoning module GameplayTagsEditor (212)
[2017.04.19-05.01.56:189][772]LogModuleManager: Shutting down and abandoning module FacialAnimationEditor (210)
[2017.04.19-05.01.56:189][772]LogModuleManager: Shutting down and abandoning module FacialAnimation (208)
[2017.04.19-05.01.56:189][772]LogModuleManager: Shutting down and abandoning module LightPropagationVolumeRuntime (206)
[2017.04.19-05.01.56:189][772]LogModuleManager: Shutting down and abandoning module Paper2D (204)
[2017.04.19-05.01.56:189][772]LogModuleManager: Shutting down and abandoning module WindowsMoviePlayer (202)
[2017.04.19-05.01.56:189][772]LogModuleManager: Shutting down and abandoning module WmfMedia (200)
[2017.04.19-05.01.56:190][772]LogModuleManager: Shutting down and abandoning module MfMedia (198)
[2017.04.19-05.01.56:190][772]LogModuleManager: Shutting down and abandoning module MediaAssets (196)
[2017.04.19-05.01.56:190][772]LogModuleManager: Shutting down and abandoning module GameLiveStreaming (194)
[2017.04.19-05.01.56:191][772]LogModuleManager: Shutting down and abandoning module VREditor (192)
[2017.04.19-05.01.56:191][772]LogModuleManager: Shutting down and abandoning module GameplayTasksEditor (190)
[2017.04.19-05.01.56:191][772]LogModuleManager: Shutting down and abandoning module BehaviorTreeEditor (188)
[2017.04.19-05.01.56:191][772]LogModuleManager: Shutting down and abandoning module FunctionalTesting (186)
[2017.04.19-05.01.56:191][772]LogModuleManager: Shutting down and abandoning module CollisionAnalyzer (184)
[2017.04.19-05.01.56:191][772]LogModuleManager: Shutting down and abandoning module UMG (182)
[2017.04.19-05.01.56:191][772]LogModuleManager: Shutting down and abandoning module UMGEditor (181)
[2017.04.19-05.01.56:191][772]LogModuleManager: Shutting down and abandoning module Sequencer (180)
[2017.04.19-05.01.56:191][772]LogModuleManager: Shutting down and abandoning module AssetTools (178)
[2017.04.19-05.01.56:191][772]LogModuleManager: Shutting down and abandoning module MessageLog (177)
[2017.04.19-05.01.56:191][772]LogModuleManager: Shutting down and abandoning module WorkspaceMenuStructure (176)
[2017.04.19-05.01.56:191][772]LogModuleManager: Shutting down and abandoning module SlateReflector (170)
[2017.04.19-05.01.56:191][772]LogModuleManager: Shutting down and abandoning module Slate (168)
[2017.04.19-05.01.56:191][772]LogModuleManager: Shutting down and abandoning module EditorStyle (166)
[2017.04.19-05.01.56:200][772]LogModuleManager: Shutting down and abandoning module SourceCodeAccess (164)
[2017.04.19-05.01.56:200][772]LogModuleManager: Shutting down and abandoning module HeadMountedDisplay (162)
[2017.04.19-05.01.56:200][772]LogModuleManager: Shutting down and abandoning module XAudio2 (160)
[2017.04.19-05.01.56:200][772]LogModuleManager: Shutting down and abandoning module Networking (158)
[2017.04.19-05.01.56:201][772]LogModuleManager: Shutting down and abandoning module Core (154)
[2017.04.19-05.01.56:201][772]LogModuleManager: Shutting down and abandoning module AssetRegistry (152)
[2017.04.19-05.01.56:379][772]LogDirectoryWatcher: A directory notification for '../../../Engine/Content/' was aborted.
[2017.04.19-05.01.56:380][772]LogDirectoryWatcher: A directory notification for '../../../../../../Users/jicheng/Desktop/Zombie-City-master/ZombieCity/Content/' was aborted.
[2017.04.19-05.01.56:380][772]LogDirectoryWatcher: A directory notification for '../../../Engine/Plugins/2D/Paper2D/Content/' was aborted.
[2017.04.19-05.01.56:380][772]LogModuleManager: Shutting down and abandoning module DirectoryWatcher (151)
[2017.04.19-05.01.56:381][772]LogModuleManager: Shutting down and abandoning module KismetCompiler (148)
[2017.04.19-05.01.56:382][772]LogModuleManager: Shutting down and abandoning module PhysXFormats (146)
[2017.04.19-05.01.56:382][772]LogModuleManager: Shutting down and abandoning module MeshUtilities (144)
[2017.04.19-05.01.56:382][772]LogModuleManager: Shutting down and abandoning module SimplygonSwarm (143)
[2017.04.19-05.01.56:382][772]LogModuleManager: Shutting down and abandoning module SimplygonMeshReduction (141)
[2017.04.19-05.01.56:382][772]LogModuleManager: Shutting down and abandoning module QuadricMeshReduction (139)
[2017.04.19-05.01.56:382][772]LogModuleManager: Shutting down and abandoning module PropertyEditor (137)
[2017.04.19-05.01.56:382][772]LogModuleManager: Shutting down and abandoning module DerivedDataCache (134)
[2017.04.19-05.01.56:440][772]LogDerivedDataCache: Shutdown
[2017.04.19-05.01.56:441][772]LogModuleManager: Shutting down and abandoning module TargetPlatform (132)
[2017.04.19-05.01.56:441][772]LogModuleManager: Shutting down and abandoning module VulkanShaderFormat (131)
[2017.04.19-05.01.56:441][772]LogModuleManager: Shutting down and abandoning module ShaderFormatOpenGL (129)
[2017.04.19-05.01.56:441][772]LogModuleManager: Shutting down and abandoning module ShaderFormatD3D (127)
[2017.04.19-05.01.56:441][772]LogModuleManager: Shutting down and abandoning module MetalShaderFormat (125)
[2017.04.19-05.01.56:441][772]LogModuleManager: Shutting down and abandoning module TextureFormatUncompressed (123)
[2017.04.19-05.01.56:441][772]LogModuleManager: Shutting down and abandoning module TextureFormatPVR (121)
[2017.04.19-05.01.56:441][772]LogModuleManager: Shutting down and abandoning module TextureFormatDXT (119)
[2017.04.19-05.01.56:441][772]LogModuleManager: Shutting down and abandoning module TextureFormatIntelISPCTexComp (117)
[2017.04.19-05.01.56:441][772]LogModuleManager: Shutting down and abandoning module TextureFormatASTC (115)
[2017.04.19-05.01.56:441][772]LogModuleManager: Shutting down and abandoning module ImageWrapper (114)
[2017.04.19-05.01.56:441][772]LogModuleManager: Shutting down and abandoning module TextureFormatAndroid (111)
[2017.04.19-05.01.56:441][772]LogModuleManager: Shutting down and abandoning module AudioFormatOpus (109)
[2017.04.19-05.01.56:441][772]LogModuleManager: Shutting down and abandoning module AudioFormatOgg (107)
[2017.04.19-05.01.56:442][772]LogModuleManager: Shutting down and abandoning module AudioFormatADPCM (105)
[2017.04.19-05.01.56:442][772]LogModuleManager: Shutting down and abandoning module LinuxTargetPlatform (103)
[2017.04.19-05.01.56:442][772]LogModuleManager: Shutting down and abandoning module LinuxServerTargetPlatform (101)
[2017.04.19-05.01.56:442][772]LogModuleManager: Shutting down and abandoning module LinuxNoEditorTargetPlatform (99)
[2017.04.19-05.01.56:470][772]LogModuleManager: Shutting down and abandoning module LinuxClientTargetPlatform (97)
[2017.04.19-05.01.56:470][772]LogModuleManager: Shutting down and abandoning module TVOSTargetPlatform (95)
[2017.04.19-05.01.56:470][772]LogModuleManager: Shutting down and abandoning module Messaging (93)
[2017.04.19-05.01.56:470][772]LogModuleManager: Shutting down and abandoning module IOSTargetPlatform (91)
[2017.04.19-05.01.56:470][772]LogModuleManager: Shutting down and abandoning module HTML5TargetPlatform (89)
[2017.04.19-05.01.56:470][772]LogModuleManager: Shutting down and abandoning module Android_PVRTCTargetPlatform (87)
[2017.04.19-05.01.56:470][772]LogModuleManager: Shutting down and abandoning module Android_MultiTargetPlatform (85)
[2017.04.19-05.01.56:470][772]LogModuleManager: Shutting down and abandoning module Android_ETC2TargetPlatform (83)
[2017.04.19-05.01.56:470][772]LogModuleManager: Shutting down and abandoning module Android_ETC1TargetPlatform (81)
[2017.04.19-05.01.56:470][772]LogModuleManager: Shutting down and abandoning module Android_DXTTargetPlatform (79)
[2017.04.19-05.01.56:470][772]LogModuleManager: Shutting down and abandoning module Android_ATCTargetPlatform (77)
[2017.04.19-05.01.56:470][772]LogModuleManager: Shutting down and abandoning module Android_ASTCTargetPlatform (75)
[2017.04.19-05.01.56:470][772]LogModuleManager: Shutting down and abandoning module AndroidTargetPlatform (73)
[2017.04.19-05.01.56:470][772]LogModuleManager: Shutting down and abandoning module WindowsTargetPlatform (71)
[2017.04.19-05.01.56:470][772]LogModuleManager: Shutting down and abandoning module WindowsServerTargetPlatform (69)
[2017.04.19-05.01.56:471][772]LogModuleManager: Shutting down and abandoning module WindowsNoEditorTargetPlatform (67)
[2017.04.19-05.01.56:471][772]LogModuleManager: Shutting down and abandoning module WindowsClientTargetPlatform (65)
[2017.04.19-05.01.56:471][772]LogModuleManager: Shutting down and abandoning module MacTargetPlatform (63)
[2017.04.19-05.01.56:471][772]LogModuleManager: Shutting down and abandoning module MacServerTargetPlatform (61)
[2017.04.19-05.01.56:471][772]LogModuleManager: Shutting down and abandoning module MacNoEditorTargetPlatform (59)
[2017.04.19-05.01.56:471][772]LogModuleManager: Shutting down and abandoning module MacClientTargetPlatform (57)
[2017.04.19-05.01.56:471][772]LogModuleManager: Shutting down and abandoning module AllDesktopTargetPlatform (55)
[2017.04.19-05.01.56:471][772]LogModuleManager: Shutting down and abandoning module InputCore (52)
[2017.04.19-05.01.56:471][772]LogModuleManager: Shutting down and abandoning module Settings (50)
[2017.04.19-05.01.56:471][772]LogModuleManager: Shutting down and abandoning module OculusRift (48)
[2017.04.19-05.01.56:471][772]LogModuleManager: Shutting down and abandoning module GearVR (46)
[2017.04.19-05.01.56:471][772]LogModuleManager: Shutting down and abandoning module ExampleDeviceProfileSelector (44)
[2017.04.19-05.01.56:471][772]LogModuleManager: Shutting down and abandoning module OnlineBlueprintSupport (42)
[2017.04.19-05.01.56:471][772]LogModuleManager: Shutting down and abandoning module OnlineSubsystem (38)
[2017.04.19-05.01.56:471][772]LogOnline:Display: Unloading online subsystem: NULL
[2017.04.19-05.01.56:471][772]LogModuleManager: Shutting down and abandoning module XMPP (37)
[2017.04.19-05.01.56:471][772]LogModuleManager: Shutting down and abandoning module HTTP (35)
[2017.04.19-05.01.56:471][772]LogHttp:Display: Http module shutting down, but needs to wait on 1 outstanding Http requests:
[2017.04.19-05.01.56:471][772]LogHttp:Display: 	verb=[POST] url=[https://datarouter.ol.epicgames.com/datarouter/api/v1/public/data?SessionID=%7B6A9EEB06-476A-0B48-F9CC-5483C8281B0C%7D&AppID=UEEditor.Rocket.Release&AppVersion=4.15.1-3348071%2B%2B%2BUE4%2BRelease-4.15&UserID=e976023546dc5647c961e9bd97ebc7a3%7Ca68cc776c4554d8f9051a07f79addb08%7C02d49969-8a05-4c88-a0e3-b891fce403b2&AppEnvironment=datacollector-binary&UploadType=eteventstream] status=Processing
[2017.04.19-05.01.56:488][772]LogModuleManager: Shutting down and abandoning module SSL (34)
[2017.04.19-05.01.56:491][772]LogModuleManager: Shutting down and abandoning module AudioEditor (30)
[2017.04.19-05.01.56:491][772]LogModuleManager: Shutting down and abandoning module TextureCompressor (28)
[2017.04.19-05.01.56:491][772]LogModuleManager: Shutting down and abandoning module ShaderCore (26)
[2017.04.19-05.01.56:492][772]LogModuleManager: Shutting down and abandoning module Landscape (24)
[2017.04.19-05.01.56:492][772]LogModuleManager: Shutting down and abandoning module SlateRHIRenderer (22)
[2017.04.19-05.01.56:496][772]LogModuleManager: Shutting down and abandoning module OpenGLDrv (20)
[2017.04.19-05.01.56:496][772]LogModuleManager: Shutting down and abandoning module D3D11RHI (18)
[2017.04.19-05.01.56:496][772]LogModuleManager: Shutting down and abandoning module AnimGraphRuntime (16)
[2017.04.19-05.01.56:496][772]LogModuleManager: Shutting down and abandoning module Renderer (14)
[2017.04.19-05.01.56:496][772]LogModuleManager: Shutting down and abandoning module Engine (12)
[2017.04.19-05.01.56:496][772]LogModuleManager: Shutting down and abandoning module CoreUObject (10)
[2017.04.19-05.01.56:496][772]LogModuleManager: Shutting down and abandoning module NetworkFile (8)
[2017.04.19-05.01.56:496][772]LogModuleManager: Shutting down and abandoning module StreamingFile (6)
[2017.04.19-05.01.56:496][772]LogModuleManager: Shutting down and abandoning module SandboxFile (4)
[2017.04.19-05.01.56:496][772]LogModuleManager: Shutting down and abandoning module PakFile (2)
[2017.04.19-05.01.56:499][772]LogExit: Exiting.
[2017.04.19-05.01.56:504][772]Log file closed, 04/19/17 14:31:56
