Log file open, 04/11/17 18:39:11
LogInit:Display: Running engine for game: ZombieCity
LogPlatformFile: Not using cached read wrapper
LogInit:Display: RandInit(-1197394553) SRandInit(-1197394553).
LogTaskGraph: Started task graph with 5 named threads and 8 total threads with 1 sets of task threads.
LogStats: Stats thread started at 0.082901
LogInit: Using libcurl 7.47.1
LogInit:  - built for x86_64-pc-win32
LogInit:  - supports SSL with OpenSSL/1.0.2g
LogInit:  - supports HTTP deflate (compression) using libz 1.2.8
LogInit:  - other features:
LogInit:      CURL_VERSION_SSL
LogInit:      CURL_VERSION_LIBZ
LogInit:      CURL_VERSION_IPV6
LogInit:      CURL_VERSION_ASYNCHDNS
LogInit:      CURL_VERSION_LARGEFILE
LogInit:      CURL_VERSION_IDN
LogInit:  CurlRequestOptions (configurable via config and command line):
LogInit:  - bVerifyPeer = false  - Libcurl will NOT verify peer certificate
LogInit:  - bUseHttpProxy = false  - Libcurl will NOT use HTTP proxy
LogInit:  - bDontReuseConnections = false  - Libcurl will reuse connections
LogInit:  - CertBundlePath = nullptr  - Libcurl will use whatever was configured at build time.
LogInit: Build: ++UE4+Release-4.15-CL-3348071
LogInit: Engine Version: 4.15.1-3348071+++UE4+Release-4.15
LogInit: Compatible Engine Version: 4.15.0-3299760+++UE4+Release-4.15
LogInit: Net CL: 3299760
LogDevObjectVersion: Number of dev versions registered: 14
LogDevObjectVersion:   Dev-Blueprints (B0D832E4-1F89-4F0D-ACCF-7EB736FD4AA2): 8
LogDevObjectVersion:   Dev-Build (E1C64328-A22C-4D53-A36C-8E866417BD8C): 0
LogDevObjectVersion:   Dev-Core (375EC13C-06E4-48FB-B500-84F0262A717E): 2
LogDevObjectVersion:   Dev-Editor (E4B068ED-F494-42E9-A231-DA0B2E46BB41): 14
LogDevObjectVersion:   Dev-Framework (CFFC743F-43B0-4480-9391-14DF171D2073): 22
LogDevObjectVersion:   Dev-Mobile (B02B49B5-BB20-44E9-A304-32B752E40360): 0
LogDevObjectVersion:   Dev-Networking (A4E4105C-59A1-49B5-A7C5-40C4547EDFEE): 0
LogDevObjectVersion:   Dev-Online (39C831C9-5AE6-47DC-9A44-9C173E1C8E7C): 0
LogDevObjectVersion:   Dev-Physics (78F01B33-EBEA-4F98-B9B4-84EACCB95AA2): 0
LogDevObjectVersion:   Dev-Platform (6631380F-2D4D-43E0-8009-CF276956A95A): 0
LogDevObjectVersion:   Dev-Rendering (12F88B9F-8875-4AFC-A67C-D90C383ABD29): 12
LogDevObjectVersion:   Dev-Sequencer (7B5AE74C-D270-4C10-A958-57980B212A5A): 3
LogDevObjectVersion:   Dev-VR (D7296918-1DD6-4BDD-9DE2-64A83CC13884): 0
LogDevObjectVersion:   Dev-LoadTimes (C2A15278-BFE7-4AFE-6C17-90FF531DF755): 1
LogInit: Compiled (64-bit): Mar 15 2017 16:52:47
LogInit: Compiled with Visual C++: 19.00.23026.00
LogInit: Build Configuration: Development
LogInit: Branch Name: ++UE4+Release-4.15
LogInit: Command line: -EpicPortal 
LogInit: Base directory: E:/Program/Epic Games/UE_4.15/Engine/Binaries/Win64/
LogInit: Installed Engine Build: 1
LogInit: Presizing for max 8388607 objects, including 0 objects not considered by GC, pre-allocating 0 bytes for permanent pool.
LogInit: Object subsystem initialized
[2017.04.11-09.09.13:445][  0]LogInit: Selected Device Profile: [Windows]
[2017.04.11-09.09.13:445][  0]LogInit: Applying CVar settings loaded from the selected device profile: [Windows]
[2017.04.11-09.09.13:534][  0]LogInit: Computer: ZHANGFAN
[2017.04.11-09.09.13:534][  0]LogInit: User: fan
[2017.04.11-09.09.13:535][  0]LogInit: CPU Page size=65536, Cores=4
[2017.04.11-09.09.13:535][  0]LogInit: High frequency timer resolution =2.435776 MHz
[2017.04.11-09.09.13:535][  0]LogMemory: Memory total: Physical=15.9GB (16GB approx)
[2017.04.11-09.09.13:535][  0]LogMemory: Platform Memory Stats for Windows
[2017.04.11-09.09.13:535][  0]LogMemory: Process Physical Memory: 263.81 MB used, 263.81 MB peak
[2017.04.11-09.09.13:535][  0]LogMemory: Process Virtual Memory: 262.69 MB used, 262.69 MB peak
[2017.04.11-09.09.13:535][  0]LogMemory: Physical Memory: 6091.24 MB used,  10173.78 MB free, 16265.02 MB total
[2017.04.11-09.09.13:535][  0]LogMemory: Virtual Memory: 645.23 MB used,  10173.78 MB free, 134217728.00 MB total
[2017.04.11-09.09.13:635][  0]LogTextLocalizationManager: No specific translations for ('en-AU') exist, so ('en') translations will be used.
[2017.04.11-09.09.14:648][  0]LogD3D11RHI: D3D11 adapters:
[2017.04.11-09.09.14:783][  0]LogD3D11RHI:    0. 'NVIDIA GeForce GTX 860M' (Feature Level 11_0)
[2017.04.11-09.09.14:783][  0]LogD3D11RHI:       2017/0/8132 MB DedicatedVideo/DedicatedSystem/SharedSystem, Outputs:2, VendorId:0x10de
[2017.04.11-09.09.14:790][  0]LogD3D11RHI:    1. 'Intel(R) HD Graphics 4600' (Feature Level 11_0)
[2017.04.11-09.09.14:790][  0]LogD3D11RHI:       112/0/2048 MB DedicatedVideo/DedicatedSystem/SharedSystem, Outputs:0, VendorId:0x8086
[2017.04.11-09.09.14:792][  0]LogD3D11RHI:    2. 'Microsoft Basic Render Driver' (Feature Level 11_0)
[2017.04.11-09.09.14:792][  0]LogD3D11RHI:       0/0/8132 MB DedicatedVideo/DedicatedSystem/SharedSystem, Outputs:0, VendorId:0x1414
[2017.04.11-09.09.14:792][  0]LogD3D11RHI: Chosen D3D11 Adapter: 0
[2017.04.11-09.09.14:798][  0]LogD3D11RHI: Creating new Direct3DDevice
[2017.04.11-09.09.14:798][  0]LogD3D11RHI:     GPU DeviceId: 0x119a (for the marketing name, search the web for "GPU Device Id")
[2017.04.11-09.09.14:798][  0]LogWindows: EnumDisplayDevices:
[2017.04.11-09.09.14:798][  0]LogWindows:    0. 'Intel(R) HD Graphics 4600' (P:1 D:1)
[2017.04.11-09.09.14:798][  0]LogWindows:    1. 'Intel(R) HD Graphics 4600' (P:0 D:1)
[2017.04.11-09.09.14:799][  0]LogWindows:    2. 'Intel(R) HD Graphics 4600' (P:0 D:0)
[2017.04.11-09.09.14:799][  0]LogWindows:    3. 'NVIDIA GeForce GTX 860M' (P:0 D:0)
[2017.04.11-09.09.14:799][  0]LogWindows:    4. 'NVIDIA GeForce GTX 860M' (P:0 D:0)
[2017.04.11-09.09.14:800][  0]LogWindows:    5. 'NVIDIA GeForce GTX 860M' (P:0 D:0)
[2017.04.11-09.09.14:800][  0]LogWindows:    6. 'NVIDIA GeForce GTX 860M' (P:0 D:0)
[2017.04.11-09.09.14:800][  0]LogWindows: DebugString: PrimaryIsNotTheChoosenAdapter PrimaryIsNotTheChoosenAdapter PrimaryIsNotTheChoosenAdapter FoundDriverCount:4 
[2017.04.11-09.09.14:800][  0]LogD3D11RHI:     Adapter Name: NVIDIA GeForce GTX 860M
[2017.04.11-09.09.14:800][  0]LogD3D11RHI:   Driver Version: 378.78 (internal:21.21.13.7878, unified:378.78)
[2017.04.11-09.09.14:800][  0]LogD3D11RHI:      Driver Date: 2-23-2017
[2017.04.11-09.09.14:800][  0]LogRHI: Texture pool is 1361 MB (70% of 1945 MB)
[2017.04.11-09.09.14:823][  0]LogD3D11RHI:Warning: Timestamp queries are currently disabled on this hardware due to instability. Realtime GPU stats will not be available. You can override this behaviour by setting r.NVIDIATimestampWorkaround to 0
[2017.04.11-09.09.14:824][  0]LogD3D11RHI: Async texture creation enabled
[2017.04.11-09.09.14:836][  0]LogD3D11RHI: GPU Timing Frequency: 1000.000000 (Debug: 2 1)
[2017.04.11-09.09.14:840][  0]LogShaderCompilers: Guid format shader working directory is 3 characters bigger than the processId version (../../../../../Git/Zombie-City/ZombieCity/Intermediate/Shaders/WorkingDirectory/8680/).
[2017.04.11-09.09.14:840][  0]LogShaderCompilers: Cleaned the shader compiler working directory 'C:/Users/fan/AppData/Local/Temp/UnrealShaderWorkingDir/BA23FEF7456B78201AD4F0A5A7C8A2E0/'.
[2017.04.11-09.09.14:840][  0]LogShaderCompilers:Display: Using Local Shader Compiler.
[2017.04.11-09.09.16:699][  0]LogTemp:Display: Loaded TP AllDesktopTargetPlatform
[2017.04.11-09.09.16:775][  0]LogTemp:Display: Loaded TP MacClientTargetPlatform
[2017.04.11-09.09.16:858][  0]LogTemp:Display: Loaded TP MacNoEditorTargetPlatform
[2017.04.11-09.09.16:935][  0]LogTemp:Display: Loaded TP MacServerTargetPlatform
[2017.04.11-09.09.17:012][  0]LogTemp:Display: Loaded TP MacTargetPlatform
[2017.04.11-09.09.17:093][  0]LogTemp:Display: Loaded TP WindowsClientTargetPlatform
[2017.04.11-09.09.17:172][  0]LogTemp:Display: Loaded TP WindowsNoEditorTargetPlatform
[2017.04.11-09.09.17:246][  0]LogTemp:Display: Loaded TP WindowsServerTargetPlatform
[2017.04.11-09.09.17:303][  0]LogTemp:Display: Loaded TP WindowsTargetPlatform
[2017.04.11-09.09.17:377][  0]LogTemp:Display: Loaded TP AndroidTargetPlatform
[2017.04.11-09.09.17:437][  0]LogTemp:Display: Loaded TP Android_ASTCTargetPlatform
[2017.04.11-09.09.17:520][  0]LogTemp:Display: Loaded TP Android_ATCTargetPlatform
[2017.04.11-09.09.17:600][  0]LogTemp:Display: Loaded TP Android_DXTTargetPlatform
[2017.04.11-09.09.17:684][  0]LogTemp:Display: Loaded TP Android_ETC1TargetPlatform
[2017.04.11-09.09.17:764][  0]LogTemp:Display: Loaded TP Android_ETC2TargetPlatform
[2017.04.11-09.09.17:920][  0]LogTemp:Display: Loaded TP Android_MultiTargetPlatform
[2017.04.11-09.09.17:920][  0]LogTemp:Display: Loaded TP Android_PVRTCTargetPlatform
[2017.04.11-09.09.17:971][  0]LogTemp:Display: Loaded TP HTML5TargetPlatform
[2017.04.11-09.09.18:100][  0]LogTemp:Display: Loaded TP IOSTargetPlatform
[2017.04.11-09.09.18:160][  0]LogTemp:Display: Loaded TP TVOSTargetPlatform
[2017.04.11-09.09.18:237][  0]LogTemp:Display: Loaded TP LinuxClientTargetPlatform
[2017.04.11-09.09.18:317][  0]LogTemp:Display: Loaded TP LinuxNoEditorTargetPlatform
[2017.04.11-09.09.18:391][  0]LogTemp:Display: Loaded TP LinuxServerTargetPlatform
[2017.04.11-09.09.18:465][  0]LogTemp:Display: Loaded TP LinuxTargetPlatform
[2017.04.11-09.09.18:466][  0]LogTargetPlatformManager:Display: Building Assets For Windows
[2017.04.11-09.09.19:044][  0]LogDerivedDataCache:Display: Max Cache Size: 512 MB
[2017.04.11-09.09.19:126][  0]LogDerivedDataCache: Loaded boot cache 0.08s 50MB C:/Users/fan/AppData/Local/UnrealEngine/4.15/DerivedDataCache/Boot.ddc.
[2017.04.11-09.09.19:126][  0]LogDerivedDataCache:Display: Loaded Boot cache: C:/Users/fan/AppData/Local/UnrealEngine/4.15/DerivedDataCache/Boot.ddc
[2017.04.11-09.09.19:126][  0]LogDerivedDataCache: FDerivedDataBackendGraph:  Pak pak cache file ../../../../../Git/Zombie-City/ZombieCity/DerivedDataCache/DDC.ddp not found, will not use a pak cache.
[2017.04.11-09.09.19:126][  0]LogDerivedDataCache: Unable to find inner node Pak for hierarchical cache Hierarchy.
[2017.04.11-09.09.19:126][  0]LogDerivedDataCache: FDerivedDataBackendGraph:  CompressedPak pak cache file ../../../../../Git/Zombie-City/ZombieCity/DerivedDataCache/Compressed.ddp not found, will not use a pak cache.
[2017.04.11-09.09.19:126][  0]LogDerivedDataCache: Unable to find inner node CompressedPak for hierarchical cache Hierarchy.
[2017.04.11-09.09.19:162][  0]LogDerivedDataCache:Display: Pak cache opened for reading ../../../Engine/DerivedDataCache/Compressed.ddp.
[2017.04.11-09.09.19:177][  0]LogDerivedDataCache: Using Local data cache path C:/Users/fan/AppData/Local/UnrealEngine/Common/DerivedDataCache: Writable
[2017.04.11-09.09.19:191][  0]LogSlate: Using Freetype 2.6.0
[2017.04.11-09.09.19:192][  0]LogSlate: SlateFontCache - WITH_FREETYPE: 1, WITH_HARFBUZZ: 1
[2017.04.11-09.09.19:192][  0]LogSlate: SlateFontCache - WITH_FREETYPE: 1, WITH_HARFBUZZ: 1
[2017.04.11-09.09.19:778][  0]LogInit: Selected Device Profile: [Windows]
[2017.04.11-09.09.19:782][  0]LogContentStreaming: Texture pool size is 0.00 MB
[2017.04.11-09.09.20:297][  0]LogMeshUtilities: Using QuadricMeshReduction for automatic static mesh reduction
[2017.04.11-09.09.20:351][  0]LogSimplygon: Simplygon DLL not present - disabling.
[2017.04.11-09.09.20:410][  0]LogMeshUtilities: Using SimplygonSwarm for distributed automatic mesh merging
[2017.04.11-09.09.20:410][  0]LogMeshUtilities: No automatic skeletal mesh reduction module available
[2017.04.11-09.09.20:410][  0]LogMeshUtilities: No automatic mesh merging module available
[2017.04.11-09.09.21:482][  0]LogNetVersion: GetLocalNetworkVersion: CL: 3299760, ProjectName: zombiecity, ProjectVersion: , EngineNetworkVersion: 2, GameNetworkVersion: 0, NetworkChecksum: 270151773
[2017.04.11-09.09.21:540][  0]LogAssetRegistry: FAssetRegistry took 0.0218 seconds to start up
[2017.04.11-09.09.21:632][  0]LogPackageLocalizationCache: Processed 3 localized package path(s) for 2 prioritized culture(s) in 0.064268 seconds
[2017.04.11-09.09.21:643][  0]LogUObjectArray: 32493 objects as part of root set at end of initial load.
[2017.04.11-09.09.21:644][  0]LogUObjectAllocator: 7077024 out of 0 bytes used by permanent object pool.
[2017.04.11-09.09.21:644][  0]LogUObjectArray: CloseDisregardForGC: 0/0 objects in disregard for GC pool
[2017.04.11-09.09.21:714][  0]LogInit: WinSock: version 1.1 (2.2), MaxSocks=32767, MaxUdp=65467
[2017.04.11-09.09.23:632][  0]LogTcpMessaging: Initializing TcpMessaging bridge
[2017.04.11-09.09.23:671][  0]LogUdpMessaging: Initializing bridge on interface 0.0.0.0:0 to multicast group 230.0.0.1:6666.
[2017.04.11-09.09.24:143][  0]LogMaterial: Uniform references updated for custom material expression Custom.
[2017.04.11-09.09.24:565][  0]SourceControl: Info Source control is disabled
[2017.04.11-09.09.24:669][  0]SourceControl: Info Source control is disabled
[2017.04.11-09.09.24:710][  0]SourceControl: Info Source control is disabled
[2017.04.11-09.09.24:755][  0]SourceControl: Info Source control is disabled
[2017.04.11-09.09.26:084][  0]LogEngine: Initializing Engine...
[2017.04.11-09.09.26:088][  0]LogHMD: Failed to initialize OpenVR with code 110
[2017.04.11-09.09.26:361][  0]LogAIModule: Creating AISystem for world Untitled
[2017.04.11-09.09.26:373][  0]LogInit: XAudio2 using 'Speakers / Headphones (Realtek High Definition Audio)' : 2 channels at 48 kHz using 32 bits per sample (channel mask 0x3)
[2017.04.11-09.09.26:405][  0]LogInit: FAudioDevice initialized.
[2017.04.11-09.09.26:440][  0]LogDerivedDataCache: Saved boot cache 0.04s 50MB C:/Users/fan/AppData/Local/UnrealEngine/4.15/DerivedDataCache/Boot.ddc.
[2017.04.11-09.09.26:453][  0]LogInit: Texture streaming: Enabled
[2017.04.11-09.09.26:569][  0]LogEngineSessionManager: EngineSessionManager initialized
[2017.04.11-09.09.26:691][  0]LogInit: Transaction tracking system initialized
[2017.04.11-09.09.27:072][  0]BlueprintLog: New page: Editor Load
[2017.04.11-09.09.28:075][  0]LocalizationService: Info Localization service is disabled
[2017.04.11-09.09.28:821][  0]LogConsoleResponse:Display: 
[2017.04.11-09.09.29:027][  0]LogCook:Display: Max memory allowance for cook 16384mb min free memory 0mb
[2017.04.11-09.09.29:027][  0]LogCook:Display: Mobile HDR setting 1
[2017.04.11-09.09.29:183][  0]LogFileCache: Scanning file cache for directory 'E:/Program/Git/Zombie-City/ZombieCity/Content/' took 0.04s
[2017.04.11-09.09.30:342][  0]SourceControl: Info Source control is disabled
[2017.04.11-09.09.30:342][  0]Cmd: MAP LOAD FILE="../../../../../Git/Zombie-City/ZombieCity/Content/TwinStickBP/Maps/TwinStickExampleMap.umap" TEMPLATE=0 SHOWPROGRESS=1 FEATURELEVEL=3
[2017.04.11-09.09.30:398][  0]LightingResults: New page: Lighting Build
[2017.04.11-09.09.30:449][  0]MapCheck: New page: Map Check
[2017.04.11-09.09.30:449][  0]LightingResults: New page: Lighting Build
[2017.04.11-09.09.32:473][  0]LogAIModule: Creating AISystem for world TwinStickExampleMap
[2017.04.11-09.09.32:571][  0]LogEditorServer: Finished looking for orphan Actors (0.000 secs)
[2017.04.11-09.09.32:572][  0]Cmd: MAP CHECKDEP NOCLEARLOG
[2017.04.11-09.09.32:627][  0]MapCheck: Info Map check complete: 0 Error(s), 0 Warning(s), took 54.644ms to complete.
[2017.04.11-09.09.32:627][  0]LogFileHelpers: Loading map 'TwinStickExampleMap' took 2.284
[2017.04.11-09.09.33:122][  0]LogCollectionManager: Loaded 0 collections in 0.000946 seconds
[2017.04.11-09.09.33:236][  0]LogFileCache: Scanning file cache for directory 'E:/Program/Git/Zombie-City/ZombieCity/Saved/Collections/' took 0.01s
[2017.04.11-09.09.33:236][  0]LogFileCache: Scanning file cache for directory 'E:/Program/Git/Zombie-City/ZombieCity/Content/Developers/fan/Collections/' took 0.01s
[2017.04.11-09.09.33:236][  0]LogFileCache: Scanning file cache for directory 'E:/Program/Git/Zombie-City/ZombieCity/Content/Collections/' took 0.01s
[2017.04.11-09.09.33:236][  0]LogCollectionManager: Rebuilt the GUID cache for 0 collections in 0.000003 seconds
[2017.04.11-09.09.33:246][  0]LogContentBrowser: Native class hierarchy populated in 0.0102 seconds. Added 2245 classes and 453 folders.
[2017.04.11-09.09.33:250][  0]LogStats: UGameplayTagsManager::ConstructGameplayTagTree: Construct from data asset -  0.000 s
[2017.04.11-09.09.33:250][  0]LogStats: UGameplayTagsManager::ConstructGameplayTagTree: GameplayTagTreeChangedEvent.Broadcast -  0.000 s
[2017.04.11-09.09.33:309][  0]LogContentBrowser: Native class hierarchy updated for 'WidgetCarousel' in 0.0006 seconds. Added 0 classes and 0 folders.
[2017.04.11-09.09.34:114][  0]LogContentBrowser: Native class hierarchy updated for 'AddContentDialog' in 0.0006 seconds. Added 0 classes and 0 folders.
[2017.04.11-09.09.34:161][  0]LogContentBrowser: Native class hierarchy updated for 'SceneOutliner' in 0.0005 seconds. Added 1 classes and 2 folders.
[2017.04.11-09.09.34:492][  0]LogCrashTracker: Crashtracker disabled due to settings.
[2017.04.11-09.09.34:499][  0]LogUObjectGlobals:Warning: Failed to find object 'Class None.'
[2017.04.11-09.09.34:570][  0]LogContentBrowser: Native class hierarchy updated for 'HierarchicalLODOutliner' in 0.0006 seconds. Added 1 classes and 2 folders.
[2017.04.11-09.09.34:570][  0]LogLoad: (Engine Initialization) Total time: 23.97 seconds
[2017.04.11-09.09.34:570][  0]LogLoad: (Engine Initialization) Total Blueprint compile time: 0.24 seconds
[2017.04.11-09.09.34:570][  0]LogExternalProfiler: Found external profiler: VSPerf
[2017.04.11-09.09.34:570][  0]LogExternalProfiler: Using external profiler: VSPerf
[2017.04.11-09.09.34:588][  0]LogWindowsTextInputMethodSystem:Display: IME system now deactivated.
[2017.04.11-09.09.34:588][  0]LogOcInput: OculusInput pre-init called
[2017.04.11-09.09.34:612][  0]LogContentStreaming: Texture pool size now 1000 MB
[2017.04.11-09.09.34:613][  0]LogSlate: Took 0.000202 seconds to synchronously load lazily loaded font '../../../Engine/Content/Slate/Fonts/Roboto-Regular.ttf' (155K)
[2017.04.11-09.09.34:617][  0]LogSlate: Took 0.000230 seconds to synchronously load lazily loaded font '../../../Engine/Content/Slate/Fonts/Roboto-Bold.ttf' (160K)
[2017.04.11-09.09.34:704][  0]LogSlate: Took 0.079121 seconds to synchronously load lazily loaded font '../../../Engine/Content/Editor/Slate/Fonts/FontAwesome.ttf' (139K)
[2017.04.11-09.09.35:016][  0]LogSlate: Took 0.016711 seconds to synchronously load lazily loaded font '../../../Engine/Content/Slate/Fonts/Roboto-Light.ttf' (159K)
[2017.04.11-09.09.35:120][  0]LogRenderer: Reallocating scene render targets to support 1172x608 NumSamples 1 (Frame:2).
[2017.04.11-09.09.35:251][  1]LogAssetRegistry: Asset discovery search completed in 13.7330 seconds
[2017.04.11-09.09.35:251][  1]LogCollectionManager: Rebuilt the object cache for 0 collections in 0.000012 seconds (found 0 objects)
[2017.04.11-09.09.35:251][  1]LogCollectionManager: Fixed up redirectors for 0 collections in 0.000034 seconds (updated 0 objects)
[2017.04.11-09.09.35:635][ 12]LogSlate: Took 0.000360 seconds to synchronously load lazily loaded font '../../../Engine/Content/Slate/Fonts/Roboto-Light.ttf' (159K)
[2017.04.11-09.09.47:669][266]LogSlate: Took 0.102696 seconds to synchronously load lazily loaded font '../../../Engine/Content/Slate/Fonts/DroidSansFallback.ttf' (3848K)
[2017.04.11-09.10.04:067][515]LogSlate: Took 0.000979 seconds to synchronously load lazily loaded font '../../../Engine/Content/Slate/Fonts/Roboto-Light.ttf' (159K)
[2017.04.11-09.10.10:201][730]LogTemp: Repeting last play command: Selected Viewport
[2017.04.11-09.10.10:215][730]LogBlueprintUserMessages: Early PlayInEditor Detection: Level '/Game/TwinStickBP/Maps/TwinStickExampleMap.TwinStickExampleMap:PersistentLevel' has LevelScriptBlueprint '/Game/TwinStickBP/Maps/TwinStickExampleMap.TwinStickExampleMap:PersistentLevel.TwinStickExampleMap' with GeneratedClass '/Game/TwinStickBP/Maps/TwinStickExampleMap.TwinStickExampleMap_C' with ClassGeneratedBy '/Game/TwinStickBP/Maps/TwinStickExampleMap.TwinStickExampleMap:PersistentLevel.TwinStickExampleMap'
[2017.04.11-09.10.10:215][730]LogPlayLevel: PlayLevel: No blueprints needed recompiling
[2017.04.11-09.10.10:244][730]PIE: New page: PIE session: TwinStickExampleMap (12 Apr 2017 4:10:10 am)
[2017.04.11-09.10.10:260][730]LogPlayLevel: Creating play world package: /Game/TwinStickBP/Maps/UEDPIE_0_TwinStickExampleMap
[2017.04.11-09.10.10:266][730]LogPlayLevel: PIE: StaticDuplicateObject took: (0.006320s)
[2017.04.11-09.10.10:267][730]LogAIModule: Creating AISystem for world TwinStickExampleMap
[2017.04.11-09.10.10:268][730]LogPlayLevel: PIE: World Init took: (0.001824s)
[2017.04.11-09.10.10:269][730]LogPlayLevel: PIE: Created PIE world by copying editor world from /Game/TwinStickBP/Maps/TwinStickExampleMap.TwinStickExampleMap to /Game/TwinStickBP/Maps/UEDPIE_0_TwinStickExampleMap.TwinStickExampleMap (0.024462s)
[2017.04.11-09.10.10:285][730]LogInit: XAudio2 using 'Speakers / Headphones (Realtek High Definition Audio)' : 2 channels at 48 kHz using 32 bits per sample (channel mask 0x3)
[2017.04.11-09.10.10:312][730]LogInit: FAudioDevice initialized.
[2017.04.11-09.10.10:410][730]LogLoad: Game class is 'UIMode_C'
[2017.04.11-09.10.10:469][730]LogWorld: Bringing World /Game/TwinStickBP/Maps/UEDPIE_0_TwinStickExampleMap.TwinStickExampleMap up for play (max tick rate 60) at 2017.04.11-18.40.10
[2017.04.11-09.10.10:470][730]LogWorld: Bringing up level for play took: 0.001905
[2017.04.11-09.10.10:561][730]LogContentBrowser: Native class hierarchy updated for 'MovieSceneCapture' in 0.0006 seconds. Added 11 classes and 0 folders.
[2017.04.11-09.10.10:563][730]PIE: Info Play in editor start time for /Game/TwinStickBP/Maps/UEDPIE_0_TwinStickExampleMap -0.106
[2017.04.11-09.10.10:564][730]LogBlueprintUserMessages: Late PlayInEditor Detection: Level '/Game/TwinStickBP/Maps/TwinStickExampleMap.TwinStickExampleMap:PersistentLevel' has LevelScriptBlueprint '/Game/TwinStickBP/Maps/TwinStickExampleMap.TwinStickExampleMap:PersistentLevel.TwinStickExampleMap' with GeneratedClass '/Game/TwinStickBP/Maps/TwinStickExampleMap.TwinStickExampleMap_C' with ClassGeneratedBy '/Game/TwinStickBP/Maps/TwinStickExampleMap.TwinStickExampleMap:PersistentLevel.TwinStickExampleMap'
[2017.04.11-09.10.48:967][506]LogContentBrowser: Native class hierarchy updated for 'BlueprintGraph' in 0.0009 seconds. Added 112 classes and 0 folders.
[2017.04.11-09.10.50:185][506]LogSlate: Took 0.044323 seconds to synchronously load lazily loaded font '../../../Engine/Content/Editor/Slate/Fonts/Roboto-BoldCondensed.ttf' (158K)
[2017.04.11-09.12.06:703][874]LogSlate: Took 0.076783 seconds to synchronously load lazily loaded font '../../../Engine/Content/Editor/Slate/Fonts/Roboto-Italic.ttf' (157K)
[2017.04.11-09.14.09:577][756]Cmd: OBJ SAVEPACKAGE PACKAGE="/Game/TwinStickBP/ui/MainMenuWidget" FILE="../../../../../Git/Zombie-City/ZombieCity/Content/TwinStickBP/ui/MainMenuWidget.uasset" SILENT=true
[2017.04.11-09.14.09:666][756]LogSavePackage: Save=39.69ms
[2017.04.11-09.14.09:666][756]LogSavePackage: Moving '../../../../../Git/Zombie-City/ZombieCity/Saved/MainMenuWidget626611314B8FCF09E1EEB0A359E664E5.tmp' to '../../../../../Git/Zombie-City/ZombieCity/Content/TwinStickBP/ui/MainMenuWidget.uasset'
[2017.04.11-09.14.09:669][756]LogSavePackage:Display: Finished SavePackage ../../../../../Git/Zombie-City/ZombieCity/Content/TwinStickBP/ui/MainMenuWidget.uasset
[2017.04.11-09.14.47:176][891]LogBlueprintUserMessages: Early EndPlayMap Detection: Level '/Game/TwinStickBP/Maps/TwinStickExampleMap.TwinStickExampleMap:PersistentLevel' has LevelScriptBlueprint '/Game/TwinStickBP/Maps/TwinStickExampleMap.TwinStickExampleMap:PersistentLevel.TwinStickExampleMap' with GeneratedClass '/Game/TwinStickBP/Maps/TwinStickExampleMap.TwinStickExampleMap_C' with ClassGeneratedBy '/Game/TwinStickBP/Maps/TwinStickExampleMap.TwinStickExampleMap:PersistentLevel.TwinStickExampleMap'
[2017.04.11-09.14.47:309][891]LogBlueprintUserMessages: Late EndPlayMap Detection: Level '/Game/TwinStickBP/Maps/TwinStickExampleMap.TwinStickExampleMap:PersistentLevel' has LevelScriptBlueprint '/Game/TwinStickBP/Maps/TwinStickExampleMap.TwinStickExampleMap:PersistentLevel.TwinStickExampleMap' with GeneratedClass '/Game/TwinStickBP/Maps/TwinStickExampleMap.TwinStickExampleMap_C' with ClassGeneratedBy '/Game/TwinStickBP/Maps/TwinStickExampleMap.TwinStickExampleMap:PersistentLevel.TwinStickExampleMap'
[2017.04.11-09.14.50:289][ 54]BlueprintLog: New page: Compile MainMenuWidget
[2017.04.11-09.15.30:604][375]LogMetaData: Removing '/Game/TwinStickBP/Maps/MainMap.MainMap_C' ref from Metadata '/Game/TwinStickBP/Maps/TwinStickExampleMap.PackageMetaData'
[2017.04.11-09.15.30:604][375]LogMetaData: Removing '/Game/TwinStickBP/Maps/MainMap.MainMap:PersistentLevel.MainMap.EventGraph.K2Node_Event_0' ref from Metadata '/Game/TwinStickBP/Maps/TwinStickExampleMap.PackageMetaData'
[2017.04.11-09.15.30:604][375]LogMetaData: Removing '/Game/TwinStickBP/Maps/MainMap.MainMap:PersistentLevel.MainMap.EventGraph.K2Node_Event_1' ref from Metadata '/Game/TwinStickBP/Maps/TwinStickExampleMap.PackageMetaData'
[2017.04.11-09.15.30:604][375]LogMetaData: Removing '/Game/TwinStickBP/Maps/MainMap.SKEL_MainMap_C' ref from Metadata '/Game/TwinStickBP/Maps/TwinStickExampleMap.PackageMetaData'
[2017.04.11-09.15.30:774][375]Cmd: OBJ SAVEPACKAGE PACKAGE="/Game/TwinStickBP/Maps/MainMap" FILE="../../../../../Git/Zombie-City/ZombieCity/Content/TwinStickBP/Maps/MainMap.umap" SILENT=true AUTOSAVING=false KEEPDIRTY=false
[2017.04.11-09.15.31:043][375]LogSavePackage: Save=246.34ms
[2017.04.11-09.15.31:043][375]LogSavePackage: Moving '../../../../../Git/Zombie-City/ZombieCity/Saved/MainMap67E9E5974B280CE0C3857A9ACD4CE475.tmp' to '../../../../../Git/Zombie-City/ZombieCity/Content/TwinStickBP/Maps/MainMap.umap'
[2017.04.11-09.15.31:045][375]LogSavePackage:Display: Finished SavePackage ../../../../../Git/Zombie-City/ZombieCity/Content/TwinStickBP/Maps/MainMap.umap
[2017.04.11-09.15.31:085][375]LogFileHelpers: Saving map 'MainMap' took 0.352
[2017.04.11-09.15.42:224][  3]BlueprintLog: New page: Compile MainMenuWidget
[2017.04.11-09.15.45:938][204]Cmd: OBJ SAVEPACKAGE PACKAGE="/Game/TwinStickBP/Maps/MainMap" FILE="../../../../../Git/Zombie-City/ZombieCity/Content/TwinStickBP/Maps/MainMap.umap" SILENT=true AUTOSAVING=false KEEPDIRTY=false
[2017.04.11-09.15.46:385][204]LogSavePackage: Save=390.82ms
[2017.04.11-09.15.46:385][204]LogSavePackage: Moving '../../../../../Git/Zombie-City/ZombieCity/Saved/MainMapC87E21404738A532D3E897AED458E52A.tmp' to '../../../../../Git/Zombie-City/ZombieCity/Content/TwinStickBP/Maps/MainMap.umap'
[2017.04.11-09.15.46:386][204]LogSavePackage:Display: Finished SavePackage ../../../../../Git/Zombie-City/ZombieCity/Content/TwinStickBP/Maps/MainMap.umap
[2017.04.11-09.15.47:879][276]LogTemp: Repeting last play command: Selected Viewport
[2017.04.11-09.15.47:905][276]LogBlueprintUserMessages: Early PlayInEditor Detection: Level '/Game/TwinStickBP/Maps/MainMap.MainMap:PersistentLevel' has LevelScriptBlueprint '/Game/TwinStickBP/Maps/MainMap.MainMap:PersistentLevel.MainMap' with GeneratedClass '/Game/TwinStickBP/Maps/MainMap.MainMap_C' with ClassGeneratedBy '/Game/TwinStickBP/Maps/MainMap.MainMap:PersistentLevel.MainMap'
[2017.04.11-09.15.47:905][276]LogPlayLevel: PlayLevel: No blueprints needed recompiling
[2017.04.11-09.15.47:905][276]PIE: New page: PIE session: MainMap (12 Apr 2017 4:15:47 am)
[2017.04.11-09.15.47:905][276]LogPlayLevel: Creating play world package: /Game/TwinStickBP/Maps/UEDPIE_0_MainMap
[2017.04.11-09.15.47:914][276]LogPlayLevel: PIE: StaticDuplicateObject took: (0.009032s)
[2017.04.11-09.15.47:916][276]LogAIModule: Creating AISystem for world MainMap
[2017.04.11-09.15.47:916][276]LogPlayLevel: PIE: World Init took: (0.001762s)
[2017.04.11-09.15.47:917][276]LogPlayLevel: PIE: Created PIE world by copying editor world from /Game/TwinStickBP/Maps/MainMap.MainMap to /Game/TwinStickBP/Maps/UEDPIE_0_MainMap.MainMap (0.011194s)
[2017.04.11-09.15.47:948][276]LogInit: XAudio2 using 'Speakers / Headphones (Realtek High Definition Audio)' : 2 channels at 48 kHz using 32 bits per sample (channel mask 0x3)
[2017.04.11-09.15.47:977][276]LogInit: FAudioDevice initialized.
[2017.04.11-09.15.48:013][276]LogLoad: Game class is 'UIMode_C'
[2017.04.11-09.15.48:017][276]LogWorld: Bringing World /Game/TwinStickBP/Maps/UEDPIE_0_MainMap.MainMap up for play (max tick rate 60) at 2017.04.11-18.45.48
[2017.04.11-09.15.48:017][276]LogWorld: Bringing up level for play took: 0.002373
[2017.04.11-09.15.48:022][276]PIE: Info Play in editor start time for /Game/TwinStickBP/Maps/UEDPIE_0_MainMap -0.648
[2017.04.11-09.15.48:022][276]LogBlueprintUserMessages: Late PlayInEditor Detection: Level '/Game/TwinStickBP/Maps/MainMap.MainMap:PersistentLevel' has LevelScriptBlueprint '/Game/TwinStickBP/Maps/MainMap.MainMap:PersistentLevel.MainMap' with GeneratedClass '/Game/TwinStickBP/Maps/MainMap.MainMap_C' with ClassGeneratedBy '/Game/TwinStickBP/Maps/MainMap.MainMap:PersistentLevel.MainMap'
[2017.04.11-09.15.50:214][403]LogNet: Browse: /Game/TwinStickBP/Maps/MainMap
[2017.04.11-09.15.50:214][403]LogLoad: LoadMap: /Game/TwinStickBP/Maps/MainMap
[2017.04.11-09.15.50:240][403]Cmd: MEM
[2017.04.11-09.15.50:265][403]LogMemory: Platform Memory Stats for Windows
[2017.04.11-09.15.50:265][403]LogMemory: Process Physical Memory: 1267.55 MB used, 1284.09 MB peak
[2017.04.11-09.15.50:265][403]LogMemory: Process Virtual Memory: 1627.81 MB used, 1719.35 MB peak
[2017.04.11-09.15.50:265][403]LogMemory: Physical Memory: 7257.91 MB used,  9007.12 MB free, 16265.02 MB total
[2017.04.11-09.15.50:265][403]LogMemory: Virtual Memory: 2407.75 MB used,  9007.12 MB free, 134217728.00 MB total
[2017.04.11-09.15.50:265][403]LogMemory: 
[2017.04.11-09.15.50:265][403]Allocator Stats for TBB: (not implemented)
[2017.04.11-09.15.50:265][403]LogPlayLevel: Creating play world package: /Game/TwinStickBP/Maps/UEDPIE_0_MainMap
[2017.04.11-09.15.50:271][403]LogPlayLevel: PIE: StaticDuplicateObject took: (0.006252s)
[2017.04.11-09.15.50:272][403]LogAIModule: Creating AISystem for world MainMap
[2017.04.11-09.15.50:272][403]LogPlayLevel: PIE: World Init took: (0.000651s)
[2017.04.11-09.15.50:272][403]LogPlayLevel: PIE: Created PIE world by copying editor world from /Game/TwinStickBP/Maps/MainMap.MainMap to /Game/TwinStickBP/Maps/UEDPIE_0_MainMap.MainMap (0.007107s)
[2017.04.11-09.15.50:272][403]LogLoad: Game class is 'UIMode_C'
[2017.04.11-09.15.50:275][403]LogWorld: Bringing World /Game/TwinStickBP/Maps/UEDPIE_0_MainMap.MainMap up for play (max tick rate 60) at 2017.04.11-18.45.50
[2017.04.11-09.15.50:275][403]LogWorld: Bringing up level for play took: 0.001502
[2017.04.11-09.15.50:278][403]LogLoad: Took 0.064349 seconds to LoadMap(/Game/TwinStickBP/Maps/UEDPIE_0_MainMap)
[2017.04.11-09.15.52:726][548]LogNet: Browse: /Game/TwinStickBP/Maps/MainMap
[2017.04.11-09.15.52:726][548]LogLoad: LoadMap: /Game/TwinStickBP/Maps/MainMap
[2017.04.11-09.15.52:748][548]Cmd: MEM
[2017.04.11-09.15.52:770][548]LogMemory: Platform Memory Stats for Windows
[2017.04.11-09.15.52:770][548]LogMemory: Process Physical Memory: 1278.60 MB used, 1284.09 MB peak
[2017.04.11-09.15.52:770][548]LogMemory: Process Virtual Memory: 1749.34 MB used, 1749.48 MB peak
[2017.04.11-09.15.52:770][548]LogMemory: Physical Memory: 7274.32 MB used,  8990.70 MB free, 16265.02 MB total
[2017.04.11-09.15.52:770][548]LogMemory: Virtual Memory: 2490.19 MB used,  8990.70 MB free, 134217728.00 MB total
[2017.04.11-09.15.52:770][548]LogMemory: 
[2017.04.11-09.15.52:770][548]Allocator Stats for TBB: (not implemented)
[2017.04.11-09.15.52:770][548]LogPlayLevel: Creating play world package: /Game/TwinStickBP/Maps/UEDPIE_0_MainMap
[2017.04.11-09.15.52:774][548]LogPlayLevel: PIE: StaticDuplicateObject took: (0.004339s)
[2017.04.11-09.15.52:775][548]LogAIModule: Creating AISystem for world MainMap
[2017.04.11-09.15.52:775][548]LogPlayLevel: PIE: World Init took: (0.000621s)
[2017.04.11-09.15.52:775][548]LogPlayLevel: PIE: Created PIE world by copying editor world from /Game/TwinStickBP/Maps/MainMap.MainMap to /Game/TwinStickBP/Maps/UEDPIE_0_MainMap.MainMap (0.005159s)
[2017.04.11-09.15.52:775][548]LogLoad: Game class is 'UIMode_C'
[2017.04.11-09.15.52:807][548]LogWorld: Bringing World /Game/TwinStickBP/Maps/UEDPIE_0_MainMap.MainMap up for play (max tick rate 60) at 2017.04.11-18.45.52
[2017.04.11-09.15.52:808][548]LogWorld: Bringing up level for play took: 0.031752
[2017.04.11-09.15.52:809][548]LogLoad: Took 0.083360 seconds to LoadMap(/Game/TwinStickBP/Maps/UEDPIE_0_MainMap)
[2017.04.11-09.15.53:111][565]LogNet: Browse: /Game/TwinStickBP/Maps/MainMap
[2017.04.11-09.15.53:111][565]LogLoad: LoadMap: /Game/TwinStickBP/Maps/MainMap
[2017.04.11-09.15.53:139][565]Cmd: MEM
[2017.04.11-09.15.53:155][565]LogMemory: Platform Memory Stats for Windows
[2017.04.11-09.15.53:155][565]LogMemory: Process Physical Memory: 1338.71 MB used, 1338.71 MB peak
[2017.04.11-09.15.53:155][565]LogMemory: Process Virtual Memory: 1749.34 MB used, 1749.48 MB peak
[2017.04.11-09.15.53:155][565]LogMemory: Physical Memory: 7334.14 MB used,  8930.88 MB free, 16265.02 MB total
[2017.04.11-09.15.53:155][565]LogMemory: Virtual Memory: 2490.19 MB used,  8930.88 MB free, 134217728.00 MB total
[2017.04.11-09.15.53:155][565]LogMemory: 
[2017.04.11-09.15.53:155][565]Allocator Stats for TBB: (not implemented)
[2017.04.11-09.15.53:155][565]LogPlayLevel: Creating play world package: /Game/TwinStickBP/Maps/UEDPIE_0_MainMap
[2017.04.11-09.15.53:160][565]LogPlayLevel: PIE: StaticDuplicateObject took: (0.004385s)
[2017.04.11-09.15.53:160][565]LogAIModule: Creating AISystem for world MainMap
[2017.04.11-09.15.53:160][565]LogPlayLevel: PIE: World Init took: (0.000641s)
[2017.04.11-09.15.53:160][565]LogPlayLevel: PIE: Created PIE world by copying editor world from /Game/TwinStickBP/Maps/MainMap.MainMap to /Game/TwinStickBP/Maps/UEDPIE_0_MainMap.MainMap (0.005240s)
[2017.04.11-09.15.53:161][565]LogLoad: Game class is 'UIMode_C'
[2017.04.11-09.15.53:168][565]LogWorld: Bringing World /Game/TwinStickBP/Maps/UEDPIE_0_MainMap.MainMap up for play (max tick rate 60) at 2017.04.11-18.45.53
[2017.04.11-09.15.53:168][565]LogWorld: Bringing up level for play took: 0.006705
[2017.04.11-09.15.53:173][565]LogLoad: Took 0.062196 seconds to LoadMap(/Game/TwinStickBP/Maps/UEDPIE_0_MainMap)
[2017.04.11-09.24.02:290][759]LogBlueprintUserMessages: Early EndPlayMap Detection: Level '/Game/TwinStickBP/Maps/MainMap.MainMap:PersistentLevel' has LevelScriptBlueprint '/Game/TwinStickBP/Maps/MainMap.MainMap:PersistentLevel.MainMap' with GeneratedClass '/Game/TwinStickBP/Maps/MainMap.MainMap_C' with ClassGeneratedBy '/Game/TwinStickBP/Maps/MainMap.MainMap:PersistentLevel.MainMap'
[2017.04.11-09.24.02:332][759]LogBlueprintUserMessages: Late EndPlayMap Detection: Level '/Game/TwinStickBP/Maps/MainMap.MainMap:PersistentLevel' has LevelScriptBlueprint '/Game/TwinStickBP/Maps/MainMap.MainMap:PersistentLevel.MainMap' with GeneratedClass '/Game/TwinStickBP/Maps/MainMap.MainMap_C' with ClassGeneratedBy '/Game/TwinStickBP/Maps/MainMap.MainMap:PersistentLevel.MainMap'
[2017.04.11-09.24.26:533][188]BlueprintLog: New page: Compile MainMenuWidget
[2017.04.11-09.24.28:389][284]LogTemp: Repeting last play command: Selected Viewport
[2017.04.11-09.24.28:406][284]LogBlueprintUserMessages: Early PlayInEditor Detection: Level '/Game/TwinStickBP/Maps/MainMap.MainMap:PersistentLevel' has LevelScriptBlueprint '/Game/TwinStickBP/Maps/MainMap.MainMap:PersistentLevel.MainMap' with GeneratedClass '/Game/TwinStickBP/Maps/MainMap.MainMap_C' with ClassGeneratedBy '/Game/TwinStickBP/Maps/MainMap.MainMap:PersistentLevel.MainMap'
[2017.04.11-09.24.28:407][284]LogPlayLevel: PlayLevel: No blueprints needed recompiling
[2017.04.11-09.24.28:407][284]PIE: New page: PIE session: MainMap (12 Apr 2017 4:24:28 am)
[2017.04.11-09.24.28:407][284]LogPlayLevel: Creating play world package: /Game/TwinStickBP/Maps/UEDPIE_0_MainMap
[2017.04.11-09.24.28:417][284]LogPlayLevel: PIE: StaticDuplicateObject took: (0.010662s)
[2017.04.11-09.24.28:418][284]LogAIModule: Creating AISystem for world MainMap
[2017.04.11-09.24.28:418][284]LogPlayLevel: PIE: World Init took: (0.000722s)
[2017.04.11-09.24.28:418][284]LogPlayLevel: PIE: Created PIE world by copying editor world from /Game/TwinStickBP/Maps/MainMap.MainMap to /Game/TwinStickBP/Maps/UEDPIE_0_MainMap.MainMap (0.011630s)
[2017.04.11-09.24.28:448][284]LogInit: XAudio2 using 'Speakers / Headphones (Realtek High Definition Audio)' : 2 channels at 48 kHz using 32 bits per sample (channel mask 0x3)
[2017.04.11-09.24.28:468][284]LogInit: FAudioDevice initialized.
[2017.04.11-09.24.28:503][284]LogLoad: Game class is 'UIMode_C'
[2017.04.11-09.24.28:505][284]LogWorld: Bringing World /Game/TwinStickBP/Maps/UEDPIE_0_MainMap.MainMap up for play (max tick rate 60) at 2017.04.11-18.54.28
[2017.04.11-09.24.28:505][284]LogWorld: Bringing up level for play took: 0.001338
[2017.04.11-09.24.28:507][284]PIE: Info Play in editor start time for /Game/TwinStickBP/Maps/UEDPIE_0_MainMap -0.162
[2017.04.11-09.24.28:507][284]LogBlueprintUserMessages: Late PlayInEditor Detection: Level '/Game/TwinStickBP/Maps/MainMap.MainMap:PersistentLevel' has LevelScriptBlueprint '/Game/TwinStickBP/Maps/MainMap.MainMap:PersistentLevel.MainMap' with GeneratedClass '/Game/TwinStickBP/Maps/MainMap.MainMap_C' with ClassGeneratedBy '/Game/TwinStickBP/Maps/MainMap.MainMap:PersistentLevel.MainMap'
[2017.04.11-09.24.30:146][379]LogNet: Browse: /Game/TwinStickBP/Maps/MainMap
[2017.04.11-09.24.30:146][379]LogLoad: LoadMap: /Game/TwinStickBP/Maps/MainMap
[2017.04.11-09.24.30:175][379]Cmd: MEM
[2017.04.11-09.24.30:204][379]LogMemory: Platform Memory Stats for Windows
[2017.04.11-09.24.30:204][379]LogMemory: Process Physical Memory: 1255.75 MB used, 1360.85 MB peak
[2017.04.11-09.24.30:204][379]LogMemory: Process Virtual Memory: 1636.07 MB used, 1765.37 MB peak
[2017.04.11-09.24.30:204][379]LogMemory: Physical Memory: 7317.86 MB used,  8947.17 MB free, 16265.02 MB total
[2017.04.11-09.24.30:204][379]LogMemory: Virtual Memory: 2413.94 MB used,  8947.17 MB free, 134217728.00 MB total
[2017.04.11-09.24.30:204][379]LogMemory: 
[2017.04.11-09.24.30:204][379]Allocator Stats for TBB: (not implemented)
[2017.04.11-09.24.30:204][379]LogPlayLevel: Creating play world package: /Game/TwinStickBP/Maps/UEDPIE_0_MainMap
[2017.04.11-09.24.30:212][379]LogPlayLevel: PIE: StaticDuplicateObject took: (0.007738s)
[2017.04.11-09.24.30:214][379]LogAIModule: Creating AISystem for world MainMap
[2017.04.11-09.24.30:215][379]LogPlayLevel: PIE: World Init took: (0.003140s)
[2017.04.11-09.24.30:216][379]LogPlayLevel: PIE: Created PIE world by copying editor world from /Game/TwinStickBP/Maps/MainMap.MainMap to /Game/TwinStickBP/Maps/UEDPIE_0_MainMap.MainMap (0.012042s)
[2017.04.11-09.24.30:216][379]LogLoad: Game class is 'UIMode_C'
[2017.04.11-09.24.30:221][379]LogWorld: Bringing World /Game/TwinStickBP/Maps/UEDPIE_0_MainMap.MainMap up for play (max tick rate 60) at 2017.04.11-18.54.30
[2017.04.11-09.24.30:222][379]LogWorld: Bringing up level for play took: 0.003454
[2017.04.11-09.24.30:225][379]LogLoad: Took 0.078876 seconds to LoadMap(/Game/TwinStickBP/Maps/UEDPIE_0_MainMap)
[2017.04.11-09.24.31:641][462]LogNet: Browse: /Game/TwinStickBP/Maps/MainMap
[2017.04.11-09.24.31:641][462]LogLoad: LoadMap: /Game/TwinStickBP/Maps/MainMap
[2017.04.11-09.24.31:675][462]Cmd: MEM
[2017.04.11-09.24.31:704][462]LogMemory: Platform Memory Stats for Windows
[2017.04.11-09.24.31:704][462]LogMemory: Process Physical Memory: 1262.05 MB used, 1360.85 MB peak
[2017.04.11-09.24.31:704][462]LogMemory: Process Virtual Memory: 1754.48 MB used, 1765.37 MB peak
[2017.04.11-09.24.31:704][462]LogMemory: Physical Memory: 7323.66 MB used,  8941.36 MB free, 16265.02 MB total
[2017.04.11-09.24.31:704][462]LogMemory: Virtual Memory: 2520.88 MB used,  8941.36 MB free, 134217728.00 MB total
[2017.04.11-09.24.31:704][462]LogMemory: 
[2017.04.11-09.24.31:704][462]Allocator Stats for TBB: (not implemented)
[2017.04.11-09.24.31:704][462]LogPlayLevel: Creating play world package: /Game/TwinStickBP/Maps/UEDPIE_0_MainMap
[2017.04.11-09.24.31:710][462]LogPlayLevel: PIE: StaticDuplicateObject took: (0.005639s)
[2017.04.11-09.24.31:710][462]LogAIModule: Creating AISystem for world MainMap
[2017.04.11-09.24.31:711][462]LogPlayLevel: PIE: World Init took: (0.000701s)
[2017.04.11-09.24.31:711][462]LogPlayLevel: PIE: Created PIE world by copying editor world from /Game/TwinStickBP/Maps/MainMap.MainMap to /Game/TwinStickBP/Maps/UEDPIE_0_MainMap.MainMap (0.006619s)
[2017.04.11-09.24.31:711][462]LogLoad: Game class is 'UIMode_C'
[2017.04.11-09.24.31:744][462]LogWorld: Bringing World /Game/TwinStickBP/Maps/UEDPIE_0_MainMap.MainMap up for play (max tick rate 60) at 2017.04.11-18.54.31
[2017.04.11-09.24.31:744][462]LogWorld: Bringing up level for play took: 0.030245
[2017.04.11-09.24.31:748][462]LogLoad: Took 0.107165 seconds to LoadMap(/Game/TwinStickBP/Maps/UEDPIE_0_MainMap)
[2017.04.11-09.24.35:111][660]LogBlueprintUserMessages: Early EndPlayMap Detection: Level '/Game/TwinStickBP/Maps/MainMap.MainMap:PersistentLevel' has LevelScriptBlueprint '/Game/TwinStickBP/Maps/MainMap.MainMap:PersistentLevel.MainMap' with GeneratedClass '/Game/TwinStickBP/Maps/MainMap.MainMap_C' with ClassGeneratedBy '/Game/TwinStickBP/Maps/MainMap.MainMap:PersistentLevel.MainMap'
[2017.04.11-09.24.35:152][660]LogBlueprintUserMessages: Late EndPlayMap Detection: Level '/Game/TwinStickBP/Maps/MainMap.MainMap:PersistentLevel' has LevelScriptBlueprint '/Game/TwinStickBP/Maps/MainMap.MainMap:PersistentLevel.MainMap' with GeneratedClass '/Game/TwinStickBP/Maps/MainMap.MainMap_C' with ClassGeneratedBy '/Game/TwinStickBP/Maps/MainMap.MainMap:PersistentLevel.MainMap'
[2017.04.11-09.24.45:512][232]LogAIModule: Creating AISystem for world UIMap
[2017.04.11-09.24.47:190][232]Cmd: OBJ SAVEPACKAGE PACKAGE="/Game/TwinStickBP/ui/MainMenuWidget" FILE="../../../../../Git/Zombie-City/ZombieCity/Content/TwinStickBP/ui/MainMenuWidget.uasset" SILENT=true
[2017.04.11-09.24.47:248][232]LogSavePackage: Save=38.75ms
[2017.04.11-09.24.47:248][232]LogSavePackage: Moving '../../../../../Git/Zombie-City/ZombieCity/Saved/MainMenuWidgetE485D5BB44CA09F7C764DC93130B799C.tmp' to '../../../../../Git/Zombie-City/ZombieCity/Content/TwinStickBP/ui/MainMenuWidget.uasset'
[2017.04.11-09.24.47:253][232]LogSavePackage:Display: Finished SavePackage ../../../../../Git/Zombie-City/ZombieCity/Content/TwinStickBP/ui/MainMenuWidget.uasset
[2017.04.11-09.24.47:255][232]Cmd: MAP LOAD FILE="../../../../../Git/Zombie-City/ZombieCity/Content/TwinStickBP/Maps/UIMap.umap" TEMPLATE=0 SHOWPROGRESS=1 FEATURELEVEL=3
[2017.04.11-09.24.47:255][232]LightingResults: New page: Lighting Build
[2017.04.11-09.24.47:257][232]LoadErrors: New page: Loading map: UIMap.umap
[2017.04.11-09.24.47:257][232]MapCheck: New page: Map Check
[2017.04.11-09.24.47:257][232]LightingResults: New page: Lighting Build
[2017.04.11-09.24.47:392][232]LogEditorServer: Finished looking for orphan Actors (0.000 secs)
[2017.04.11-09.24.47:412][232]Cmd: MAP CHECKDEP NOCLEARLOG
[2017.04.11-09.24.47:461][232]MapCheck: Info Map check complete: 0 Error(s), 0 Warning(s), took 48.997ms to complete.
[2017.04.11-09.24.47:461][232]LogFileHelpers: Loading map 'UIMap' took 0.208
[2017.04.11-09.24.47:463][232]LogSlate: Took 0.000352 seconds to synchronously load lazily loaded font '../../../Engine/Content/Slate/Fonts/Roboto-Regular.ttf' (155K)
[2017.04.11-09.24.51:541][459]LogTemp: Repeting last play command: Selected Viewport
[2017.04.11-09.24.51:559][459]LogPlayLevel: PlayLevel: No blueprints needed recompiling
[2017.04.11-09.24.51:559][459]PIE: New page: PIE session: UIMap (12 Apr 2017 4:24:51 am)
[2017.04.11-09.24.51:559][459]LogPlayLevel: Creating play world package: /Game/TwinStickBP/Maps/UEDPIE_0_UIMap
[2017.04.11-09.24.51:560][459]LogPlayLevel: PIE: StaticDuplicateObject took: (0.000782s)
[2017.04.11-09.24.51:560][459]LogAIModule: Creating AISystem for world UIMap
[2017.04.11-09.24.51:560][459]LogPlayLevel: PIE: World Init took: (0.000569s)
[2017.04.11-09.24.51:561][459]LogPlayLevel: PIE: Created PIE world by copying editor world from /Game/TwinStickBP/Maps/UIMap.UIMap to /Game/TwinStickBP/Maps/UEDPIE_0_UIMap.UIMap (0.001540s)
[2017.04.11-09.24.51:582][459]LogInit: XAudio2 using 'Speakers / Headphones (Realtek High Definition Audio)' : 2 channels at 48 kHz using 32 bits per sample (channel mask 0x3)
[2017.04.11-09.24.51:607][459]LogInit: FAudioDevice initialized.
[2017.04.11-09.24.51:640][459]LogLoad: Game class is 'UIMode_C'
[2017.04.11-09.24.51:642][459]LogWorld: Bringing World /Game/TwinStickBP/Maps/UEDPIE_0_UIMap.UIMap up for play (max tick rate 60) at 2017.04.11-18.54.51
[2017.04.11-09.24.51:642][459]LogWorld: Bringing up level for play took: 0.000784
[2017.04.11-09.24.51:664][459]PIE: Info Play in editor start time for /Game/TwinStickBP/Maps/UEDPIE_0_UIMap 0.994
[2017.04.11-09.24.53:430][564]LogNet: Browse: /Game/TwinStickBP/Maps/MainMap
[2017.04.11-09.24.53:430][564]LogLoad: LoadMap: /Game/TwinStickBP/Maps/MainMap
[2017.04.11-09.24.53:458][564]Cmd: MEM
[2017.04.11-09.24.53:478][564]LogMemory: Platform Memory Stats for Windows
[2017.04.11-09.24.53:478][564]LogMemory: Process Physical Memory: 1258.37 MB used, 1360.85 MB peak
[2017.04.11-09.24.53:478][564]LogMemory: Process Virtual Memory: 1586.88 MB used, 1765.37 MB peak
[2017.04.11-09.24.53:478][564]LogMemory: Physical Memory: 7324.45 MB used,  8940.58 MB free, 16265.02 MB total
[2017.04.11-09.24.53:478][564]LogMemory: Virtual Memory: 2404.88 MB used,  8940.58 MB free, 134217728.00 MB total
[2017.04.11-09.24.53:478][564]LogMemory: 
[2017.04.11-09.24.53:478][564]Allocator Stats for TBB: (not implemented)
[2017.04.11-09.24.54:013][564]LogStats: FPlatformStackWalk::StackWalkAndDump -  0.478 s
[2017.04.11-09.24.54:013][564]LogOutputDevice:Error: === Handled ensure: ===
[2017.04.11-09.24.54:013][564]LogOutputDevice:Error: 
[2017.04.11-09.24.54:013][564]LogOutputDevice:Error: Ensure condition failed: IsObjectValidForDatabase(AssetObject) [File:D:\Build\++UE4+Release-4.15+Compile\Sync\Engine\Source\Editor\BlueprintGraph\Private\BlueprintActionDatabase.cpp] [Line: 1282]
[2017.04.11-09.24.54:013][564]LogOutputDevice:Error: 
[2017.04.11-09.24.54:013][564]LogOutputDevice:Error: Stack: 
[2017.04.11-09.24.54:013][564]LogOutputDevice:Error: UE4Editor-Core.dll!0x00000000345A95E6
[2017.04.11-09.24.54:013][564]LogOutputDevice:Error: UE4Editor-Core.dll!0x0000000034359B82
[2017.04.11-09.24.54:013][564]LogOutputDevice:Error: UE4Editor-Core.dll!0x000000003436B666
[2017.04.11-09.24.54:013][564]LogOutputDevice:Error: UE4Editor-BlueprintGraph.dll!0x00000000325FB7A7
[2017.04.11-09.24.54:013][564]LogOutputDevice:Error: UE4Editor-BlueprintGraph.dll!0x00000000325CBFCD
[2017.04.11-09.24.54:013][564]LogOutputDevice:Error: UE4Editor-CoreUObject.dll!0x000000003DB20DFA
[2017.04.11-09.24.54:013][564]LogOutputDevice:Error: UE4Editor-CoreUObject.dll!0x000000003DD5113A
[2017.04.11-09.24.54:013][564]LogOutputDevice:Error: UE4Editor-CoreUObject.dll!0x000000003DD64970
[2017.04.11-09.24.54:013][564]LogOutputDevice:Error: UE4Editor-CoreUObject.dll!0x000000003DD63E67
[2017.04.11-09.24.54:013][564]LogOutputDevice:Error: UE4Editor-Engine.dll!0x0000000028EC878D
[2017.04.11-09.24.54:013][564]LogOutputDevice:Error: UE4Editor-Engine.dll!0x0000000028E7DF1E
[2017.04.11-09.24.54:013][564]LogOutputDevice:Error: UE4Editor-Engine.dll!0x0000000028EEC710
[2017.04.11-09.24.54:013][564]LogOutputDevice:Error: UE4Editor-UnrealEd.dll!0x0000000032D6637F
[2017.04.11-09.24.54:013][564]LogOutputDevice:Error: UE4Editor-UnrealEd.dll!0x0000000033572086
[2017.04.11-09.24.54:013][564]LogOutputDevice:Error: UE4Editor.exe!0x0000000035CFDEE3
[2017.04.11-09.24.54:013][564]LogOutputDevice:Error: UE4Editor.exe!0x0000000035CEEB40
[2017.04.11-09.24.54:013][564]LogOutputDevice:Error: UE4Editor.exe!0x0000000035CEEBBA
[2017.04.11-09.24.54:013][564]LogOutputDevice:Error: UE4Editor.exe!0x0000000035D00A29
[2017.04.11-09.24.54:013][564]LogOutputDevice:Error: UE4Editor.exe!0x0000000035D022B6
[2017.04.11-09.24.54:013][564]LogOutputDevice:Error: KERNEL32.DLL!0x000000007E5A8364
[2017.04.11-09.24.54:013][564]LogOutputDevice:Error: ntdll.dll!0x000000007E8870D1
[2017.04.11-09.24.54:013][564]LogOutputDevice:Error: 
[2017.04.11-09.24.54:022][564]LogStats:                SubmitErrorReport -  0.000 s
