Log file open, 04/11/17 19:10:52
LogInit:Display: Running engine for game: ZombieCity
LogPlatformFile: Not using cached read wrapper
LogInit:Display: RandInit(-861367853) SRandInit(-861367853).
LogTaskGraph: Started task graph with 5 named threads and 8 total threads with 1 sets of task threads.
LogStats: Stats thread started at 0.082624
LogInit: Using libcurl 7.47.1
LogInit:  - built for x86_64-pc-win32
LogInit:  - supports SSL with OpenSSL/1.0.2g
LogInit:  - supports HTTP deflate (compression) using libz 1.2.8
LogInit:  - other features:
LogInit:      CURL_VERSION_SSL
LogInit:      CURL_VERSION_LIBZ
LogInit:      CURL_VERSION_IPV6
LogInit:      CURL_VERSION_ASYNCHDNS
LogInit:      CURL_VERSION_LARGEFILE
LogInit:      CURL_VERSION_IDN
LogInit:  CurlRequestOptions (configurable via config and command line):
LogInit:  - bVerifyPeer = false  - Libcurl will NOT verify peer certificate
LogInit:  - bUseHttpProxy = false  - Libcurl will NOT use HTTP proxy
LogInit:  - bDontReuseConnections = false  - Libcurl will reuse connections
LogInit:  - CertBundlePath = nullptr  - Libcurl will use whatever was configured at build time.
LogInit: Build: ++UE4+Release-4.15-CL-3348071
LogInit: Engine Version: 4.15.1-3348071+++UE4+Release-4.15
LogInit: Compatible Engine Version: 4.15.0-3299760+++UE4+Release-4.15
LogInit: Net CL: 3299760
LogDevObjectVersion: Number of dev versions registered: 14
LogDevObjectVersion:   Dev-Blueprints (B0D832E4-1F89-4F0D-ACCF-7EB736FD4AA2): 8
LogDevObjectVersion:   Dev-Build (E1C64328-A22C-4D53-A36C-8E866417BD8C): 0
LogDevObjectVersion:   Dev-Core (375EC13C-06E4-48FB-B500-84F0262A717E): 2
LogDevObjectVersion:   Dev-Editor (E4B068ED-F494-42E9-A231-DA0B2E46BB41): 14
LogDevObjectVersion:   Dev-Framework (CFFC743F-43B0-4480-9391-14DF171D2073): 22
LogDevObjectVersion:   Dev-Mobile (B02B49B5-BB20-44E9-A304-32B752E40360): 0
LogDevObjectVersion:   Dev-Networking (A4E4105C-59A1-49B5-A7C5-40C4547EDFEE): 0
LogDevObjectVersion:   Dev-Online (39C831C9-5AE6-47DC-9A44-9C173E1C8E7C): 0
LogDevObjectVersion:   Dev-Physics (78F01B33-EBEA-4F98-B9B4-84EACCB95AA2): 0
LogDevObjectVersion:   Dev-Platform (6631380F-2D4D-43E0-8009-CF276956A95A): 0
LogDevObjectVersion:   Dev-Rendering (12F88B9F-8875-4AFC-A67C-D90C383ABD29): 12
LogDevObjectVersion:   Dev-Sequencer (7B5AE74C-D270-4C10-A958-57980B212A5A): 3
LogDevObjectVersion:   Dev-VR (D7296918-1DD6-4BDD-9DE2-64A83CC13884): 0
LogDevObjectVersion:   Dev-LoadTimes (C2A15278-BFE7-4AFE-6C17-90FF531DF755): 1
LogInit: Compiled (64-bit): Mar 15 2017 16:52:47
LogInit: Compiled with Visual C++: 19.00.23026.00
LogInit: Build Configuration: Development
LogInit: Branch Name: ++UE4+Release-4.15
LogInit: Command line: -EpicPortal 
LogInit: Base directory: E:/Program/Epic Games/UE_4.15/Engine/Binaries/Win64/
LogInit: Installed Engine Build: 1
LogInit: Presizing for max 8388607 objects, including 0 objects not considered by GC, pre-allocating 0 bytes for permanent pool.
LogInit: Object subsystem initialized
[2017.04.11-09.40.53:715][  0]LogInit: Selected Device Profile: [Windows]
[2017.04.11-09.40.53:715][  0]LogInit: Applying CVar settings loaded from the selected device profile: [Windows]
[2017.04.11-09.40.53:727][  0]LogInit: Computer: ZHANGFAN
[2017.04.11-09.40.53:727][  0]LogInit: User: fan
[2017.04.11-09.40.53:727][  0]LogInit: CPU Page size=65536, Cores=4
[2017.04.11-09.40.53:727][  0]LogInit: High frequency timer resolution =2.435776 MHz
[2017.04.11-09.40.53:727][  0]LogMemory: Memory total: Physical=15.9GB (16GB approx)
[2017.04.11-09.40.53:727][  0]LogMemory: Platform Memory Stats for Windows
[2017.04.11-09.40.53:727][  0]LogMemory: Process Physical Memory: 264.29 MB used, 264.29 MB peak
[2017.04.11-09.40.53:727][  0]LogMemory: Process Virtual Memory: 262.95 MB used, 262.95 MB peak
[2017.04.11-09.40.53:727][  0]LogMemory: Physical Memory: 7066.51 MB used,  9198.51 MB free, 16265.02 MB total
[2017.04.11-09.40.53:727][  0]LogMemory: Virtual Memory: 645.23 MB used,  9198.51 MB free, 134217728.00 MB total
[2017.04.11-09.40.53:800][  0]LogTextLocalizationManager: No specific translations for ('en-AU') exist, so ('en') translations will be used.
[2017.04.11-09.40.54:491][  0]LogD3D11RHI: D3D11 adapters:
[2017.04.11-09.40.54:619][  0]LogD3D11RHI:    0. 'NVIDIA GeForce GTX 860M' (Feature Level 11_0)
[2017.04.11-09.40.54:619][  0]LogD3D11RHI:       2017/0/8132 MB DedicatedVideo/DedicatedSystem/SharedSystem, Outputs:2, VendorId:0x10de
[2017.04.11-09.40.54:626][  0]LogD3D11RHI:    1. 'Intel(R) HD Graphics 4600' (Feature Level 11_0)
[2017.04.11-09.40.54:626][  0]LogD3D11RHI:       112/0/2048 MB DedicatedVideo/DedicatedSystem/SharedSystem, Outputs:0, VendorId:0x8086
[2017.04.11-09.40.54:629][  0]LogD3D11RHI:    2. 'Microsoft Basic Render Driver' (Feature Level 11_0)
[2017.04.11-09.40.54:629][  0]LogD3D11RHI:       0/0/8132 MB DedicatedVideo/DedicatedSystem/SharedSystem, Outputs:0, VendorId:0x1414
[2017.04.11-09.40.54:629][  0]LogD3D11RHI: Chosen D3D11 Adapter: 0
[2017.04.11-09.40.54:634][  0]LogD3D11RHI: Creating new Direct3DDevice
[2017.04.11-09.40.54:634][  0]LogD3D11RHI:     GPU DeviceId: 0x119a (for the marketing name, search the web for "GPU Device Id")
[2017.04.11-09.40.54:634][  0]LogWindows: EnumDisplayDevices:
[2017.04.11-09.40.54:634][  0]LogWindows:    0. 'Intel(R) HD Graphics 4600' (P:1 D:1)
[2017.04.11-09.40.54:635][  0]LogWindows:    1. 'Intel(R) HD Graphics 4600' (P:0 D:1)
[2017.04.11-09.40.54:635][  0]LogWindows:    2. 'Intel(R) HD Graphics 4600' (P:0 D:0)
[2017.04.11-09.40.54:635][  0]LogWindows:    3. 'NVIDIA GeForce GTX 860M' (P:0 D:0)
[2017.04.11-09.40.54:635][  0]LogWindows:    4. 'NVIDIA GeForce GTX 860M' (P:0 D:0)
[2017.04.11-09.40.54:636][  0]LogWindows:    5. 'NVIDIA GeForce GTX 860M' (P:0 D:0)
[2017.04.11-09.40.54:636][  0]LogWindows:    6. 'NVIDIA GeForce GTX 860M' (P:0 D:0)
[2017.04.11-09.40.54:636][  0]LogWindows: DebugString: PrimaryIsNotTheChoosenAdapter PrimaryIsNotTheChoosenAdapter PrimaryIsNotTheChoosenAdapter FoundDriverCount:4 
[2017.04.11-09.40.54:636][  0]LogD3D11RHI:     Adapter Name: NVIDIA GeForce GTX 860M
[2017.04.11-09.40.54:636][  0]LogD3D11RHI:   Driver Version: 378.78 (internal:21.21.13.7878, unified:378.78)
[2017.04.11-09.40.54:636][  0]LogD3D11RHI:      Driver Date: 2-23-2017
[2017.04.11-09.40.54:636][  0]LogRHI: Texture pool is 1361 MB (70% of 1945 MB)
[2017.04.11-09.40.54:652][  0]LogD3D11RHI:Warning: Timestamp queries are currently disabled on this hardware due to instability. Realtime GPU stats will not be available. You can override this behaviour by setting r.NVIDIATimestampWorkaround to 0
[2017.04.11-09.40.54:653][  0]LogD3D11RHI: Async texture creation enabled
[2017.04.11-09.40.54:664][  0]LogD3D11RHI: GPU Timing Frequency: 1000.000000 (Debug: 2 1)
[2017.04.11-09.40.54:666][  0]LogShaderCompilers: Guid format shader working directory is 2 characters bigger than the processId version (../../../../../Git/Zombie-City/ZombieCity/Intermediate/Shaders/WorkingDirectory/11960/).
[2017.04.11-09.40.54:666][  0]LogShaderCompilers: Cleaned the shader compiler working directory 'C:/Users/fan/AppData/Local/Temp/UnrealShaderWorkingDir/040D8EED4930A55109D3F1B1F9E6B9AA/'.
[2017.04.11-09.40.54:666][  0]LogShaderCompilers:Display: Using Local Shader Compiler.
[2017.04.11-09.40.55:952][  0]LogTemp:Display: Loaded TP AllDesktopTargetPlatform
[2017.04.11-09.40.56:001][  0]LogTemp:Display: Loaded TP MacClientTargetPlatform
[2017.04.11-09.40.56:051][  0]LogTemp:Display: Loaded TP MacNoEditorTargetPlatform
[2017.04.11-09.40.56:101][  0]LogTemp:Display: Loaded TP MacServerTargetPlatform
[2017.04.11-09.40.56:152][  0]LogTemp:Display: Loaded TP MacTargetPlatform
[2017.04.11-09.40.56:203][  0]LogTemp:Display: Loaded TP WindowsClientTargetPlatform
[2017.04.11-09.40.56:255][  0]LogTemp:Display: Loaded TP WindowsNoEditorTargetPlatform
[2017.04.11-09.40.56:304][  0]LogTemp:Display: Loaded TP WindowsServerTargetPlatform
[2017.04.11-09.40.56:349][  0]LogTemp:Display: Loaded TP WindowsTargetPlatform
[2017.04.11-09.40.56:401][  0]LogTemp:Display: Loaded TP AndroidTargetPlatform
[2017.04.11-09.40.56:454][  0]LogTemp:Display: Loaded TP Android_ASTCTargetPlatform
[2017.04.11-09.40.56:503][  0]LogTemp:Display: Loaded TP Android_ATCTargetPlatform
[2017.04.11-09.40.56:554][  0]LogTemp:Display: Loaded TP Android_DXTTargetPlatform
[2017.04.11-09.40.56:604][  0]LogTemp:Display: Loaded TP Android_ETC1TargetPlatform
[2017.04.11-09.40.56:656][  0]LogTemp:Display: Loaded TP Android_ETC2TargetPlatform
[2017.04.11-09.40.56:757][  0]LogTemp:Display: Loaded TP Android_MultiTargetPlatform
[2017.04.11-09.40.56:757][  0]LogTemp:Display: Loaded TP Android_PVRTCTargetPlatform
[2017.04.11-09.40.56:793][  0]LogTemp:Display: Loaded TP HTML5TargetPlatform
[2017.04.11-09.40.56:885][  0]LogTemp:Display: Loaded TP IOSTargetPlatform
[2017.04.11-09.40.56:920][  0]LogTemp:Display: Loaded TP TVOSTargetPlatform
[2017.04.11-09.40.56:970][  0]LogTemp:Display: Loaded TP LinuxClientTargetPlatform
[2017.04.11-09.40.57:022][  0]LogTemp:Display: Loaded TP LinuxNoEditorTargetPlatform
[2017.04.11-09.40.57:072][  0]LogTemp:Display: Loaded TP LinuxServerTargetPlatform
[2017.04.11-09.40.57:123][  0]LogTemp:Display: Loaded TP LinuxTargetPlatform
[2017.04.11-09.40.57:123][  0]LogTargetPlatformManager:Display: Building Assets For Windows
[2017.04.11-09.40.57:529][  0]LogDerivedDataCache:Display: Max Cache Size: 512 MB
[2017.04.11-09.40.57:596][  0]LogDerivedDataCache: Loaded boot cache 0.07s 50MB C:/Users/fan/AppData/Local/UnrealEngine/4.15/DerivedDataCache/Boot.ddc.
[2017.04.11-09.40.57:596][  0]LogDerivedDataCache:Display: Loaded Boot cache: C:/Users/fan/AppData/Local/UnrealEngine/4.15/DerivedDataCache/Boot.ddc
[2017.04.11-09.40.57:596][  0]LogDerivedDataCache: FDerivedDataBackendGraph:  Pak pak cache file ../../../../../Git/Zombie-City/ZombieCity/DerivedDataCache/DDC.ddp not found, will not use a pak cache.
[2017.04.11-09.40.57:596][  0]LogDerivedDataCache: Unable to find inner node Pak for hierarchical cache Hierarchy.
[2017.04.11-09.40.57:596][  0]LogDerivedDataCache: FDerivedDataBackendGraph:  CompressedPak pak cache file ../../../../../Git/Zombie-City/ZombieCity/DerivedDataCache/Compressed.ddp not found, will not use a pak cache.
[2017.04.11-09.40.57:596][  0]LogDerivedDataCache: Unable to find inner node CompressedPak for hierarchical cache Hierarchy.
[2017.04.11-09.40.57:620][  0]LogDerivedDataCache:Display: Pak cache opened for reading ../../../Engine/DerivedDataCache/Compressed.ddp.
[2017.04.11-09.40.57:633][  0]LogDerivedDataCache: Using Local data cache path C:/Users/fan/AppData/Local/UnrealEngine/Common/DerivedDataCache: Writable
[2017.04.11-09.40.57:644][  0]LogSlate: Using Freetype 2.6.0
[2017.04.11-09.40.57:646][  0]LogSlate: SlateFontCache - WITH_FREETYPE: 1, WITH_HARFBUZZ: 1
[2017.04.11-09.40.57:646][  0]LogSlate: SlateFontCache - WITH_FREETYPE: 1, WITH_HARFBUZZ: 1
[2017.04.11-09.40.58:056][  0]LogInit: Selected Device Profile: [Windows]
[2017.04.11-09.40.58:059][  0]LogContentStreaming: Texture pool size is 0.00 MB
[2017.04.11-09.40.58:357][  0]LogMeshUtilities: Using QuadricMeshReduction for automatic static mesh reduction
[2017.04.11-09.40.58:393][  0]LogSimplygon: Simplygon DLL not present - disabling.
[2017.04.11-09.40.58:433][  0]LogMeshUtilities: Using SimplygonSwarm for distributed automatic mesh merging
[2017.04.11-09.40.58:433][  0]LogMeshUtilities: No automatic skeletal mesh reduction module available
[2017.04.11-09.40.58:433][  0]LogMeshUtilities: No automatic mesh merging module available
[2017.04.11-09.40.59:131][  0]LogNetVersion: GetLocalNetworkVersion: CL: 3299760, ProjectName: zombiecity, ProjectVersion: , EngineNetworkVersion: 2, GameNetworkVersion: 0, NetworkChecksum: 270151773
[2017.04.11-09.40.59:172][  0]LogAssetRegistry: FAssetRegistry took 0.0216 seconds to start up
[2017.04.11-09.40.59:213][  0]LogPackageLocalizationCache: Processed 3 localized package path(s) for 2 prioritized culture(s) in 0.024775 seconds
[2017.04.11-09.40.59:218][  0]LogUObjectArray: 32493 objects as part of root set at end of initial load.
[2017.04.11-09.40.59:218][  0]LogUObjectAllocator: 7077024 out of 0 bytes used by permanent object pool.
[2017.04.11-09.40.59:218][  0]LogUObjectArray: CloseDisregardForGC: 0/0 objects in disregard for GC pool
[2017.04.11-09.40.59:263][  0]LogInit: WinSock: version 1.1 (2.2), MaxSocks=32767, MaxUdp=65467
[2017.04.11-09.41.00:754][  0]LogTcpMessaging: Initializing TcpMessaging bridge
[2017.04.11-09.41.00:786][  0]LogUdpMessaging: Initializing bridge on interface 0.0.0.0:0 to multicast group 230.0.0.1:6666.
[2017.04.11-09.41.01:146][  0]LogMaterial: Uniform references updated for custom material expression Custom.
[2017.04.11-09.41.01:447][  0]SourceControl: Info Source control is disabled
[2017.04.11-09.41.01:534][  0]SourceControl: Info Source control is disabled
[2017.04.11-09.41.01:568][  0]SourceControl: Info Source control is disabled
[2017.04.11-09.41.01:602][  0]SourceControl: Info Source control is disabled
[2017.04.11-09.41.02:539][  0]LogEngine: Initializing Engine...
[2017.04.11-09.41.02:540][  0]LogHMD: Failed to initialize OpenVR with code 110
[2017.04.11-09.41.02:740][  0]LogAIModule: Creating AISystem for world Untitled
[2017.04.11-09.41.02:748][  0]LogInit: XAudio2 using 'Speakers / Headphones (Realtek High Definition Audio)' : 2 channels at 48 kHz using 32 bits per sample (channel mask 0x3)
[2017.04.11-09.41.02:767][  0]LogInit: FAudioDevice initialized.
[2017.04.11-09.41.02:803][  0]LogDerivedDataCache: Saved boot cache 0.04s 50MB C:/Users/fan/AppData/Local/UnrealEngine/4.15/DerivedDataCache/Boot.ddc.
[2017.04.11-09.41.02:809][  0]LogInit: Texture streaming: Enabled
[2017.04.11-09.41.02:878][  0]LogEngineSessionManager: EngineSessionManager initialized
[2017.04.11-09.41.02:948][  0]LogInit: Transaction tracking system initialized
[2017.04.11-09.41.03:207][  0]BlueprintLog: New page: Editor Load
[2017.04.11-09.41.03:853][  0]LocalizationService: Info Localization service is disabled
[2017.04.11-09.41.04:350][  0]LogConsoleResponse:Display: 
[2017.04.11-09.41.04:462][  0]LogCook:Display: Max memory allowance for cook 16384mb min free memory 0mb
[2017.04.11-09.41.04:462][  0]LogCook:Display: Mobile HDR setting 1
[2017.04.11-09.41.05:220][  0]LogFileCache: Scanning file cache for directory 'E:/Program/Git/Zombie-City/ZombieCity/Content/' took 0.01s
[2017.04.11-09.41.05:220][  0]SourceControl: Info Source control is disabled
[2017.04.11-09.41.05:220][  0]Cmd: MAP LOAD FILE="../../../../../Git/Zombie-City/ZombieCity/Content/TwinStickBP/Maps/TwinStickExampleMap.umap" TEMPLATE=0 SHOWPROGRESS=1 FEATURELEVEL=3
[2017.04.11-09.41.05:220][  0]LogEditorServer:Warning: Can't find file '../../../../../Git/Zombie-City/ZombieCity/Content/TwinStickBP/Maps/TwinStickExampleMap.umap'
[2017.04.11-09.41.05:221][  0]Cmd: MAP CHECKDEP NOCLEARLOG
[2017.04.11-09.41.05:249][  0]MapCheck: Info Map check complete: 0 Error(s), 0 Warning(s), took 28.382ms to complete.
[2017.04.11-09.41.05:249][  0]LogFileHelpers: Loading map 'TwinStickExampleMap' took 0.029
[2017.04.11-09.41.05:536][  0]LogCollectionManager: Loaded 0 collections in 0.001190 seconds
[2017.04.11-09.41.05:611][  0]LogFileCache: Scanning file cache for directory 'E:/Program/Git/Zombie-City/ZombieCity/Saved/Collections/' took 0.01s
[2017.04.11-09.41.05:611][  0]LogFileCache: Scanning file cache for directory 'E:/Program/Git/Zombie-City/ZombieCity/Content/Developers/fan/Collections/' took 0.01s
[2017.04.11-09.41.05:611][  0]LogFileCache: Scanning file cache for directory 'E:/Program/Git/Zombie-City/ZombieCity/Content/Collections/' took 0.01s
[2017.04.11-09.41.05:611][  0]LogCollectionManager: Rebuilt the GUID cache for 0 collections in 0.000002 seconds
[2017.04.11-09.41.05:620][  0]LogContentBrowser: Native class hierarchy populated in 0.0089 seconds. Added 2245 classes and 453 folders.
[2017.04.11-09.41.05:623][  0]LogStats: UGameplayTagsManager::ConstructGameplayTagTree: Construct from data asset -  0.000 s
[2017.04.11-09.41.05:623][  0]LogStats: UGameplayTagsManager::ConstructGameplayTagTree: GameplayTagTreeChangedEvent.Broadcast -  0.000 s
[2017.04.11-09.41.05:667][  0]LogContentBrowser: Native class hierarchy updated for 'WidgetCarousel' in 0.0006 seconds. Added 0 classes and 0 folders.
[2017.04.11-09.41.05:706][  0]LogContentBrowser: Native class hierarchy updated for 'AddContentDialog' in 0.0005 seconds. Added 0 classes and 0 folders.
[2017.04.11-09.41.05:739][  0]LogContentBrowser: Native class hierarchy updated for 'SceneOutliner' in 0.0006 seconds. Added 1 classes and 2 folders.
[2017.04.11-09.41.05:830][  0]LogCrashTracker: Crashtracker disabled due to settings.
[2017.04.11-09.41.05:931][  0]LogUObjectGlobals:Warning: Failed to find object 'Class None.'
[2017.04.11-09.41.05:984][  0]LogContentBrowser: Native class hierarchy updated for 'HierarchicalLODOutliner' in 0.0005 seconds. Added 1 classes and 2 folders.
[2017.04.11-09.41.05:985][  0]LogLoad: (Engine Initialization) Total time: 14.15 seconds
[2017.04.11-09.41.05:985][  0]LogLoad: (Engine Initialization) Total Blueprint compile time: 0.03 seconds
[2017.04.11-09.41.05:985][  0]LogExternalProfiler: Found external profiler: VSPerf
[2017.04.11-09.41.05:985][  0]LogExternalProfiler: Using external profiler: VSPerf
[2017.04.11-09.41.06:324][  0]LogOcInput: OculusInput pre-init called
[2017.04.11-09.41.06:344][  0]LogContentStreaming: Texture pool size now 1000 MB
[2017.04.11-09.41.06:345][  0]LogSlate: Took 0.000235 seconds to synchronously load lazily loaded font '../../../Engine/Content/Slate/Fonts/Roboto-Regular.ttf' (155K)
[2017.04.11-09.41.06:349][  0]LogSlate: Took 0.000175 seconds to synchronously load lazily loaded font '../../../Engine/Content/Slate/Fonts/Roboto-Bold.ttf' (160K)
[2017.04.11-09.41.06:354][  0]LogSlate: Took 0.000226 seconds to synchronously load lazily loaded font '../../../Engine/Content/Editor/Slate/Fonts/FontAwesome.ttf' (139K)
[2017.04.11-09.41.06:563][  0]LogRenderer: Reallocating scene render targets to support 1172x608 NumSamples 1 (Frame:2).
[2017.04.11-09.41.06:662][  1]LogAssetRegistry: Asset discovery search completed in 7.5116 seconds
[2017.04.11-09.41.06:662][  1]LogCollectionManager: Rebuilt the object cache for 0 collections in 0.000003 seconds (found 0 objects)
[2017.04.11-09.41.06:662][  1]LogCollectionManager: Fixed up redirectors for 0 collections in 0.000016 seconds (updated 0 objects)
[2017.04.11-09.41.07:326][  3]LogSlate: Took 0.000241 seconds to synchronously load lazily loaded font '../../../Engine/Content/Slate/Fonts/Roboto-Light.ttf' (159K)
[2017.04.11-09.41.44:838][268]LogSlate: Took 0.000205 seconds to synchronously load lazily loaded font '../../../Engine/Content/Slate/Fonts/Roboto-Light.ttf' (159K)
[2017.04.11-09.41.45:931][332]LogSlate: Took 0.000208 seconds to synchronously load lazily loaded font '../../../Engine/Content/Slate/Fonts/Roboto-Light.ttf' (159K)
[2017.04.11-09.41.46:411][332]LogContentBrowser: Native class hierarchy updated for 'BlueprintGraph' in 0.0009 seconds. Added 112 classes and 0 folders.
[2017.04.11-09.41.47:079][332]LogSlate: Took 0.000217 seconds to synchronously load lazily loaded font '../../../Engine/Content/Editor/Slate/Fonts/Roboto-BoldCondensed.ttf' (158K)
[2017.04.11-09.42.22:337][433]LogAIModule: Creating AISystem for world UIMap
[2017.04.11-09.42.22:363][433]Cmd: MAP LOAD FILE="../../../../../Git/Zombie-City/ZombieCity/Content/TwinStickBP/Maps/UIMap.umap" TEMPLATE=0 SHOWPROGRESS=1 FEATURELEVEL=3
[2017.04.11-09.42.22:363][433]LightingResults: New page: Lighting Build
[2017.04.11-09.42.22:392][433]LogContentBrowser: Native class hierarchy updated for 'StatsViewer' in 0.0005 seconds. Added 5 classes and 0 folders.
[2017.04.11-09.42.22:393][433]LoadErrors: New page: Loading map: UIMap.umap
[2017.04.11-09.42.22:394][433]MapCheck: New page: Map Check
[2017.04.11-09.42.22:394][433]LightingResults: New page: Lighting Build
[2017.04.11-09.42.22:475][433]LogEditorServer: Finished looking for orphan Actors (0.000 secs)
[2017.04.11-09.42.22:488][433]Cmd: MAP CHECKDEP NOCLEARLOG
[2017.04.11-09.42.22:519][433]MapCheck: Info Map check complete: 0 Error(s), 0 Warning(s), took 30.779ms to complete.
[2017.04.11-09.42.22:519][433]LogFileHelpers: Loading map 'UIMap' took 0.157
[2017.04.11-09.42.31:235][919]LogAIModule: Creating AISystem for world MainMap
[2017.04.11-09.42.31:265][919]Cmd: MAP LOAD FILE="../../../../../Git/Zombie-City/ZombieCity/Content/TwinStickBP/Maps/MainMap.umap" TEMPLATE=0 SHOWPROGRESS=1 FEATURELEVEL=3
[2017.04.11-09.42.31:265][919]LightingResults: New page: Lighting Build
[2017.04.11-09.42.31:267][919]LoadErrors: New page: Loading map: MainMap.umap
[2017.04.11-09.42.31:267][919]MapCheck: New page: Map Check
[2017.04.11-09.42.31:267][919]LightingResults: New page: Lighting Build
[2017.04.11-09.42.31:356][919]LogEditorServer: Finished looking for orphan Actors (0.000 secs)
[2017.04.11-09.42.31:370][919]Cmd: MAP CHECKDEP NOCLEARLOG
[2017.04.11-09.42.31:402][919]MapCheck: Info Map check complete: 0 Error(s), 0 Warning(s), took 32.718ms to complete.
[2017.04.11-09.42.31:402][919]LogFileHelpers: Loading map 'MainMap' took 0.138
[2017.04.11-09.42.43:353][611]LogSlate:Warning: Prevented a slow task dialog from being summoned while a context menu was open
[2017.04.11-09.42.44:364][670]LogSlate:Warning: Prevented a slow task dialog from being summoned while a context menu was open
[2017.04.11-09.42.48:478][898]LogTemp: Repeting last play command: Selected Viewport
[2017.04.11-09.42.48:491][898]LogBlueprintUserMessages: Early PlayInEditor Detection: Level '/Game/TwinStickBP/Maps/MainMap.MainMap:PersistentLevel' has LevelScriptBlueprint '/Game/TwinStickBP/Maps/MainMap.MainMap:PersistentLevel.MainMap' with GeneratedClass '/Game/TwinStickBP/Maps/MainMap.MainMap_C' with ClassGeneratedBy '/Game/TwinStickBP/Maps/MainMap.MainMap:PersistentLevel.MainMap'
[2017.04.11-09.42.48:492][898]LogPlayLevel: PlayLevel: No blueprints needed recompiling
[2017.04.11-09.42.48:492][898]PIE: New page: PIE session: MainMap (12 Apr 2017 4:42:48 am)
[2017.04.11-09.42.48:492][898]LogPlayLevel: Creating play world package: /Game/TwinStickBP/Maps/UEDPIE_0_MainMap
[2017.04.11-09.42.48:498][898]LogPlayLevel: PIE: StaticDuplicateObject took: (0.006136s)
[2017.04.11-09.42.48:499][898]LogAIModule: Creating AISystem for world MainMap
[2017.04.11-09.42.48:499][898]LogPlayLevel: PIE: World Init took: (0.000742s)
[2017.04.11-09.42.48:499][898]LogPlayLevel: PIE: Created PIE world by copying editor world from /Game/TwinStickBP/Maps/MainMap.MainMap to /Game/TwinStickBP/Maps/UEDPIE_0_MainMap.MainMap (0.007089s)
[2017.04.11-09.42.48:517][898]LogInit: XAudio2 using 'Speakers / Headphones (Realtek High Definition Audio)' : 2 channels at 48 kHz using 32 bits per sample (channel mask 0x3)
[2017.04.11-09.42.48:533][898]LogInit: FAudioDevice initialized.
[2017.04.11-09.42.48:582][898]LogLoad: Game class is 'TwinStickGameMode_C'
[2017.04.11-09.42.48:585][898]LogWorld: Bringing World /Game/TwinStickBP/Maps/UEDPIE_0_MainMap.MainMap up for play (max tick rate 60) at 2017.04.11-19.12.48
[2017.04.11-09.42.48:585][898]LogWorld: Bringing up level for play took: 0.001898
[2017.04.11-09.42.48:615][898]LogContentBrowser: Native class hierarchy updated for 'MovieSceneCapture' in 0.0006 seconds. Added 11 classes and 0 folders.
[2017.04.11-09.42.48:617][898]PIE: Info Play in editor start time for /Game/TwinStickBP/Maps/UEDPIE_0_MainMap -0.053
[2017.04.11-09.42.48:617][898]LogBlueprintUserMessages: Late PlayInEditor Detection: Level '/Game/TwinStickBP/Maps/MainMap.MainMap:PersistentLevel' has LevelScriptBlueprint '/Game/TwinStickBP/Maps/MainMap.MainMap:PersistentLevel.MainMap' with GeneratedClass '/Game/TwinStickBP/Maps/MainMap.MainMap_C' with ClassGeneratedBy '/Game/TwinStickBP/Maps/MainMap.MainMap:PersistentLevel.MainMap'
[2017.04.11-09.42.51:533][ 70]LogNet: Browse: /Game/TwinStickBP/Maps/MainMap
[2017.04.11-09.42.51:533][ 70]LogLoad: LoadMap: /Game/TwinStickBP/Maps/MainMap
[2017.04.11-09.42.51:551][ 70]Cmd: MEM
[2017.04.11-09.42.51:565][ 70]LogMemory: Platform Memory Stats for Windows
[2017.04.11-09.42.51:565][ 70]LogMemory: Process Physical Memory: 1160.11 MB used, 1162.46 MB peak
[2017.04.11-09.42.51:565][ 70]LogMemory: Process Virtual Memory: 1576.69 MB used, 1579.35 MB peak
[2017.04.11-09.42.51:565][ 70]LogMemory: Physical Memory: 7159.38 MB used,  9105.65 MB free, 16265.02 MB total
[2017.04.11-09.42.51:565][ 70]LogMemory: Virtual Memory: 2330.63 MB used,  9105.65 MB free, 134217728.00 MB total
[2017.04.11-09.42.51:565][ 70]LogMemory: 
[2017.04.11-09.42.51:565][ 70]Allocator Stats for TBB: (not implemented)
[2017.04.11-09.42.51:566][ 70]LogPlayLevel: Creating play world package: /Game/TwinStickBP/Maps/UEDPIE_0_MainMap
[2017.04.11-09.42.51:571][ 70]LogPlayLevel: PIE: StaticDuplicateObject took: (0.005129s)
[2017.04.11-09.42.51:571][ 70]LogAIModule: Creating AISystem for world MainMap
[2017.04.11-09.42.51:571][ 70]LogPlayLevel: PIE: World Init took: (0.000705s)
[2017.04.11-09.42.51:572][ 70]LogPlayLevel: PIE: Created PIE world by copying editor world from /Game/TwinStickBP/Maps/MainMap.MainMap to /Game/TwinStickBP/Maps/UEDPIE_0_MainMap.MainMap (0.006043s)
[2017.04.11-09.42.51:572][ 70]LogLoad: Game class is 'TwinStickGameMode_C'
[2017.04.11-09.42.51:574][ 70]LogWorld: Bringing World /Game/TwinStickBP/Maps/UEDPIE_0_MainMap.MainMap up for play (max tick rate 60) at 2017.04.11-19.12.51
[2017.04.11-09.42.51:574][ 70]LogWorld: Bringing up level for play took: 0.001863
[2017.04.11-09.42.51:576][ 70]LogLoad: Took 0.042808 seconds to LoadMap(/Game/TwinStickBP/Maps/UEDPIE_0_MainMap)
[2017.04.11-09.43.02:069][699]LogBlueprintUserMessages: Early EndPlayMap Detection: Level '/Game/TwinStickBP/Maps/MainMap.MainMap:PersistentLevel' has LevelScriptBlueprint '/Game/TwinStickBP/Maps/MainMap.MainMap:PersistentLevel.MainMap' with GeneratedClass '/Game/TwinStickBP/Maps/MainMap.MainMap_C' with ClassGeneratedBy '/Game/TwinStickBP/Maps/MainMap.MainMap:PersistentLevel.MainMap'
[2017.04.11-09.43.02:102][699]LogBlueprintUserMessages: Late EndPlayMap Detection: Level '/Game/TwinStickBP/Maps/MainMap.MainMap:PersistentLevel' has LevelScriptBlueprint '/Game/TwinStickBP/Maps/MainMap.MainMap:PersistentLevel.MainMap' with GeneratedClass '/Game/TwinStickBP/Maps/MainMap.MainMap_C' with ClassGeneratedBy '/Game/TwinStickBP/Maps/MainMap.MainMap:PersistentLevel.MainMap'
[2017.04.11-09.43.07:057][982]LogTemp: Repeting last play command: Selected Viewport
[2017.04.11-09.43.07:068][982]LogBlueprintUserMessages: Early PlayInEditor Detection: Level '/Game/TwinStickBP/Maps/MainMap.MainMap:PersistentLevel' has LevelScriptBlueprint '/Game/TwinStickBP/Maps/MainMap.MainMap:PersistentLevel.MainMap' with GeneratedClass '/Game/TwinStickBP/Maps/MainMap.MainMap_C' with ClassGeneratedBy '/Game/TwinStickBP/Maps/MainMap.MainMap:PersistentLevel.MainMap'
[2017.04.11-09.43.07:068][982]LogPlayLevel: PlayLevel: No blueprints needed recompiling
[2017.04.11-09.43.07:068][982]PIE: New page: PIE session: MainMap (12 Apr 2017 4:43:07 am)
[2017.04.11-09.43.07:068][982]LogPlayLevel: Creating play world package: /Game/TwinStickBP/Maps/UEDPIE_0_MainMap
[2017.04.11-09.43.07:074][982]LogPlayLevel: PIE: StaticDuplicateObject took: (0.006016s)
[2017.04.11-09.43.07:075][982]LogAIModule: Creating AISystem for world MainMap
[2017.04.11-09.43.07:075][982]LogPlayLevel: PIE: World Init took: (0.000787s)
[2017.04.11-09.43.07:075][982]LogPlayLevel: PIE: Created PIE world by copying editor world from /Game/TwinStickBP/Maps/MainMap.MainMap to /Game/TwinStickBP/Maps/UEDPIE_0_MainMap.MainMap (0.007001s)
[2017.04.11-09.43.07:091][982]LogInit: XAudio2 using 'Speakers / Headphones (Realtek High Definition Audio)' : 2 channels at 48 kHz using 32 bits per sample (channel mask 0x3)
[2017.04.11-09.43.07:105][982]LogInit: FAudioDevice initialized.
[2017.04.11-09.43.07:133][982]LogLoad: Game class is 'TwinStickGameMode_C'
[2017.04.11-09.43.07:135][982]LogWorld: Bringing World /Game/TwinStickBP/Maps/UEDPIE_0_MainMap.MainMap up for play (max tick rate 60) at 2017.04.11-19.13.07
[2017.04.11-09.43.07:135][982]LogWorld: Bringing up level for play took: 0.001751
[2017.04.11-09.43.07:137][982]PIE: Info Play in editor start time for /Game/TwinStickBP/Maps/UEDPIE_0_MainMap 0.468
[2017.04.11-09.43.07:138][982]LogBlueprintUserMessages: Late PlayInEditor Detection: Level '/Game/TwinStickBP/Maps/MainMap.MainMap:PersistentLevel' has LevelScriptBlueprint '/Game/TwinStickBP/Maps/MainMap.MainMap:PersistentLevel.MainMap' with GeneratedClass '/Game/TwinStickBP/Maps/MainMap.MainMap_C' with ClassGeneratedBy '/Game/TwinStickBP/Maps/MainMap.MainMap:PersistentLevel.MainMap'
[2017.04.11-09.43.11:833][262]LogBlueprintUserMessages: Early EndPlayMap Detection: Level '/Game/TwinStickBP/Maps/MainMap.MainMap:PersistentLevel' has LevelScriptBlueprint '/Game/TwinStickBP/Maps/MainMap.MainMap:PersistentLevel.MainMap' with GeneratedClass '/Game/TwinStickBP/Maps/MainMap.MainMap_C' with ClassGeneratedBy '/Game/TwinStickBP/Maps/MainMap.MainMap:PersistentLevel.MainMap'
[2017.04.11-09.43.11:866][262]LogBlueprintUserMessages: Late EndPlayMap Detection: Level '/Game/TwinStickBP/Maps/MainMap.MainMap:PersistentLevel' has LevelScriptBlueprint '/Game/TwinStickBP/Maps/MainMap.MainMap:PersistentLevel.MainMap' with GeneratedClass '/Game/TwinStickBP/Maps/MainMap.MainMap_C' with ClassGeneratedBy '/Game/TwinStickBP/Maps/MainMap.MainMap:PersistentLevel.MainMap'
[2017.04.11-09.43.14:650][425]LogAIModule: Creating AISystem for world UIMap
[2017.04.11-09.43.16:302][425]Cmd: OBJ SAVEPACKAGE PACKAGE="/Game/TwinStickBP/Blueprints/TwinStickGameMode" FILE="../../../../../Git/Zombie-City/ZombieCity/Content/TwinStickBP/Blueprints/TwinStickGameMode.uasset" SILENT=true
[2017.04.11-09.43.16:312][425]LogSavePackage: Save=6.49ms
[2017.04.11-09.43.16:312][425]LogSavePackage: Moving '../../../../../Git/Zombie-City/ZombieCity/Saved/TwinStickGameModeF686972E4692E58ADF7D9EA7AC43AA94.tmp' to '../../../../../Git/Zombie-City/ZombieCity/Content/TwinStickBP/Blueprints/TwinStickGameMode.uasset'
[2017.04.11-09.43.16:314][425]LogSavePackage:Display: Finished SavePackage ../../../../../Git/Zombie-City/ZombieCity/Content/TwinStickBP/Blueprints/TwinStickGameMode.uasset
[2017.04.11-09.43.16:348][425]Cmd: OBJ SAVEPACKAGE PACKAGE="/Game/TwinStickBP/Maps/MainMap" FILE="../../../../../Git/Zombie-City/ZombieCity/Content/TwinStickBP/Maps/MainMap.umap" SILENT=true AUTOSAVING=false KEEPDIRTY=false
[2017.04.11-09.43.16:598][425]LogSavePackage: Save=227.82ms
[2017.04.11-09.43.16:598][425]LogSavePackage: Moving '../../../../../Git/Zombie-City/ZombieCity/Saved/MainMap31126BE14E2D569AD440B2B43FC906C4.tmp' to '../../../../../Git/Zombie-City/ZombieCity/Content/TwinStickBP/Maps/MainMap.umap'
[2017.04.11-09.43.16:601][425]LogSavePackage:Display: Finished SavePackage ../../../../../Git/Zombie-City/ZombieCity/Content/TwinStickBP/Maps/MainMap.umap
[2017.04.11-09.43.16:613][425]LogFileHelpers: Saving map 'MainMap' took 0.298
[2017.04.11-09.43.16:614][425]Cmd: MAP LOAD FILE="../../../../../Git/Zombie-City/ZombieCity/Content/TwinStickBP/Maps/UIMap.umap" TEMPLATE=0 SHOWPROGRESS=1 FEATURELEVEL=3
[2017.04.11-09.43.16:614][425]LightingResults: New page: Lighting Build
[2017.04.11-09.43.16:615][425]LoadErrors: New page: Loading map: UIMap.umap
[2017.04.11-09.43.16:616][425]MapCheck: New page: Map Check
[2017.04.11-09.43.16:616][425]LightingResults: New page: Lighting Build
[2017.04.11-09.43.16:700][425]LogEditorServer: Finished looking for orphan Actors (0.000 secs)
[2017.04.11-09.43.16:713][425]Cmd: MAP CHECKDEP NOCLEARLOG
[2017.04.11-09.43.16:728][425]LogSlate: Took 0.000169 seconds to synchronously load lazily loaded font '../../../Engine/Content/Slate/Fonts/Roboto-Regular.ttf' (155K)
[2017.04.11-09.43.16:766][425]MapCheck: Info Map check complete: 0 Error(s), 0 Warning(s), took 52.912ms to complete.
[2017.04.11-09.43.16:766][425]LogFileHelpers: Loading map 'UIMap' took 0.154
[2017.04.11-09.43.18:390][513]LogSlate:Warning: Prevented a slow task dialog from being summoned while a context menu was open
[2017.04.11-09.43.23:747][833]LogTemp: Repeting last play command: Selected Viewport
[2017.04.11-09.43.23:758][833]LogPlayLevel: PlayLevel: No blueprints needed recompiling
[2017.04.11-09.43.23:758][833]PIE: New page: PIE session: UIMap (12 Apr 2017 4:43:23 am)
[2017.04.11-09.43.23:759][833]LogPlayLevel: Creating play world package: /Game/TwinStickBP/Maps/UEDPIE_0_UIMap
[2017.04.11-09.43.23:759][833]LogPlayLevel: PIE: StaticDuplicateObject took: (0.000743s)
[2017.04.11-09.43.23:760][833]LogAIModule: Creating AISystem for world UIMap
[2017.04.11-09.43.23:760][833]LogPlayLevel: PIE: World Init took: (0.000590s)
[2017.04.11-09.43.23:760][833]LogPlayLevel: PIE: Created PIE world by copying editor world from /Game/TwinStickBP/Maps/UIMap.UIMap to /Game/TwinStickBP/Maps/UEDPIE_0_UIMap.UIMap (0.001565s)
[2017.04.11-09.43.23:777][833]LogInit: XAudio2 using 'Speakers / Headphones (Realtek High Definition Audio)' : 2 channels at 48 kHz using 32 bits per sample (channel mask 0x3)
[2017.04.11-09.43.23:790][833]LogInit: FAudioDevice initialized.
[2017.04.11-09.43.23:822][833]LogLoad: Game class is 'TwinStickGameMode_C'
[2017.04.11-09.43.23:824][833]LogWorld: Bringing World /Game/TwinStickBP/Maps/UEDPIE_0_UIMap.UIMap up for play (max tick rate 60) at 2017.04.11-19.13.23
[2017.04.11-09.43.23:824][833]LogWorld: Bringing up level for play took: 0.000863
[2017.04.11-09.43.23:827][833]PIE: Info Play in editor start time for /Game/TwinStickBP/Maps/UEDPIE_0_UIMap -0.843
[2017.04.11-09.43.24:831][893]LogNet: Browse: /Game/TwinStickBP/Maps/MainMap
[2017.04.11-09.43.24:831][893]LogLoad: LoadMap: /Game/TwinStickBP/Maps/MainMap
[2017.04.11-09.43.24:847][893]Cmd: MEM
[2017.04.11-09.43.24:862][893]LogMemory: Platform Memory Stats for Windows
[2017.04.11-09.43.24:862][893]LogMemory: Process Physical Memory: 1187.58 MB used, 1202.65 MB peak
[2017.04.11-09.43.24:862][893]LogMemory: Process Virtual Memory: 1536.67 MB used, 1695.35 MB peak
[2017.04.11-09.43.24:862][893]LogMemory: Physical Memory: 7186.60 MB used,  9078.42 MB free, 16265.02 MB total
[2017.04.11-09.43.24:862][893]LogMemory: Virtual Memory: 2351.75 MB used,  9078.42 MB free, 134217728.00 MB total
[2017.04.11-09.43.24:862][893]LogMemory: 
[2017.04.11-09.43.24:862][893]Allocator Stats for TBB: (not implemented)
[2017.04.11-09.43.24:986][893]LogStats: FPlatformStackWalk::StackWalkAndDump -  0.107 s
[2017.04.11-09.43.24:986][893]LogOutputDevice:Error: === Handled ensure: ===
[2017.04.11-09.43.24:986][893]LogOutputDevice:Error: 
[2017.04.11-09.43.24:986][893]LogOutputDevice:Error: Ensure condition failed: IsObjectValidForDatabase(AssetObject) [File:D:\Build\++UE4+Release-4.15+Compile\Sync\Engine\Source\Editor\BlueprintGraph\Private\BlueprintActionDatabase.cpp] [Line: 1282]
[2017.04.11-09.43.24:986][893]LogOutputDevice:Error: 
[2017.04.11-09.43.24:986][893]LogOutputDevice:Error: Stack: 
[2017.04.11-09.43.24:986][893]LogOutputDevice:Error: UE4Editor-Core.dll!0x000000003DAD95E6
[2017.04.11-09.43.24:986][893]LogOutputDevice:Error: UE4Editor-Core.dll!0x000000003D889B82
[2017.04.11-09.43.24:986][893]LogOutputDevice:Error: UE4Editor-Core.dll!0x000000003D89B666
[2017.04.11-09.43.24:986][893]LogOutputDevice:Error: UE4Editor-BlueprintGraph.dll!0x00000000321CB7A7
[2017.04.11-09.43.24:986][893]LogOutputDevice:Error: UE4Editor-BlueprintGraph.dll!0x000000003219BFCD
[2017.04.11-09.43.24:986][893]LogOutputDevice:Error: UE4Editor-CoreUObject.dll!0x000000003B6E0DFA
[2017.04.11-09.43.24:986][893]LogOutputDevice:Error: UE4Editor-CoreUObject.dll!0x000000003B91113A
[2017.04.11-09.43.24:986][893]LogOutputDevice:Error: UE4Editor-CoreUObject.dll!0x000000003B924970
[2017.04.11-09.43.24:986][893]LogOutputDevice:Error: UE4Editor-CoreUObject.dll!0x000000003B923E67
[2017.04.11-09.43.24:986][893]LogOutputDevice:Error: UE4Editor-Engine.dll!0x0000000028EC878D
[2017.04.11-09.43.24:986][893]LogOutputDevice:Error: UE4Editor-Engine.dll!0x0000000028E7DF1E
[2017.04.11-09.43.24:986][893]LogOutputDevice:Error: UE4Editor-Engine.dll!0x0000000028EEC710
[2017.04.11-09.43.24:986][893]LogOutputDevice:Error: UE4Editor-UnrealEd.dll!0x00000000330F637F
[2017.04.11-09.43.24:986][893]LogOutputDevice:Error: UE4Editor-UnrealEd.dll!0x0000000033902086
[2017.04.11-09.43.24:986][893]LogOutputDevice:Error: UE4Editor.exe!0x0000000035CFDEE3
[2017.04.11-09.43.24:986][893]LogOutputDevice:Error: UE4Editor.exe!0x0000000035CEEB40
[2017.04.11-09.43.24:986][893]LogOutputDevice:Error: UE4Editor.exe!0x0000000035CEEBBA
[2017.04.11-09.43.24:986][893]LogOutputDevice:Error: UE4Editor.exe!0x0000000035D00A29
[2017.04.11-09.43.24:986][893]LogOutputDevice:Error: UE4Editor.exe!0x0000000035D022B6
[2017.04.11-09.43.24:986][893]LogOutputDevice:Error: KERNEL32.DLL!0x000000007E5A8364
[2017.04.11-09.43.24:986][893]LogOutputDevice:Error: ntdll.dll!0x000000007E8870D1
[2017.04.11-09.43.24:986][893]LogOutputDevice:Error: 
[2017.04.11-09.43.24:993][893]LogStats:                SubmitErrorReport -  0.000 s
