Log file open, 05/22/17 14:42:17
LogInit:Display: Running engine for game: ZombieCity
LogPlatformFile: Not using cached read wrapper
LogInit:Display: RandInit(751446222) SRandInit(751446222).
LogTaskGraph: Started task graph with 5 named threads and 6 total threads with 1 sets of task threads.
LogStats: Stats thread started at 0.078605
LogInit: Using libcurl 7.47.1
LogInit:  - built for x86_64-pc-win32
LogInit:  - supports SSL with OpenSSL/1.0.2g
LogInit:  - supports HTTP deflate (compression) using libz 1.2.8
LogInit:  - other features:
LogInit:      CURL_VERSION_SSL
LogInit:      CURL_VERSION_LIBZ
LogInit:      CURL_VERSION_IPV6
LogInit:      CURL_VERSION_ASYNCHDNS
LogInit:      CURL_VERSION_LARGEFILE
LogInit:      CURL_VERSION_IDN
LogInit:  CurlRequestOptions (configurable via config and command line):
LogInit:  - bVerifyPeer = false  - Libcurl will NOT verify peer certificate
LogInit:  - bUseHttpProxy = false  - Libcurl will NOT use HTTP proxy
LogInit:  - bDontReuseConnections = false  - Libcurl will reuse connections
LogInit:  - CertBundlePath = nullptr  - Libcurl will use whatever was configured at build time.
LogInit: Build: ++UE4+Release-4.15-CL-3348071
LogInit: Engine Version: 4.15.1-3348071+++UE4+Release-4.15
LogInit: Compatible Engine Version: 4.15.0-3299760+++UE4+Release-4.15
LogInit: Net CL: 3299760
LogDevObjectVersion: Number of dev versions registered: 14
LogDevObjectVersion:   Dev-Blueprints (B0D832E4-1F89-4F0D-ACCF-7EB736FD4AA2): 8
LogDevObjectVersion:   Dev-Build (E1C64328-A22C-4D53-A36C-8E866417BD8C): 0
LogDevObjectVersion:   Dev-Core (375EC13C-06E4-48FB-B500-84F0262A717E): 2
LogDevObjectVersion:   Dev-Editor (E4B068ED-F494-42E9-A231-DA0B2E46BB41): 14
LogDevObjectVersion:   Dev-Framework (CFFC743F-43B0-4480-9391-14DF171D2073): 22
LogDevObjectVersion:   Dev-Mobile (B02B49B5-BB20-44E9-A304-32B752E40360): 0
LogDevObjectVersion:   Dev-Networking (A4E4105C-59A1-49B5-A7C5-40C4547EDFEE): 0
LogDevObjectVersion:   Dev-Online (39C831C9-5AE6-47DC-9A44-9C173E1C8E7C): 0
LogDevObjectVersion:   Dev-Physics (78F01B33-EBEA-4F98-B9B4-84EACCB95AA2): 0
LogDevObjectVersion:   Dev-Platform (6631380F-2D4D-43E0-8009-CF276956A95A): 0
LogDevObjectVersion:   Dev-Rendering (12F88B9F-8875-4AFC-A67C-D90C383ABD29): 12
LogDevObjectVersion:   Dev-Sequencer (7B5AE74C-D270-4C10-A958-57980B212A5A): 3
LogDevObjectVersion:   Dev-VR (D7296918-1DD6-4BDD-9DE2-64A83CC13884): 0
LogDevObjectVersion:   Dev-LoadTimes (C2A15278-BFE7-4AFE-6C17-90FF531DF755): 1
LogInit: Compiled (64-bit): Mar 15 2017 16:52:47
LogInit: Compiled with Visual C++: 19.00.23026.00
LogInit: Build Configuration: Development
LogInit: Branch Name: ++UE4+Release-4.15
LogInit: Command line: 
LogInit: Base directory: C:/Program Files (x86)/Epic Games/4.15/Engine/Binaries/Win64/
LogInit: Installed Engine Build: 1
LogInit: Presizing for max 8388607 objects, including 0 objects not considered by GC, pre-allocating 0 bytes for permanent pool.
LogInit: Object subsystem initialized
[2017.05.22-05.12.19:181][  0]LogInit: Selected Device Profile: [Windows]
[2017.05.22-05.12.19:181][  0]LogInit: Applying CVar settings loaded from the selected device profile: [Windows]
[2017.05.22-05.12.19:209][  0]LogInit: Computer: LIZHANG
[2017.05.22-05.12.19:209][  0]LogInit: User: wanly102
[2017.05.22-05.12.19:209][  0]LogInit: CPU Page size=65536, Cores=2
[2017.05.22-05.12.19:210][  0]LogInit: High frequency timer resolution =2.533198 MHz
[2017.05.22-05.12.19:210][  0]LogMemory: Memory total: Physical=7.9GB (8GB approx)
[2017.05.22-05.12.19:210][  0]LogMemory: Platform Memory Stats for Windows
[2017.05.22-05.12.19:210][  0]LogMemory: Process Physical Memory: 262.25 MB used, 262.25 MB peak
[2017.05.22-05.12.19:210][  0]LogMemory: Process Virtual Memory: 262.37 MB used, 262.37 MB peak
[2017.05.22-05.12.19:210][  0]LogMemory: Physical Memory: 7031.95 MB used,  1041.02 MB free, 8072.96 MB total
[2017.05.22-05.12.19:210][  0]LogMemory: Virtual Memory: 642.59 MB used,  1041.02 MB free, 134217728.00 MB total
[2017.05.22-05.12.19:414][  0]LogTextLocalizationManager:Warning: Loaded localization resources contain conflicting entries for (Namespace:UObjectToolTips, Key:AnimNode_AssetPlayerBase:InternalTimeAccumulator):
Localization Resource: (C:/Program Files (x86)/Epic Games/4.15/Engine/Content/Localization/EditorTutorials/zh-CN/EditorTutorials.locres) Source String Hash: (502993589) Localized String: (用于引用此节点中的资源的累积时间)
Localization Resource: (C:/Program Files (x86)/Epic Games/4.15/Engine/Content/Localization/Engine/zh-CN/Engine.locres) Source String Hash: (502993589) Localized String: (引用该节点中资源所用的累计时间)
[2017.05.22-05.12.19:414][  0]LogTextLocalizationManager:Warning: Loaded localization resources contain conflicting entries for (Namespace:UObjectToolTips, Key:AnimNode_AssetPlayerBase:bIgnoreForRelevancyTest):
Localization Resource: (C:/Program Files (x86)/Epic Games/4.15/Engine/Content/Localization/EditorTutorials/zh-CN/EditorTutorials.locres) Source String Hash: (319969718) Localized String: (若为真，在状态中寻找最高权重动画的“相关动画”节点将忽视 此节点)
Localization Resource: (C:/Program Files (x86)/Epic Games/4.15/Engine/Content/Localization/Engine/zh-CN/Engine.locres) Source String Hash: (319969718) Localized String: (如果为真，那么将会忽略查找最高权重动画的"相关动画"节点。
这个节点)
[2017.05.22-05.12.19:414][  0]LogTextLocalizationManager:Warning: Loaded localization resources contain conflicting entries for (Namespace:UObjectToolTips, Key:AnimNode_AssetPlayerBase:BlendWeight):
Localization Resource: (C:/Program Files (x86)/Epic Games/4.15/Engine/Content/Localization/EditorTutorials/zh-CN/EditorTutorials.locres) Source String Hash: (-1232800293) Localized String: (此节点最后交会的混合权重)
Localization Resource: (C:/Program Files (x86)/Epic Games/4.15/Engine/Content/Localization/Engine/zh-CN/Engine.locres) Source String Hash: (-1232800293) Localized String: (该节点上一次遇到的混合权重)
[2017.05.22-05.12.20:914][  0]LogD3D11RHI: D3D11 adapters:
[2017.05.22-05.12.20:966][  0]LogD3D11RHI:    0. 'AMD Radeon R7 M265' (Feature Level 11_0)
[2017.05.22-05.12.20:966][  0]LogD3D11RHI:       2035/0/4036 MB DedicatedVideo/DedicatedSystem/SharedSystem, Outputs:1, VendorId:0x1002
[2017.05.22-05.12.20:989][  0]LogD3D11RHI:    1. 'Intel(R) HD Graphics Family' (Feature Level 11_0)
[2017.05.22-05.12.20:990][  0]LogD3D11RHI:       112/0/2048 MB DedicatedVideo/DedicatedSystem/SharedSystem, Outputs:0, VendorId:0x8086
[2017.05.22-05.12.20:994][  0]LogD3D11RHI:    2. 'Microsoft Basic Render Driver' (Feature Level 11_0)
[2017.05.22-05.12.20:994][  0]LogD3D11RHI:       0/0/4036 MB DedicatedVideo/DedicatedSystem/SharedSystem, Outputs:0, VendorId:0x1414
[2017.05.22-05.12.20:994][  0]LogD3D11RHI: Chosen D3D11 Adapter: 0
[2017.05.22-05.12.21:010][  0]LogD3D11RHI: Creating new Direct3DDevice
[2017.05.22-05.12.21:010][  0]LogD3D11RHI:     GPU DeviceId: 0x6900 (for the marketing name, search the web for "GPU Device Id")
[2017.05.22-05.12.21:010][  0]LogWindows: EnumDisplayDevices:
[2017.05.22-05.12.21:011][  0]LogWindows:    0. 'Intel(R) HD Graphics Family' (P:1 D:1)
[2017.05.22-05.12.21:012][  0]LogWindows:    1. 'Intel(R) HD Graphics Family' (P:0 D:0)
[2017.05.22-05.12.21:014][  0]LogWindows:    2. 'Intel(R) HD Graphics Family' (P:0 D:0)
[2017.05.22-05.12.21:015][  0]LogWindows: DebugString: PrimaryIsNotTheChoosenAdapter PrimaryIsNotTheChoosenAdapter PrimaryIsNotTheChoosenAdapter FoundDriverCount:0 
[2017.05.22-05.12.21:015][  0]LogD3D11RHI:     Adapter Name: AMD Radeon R7 M265
[2017.05.22-05.12.21:015][  0]LogD3D11RHI:   Driver Version: Unknown (internal:Unknown, unified:Unknown)
[2017.05.22-05.12.21:015][  0]LogD3D11RHI:      Driver Date: Unknown
[2017.05.22-05.12.21:015][  0]LogRHI: Texture pool is 1361 MB (70% of 1945 MB)
[2017.05.22-05.12.21:140][  0]LogD3D11RHI: Async texture creation enabled
[2017.05.22-05.12.21:155][  0]LogD3D11RHI: GPU Timing Frequency: 27.000000 (Debug: 2 1)
[2017.05.22-05.12.21:157][  0]LogShaderCompilers: Guid format shader working directory is -14 characters bigger than the processId version (../../../../../../Users/jicheng/Desktop/Zombie-City/ZombieCity/Intermediate/Shaders/WorkingDirectory/7732/).
[2017.05.22-05.12.21:157][  0]LogShaderCompilers: Cleaned the shader compiler working directory 'C:/Users/jicheng/AppData/Local/Temp/UnrealShaderWorkingDir/7712AE4447AF80648FF5B3AB68AC3CDB/'.
[2017.05.22-05.12.21:157][  0]LogShaderCompilers:Display: Using Local Shader Compiler.
[2017.05.22-05.12.28:584][  0]LogTemp:Display: Loaded TP AllDesktopTargetPlatform
[2017.05.22-05.12.28:672][  0]LogTemp:Display: Loaded TP MacClientTargetPlatform
[2017.05.22-05.12.28:754][  0]LogTemp:Display: Loaded TP MacNoEditorTargetPlatform
[2017.05.22-05.12.28:879][  0]LogTemp:Display: Loaded TP MacServerTargetPlatform
[2017.05.22-05.12.28:957][  0]LogTemp:Display: Loaded TP MacTargetPlatform
[2017.05.22-05.12.29:051][  0]LogTemp:Display: Loaded TP WindowsClientTargetPlatform
[2017.05.22-05.12.29:183][  0]LogTemp:Display: Loaded TP WindowsNoEditorTargetPlatform
[2017.05.22-05.12.29:277][  0]LogTemp:Display: Loaded TP WindowsServerTargetPlatform
[2017.05.22-05.12.29:348][  0]LogTemp:Display: Loaded TP WindowsTargetPlatform
[2017.05.22-05.12.29:433][  0]LogTemp:Display: Loaded TP AndroidTargetPlatform
[2017.05.22-05.12.29:516][  0]LogTemp:Display: Loaded TP Android_ASTCTargetPlatform
[2017.05.22-05.12.29:597][  0]LogTemp:Display: Loaded TP Android_ATCTargetPlatform
[2017.05.22-05.12.29:676][  0]LogTemp:Display: Loaded TP Android_DXTTargetPlatform
[2017.05.22-05.12.29:755][  0]LogTemp:Display: Loaded TP Android_ETC1TargetPlatform
[2017.05.22-05.12.29:836][  0]LogTemp:Display: Loaded TP Android_ETC2TargetPlatform
[2017.05.22-05.12.29:997][  0]LogTemp:Display: Loaded TP Android_MultiTargetPlatform
[2017.05.22-05.12.29:997][  0]LogTemp:Display: Loaded TP Android_PVRTCTargetPlatform
[2017.05.22-05.12.30:065][  0]LogTemp:Display: Loaded TP HTML5TargetPlatform
[2017.05.22-05.12.30:257][  0]LogTemp:Display: Loaded TP IOSTargetPlatform
[2017.05.22-05.12.30:312][  0]LogTemp:Display: Loaded TP TVOSTargetPlatform
[2017.05.22-05.12.30:394][  0]LogTemp:Display: Loaded TP LinuxClientTargetPlatform
[2017.05.22-05.12.30:468][  0]LogTemp:Display: Loaded TP LinuxNoEditorTargetPlatform
[2017.05.22-05.12.30:550][  0]LogTemp:Display: Loaded TP LinuxServerTargetPlatform
[2017.05.22-05.12.30:637][  0]LogTemp:Display: Loaded TP LinuxTargetPlatform
[2017.05.22-05.12.30:637][  0]LogTargetPlatformManager:Display: Building Assets For Windows
[2017.05.22-05.12.31:425][  0]LogDerivedDataCache:Display: Max Cache Size: 512 MB
[2017.05.22-05.12.31:495][  0]LogDerivedDataCache: Loaded boot cache 0.07s 50MB C:/Users/jicheng/AppData/Local/UnrealEngine/4.15/DerivedDataCache/Boot.ddc.
[2017.05.22-05.12.31:495][  0]LogDerivedDataCache:Display: Loaded Boot cache: C:/Users/jicheng/AppData/Local/UnrealEngine/4.15/DerivedDataCache/Boot.ddc
[2017.05.22-05.12.31:495][  0]LogDerivedDataCache: FDerivedDataBackendGraph:  Pak pak cache file ../../../../../../Users/jicheng/Desktop/Zombie-City/ZombieCity/DerivedDataCache/DDC.ddp not found, will not use a pak cache.
[2017.05.22-05.12.31:496][  0]LogDerivedDataCache: Unable to find inner node Pak for hierarchical cache Hierarchy.
[2017.05.22-05.12.31:496][  0]LogDerivedDataCache: FDerivedDataBackendGraph:  CompressedPak pak cache file ../../../../../../Users/jicheng/Desktop/Zombie-City/ZombieCity/DerivedDataCache/Compressed.ddp not found, will not use a pak cache.
[2017.05.22-05.12.31:496][  0]LogDerivedDataCache: Unable to find inner node CompressedPak for hierarchical cache Hierarchy.
[2017.05.22-05.12.31:518][  0]LogDerivedDataCache:Display: Pak cache opened for reading ../../../Engine/DerivedDataCache/Compressed.ddp.
[2017.05.22-05.12.31:531][  0]LogDerivedDataCache: Using Local data cache path C:/Users/jicheng/AppData/Local/UnrealEngine/Common/DerivedDataCache: Writable
[2017.05.22-05.12.31:542][  0]LogSlate: Using Freetype 2.6.0
[2017.05.22-05.12.31:542][  0]LogSlate: SlateFontCache - WITH_FREETYPE: 1, WITH_HARFBUZZ: 1
[2017.05.22-05.12.31:542][  0]LogSlate: SlateFontCache - WITH_FREETYPE: 1, WITH_HARFBUZZ: 1
[2017.05.22-05.12.33:303][  0]LogInit: Selected Device Profile: [Windows]
[2017.05.22-05.12.33:307][  0]LogContentStreaming: Texture pool size is 0.00 MB
[2017.05.22-05.12.34:248][  0]LogMeshUtilities: Using QuadricMeshReduction for automatic static mesh reduction
[2017.05.22-05.12.34:360][  0]LogSimplygon: Simplygon DLL not present - disabling.
[2017.05.22-05.12.34:481][  0]LogMeshUtilities: Using SimplygonSwarm for distributed automatic mesh merging
[2017.05.22-05.12.34:481][  0]LogMeshUtilities: No automatic skeletal mesh reduction module available
[2017.05.22-05.12.34:481][  0]LogMeshUtilities: No automatic mesh merging module available
[2017.05.22-05.12.36:284][  0]LogNetVersion: GetLocalNetworkVersion: CL: 3299760, ProjectName: zombiecity, ProjectVersion: , EngineNetworkVersion: 2, GameNetworkVersion: 0, NetworkChecksum: 270151773
[2017.05.22-05.12.36:350][  0]LogAssetRegistry: FAssetRegistry took 0.0216 seconds to start up
[2017.05.22-05.12.36:554][  0]LogPackageLocalizationCache: Processed 3 localized package path(s) for 4 prioritized culture(s) in 0.169491 seconds
[2017.05.22-05.12.36:560][  0]LogUObjectArray: 32493 objects as part of root set at end of initial load.
[2017.05.22-05.12.36:561][  0]LogUObjectAllocator: 7077024 out of 0 bytes used by permanent object pool.
[2017.05.22-05.12.36:561][  0]LogUObjectArray: CloseDisregardForGC: 0/0 objects in disregard for GC pool
[2017.05.22-05.12.36:663][  0]LogInit: WinSock: version 1.1 (2.2), MaxSocks=32767, MaxUdp=65467
[2017.05.22-05.12.52:485][  0]LogTcpMessaging: Initializing TcpMessaging bridge
[2017.05.22-05.12.52:740][  0]LogUdpMessaging: Initializing bridge on interface 0.0.0.0:0 to multicast group 230.0.0.1:6666.
[2017.05.22-05.12.56:462][  0]LogMaterial: Uniform references updated for custom material expression Custom.
[2017.05.22-05.12.59:482][  0]SourceControl: 信息 源码控制已禁用
[2017.05.22-05.12.59:534][  0]SourceControl: 信息 源码控制已禁用
[2017.05.22-05.12.59:862][  0]SourceControl: 信息 源码控制已禁用
[2017.05.22-05.12.59:994][  0]SourceControl: 信息 源码控制已禁用
[2017.05.22-05.13.01:542][  0]LogLinker:Warning: 无法寻找到文件'/Game/ThirdPersonBP/ThirdPersonOverview'
[2017.05.22-05.13.01:542][  0]LogLinker:Warning: 无法寻找到文件'/Game/ThirdPersonBP/ThirdPersonOverview'
[2017.05.22-05.13.01:542][  0]LogUObjectGlobals:Warning: 寻找对象'Class /Game/ThirdPersonBP/ThirdPersonOverview.ThirdPersonOverview_C'失败
[2017.05.22-05.13.04:420][  0]LogEngine: Initializing Engine...
[2017.05.22-05.13.04:427][  0]LogHMD: Failed to initialize OpenVR with code 110
[2017.05.22-05.13.05:046][  0]LogAIModule: Creating AISystem for world Untitled
[2017.05.22-05.13.05:063][  0]LogInit: XAudio2 using 'Speakers / Headphones (Realtek High Definition Audio)' : 2 channels at 48 kHz using 32 bits per sample (channel mask 0x3)
[2017.05.22-05.13.05:289][  0]LogInit: FAudioDevice initialized.
[2017.05.22-05.13.05:351][  0]LogDerivedDataCache: Saved boot cache 0.06s 50MB C:/Users/jicheng/AppData/Local/UnrealEngine/4.15/DerivedDataCache/Boot.ddc.
[2017.05.22-05.13.05:360][  0]LogInit: Texture streaming: Enabled
[2017.05.22-05.13.05:570][  0]LogEngineSessionManager: EngineSessionManager initialized
[2017.05.22-05.13.05:570][  0]LogEngineSessionManager: EngineSessionManager sent abnormal shutdown report. Type=Crashed, SessionId={3FB7FB97-4905-79E8-676C-99A01E126657}
[2017.05.22-05.13.05:765][  0]LogInit: Transaction tracking system initialized
[2017.05.22-05.13.06:655][  0]BlueprintLog: New page: 编辑器加载
[2017.05.22-05.13.08:515][  0]LocalizationService: 信息 本地化服务已被禁用
[2017.05.22-05.13.09:977][  0]LogConsoleResponse:Display: 
[2017.05.22-05.13.10:296][  0]LogCook:Display: Max memory allowance for cook 16384mb min free memory 0mb
[2017.05.22-05.13.10:296][  0]LogCook:Display: Mobile HDR setting 1
[2017.05.22-05.13.10:603][  0]LogFileCache: Scanning file cache for directory 'C:/Users/jicheng/Desktop/Zombie-City/ZombieCity/Content/' took 0.04s
[2017.05.22-05.13.12:109][  0]SourceControl: 信息 源码控制已禁用
[2017.05.22-05.13.12:109][  0]Cmd: MAP LOAD FILE="../../../../../../Users/jicheng/Desktop/Zombie-City/ZombieCity/Content/ZombieCity/Maps/UIMap.umap" TEMPLATE=0 SHOWPROGRESS=1 FEATURELEVEL=3
[2017.05.22-05.13.12:111][  0]LightingResults: New page: 光照构建
[2017.05.22-05.13.12:166][  0]MapCheck: New page: 地图检测
[2017.05.22-05.13.12:166][  0]LightingResults: New page: 光照构建
[2017.05.22-05.13.12:541][  0]LogBlueprint:Error: [Compiler ZombieCityPawn] 错误 该蓝图（自身）并不是一个PawnSensingComponent，因此' 目标 '必须具有一个连接。
[2017.05.22-05.13.12:554][  0]LogBlueprint:Warning: [Compiler ZombieCityPawn] 警告 [0057.14] Compile of ZombieCityPawn failed. 1 Fatal Issue(s) 0 Warning(s) [in 21 ms] (/Game/ZombieCity/Blueprints/ZombieCityPawn.ZombieCityPawn)
[2017.05.22-05.13.12:555][  0]LogBlueprint:Warning: [Compiler ZombieCityPawn] 警告 [0057.14] Compile of ZombieCityPawn failed. 1 Fatal Issue(s) 1 Warning(s) [in 0 ms] (/Game/ZombieCity/Blueprints/ZombieCityPawn.ZombieCityPawn)
[2017.05.22-05.13.12:555][  0]LogBlueprint:Warning: [Compiler ZombieCityPawn] 警告 [0057.14] Compile of ZombieCityPawn failed. 1 Fatal Issue(s) 2 Warning(s) [in 0 ms] (/Game/ZombieCity/Blueprints/ZombieCityPawn.ZombieCityPawn)
[2017.05.22-05.13.12:590][  0]LogBlueprint:Error: [Compiler ZombieCityPawn] 错误 该蓝图（自身）并不是一个PawnSensingComponent，因此' 目标 '必须具有一个连接。
[2017.05.22-05.13.12:601][  0]LogBlueprint:Warning: [Compiler ZombieCityPawn] 警告 [0057.19] Compile of ZombieCityPawn failed. 1 Fatal Issue(s) 0 Warning(s) [in 18 ms] (/Game/ZombieCity/Blueprints/ZombieCityPawn.ZombieCityPawn)
[2017.05.22-05.13.12:601][  0]LogBlueprint:Warning: [Compiler ZombieCityPawn] 警告 [0057.19] Compile of ZombieCityPawn failed. 1 Fatal Issue(s) 1 Warning(s) [in 0 ms] (/Game/ZombieCity/Blueprints/ZombieCityPawn.ZombieCityPawn)
[2017.05.22-05.13.12:602][  0]LogBlueprint:Warning: [Compiler ZombieCityPawn] 警告 [0057.19] Compile of ZombieCityPawn failed. 1 Fatal Issue(s) 2 Warning(s) [in 0 ms] (/Game/ZombieCity/Blueprints/ZombieCityPawn.ZombieCityPawn)
[2017.05.22-05.13.17:793][  0]LogAIModule: Creating AISystem for world UIMap
[2017.05.22-05.13.17:905][  0]LogEditorServer: Finished looking for orphan Actors (0.000 secs)
[2017.05.22-05.13.17:907][  0]Cmd: MAP CHECKDEP NOCLEARLOG
[2017.05.22-05.13.18:069][  0]MapCheck: 信息 地图检测完成：0个错误，0 个警告，用时161.54毫秒完成。
[2017.05.22-05.13.18:069][  0]LogFileHelpers: Loading map 'UIMap' took 5.960
[2017.05.22-05.13.18:263][  0]LogWindowsTextInputMethodSystem:Display: IME system now activated using TSF (搜狗拼音输入法).
[2017.05.22-05.13.18:263][  0]LogWindowsTextInputMethodSystem:Display: IME system now activated using TSF (搜狗拼音输入法).
[2017.05.22-05.13.18:814][  0]LogCollectionManager: Loaded 1 collections in 0.006793 seconds
[2017.05.22-05.13.19:030][  0]LogFileCache: Scanning file cache for directory 'C:/Users/jicheng/Desktop/Zombie-City/ZombieCity/Saved/Collections/' took 0.01s
[2017.05.22-05.13.19:030][  0]LogFileCache: Scanning file cache for directory 'C:/Users/jicheng/Desktop/Zombie-City/ZombieCity/Content/Developers/wanly102/Collections/' took 0.01s
[2017.05.22-05.13.19:030][  0]LogFileCache: Scanning file cache for directory 'C:/Users/jicheng/Desktop/Zombie-City/ZombieCity/Content/Collections/' took 0.01s
[2017.05.22-05.13.19:030][  0]LogCollectionManager: Rebuilt the GUID cache for 1 collections in 0.000006 seconds
[2017.05.22-05.13.19:030][  0]LogCollectionManager: Rebuilt the hierarchy cache for 1 collections in 0.000000 seconds
[2017.05.22-05.13.19:062][  0]LogContentBrowser: Native class hierarchy populated in 0.0315 seconds. Added 2245 classes and 453 folders.
[2017.05.22-05.13.19:075][  0]LogStats: UGameplayTagsManager::ConstructGameplayTagTree: Construct from data asset -  0.000 s
[2017.05.22-05.13.19:075][  0]LogStats: UGameplayTagsManager::ConstructGameplayTagTree: GameplayTagTreeChangedEvent.Broadcast -  0.000 s
[2017.05.22-05.13.19:383][  0]LogContentBrowser: Native class hierarchy updated for 'WidgetCarousel' in 0.0014 seconds. Added 0 classes and 0 folders.
[2017.05.22-05.13.19:920][  0]LogContentBrowser: Native class hierarchy updated for 'AddContentDialog' in 0.0029 seconds. Added 0 classes and 0 folders.
[2017.05.22-05.13.20:080][  0]LogContentBrowser: Native class hierarchy updated for 'SceneOutliner' in 0.0009 seconds. Added 1 classes and 2 folders.
[2017.05.22-05.13.20:354][  0]LogCrashTracker: Crashtracker disabled due to settings.
[2017.05.22-05.13.20:363][  0]LogUObjectGlobals:Warning: 寻找对象'Class 无.'失败
[2017.05.22-05.13.20:457][  0]LogContentBrowser: Native class hierarchy updated for 'HierarchicalLODOutliner' in 0.0007 seconds. Added 1 classes and 2 folders.
[2017.05.22-05.13.20:457][  0]LogLoad: (Engine Initialization) Total time: 65.04 seconds
[2017.05.22-05.13.20:457][  0]LogLoad: (Engine Initialization) Total Blueprint compile time: 0.34 seconds
[2017.05.22-05.13.20:457][  0]LogExternalProfiler: Found external profiler: VSPerf
[2017.05.22-05.13.20:457][  0]LogExternalProfiler: Using external profiler: VSPerf
[2017.05.22-05.13.20:477][  0]LogOcInput: OculusInput pre-init called
[2017.05.22-05.13.20:513][  0]LogContentStreaming: Texture pool size now 400 MB
[2017.05.22-05.13.20:517][  0]LogSlate: Took 0.001956 seconds to synchronously load lazily loaded font '../../../Engine/Content/Slate/Fonts/Roboto-Regular.ttf' (155K)
[2017.05.22-05.13.20:570][  0]LogSlate: Took 0.050038 seconds to synchronously load lazily loaded font '../../../Engine/Content/Slate/Fonts/DroidSansFallback.ttf' (3848K)
[2017.05.22-05.13.20:579][  0]LogSlate: Took 0.003156 seconds to synchronously load lazily loaded font '../../../Engine/Content/Slate/Fonts/Roboto-Bold.ttf' (160K)
[2017.05.22-05.13.20:611][  0]LogSlate: Took 0.011031 seconds to synchronously load lazily loaded font '../../../Engine/Content/Editor/Slate/Fonts/FontAwesome.ttf' (139K)
[2017.05.22-05.13.20:938][  0]LogSlate: Took 0.002710 seconds to synchronously load lazily loaded font '../../../Engine/Content/Slate/Fonts/Roboto-Light.ttf' (159K)
[2017.05.22-05.13.21:076][  0]LogRenderer: Reallocating scene render targets to support 836x440 NumSamples 1 (Frame:2).
[2017.05.22-05.13.21:798][  1]LogFileCache: Retrieving MD5 hashes for directory 'C:/Users/jicheng/Desktop/Zombie-City/ZombieCity/Content/' took 1.31s
[2017.05.22-05.13.21:858][  1]LogAssetRegistry: Asset discovery search completed in 45.5296 seconds
[2017.05.22-05.13.21:858][  1]LogCollectionManager: Rebuilt the object cache for 1 collections in 0.000011 seconds (found 0 objects)
[2017.05.22-05.13.21:858][  1]LogCollectionManager: Fixed up redirectors for 1 collections in 0.000036 seconds (updated 0 objects)
[2017.05.22-05.13.22:106][  2]LogSlate: Took 0.000474 seconds to synchronously load lazily loaded font '../../../Engine/Content/Slate/Fonts/Roboto-Light.ttf' (159K)
[2017.05.22-05.13.24:795][131]LogSlate: Took 0.000491 seconds to synchronously load lazily loaded font '../../../Engine/Content/Slate/Fonts/Roboto-Light.ttf' (159K)
[2017.05.22-05.13.25:410][131]LogContentBrowser: Native class hierarchy updated for 'BlueprintGraph' in 0.0010 seconds. Added 112 classes and 0 folders.
[2017.05.22-05.13.30:745][131]LogSlate: Took 0.001891 seconds to synchronously load lazily loaded font '../../../Engine/Content/Editor/Slate/Fonts/Roboto-BoldCondensed.ttf' (158K)
[2017.05.22-05.13.31:345][132]LogSlate: Took 0.002611 seconds to synchronously load lazily loaded font '../../../Engine/Content/Editor/Slate/Fonts/Roboto-Italic.ttf' (157K)
[2017.05.22-05.17.45:690][687]LogAudioDerivedData:Display: 正在构建压缩的音频格式OGG波形AKShot...
[2017.05.22-05.17.45:942][687]LogAudioDerivedData:Display: 正在构建压缩的音频格式OGG波形attackkl...
[2017.05.22-05.17.49:841][850]LogAudioDerivedData:Display: 正在构建压缩的音频格式OGG波形FlameShot...
[2017.05.22-05.17.51:167][869]LogAudioDerivedData:Display: 正在构建压缩的音频格式OGG波形sikulou...
[2017.05.22-05.17.51:342][870]LogAudioDerivedData:Display: 正在构建压缩的音频格式OGG波形StenShot...
[2017.05.22-05.30.56:391][498]BlueprintLog: New page: 编译Zombie003
[2017.05.22-05.30.56:491][498]LogBlueprint:Warning: [Compiler ZombieCityPawn] 警告 'Zombie 003'没有继承'Pawn Sensing Component'（ 类型转换为 Zombie003 将总是失败）。
[2017.05.22-05.30.57:126][498]BlueprintEditorCompileResults: 信息 'Pawn'已经是一个'Pawn'，所以您不需要 类型转换为 Pawn 。
[2017.05.22-05.31.37:978][840]LogFileHelpers: Editor autosave (incl. sublevels) for '/Game/ZombieCity/Maps/UIMap' took 0.078
[2017.05.22-05.31.37:990][840]OBJ SavePackage: Generating thumbnails for [1] asset(s) in package [/Game/ZombieCity/Blueprints/ZombieCityPawn] ([1] browsable assets)...
[2017.05.22-05.31.38:013][840]OBJ SavePackage:     Rendered thumbnail for [Blueprint /Game/ZombieCity/Blueprints/ZombieCityPawn.ZombieCityPawn]
[2017.05.22-05.31.38:013][840]OBJ SavePackage: Finished generating thumbnails for package [/Game/ZombieCity/Blueprints/ZombieCityPawn]
[2017.05.22-05.31.38:187][840]LogSavePackage: Save=104.15ms
[2017.05.22-05.31.38:187][840]LogSavePackage: Moving '../../../../../../Users/jicheng/Desktop/Zombie-City/ZombieCity/Saved/ZombieCityPawn_Auto1EE1D85824B2E057940DD95A935EC6BE9.tmp' to '../../../../../../Users/jicheng/Desktop/Zombie-City/ZombieCity/Saved/Autosaves/Game/ZombieCity/Blueprints/ZombieCityPawn_Auto1.uasset'
[2017.05.22-05.31.38:275][840]LogSavePackage:Display: Finished SavePackage ../../../../../../Users/jicheng/Desktop/Zombie-City/ZombieCity/Saved/Autosaves/Game/ZombieCity/Blueprints/ZombieCityPawn_Auto1.uasset
[2017.05.22-05.31.38:283][840]OBJ SavePackage: Generating thumbnails for [1] asset(s) in package [/Game/ZombieCity/Blueprints/Zombie003] ([1] browsable assets)...
[2017.05.22-05.31.38:323][840]OBJ SavePackage:     Rendered thumbnail for [Blueprint /Game/ZombieCity/Blueprints/Zombie003.Zombie003]
[2017.05.22-05.31.38:323][840]OBJ SavePackage: Finished generating thumbnails for package [/Game/ZombieCity/Blueprints/Zombie003]
[2017.05.22-05.31.38:532][840]LogSavePackage: Save=136.23ms
[2017.05.22-05.31.38:532][840]LogSavePackage: Moving '../../../../../../Users/jicheng/Desktop/Zombie-City/ZombieCity/Saved/Zombie003_Auto1762DED8B46B22D06E2273092FBC848F4.tmp' to '../../../../../../Users/jicheng/Desktop/Zombie-City/ZombieCity/Saved/Autosaves/Game/ZombieCity/Blueprints/Zombie003_Auto1.uasset'
[2017.05.22-05.31.38:576][840]LogSavePackage:Display: Finished SavePackage ../../../../../../Users/jicheng/Desktop/Zombie-City/ZombieCity/Saved/Autosaves/Game/ZombieCity/Blueprints/Zombie003_Auto1.uasset
[2017.05.22-05.31.38:576][840]LogFileHelpers: Auto-saving content packages took 0.596
[2017.05.22-05.33.54:310][850]BlueprintLog: New page: 编译ZombieCityPawn
[2017.05.22-05.34.01:942][234]LogTemp: Repeting last play command: 独立窗口运行
[2017.05.22-05.34.05:267][234]LogEditorTransaction: Undo Spawn Play From Here Start
[2017.05.22-05.34.24:917][169]BlueprintLog: New page: 编译Zombie003
[2017.05.22-05.34.25:133][169]BlueprintEditorCompileResults: 信息 'Pawn'已经是一个'Pawn'，所以您不需要 类型转换为 Pawn 。
[2017.05.22-05.34.27:825][319]BlueprintLog: New page: 编译ZombieCityPawn
[2017.05.22-05.34.35:977][711]LogAIModule: Creating AISystem for world MainMap
[2017.05.22-05.34.39:506][711]Cmd: OBJ SAVEPACKAGE PACKAGE="/Game/ZombieCity/Blueprints/Zombie003" FILE="../../../../../../Users/jicheng/Desktop/Zombie-City/ZombieCity/Content/ZombieCity/Blueprints/Zombie003.uasset" SILENT=true
[2017.05.22-05.34.39:723][711]LogSavePackage: Save=158.38ms
[2017.05.22-05.34.39:723][711]LogSavePackage: Moving '../../../../../../Users/jicheng/Desktop/Zombie-City/ZombieCity/Saved/Zombie003EF54673E4EE9585E8AF863B091118049.tmp' to '../../../../../../Users/jicheng/Desktop/Zombie-City/ZombieCity/Content/ZombieCity/Blueprints/Zombie003.uasset'
[2017.05.22-05.34.39:777][711]LogSavePackage:Display: Finished SavePackage ../../../../../../Users/jicheng/Desktop/Zombie-City/ZombieCity/Content/ZombieCity/Blueprints/Zombie003.uasset
[2017.05.22-05.34.39:987][711]LogSlate: Took 0.000546 seconds to synchronously load lazily loaded font '../../../Engine/Content/Slate/Fonts/Roboto-Regular.ttf' (155K)
[2017.05.22-05.34.40:297][711]LogSavePackage: Save=313.31ms
[2017.05.22-05.34.40:297][711]LogSavePackage: Moving '../../../../../../Users/jicheng/Desktop/Zombie-City/ZombieCity/Saved/ZombieCityPawn0B21BABD4D80C249C13E24BD5C8230B1.tmp' to '../../../../../../Users/jicheng/Desktop/Zombie-City/ZombieCity/Content/ZombieCity/Blueprints/ZombieCityPawn.uasset'
[2017.05.22-05.34.40:349][711]LogSavePackage:Display: Finished SavePackage ../../../../../../Users/jicheng/Desktop/Zombie-City/ZombieCity/Content/ZombieCity/Blueprints/ZombieCityPawn.uasset
[2017.05.22-05.34.40:352][711]Cmd: MAP LOAD FILE="../../../../../../Users/jicheng/Desktop/Zombie-City/ZombieCity/Content/ZombieCity/Maps/MainMap.umap" TEMPLATE=0 SHOWPROGRESS=1 FEATURELEVEL=3
[2017.05.22-05.34.40:353][711]LightingResults: New page: 光照构建
[2017.05.22-05.34.40:360][711]LoadErrors: New page: 正在加载地图： MainMap.umap
[2017.05.22-05.34.40:361][711]MapCheck: New page: 地图检测
[2017.05.22-05.34.40:361][711]LightingResults: New page: 光照构建
[2017.05.22-05.34.40:699][711]LogEditorServer: Finished looking for orphan Actors (0.000 secs)
[2017.05.22-05.34.40:827][711]Cmd: MAP CHECKDEP NOCLEARLOG
[2017.05.22-05.34.40:933][711]MapCheck: 信息 地图检测完成：0个错误，0 个警告，用时105.616毫秒完成。
[2017.05.22-05.34.40:934][711]LogFileHelpers: Loading map 'MainMap' took 0.584
[2017.05.22-05.35.05:036][ 32]LogActorComponent: UnregisterComponent: (/Engine/Transient.EditorFloorComp) Not registered. Aborting.
